2025-07-27 15:54:01,778 [INFO] Activator:176 - 


2025-07-27 15:54:01,782 [INFO] Activator:177 - !SESSION log4j initialized
2025-07-27 15:54:06,256 [INFO] LogOutputStream:77 - [STDOUT_REDIRECT] 
2025-07-27 15:54:12,477 [INFO] ApplicationProperties:184 - Using Application install path: C:\ST\STM32CubeIDE_1.18.1\STM32CubeIDE\plugins\com.st.stm32cube.common.mx_6.14.1.202504091515
2025-07-27 15:54:12,500 [INFO] DbMcusXml:78 - Set database path to: C:\ST\STM32CubeIDE_1.18.1\STM32CubeIDE\plugins\com.st.stm32cube.common.mx_6.14.1.202504091515\\db\/mcu/
2025-07-27 15:54:12,500 [INFO] ApiDb:274 - Set plugin database path to: C:\ST\STM32CubeIDE_1.18.1\STM32CubeIDE\plugins\com.st.stm32cube.common.mx_6.14.1.202504091515\\db\/plugins/boardmanager/
2025-07-27 15:54:12,507 [WARN] ApiDb:259 - Overriding images path with different value:  => C:\ST\STM32CubeIDE_1.18.1\STM32CubeIDE\plugins\com.st.stm32cube.common.mx_6.14.1.202504091515\\db\/plugins/mcufinder/images/
2025-07-27 15:54:12,517 [INFO] ApiDb:250 - Set database path to: C:\Users\Rui\.stmcufinder\plugins\mcufinder//mcu/
2025-07-27 15:54:12,518 [INFO] DbMcusAds:125 - Set database path to: C:\Users\Rui\.stmcufinder\plugins\mcufinder//mcu/
2025-07-27 15:54:12,521 [INFO] CrossReferenceDbSqlite:203 - Set database path to: C:\Users\Rui\.stmcufinder\plugins\mcufinder//mcu/cs/
2025-07-27 15:54:12,632 [INFO] RulesReader:64 - Compatibility file has been processed (302 Rules)
2025-07-27 15:54:12,713 [INFO] DbMcusXml:78 - Set database path to: C:\ST\STM32CubeIDE_1.18.1\STM32CubeIDE\plugins\com.st.stm32cube.common.mx_6.14.1.202504091515\\db\/mcu/
2025-07-27 15:54:12,713 [INFO] ApiDb:274 - Set plugin database path to: C:\ST\STM32CubeIDE_1.18.1\STM32CubeIDE\plugins\com.st.stm32cube.common.mx_6.14.1.202504091515\\db\/plugins/boardmanager/
2025-07-27 15:54:12,713 [INFO] ApiDb:261 - Set plugin images path to: C:\ST\STM32CubeIDE_1.18.1\STM32CubeIDE\plugins\com.st.stm32cube.common.mx_6.14.1.202504091515\\db\/plugins/mcufinder/images/
2025-07-27 15:54:12,714 [WARN] DbFile:41 - Overriding database path with different value: C:\Users\Rui\.stmcufinder\plugins\mcufinder/ => C:\Users\Rui\.stmcufinder\plugins\mcufinder
2025-07-27 15:54:12,714 [INFO] ApiDb:250 - Set database path to: C:\Users\Rui\.stmcufinder\plugins\mcufinder//mcu/
2025-07-27 15:54:12,714 [WARN] DbFile:41 - Overriding database path with different value: C:\Users\Rui\.stmcufinder\plugins\mcufinder/ => C:\Users\Rui\.stmcufinder\plugins\mcufinder
2025-07-27 15:54:12,714 [INFO] DbMcusAds:125 - Set database path to: C:\Users\Rui\.stmcufinder\plugins\mcufinder//mcu/
2025-07-27 15:54:12,714 [WARN] DbFile:41 - Overriding database path with different value: C:\Users\Rui\.stmcufinder\plugins\mcufinder/ => C:\Users\Rui\.stmcufinder\plugins\mcufinder
2025-07-27 15:54:12,714 [WARN] DbFile:41 - Overriding database path with different value: C:\Users\Rui\.stmcufinder\plugins\mcufinder/ => C:\Users\Rui\.stmcufinder\plugins\mcufinder
2025-07-27 15:54:12,714 [INFO] CrossReferenceDbSqlite:203 - Set database path to: C:\Users\Rui\.stmcufinder\plugins\mcufinder//mcu/cs/
2025-07-27 15:54:12,801 [INFO] MainPanel:272 - HeapMemory: 268435456
2025-07-27 15:54:12,927 [INFO] DbMcusXml:78 - Set database path to: C:\ST\STM32CubeIDE_1.18.1\STM32CubeIDE\plugins\com.st.stm32cube.common.mx_6.14.1.202504091515\\db\/mcu/
2025-07-27 15:54:12,927 [INFO] ApiDb:274 - Set plugin database path to: C:\ST\STM32CubeIDE_1.18.1\STM32CubeIDE\plugins\com.st.stm32cube.common.mx_6.14.1.202504091515\\db\/plugins/boardmanager/
2025-07-27 15:54:12,927 [INFO] ApiDb:261 - Set plugin images path to: C:\ST\STM32CubeIDE_1.18.1\STM32CubeIDE\plugins\com.st.stm32cube.common.mx_6.14.1.202504091515\\db\/plugins/mcufinder/images/
2025-07-27 15:54:12,927 [WARN] DbFile:41 - Overriding database path with different value: C:\Users\Rui\.stmcufinder\plugins\mcufinder/ => C:\Users\Rui\.stmcufinder\plugins\mcufinder
2025-07-27 15:54:12,927 [INFO] ApiDb:250 - Set database path to: C:\Users\Rui\.stmcufinder\plugins\mcufinder//mcu/
2025-07-27 15:54:12,927 [WARN] DbFile:41 - Overriding database path with different value: C:\Users\Rui\.stmcufinder\plugins\mcufinder/ => C:\Users\Rui\.stmcufinder\plugins\mcufinder
2025-07-27 15:54:12,934 [INFO] DbMcusAds:125 - Set database path to: C:\Users\Rui\.stmcufinder\plugins\mcufinder//mcu/
2025-07-27 15:54:12,934 [WARN] DbFile:41 - Overriding database path with different value: C:\Users\Rui\.stmcufinder\plugins\mcufinder/ => C:\Users\Rui\.stmcufinder\plugins\mcufinder
2025-07-27 15:54:12,934 [WARN] DbFile:41 - Overriding database path with different value: C:\Users\Rui\.stmcufinder\plugins\mcufinder/ => C:\Users\Rui\.stmcufinder\plugins\mcufinder
2025-07-27 15:54:12,934 [INFO] CrossReferenceDbSqlite:203 - Set database path to: C:\Users\Rui\.stmcufinder\plugins\mcufinder//mcu/cs/
2025-07-27 15:54:12,955 [INFO] ApplicationProperties:184 - Using Application install path: C:\ST\STM32CubeIDE_1.18.1\STM32CubeIDE\plugins\com.st.stm32cube.common.mx_6.14.1.202504091515
2025-07-27 15:54:12,957 [INFO] PluginManage:196 - Search for loadable plugins [exclusion list=, ]
2025-07-27 15:54:12,958 [INFO] PluginManage:310 - Check plugin analytics
2025-07-27 15:54:13,138 [INFO] AnalyticsPlugin:253 - Accepted Software Licenses: 
2025-07-27 15:54:13,139 [INFO] AnalyticsPlugin:255 - Accepted CMSIS Pack Licenses: 
2025-07-27 15:54:13,139 [INFO] AnalyticsPlugin:257 - Accepted Firmware Licenses: 
2025-07-27 15:54:13,141 [INFO] PluginManage:359 - Loaded plugin analytics (category:tool,tabindex:-1)
2025-07-27 15:54:13,142 [INFO] PluginManage:310 - Check plugin cadmodel
2025-07-27 15:54:13,149 [INFO] CADModel:105 - Init CAD model plugin
2025-07-27 15:54:13,149 [INFO] PluginManage:359 - Loaded plugin cadmodel (category:power,tabindex:5)
2025-07-27 15:54:13,150 [INFO] PluginManage:310 - Check plugin clock
2025-07-27 15:54:13,160 [INFO] PluginManage:359 - Loaded plugin clock (category:base,tabindex:2)
2025-07-27 15:54:13,160 [INFO] PluginManage:310 - Check plugin ddr
2025-07-27 15:54:13,164 [INFO] PluginManage:359 - Loaded plugin ddr (category:tool,tabindex:6)
2025-07-27 15:54:13,164 [INFO] PluginManage:310 - Check plugin filemanager
2025-07-27 15:54:13,313 [INFO] PluginManage:359 - Loaded plugin filemanager (category:base,tabindex:10)
2025-07-27 15:54:13,313 [INFO] PluginManage:310 - Check plugin ipmanager
2025-07-27 15:54:13,320 [INFO] PluginManage:359 - Loaded plugin ipmanager (category:base,tabindex:5)
2025-07-27 15:54:13,321 [INFO] PluginManage:310 - Check plugin lpbam
2025-07-27 15:54:13,330 [INFO] PluginManage:359 - Loaded plugin lpbam (category:base,tabindex:0)
2025-07-27 15:54:13,330 [INFO] PluginManage:310 - Check plugin memorymap
2025-07-27 15:54:13,348 [INFO] PluginManage:359 - Loaded plugin memorymap (category:base,tabindex:4)
2025-07-27 15:54:13,348 [INFO] PluginManage:310 - Check plugin pinoutandconfiguration
2025-07-27 15:54:13,360 [INFO] PluginManage:359 - Loaded plugin pinoutandconfiguration (category:base,tabindex:1)
2025-07-27 15:54:13,360 [INFO] PluginManage:310 - Check plugin pinoutconfig
2025-07-27 15:54:13,459 [WARN] SupportedApi:132 - Cannot load RTOS API schema: s4s-elt-must-match.1: The content of 'definitions' must match (annotation?, (simpleType | complexType)?, (unique | key | keyref)*)). A problem was found starting at: attribute.
2025-07-27 15:54:13,622 [INFO] PluginManage:359 - Loaded plugin pinoutconfig (category:base,tabindex:0)
2025-07-27 15:54:13,622 [INFO] PluginManage:310 - Check plugin power
2025-07-27 15:54:13,636 [INFO] PluginManage:359 - Loaded plugin power (category:power,tabindex:4)
2025-07-27 15:54:13,636 [INFO] PluginManage:310 - Check plugin projectmanager
2025-07-27 15:54:13,656 [INFO] PluginManage:359 - Loaded plugin projectmanager (category:projectmanager,tabindex:4)
2025-07-27 15:54:13,656 [INFO] PluginManage:310 - Check plugin rif
2025-07-27 15:54:13,665 [INFO] PluginManage:359 - Loaded plugin rif (category:base,tabindex:3)
2025-07-27 15:54:13,665 [INFO] PluginManage:310 - Check plugin thirdparty
2025-07-27 15:54:13,822 [INFO] PluginManage:359 - Loaded plugin thirdparty (category:base,tabindex:-1)
2025-07-27 15:54:13,822 [WARN] IntegrityCheckThread:84 - waiting for thirdparty lock release [integrity check]
2025-07-27 15:54:13,822 [INFO] PluginManage:310 - Check plugin tools
2025-07-27 15:54:13,823 [INFO] IntegrityCheckThread:86 - entering critical section [integrity check]
2025-07-27 15:54:13,823 [INFO] ThirdPartyUpdaterWithRetryManager:70 - Updater plugin not ready yet. [1/15]
2025-07-27 15:54:13,826 [INFO] PluginManage:359 - Loaded plugin tools (category:base,tabindex:7)
2025-07-27 15:54:13,826 [INFO] PluginManage:310 - Check plugin tutovideos
2025-07-27 15:54:14,009 [INFO] PluginManage:359 - Loaded plugin tutovideos (category:base,tabindex:-1)
2025-07-27 15:54:14,009 [INFO] PluginManage:310 - Check plugin updater
2025-07-27 15:54:14,030 [INFO] PluginManage:359 - Loaded plugin updater (category:base,tabindex:12)
2025-07-27 15:54:14,031 [INFO] PluginManage:310 - Check plugin userauth
2025-07-27 15:54:14,035 [INFO] UserAuth:118 - Init User Auth plugin
2025-07-27 15:54:14,036 [INFO] PluginManage:359 - Loaded plugin userauth (category:base,tabindex:14)
2025-07-27 15:54:14,037 [INFO] PluginManage:283 - PluginManage : Loaded plugins [18]
2025-07-27 15:54:14,261 [INFO] PinOutPanel:1589 - setPackage(No Configuration,No Configuration)
2025-07-27 15:54:14,352 [INFO] CADModel:165 - CPN selected for project level
2025-07-27 15:54:14,352 [INFO] CADModel:114 - Register for checkConnection events
2025-07-27 15:54:14,378 [INFO] IPUIPlugin:80 - create IPUIPlugin
2025-07-27 15:54:14,378 [INFO] PluginManager:220 - loadIPPluginJar : add adc
2025-07-27 15:54:14,381 [INFO] IPUIPlugin:80 - create IPUIPlugin
2025-07-27 15:54:14,382 [INFO] PluginManager:220 - loadIPPluginJar : add aes
2025-07-27 15:54:14,385 [INFO] IPUIPlugin:80 - create IPUIPlugin
2025-07-27 15:54:14,385 [INFO] PluginManager:220 - loadIPPluginJar : add can
2025-07-27 15:54:14,387 [INFO] IPUIPlugin:80 - create IPUIPlugin
2025-07-27 15:54:14,387 [INFO] PluginManager:220 - loadIPPluginJar : add comp
2025-07-27 15:54:14,390 [INFO] IPUIPlugin:80 - create IPUIPlugin
2025-07-27 15:54:14,390 [INFO] PluginManager:220 - loadIPPluginJar : add cryp
2025-07-27 15:54:14,393 [INFO] IPUIPlugin:80 - create IPUIPlugin
2025-07-27 15:54:14,393 [INFO] PluginManager:220 - loadIPPluginJar : add ddr_ctrl_phy
2025-07-27 15:54:14,396 [INFO] IPUIPlugin:80 - create IPUIPlugin
2025-07-27 15:54:14,397 [INFO] PluginManager:220 - loadIPPluginJar : add dfsdm
2025-07-27 15:54:14,403 [INFO] IPUIPlugin:80 - create IPUIPlugin
2025-07-27 15:54:14,403 [INFO] PluginManager:220 - loadIPPluginJar : add dma
2025-07-27 15:54:14,406 [INFO] IPUIPlugin:80 - create IPUIPlugin
2025-07-27 15:54:14,407 [INFO] PluginManager:220 - loadIPPluginJar : add dma3
2025-07-27 15:54:14,411 [INFO] IPUIPlugin:80 - create IPUIPlugin
2025-07-27 15:54:14,411 [INFO] PluginManager:220 - loadIPPluginJar : add extmemmanager
2025-07-27 15:54:14,413 [INFO] IPUIPlugin:80 - create IPUIPlugin
2025-07-27 15:54:14,413 [INFO] PluginManager:220 - loadIPPluginJar : add fatfs
2025-07-27 15:54:14,419 [INFO] IPUIPlugin:80 - create IPUIPlugin
2025-07-27 15:54:14,419 [INFO] PluginManager:220 - loadIPPluginJar : add fmc
2025-07-27 15:54:14,427 [INFO] IPUIPlugin:80 - create IPUIPlugin
2025-07-27 15:54:14,427 [INFO] PluginManager:220 - loadIPPluginJar : add freertos
2025-07-27 15:54:14,430 [INFO] IPUIPlugin:80 - create IPUIPlugin
2025-07-27 15:54:14,430 [INFO] PluginManager:220 - loadIPPluginJar : add genericplugin
2025-07-27 15:54:14,434 [INFO] IPUIPlugin:80 - create IPUIPlugin
2025-07-27 15:54:14,434 [INFO] PluginManager:220 - loadIPPluginJar : add gfxmmu
2025-07-27 15:54:14,440 [INFO] IPUIPlugin:80 - create IPUIPlugin
2025-07-27 15:54:14,440 [INFO] PluginManager:220 - loadIPPluginJar : add gic
2025-07-27 15:54:14,445 [INFO] IPUIPlugin:80 - create IPUIPlugin
2025-07-27 15:54:14,445 [INFO] PluginManager:220 - loadIPPluginJar : add gpio
2025-07-27 15:54:14,450 [INFO] IPUIPlugin:80 - create IPUIPlugin
2025-07-27 15:54:14,450 [INFO] PluginManager:220 - loadIPPluginJar : add gtzc
2025-07-27 15:54:14,454 [INFO] IPUIPlugin:80 - create IPUIPlugin
2025-07-27 15:54:14,454 [INFO] PluginManager:220 - loadIPPluginJar : add hash
2025-07-27 15:54:14,458 [INFO] IPUIPlugin:80 - create IPUIPlugin
2025-07-27 15:54:14,458 [INFO] PluginManager:220 - loadIPPluginJar : add i2c
2025-07-27 15:54:14,462 [INFO] IPUIPlugin:80 - create IPUIPlugin
2025-07-27 15:54:14,462 [INFO] PluginManager:220 - loadIPPluginJar : add i2s
2025-07-27 15:54:14,466 [INFO] IPUIPlugin:80 - create IPUIPlugin
2025-07-27 15:54:14,466 [INFO] PluginManager:220 - loadIPPluginJar : add i3c
2025-07-27 15:54:14,470 [INFO] IPUIPlugin:80 - create IPUIPlugin
2025-07-27 15:54:14,471 [INFO] PluginManager:220 - loadIPPluginJar : add ipddr
2025-07-27 15:54:14,481 [INFO] IPUIPlugin:80 - create IPUIPlugin
2025-07-27 15:54:14,481 [INFO] PluginManager:220 - loadIPPluginJar : add linkedlist
2025-07-27 15:54:14,486 [INFO] IPUIPlugin:80 - create IPUIPlugin
2025-07-27 15:54:14,486 [INFO] PluginManager:220 - loadIPPluginJar : add lorawan
2025-07-27 15:54:14,489 [INFO] IPUIPlugin:80 - create IPUIPlugin
2025-07-27 15:54:14,489 [INFO] PluginManager:220 - loadIPPluginJar : add ltdc
2025-07-27 15:54:14,495 [INFO] IPUIPlugin:80 - create IPUIPlugin
2025-07-27 15:54:14,495 [INFO] PluginManager:220 - loadIPPluginJar : add mdma
2025-07-27 15:54:14,500 [INFO] IPUIPlugin:80 - create IPUIPlugin
2025-07-27 15:54:14,501 [INFO] PluginManager:220 - loadIPPluginJar : add nvic
2025-07-27 15:54:14,504 [INFO] IPUIPlugin:80 - create IPUIPlugin
2025-07-27 15:54:14,505 [INFO] PluginManager:220 - loadIPPluginJar : add opamp
2025-07-27 15:54:14,510 [INFO] IPUIPlugin:80 - create IPUIPlugin
2025-07-27 15:54:14,510 [INFO] PluginManager:220 - loadIPPluginJar : add openamp
2025-07-27 15:54:14,515 [INFO] IPUIPlugin:80 - create IPUIPlugin
2025-07-27 15:54:14,515 [INFO] PluginManager:220 - loadIPPluginJar : add pdm2pcm
2025-07-27 15:54:14,526 [INFO] IPUIPlugin:80 - create IPUIPlugin
2025-07-27 15:54:14,528 [INFO] PluginManager:220 - loadIPPluginJar : add plateformsettings
2025-07-27 15:54:14,531 [INFO] IPUIPlugin:80 - create IPUIPlugin
2025-07-27 15:54:14,531 [INFO] PluginManager:220 - loadIPPluginJar : add quadspi
2025-07-27 15:54:14,533 [INFO] IPUIPlugin:80 - create IPUIPlugin
2025-07-27 15:54:14,534 [INFO] PluginManager:220 - loadIPPluginJar : add radio
2025-07-27 15:54:14,540 [INFO] IPUIPlugin:80 - create IPUIPlugin
2025-07-27 15:54:14,540 [INFO] PluginManager:220 - loadIPPluginJar : add resmgrutility
2025-07-27 15:54:14,546 [INFO] IPUIPlugin:80 - create IPUIPlugin
2025-07-27 15:54:14,546 [INFO] PluginManager:220 - loadIPPluginJar : add sai
2025-07-27 15:54:14,551 [INFO] IPUIPlugin:80 - create IPUIPlugin
2025-07-27 15:54:14,551 [INFO] PluginManager:220 - loadIPPluginJar : add spi
2025-07-27 15:54:14,559 [INFO] IPUIPlugin:80 - create IPUIPlugin
2025-07-27 15:54:14,559 [INFO] PluginManager:220 - loadIPPluginJar : add stm32_wpan
2025-07-27 15:54:14,561 [INFO] IPUIPlugin:80 - create IPUIPlugin
2025-07-27 15:54:14,561 [INFO] PluginManager:220 - loadIPPluginJar : add tim
2025-07-27 15:54:14,565 [INFO] IPUIPlugin:80 - create IPUIPlugin
2025-07-27 15:54:14,565 [INFO] PluginManager:220 - loadIPPluginJar : add touchsensing
2025-07-27 15:54:14,568 [INFO] IPUIPlugin:80 - create IPUIPlugin
2025-07-27 15:54:14,568 [INFO] PluginManager:220 - loadIPPluginJar : add tracer_emb
2025-07-27 15:54:14,571 [INFO] IPUIPlugin:80 - create IPUIPlugin
2025-07-27 15:54:14,571 [INFO] PluginManager:220 - loadIPPluginJar : add ts
2025-07-27 15:54:14,574 [INFO] IPUIPlugin:80 - create IPUIPlugin
2025-07-27 15:54:14,574 [INFO] PluginManager:220 - loadIPPluginJar : add tsc
2025-07-27 15:54:14,576 [INFO] IPUIPlugin:80 - create IPUIPlugin
2025-07-27 15:54:14,576 [INFO] PluginManager:220 - loadIPPluginJar : add ucpd
2025-07-27 15:54:14,580 [INFO] IPUIPlugin:80 - create IPUIPlugin
2025-07-27 15:54:14,580 [INFO] PluginManager:220 - loadIPPluginJar : add usart
2025-07-27 15:54:14,584 [INFO] IPUIPlugin:80 - create IPUIPlugin
2025-07-27 15:54:14,584 [INFO] PluginManager:220 - loadIPPluginJar : add usbx
2025-07-27 15:54:14,711 [FATAL] Updater:351 - Updater called before beeing initialized
2025-07-27 15:54:14,734 [INFO] RulesReader:64 - Compatibility file has been processed (302 Rules)
2025-07-27 15:54:14,744 [INFO] RulesReader:64 - Compatibility file has been processed (302 Rules)
2025-07-27 15:54:14,751 [INFO] CADModel:165 - CPN selected for project level
2025-07-27 15:54:14,752 [INFO] CADModel:114 - Register for checkConnection events
2025-07-27 15:54:14,752 [FATAL] Updater:351 - Updater called before beeing initialized
2025-07-27 15:54:14,752 [ERROR] CADModel:125 - Updater not yet initialized, retry later 
2025-07-27 15:54:14,891 [FATAL] Updater:351 - Updater called before beeing initialized
2025-07-27 15:54:14,893 [INFO] CADModel:165 - CPN selected for project level
2025-07-27 15:54:14,893 [INFO] CADModel:114 - Register for checkConnection events
2025-07-27 15:54:14,893 [FATAL] Updater:351 - Updater called before beeing initialized
2025-07-27 15:54:14,893 [ERROR] CADModel:125 - Updater not yet initialized, retry later 
2025-07-27 15:54:14,898 [FATAL] Updater:351 - Updater called before beeing initialized
2025-07-27 15:54:15,001 [FATAL] Updater:351 - Updater called before beeing initialized
2025-07-27 15:54:15,005 [INFO] DbMcusAds:53 - JSON generation date=Tue Jul 08 10:14:27 CEST 2025 (1751962467633)
2025-07-27 15:54:15,005 [FATAL] Updater:351 - Updater called before beeing initialized
2025-07-27 15:54:15,049 [WARN] DetailPanel:346 - Failed to get advertising image, set to default
2025-07-27 15:54:15,283 [FATAL] Updater:351 - Updater called before beeing initialized
2025-07-27 15:54:15,286 [FATAL] Updater:351 - Updater called before beeing initialized
2025-07-27 15:54:15,286 [FATAL] Updater:351 - Updater called before beeing initialized
2025-07-27 15:54:15,286 [WARN] DetailPanel:346 - Failed to get advertising image, set to default
2025-07-27 15:54:15,287 [FATAL] Updater:351 - Updater called before beeing initialized
2025-07-27 15:54:15,330 [ERROR] Updater:1198 - MainUpdater not yet initialized. External WinMGr cannot be set.
2025-07-27 15:54:15,332 [INFO] Updater:1134 - Updater Version found : 6.14.1
2025-07-27 15:54:15,358 [INFO] ApplicationProperties:184 - Using Application install path: C:\ST\STM32CubeIDE_1.18.1\STM32CubeIDE\plugins\com.st.stm32cube.common.mx_6.14.1.202504091515
2025-07-27 15:54:16,824 [INFO] ThirdPartyUpdaterWithRetryManager:70 - Updater plugin not ready yet. [2/15]
2025-07-27 15:54:16,931 [ERROR] LogOutputStream:75 - [STDERR_REDIRECT] Jul 27, 2025 3:54:16 PM java.util.prefs.WindowsPreferences <init>
2025-07-27 15:54:16,932 [ERROR] LogOutputStream:75 - [STDERR_REDIRECT] WARNING: Could not open/create prefs root node Software\JavaSoft\Prefs at root 0xffffffff80000002. Windows RegCreateKeyEx(...) returned error code 5.
2025-07-27 15:54:16,932 [ERROR] LogOutputStream:75 - [STDERR_REDIRECT] 
2025-07-27 15:54:17,224 [INFO] MainUpdater:2872 - connection check result : 10
2025-07-27 15:54:17,225 [INFO] MainUpdater:3566 - Updater definition file requires update
2025-07-27 15:54:17,226 [INFO] MainUpdater:289 - Updater Check For Update Now.
2025-07-27 15:54:17,226 [INFO] MicroXplorer:498 - Change Database Version : DB.6.0.141
2025-07-27 15:54:17,233 [INFO] McuFinderGlobals:63 - Set McuFinder mode to 2 (CubeIDE integrated)
2025-07-27 15:54:17,233 [INFO] UserAuth:171 - activating auth plugin
2025-07-27 15:54:17,237 [INFO] UserAuth:484 - Internet connection configuration mode: 1
2025-07-27 15:54:17,261 [INFO] JxBrowserEngine:152 - Initiate JxBrowser Engine with user profile folder
2025-07-27 15:54:17,279 [INFO] ServerAccessManage:473 - Download File updaters.zip
2025-07-27 15:54:17,348 [INFO] FileExtend:242 - Unzip File : updaters.zip
2025-07-27 15:54:17,349 [INFO] FileExtend:257 - Standard Zip Deflate
2025-07-27 15:54:17,815 [INFO] ServerAccessManage:473 - Download File PacksControlFlags.xml
2025-07-27 15:54:17,894 [INFO] ServerAccessManage:473 - Download File cubemx.pidx
2025-07-27 15:54:18,030 [INFO] LoadServerUpdatesThread:375 - End of LoadServerUpdate Thread
2025-07-27 15:54:18,241 [INFO] CheckServerUpdateThread:120 - End of CheckServer Thread
2025-07-27 15:54:18,571 [INFO] WebApp:169 - Instantiating new browser for Auth
2025-07-27 15:54:19,538 [INFO] WebApp:463 - Apply proxy settings
2025-07-27 15:54:19,538 [INFO] WebApp:548 - Chromium requires no authentication
2025-07-27 15:54:19,549 [INFO] WebApp:491 - Direct internet connection detected
2025-07-27 15:54:19,575 [INFO] WebApp:894 - Register for checkConnection events
2025-07-27 15:54:19,575 [INFO] WebApp:463 - Apply proxy settings
2025-07-27 15:54:19,575 [INFO] WebApp:548 - Chromium requires no authentication
2025-07-27 15:54:19,576 [INFO] WebApp:491 - Direct internet connection detected
2025-07-27 15:54:19,723 [INFO] WebApp:191 - Connection restablished
2025-07-27 15:54:19,931 [INFO] WebApp:225 - Starting web application
2025-07-27 15:54:19,931 [INFO] WebApp:593 - Web application path used C:\ST\STM32CubeIDE_1.18.1\STM32CubeIDE\plugins\com.st.stm32cube.common.mx_6.14.1.202504091515\db\plugins\mcufinder\reactClient1\index.html
2025-07-27 15:54:20,172 [WARN] PackLoader:240 - Cannot read IP mode file for STMicroelectronics.FP-SNS-MOTENVWB1.1.4.0
2025-07-27 15:54:20,185 [WARN] PackLoader:240 - Cannot read IP mode file for STMicroelectronics.FP-ATR-ASTRA1.2.0.2
2025-07-27 15:54:20,196 [WARN] PackLoader:240 - Cannot read IP mode file for STMicroelectronics.X-CUBE-SMBUS.2.1.0
2025-07-27 15:54:20,202 [WARN] PackLoader:240 - Cannot read IP mode file for STMicroelectronics.X-CUBE-ST60.1.0.0
2025-07-27 15:54:20,245 [WARN] PackLoader:240 - Cannot read IP mode file for STMicroelectronics.X-CUBE-AZRTOS-F7.1.1.0
2025-07-27 15:54:20,286 [WARN] PackLoader:240 - Cannot read IP mode file for Infineon.AIROC-Wi-Fi-Bluetooth-STM32.1.7.0
2025-07-27 15:54:20,329 [WARN] PackLoader:240 - Cannot read IP mode file for STMicroelectronics.X-CUBE-AZRTOS-H7.3.4.0
2025-07-27 15:54:20,342 [WARN] PackLoader:240 - Cannot read IP mode file for STMicroelectronics.X-CUBE-DISPLAY.3.0.0
2025-07-27 15:54:20,357 [WARN] PackLoader:240 - Cannot read IP mode file for STMicroelectronics.X-CUBE-NFC10.1.0.0
2025-07-27 15:54:20,372 [WARN] PackLoader:240 - Cannot read IP mode file for STMicroelectronics.X-CUBE-BLEMGR.4.0.0
2025-07-27 15:54:20,383 [WARN] PackLoader:240 - Cannot read IP mode file for emotas.I-CUBE-CANOPEN.1.3.0
2025-07-27 15:54:20,388 [WARN] ConditionMgr:438 - getConditionDescription Invalid condition id : Cortex-A Device cause : null
2025-07-27 15:54:20,403 [WARN] ConditionMgr:1044 - genDependencies : Invalid condition id : Cortex-A Device cause : null
2025-07-27 15:54:20,403 [WARN] ConditionMgr:1044 - genDependencies : Invalid condition id : Cortex-A Device cause : null
2025-07-27 15:54:20,403 [WARN] ConditionMgr:1044 - genDependencies : Invalid condition id : Cortex-A Device cause : null
2025-07-27 15:54:20,409 [WARN] PackLoader:240 - Cannot read IP mode file for STMicroelectronics.FP-SNS-SMARTAG2.1.2.0
2025-07-27 15:54:20,414 [WARN] PackLoader:240 - Cannot read IP mode file for STMicroelectronics.FP-SNS-FLIGHT1.5.1.0
2025-07-27 15:54:20,422 [INFO] LogOutputStream:77 - [STDOUT_REDIRECT] 1 : Invalid condition id : UX_CORESTACK_Condition cause : null
2025-07-27 15:54:20,422 [INFO] LogOutputStream:77 - [STDOUT_REDIRECT] 1 : Invalid condition id : UX_CORESTACK_Condition cause : null
2025-07-27 15:54:20,423 [INFO] LogOutputStream:77 - [STDOUT_REDIRECT] 1 : Invalid condition id : UX_CORESTACK_Condition cause : null
2025-07-27 15:54:20,424 [INFO] LogOutputStream:77 - [STDOUT_REDIRECT] 1 : Invalid condition id : UX_CORESTACK_Condition cause : null
2025-07-27 15:54:20,426 [INFO] LogOutputStream:77 - [STDOUT_REDIRECT] 1 : Invalid condition id : UX_CORESTACK_Condition cause : null
2025-07-27 15:54:20,428 [WARN] PackLoader:240 - Cannot read IP mode file for STMicroelectronics.X-CUBE-AZRTOS-WL.2.0.0
2025-07-27 15:54:20,434 [WARN] PackLoader:240 - Cannot read IP mode file for STMicroelectronics.FP-SNS-MOTENV1.5.0.0
2025-07-27 15:54:20,443 [WARN] PackLoader:240 - Cannot read IP mode file for WES.I-CUBE-Cesium.1.3.0
2025-07-27 15:54:20,450 [WARN] PackLoader:240 - Cannot read IP mode file for STMicroelectronics.X-CUBE-BLE2.3.3.0
2025-07-27 15:54:20,458 [WARN] PackLoader:240 - Cannot read IP mode file for STMicroelectronics.X-CUBE-NFC9.1.0.0
2025-07-27 15:54:20,466 [WARN] PackLoader:240 - Cannot read IP mode file for wolfSSL.I-CUBE-wolfSSL.5.8.0
2025-07-27 15:54:20,472 [WARN] PackLoader:240 - Cannot read IP mode file for STMicroelectronics.X-CUBE-BLE1.7.1.0
2025-07-27 15:54:20,477 [WARN] PackLoader:240 - Cannot read IP mode file for wolfSSL.I-CUBE-wolfMQTT.1.19.2
2025-07-27 15:54:20,485 [WARN] PackLoader:240 - Cannot read IP mode file for STMicroelectronics.X-CUBE-EEPRMA1.5.2.0
2025-07-27 15:54:20,492 [WARN] PackLoader:240 - Cannot read IP mode file for STMicroelectronics.X-CUBE-AI.10.1.0
2025-07-27 15:54:20,509 [WARN] PackLoader:240 - Cannot read IP mode file for STMicroelectronics.X-CUBE-AZRTOS-G0.1.1.0
2025-07-27 15:54:20,519 [WARN] PackLoader:240 - Cannot read IP mode file for STMicroelectronics.X-CUBE-SAFEA1.1.2.2
2025-07-27 15:54:20,525 [WARN] PackLoader:240 - Cannot read IP mode file for STMicroelectronics.X-CUBE-NFC4.3.0.0
2025-07-27 15:54:20,535 [WARN] PackLoader:240 - Cannot read IP mode file for EmbeddedOffice.I-CUBE-FS-RTOS.1.0.1
2025-07-27 15:54:20,541 [WARN] PackLoader:240 - Cannot read IP mode file for STMicroelectronics.X-CUBE-WB05N.2.0.0
2025-07-27 15:54:20,547 [WARN] PackLoader:240 - Cannot read IP mode file for wolfSSL.I-CUBE-wolfTPM.3.8.0
2025-07-27 15:54:20,552 [WARN] PackLoader:240 - Cannot read IP mode file for STMicroelectronics.X-CUBE-TCPP.4.2.0
2025-07-27 15:54:20,559 [WARN] PackLoader:240 - Cannot read IP mode file for RealThread.X-CUBE-RT-Thread_Nano.4.1.1
2025-07-27 15:54:20,565 [WARN] PackLoader:240 - Cannot read IP mode file for STMicroelectronics.FP-ATR-SIGFOX1.3.2.0
2025-07-27 15:54:20,571 [WARN] PackLoader:240 - Cannot read IP mode file for STMicroelectronics.X-CUBE-EEPRMA1.5.1.0
2025-07-27 15:54:20,579 [WARN] PackLoader:240 - Cannot read IP mode file for ITTIA_DB.I-CUBE-ITTIADB.8.9.0
2025-07-27 15:54:20,586 [WARN] PackLoader:240 - Cannot read IP mode file for STMicroelectronics.X-CUBE-ST67W61.1.0.0
2025-07-27 15:54:20,613 [WARN] PackLoader:240 - Cannot read IP mode file for SEGGER.I-CUBE-embOS.1.3.1
2025-07-27 15:54:20,653 [WARN] PackLoader:240 - Cannot read IP mode file for STMicroelectronics.X-CUBE-ALGOBUILD.1.4.0
2025-07-27 15:54:20,720 [WARN] PackLoader:240 - Cannot read IP mode file for STMicroelectronics.X-CUBE-MEMS1.11.3.0
2025-07-27 15:54:20,903 [WARN] PackLoader:240 - Cannot read IP mode file for STMicroelectronics.X-CUBE-PM33A1.1.0.0
2025-07-27 15:54:20,920 [WARN] PackLoader:240 - Cannot read IP mode file for STMicroelectronics.X-CUBE-AZRTOS-F4.1.1.0
2025-07-27 15:54:20,928 [WARN] PackLoader:240 - Cannot read IP mode file for Avnet-IotConnect.X-CUBE-IoTC-DA16k-PMOD.1.0.0
2025-07-27 15:54:20,933 [WARN] PackLoader:240 - Cannot read IP mode file for STMicroelectronics.X-CUBE-ISPU.2.1.0
2025-07-27 15:54:20,941 [WARN] PackLoader:240 - Cannot read IP mode file for STMicroelectronics.X-CUBE-NFC12.1.0.0
2025-07-27 15:54:20,958 [WARN] PackLoader:240 - Cannot read IP mode file for STMicroelectronics.X-CUBE-AZRTOS-L5.2.0.0
2025-07-27 15:54:20,970 [WARN] PackLoader:240 - Cannot read IP mode file for STMicroelectronics.X-CUBE-NFC6.3.1.0
2025-07-27 15:54:20,977 [WARN] PackLoader:240 - Cannot read IP mode file for STMicroelectronics.X-CUBE-FREERTOS.1.3.1
2025-07-27 15:54:20,985 [WARN] PackLoader:240 - Cannot read IP mode file for STMicroelectronics.FP-SNS-STAIOTCFT.1.0.0
2025-07-27 15:54:20,991 [WARN] PackLoader:240 - Cannot read IP mode file for STMicroelectronics.X-CUBE-DPower.1.3.0
2025-07-27 15:54:21,010 [WARN] ConditionMgr:438 - getConditionDescription Invalid condition id : LAN8742 Phy interface Condition cause : null
2025-07-27 15:54:21,011 [WARN] PackLoader:240 - Cannot read IP mode file for STMicroelectronics.X-CUBE-AZRTOS-L4.2.0.0
2025-07-27 15:54:21,011 [WARN] ConditionMgr:1044 - genDependencies : Invalid condition id : LAN8742 Phy interface Condition cause : null
2025-07-27 15:54:21,011 [WARN] ConditionMgr:1044 - genDependencies : Invalid condition id : LAN8742 Phy interface Condition cause : null
2025-07-27 15:54:21,013 [WARN] ConditionMgr:1044 - genDependencies : Invalid condition id : LAN8742 Phy interface Condition cause : null
2025-07-27 15:54:21,020 [WARN] PackLoader:240 - Cannot read IP mode file for STMicroelectronics.X-CUBE-SFXS2LP1.4.0.0
2025-07-27 15:54:21,039 [WARN] PackLoader:240 - Cannot read IP mode file for STMicroelectronics.X-CUBE-AZRTOS-H7.3.3.0
2025-07-27 15:54:21,048 [WARN] PackLoader:240 - Cannot read IP mode file for STMicroelectronics.X-CUBE-BLEMGR.4.1.0
2025-07-27 15:54:21,061 [WARN] ConditionMgr:438 - getConditionDescription Invalid condition id : UX DEVICE CLASS RTOS Condition cause : null
2025-07-27 15:54:21,061 [WARN] ConditionMgr:438 - getConditionDescription Invalid condition id : UX DEVICE CLASS RTOS Condition cause : null
2025-07-27 15:54:21,062 [WARN] PackLoader:240 - Cannot read IP mode file for STMicroelectronics.X-CUBE-AZRTOS-WB.2.0.0
2025-07-27 15:54:21,062 [WARN] ConditionMgr:1044 - genDependencies : Invalid condition id : UX DEVICE CLASS RTOS Condition cause : null
2025-07-27 15:54:21,062 [WARN] ConditionMgr:1044 - genDependencies : Invalid condition id : UX DEVICE CLASS RTOS Condition cause : null
2025-07-27 15:54:21,062 [WARN] ConditionMgr:1044 - genDependencies : Invalid condition id : UX DEVICE CLASS RTOS Condition cause : null
2025-07-27 15:54:21,062 [WARN] ConditionMgr:1044 - genDependencies : Invalid condition id : UX DEVICE CLASS RTOS Condition cause : null
2025-07-27 15:54:21,063 [WARN] ConditionMgr:1044 - genDependencies : Invalid condition id : UX DEVICE CLASS RTOS Condition cause : null
2025-07-27 15:54:21,068 [WARN] PackLoader:240 - Cannot read IP mode file for STMicroelectronics.X-CUBE-GNSS1.7.0.1
2025-07-27 15:54:21,076 [WARN] PackLoader:240 - Cannot read IP mode file for STMicroelectronics.X-CUBE-TOUCHGFX.4.25.0
2025-07-27 15:54:21,083 [WARN] PackLoader:240 - Cannot read IP mode file for STMicroelectronics.FP-SNS-STBOX1.2.0.0
2025-07-27 15:54:21,094 [WARN] PackLoader:240 - Cannot read IP mode file for STMicroelectronics.X-CUBE-SUBG2.5.0.0
2025-07-27 15:54:21,121 [WARN] PackLoader:240 - Cannot read IP mode file for STMicroelectronics.X-CUBE-AZRTOS-H7RS.1.1.0
2025-07-27 15:54:21,129 [WARN] PackLoader:240 - Cannot read IP mode file for Cesanta.I-CUBE-Mongoose.7.13.0
2025-07-27 15:54:21,145 [WARN] PackLoader:240 - Cannot read IP mode file for STMicroelectronics.X-CUBE-AZRTOS-G4.2.0.0
2025-07-27 15:54:21,156 [WARN] PackLoader:240 - Cannot read IP mode file for wolfSSL.I-CUBE-wolfSSH.1.4.20
2025-07-27 15:54:21,190 [WARN] PackLoader:240 - Cannot read IP mode file for STMicroelectronics.X-CUBE-NFC7.2.0.0
2025-07-27 15:54:21,220 [WARN] PackLoader:240 - Cannot read IP mode file for STMicroelectronics.X-CUBE-IPS.3.1.0
2025-07-27 15:54:21,239 [WARN] PackLoader:240 - Cannot read IP mode file for STMicroelectronics.X-CUBE-ALS.1.0.2
2025-07-27 15:54:21,251 [WARN] PackLoader:240 - Cannot read IP mode file for portGmbH.I-Cube-SoM-uGOAL.1.1.0
2025-07-27 15:54:21,279 [WARN] PackLoader:240 - Cannot read IP mode file for STMicroelectronics.X-CUBE-TOF1.3.4.3
2025-07-27 15:54:21,322 [INFO] ThirdParty:978 - Integrity check success = true
2025-07-27 15:54:21,322 [INFO] IntegrityCheckThread:100 - exiting critical section [integrity check]
2025-07-27 15:54:21,322 [INFO] IntegrityCheckThread:103 - End integrity checks thread
