2025-06-16 01:01:33,948 [INFO] Activator:176 - 


2025-06-16 01:01:33,950 [INFO] Activator:177 - !SESSION log4j initialized
2025-06-16 01:01:36,536 [INFO] LogOutputStream:77 - [STDOUT_REDIRECT] 
2025-06-16 01:01:42,178 [INFO] ApplicationProperties:184 - Using Application install path: C:\ST\STM32CubeIDE_1.18.1\STM32CubeIDE\plugins\com.st.stm32cube.common.mx_6.14.1.202504091515
2025-06-16 01:01:42,192 [INFO] DbMcusXml:78 - Set database path to: C:\ST\STM32CubeIDE_1.18.1\STM32CubeIDE\plugins\com.st.stm32cube.common.mx_6.14.1.202504091515\\db\/mcu/
2025-06-16 01:01:42,192 [INFO] ApiDb:274 - Set plugin database path to: C:\ST\STM32CubeIDE_1.18.1\STM32CubeIDE\plugins\com.st.stm32cube.common.mx_6.14.1.202504091515\\db\/plugins/boardmanager/
2025-06-16 01:01:42,200 [WARN] ApiDb:259 - Overriding images path with different value:  => C:\ST\STM32CubeIDE_1.18.1\STM32CubeIDE\plugins\com.st.stm32cube.common.mx_6.14.1.202504091515\\db\/plugins/mcufinder/images/
2025-06-16 01:01:42,205 [INFO] ApiDb:250 - Set database path to: C:\Users\Rui\.stmcufinder\plugins\mcufinder//mcu/
2025-06-16 01:01:42,205 [INFO] DbMcusAds:125 - Set database path to: C:\Users\Rui\.stmcufinder\plugins\mcufinder//mcu/
2025-06-16 01:01:42,207 [INFO] CrossReferenceDbSqlite:203 - Set database path to: C:\Users\Rui\.stmcufinder\plugins\mcufinder//mcu/cs/
2025-06-16 01:01:42,304 [INFO] RulesReader:64 - Compatibility file has been processed (302 Rules)
2025-06-16 01:01:42,376 [INFO] DbMcusXml:78 - Set database path to: C:\ST\STM32CubeIDE_1.18.1\STM32CubeIDE\plugins\com.st.stm32cube.common.mx_6.14.1.202504091515\\db\/mcu/
2025-06-16 01:01:42,376 [INFO] ApiDb:274 - Set plugin database path to: C:\ST\STM32CubeIDE_1.18.1\STM32CubeIDE\plugins\com.st.stm32cube.common.mx_6.14.1.202504091515\\db\/plugins/boardmanager/
2025-06-16 01:01:42,377 [INFO] ApiDb:261 - Set plugin images path to: C:\ST\STM32CubeIDE_1.18.1\STM32CubeIDE\plugins\com.st.stm32cube.common.mx_6.14.1.202504091515\\db\/plugins/mcufinder/images/
2025-06-16 01:01:42,377 [WARN] DbFile:41 - Overriding database path with different value: C:\Users\Rui\.stmcufinder\plugins\mcufinder/ => C:\Users\Rui\.stmcufinder\plugins\mcufinder
2025-06-16 01:01:42,377 [INFO] ApiDb:250 - Set database path to: C:\Users\Rui\.stmcufinder\plugins\mcufinder//mcu/
2025-06-16 01:01:42,377 [WARN] DbFile:41 - Overriding database path with different value: C:\Users\Rui\.stmcufinder\plugins\mcufinder/ => C:\Users\Rui\.stmcufinder\plugins\mcufinder
2025-06-16 01:01:42,377 [INFO] DbMcusAds:125 - Set database path to: C:\Users\Rui\.stmcufinder\plugins\mcufinder//mcu/
2025-06-16 01:01:42,377 [WARN] DbFile:41 - Overriding database path with different value: C:\Users\Rui\.stmcufinder\plugins\mcufinder/ => C:\Users\Rui\.stmcufinder\plugins\mcufinder
2025-06-16 01:01:42,377 [WARN] DbFile:41 - Overriding database path with different value: C:\Users\Rui\.stmcufinder\plugins\mcufinder/ => C:\Users\Rui\.stmcufinder\plugins\mcufinder
2025-06-16 01:01:42,377 [INFO] CrossReferenceDbSqlite:203 - Set database path to: C:\Users\Rui\.stmcufinder\plugins\mcufinder//mcu/cs/
2025-06-16 01:01:42,444 [INFO] MainPanel:272 - HeapMemory: 268435456
2025-06-16 01:01:42,541 [INFO] DbMcusXml:78 - Set database path to: C:\ST\STM32CubeIDE_1.18.1\STM32CubeIDE\plugins\com.st.stm32cube.common.mx_6.14.1.202504091515\\db\/mcu/
2025-06-16 01:01:42,542 [INFO] ApiDb:274 - Set plugin database path to: C:\ST\STM32CubeIDE_1.18.1\STM32CubeIDE\plugins\com.st.stm32cube.common.mx_6.14.1.202504091515\\db\/plugins/boardmanager/
2025-06-16 01:01:42,542 [INFO] ApiDb:261 - Set plugin images path to: C:\ST\STM32CubeIDE_1.18.1\STM32CubeIDE\plugins\com.st.stm32cube.common.mx_6.14.1.202504091515\\db\/plugins/mcufinder/images/
2025-06-16 01:01:42,542 [WARN] DbFile:41 - Overriding database path with different value: C:\Users\Rui\.stmcufinder\plugins\mcufinder/ => C:\Users\Rui\.stmcufinder\plugins\mcufinder
2025-06-16 01:01:42,542 [INFO] ApiDb:250 - Set database path to: C:\Users\Rui\.stmcufinder\plugins\mcufinder//mcu/
2025-06-16 01:01:42,542 [WARN] DbFile:41 - Overriding database path with different value: C:\Users\Rui\.stmcufinder\plugins\mcufinder/ => C:\Users\Rui\.stmcufinder\plugins\mcufinder
2025-06-16 01:01:42,542 [INFO] DbMcusAds:125 - Set database path to: C:\Users\Rui\.stmcufinder\plugins\mcufinder//mcu/
2025-06-16 01:01:42,542 [WARN] DbFile:41 - Overriding database path with different value: C:\Users\Rui\.stmcufinder\plugins\mcufinder/ => C:\Users\Rui\.stmcufinder\plugins\mcufinder
2025-06-16 01:01:42,542 [WARN] DbFile:41 - Overriding database path with different value: C:\Users\Rui\.stmcufinder\plugins\mcufinder/ => C:\Users\Rui\.stmcufinder\plugins\mcufinder
2025-06-16 01:01:42,542 [INFO] CrossReferenceDbSqlite:203 - Set database path to: C:\Users\Rui\.stmcufinder\plugins\mcufinder//mcu/cs/
2025-06-16 01:01:42,558 [INFO] ApplicationProperties:184 - Using Application install path: C:\ST\STM32CubeIDE_1.18.1\STM32CubeIDE\plugins\com.st.stm32cube.common.mx_6.14.1.202504091515
2025-06-16 01:01:42,559 [INFO] PluginManage:196 - Search for loadable plugins [exclusion list=, ]
2025-06-16 01:01:42,561 [INFO] PluginManage:310 - Check plugin analytics
2025-06-16 01:01:42,730 [INFO] AnalyticsPlugin:253 - Accepted Software Licenses: 
2025-06-16 01:01:42,730 [INFO] AnalyticsPlugin:255 - Accepted CMSIS Pack Licenses: 
2025-06-16 01:01:42,730 [INFO] AnalyticsPlugin:257 - Accepted Firmware Licenses: 
2025-06-16 01:01:42,734 [INFO] PluginManage:359 - Loaded plugin analytics (category:tool,tabindex:-1)
2025-06-16 01:01:42,734 [INFO] PluginManage:310 - Check plugin cadmodel
2025-06-16 01:01:42,739 [INFO] CADModel:105 - Init CAD model plugin
2025-06-16 01:01:42,739 [INFO] PluginManage:359 - Loaded plugin cadmodel (category:power,tabindex:5)
2025-06-16 01:01:42,739 [INFO] PluginManage:310 - Check plugin clock
2025-06-16 01:01:42,750 [INFO] PluginManage:359 - Loaded plugin clock (category:base,tabindex:2)
2025-06-16 01:01:42,750 [INFO] PluginManage:310 - Check plugin ddr
2025-06-16 01:01:42,753 [INFO] PluginManage:359 - Loaded plugin ddr (category:tool,tabindex:6)
2025-06-16 01:01:42,753 [INFO] PluginManage:310 - Check plugin filemanager
2025-06-16 01:01:42,946 [INFO] PluginManage:359 - Loaded plugin filemanager (category:base,tabindex:10)
2025-06-16 01:01:42,946 [INFO] PluginManage:310 - Check plugin ipmanager
2025-06-16 01:01:42,953 [INFO] PluginManage:359 - Loaded plugin ipmanager (category:base,tabindex:5)
2025-06-16 01:01:42,953 [INFO] PluginManage:310 - Check plugin lpbam
2025-06-16 01:01:42,959 [INFO] PluginManage:359 - Loaded plugin lpbam (category:base,tabindex:0)
2025-06-16 01:01:42,959 [INFO] PluginManage:310 - Check plugin memorymap
2025-06-16 01:01:42,969 [INFO] PluginManage:359 - Loaded plugin memorymap (category:base,tabindex:4)
2025-06-16 01:01:42,969 [INFO] PluginManage:310 - Check plugin pinoutandconfiguration
2025-06-16 01:01:42,975 [INFO] PluginManage:359 - Loaded plugin pinoutandconfiguration (category:base,tabindex:1)
2025-06-16 01:01:42,975 [INFO] PluginManage:310 - Check plugin pinoutconfig
2025-06-16 01:01:43,066 [WARN] SupportedApi:132 - Cannot load RTOS API schema: s4s-elt-must-match.1: The content of 'definitions' must match (annotation?, (simpleType | complexType)?, (unique | key | keyref)*)). A problem was found starting at: attribute.
2025-06-16 01:01:43,222 [INFO] PluginManage:359 - Loaded plugin pinoutconfig (category:base,tabindex:0)
2025-06-16 01:01:43,222 [INFO] PluginManage:310 - Check plugin power
2025-06-16 01:01:43,232 [INFO] PluginManage:359 - Loaded plugin power (category:power,tabindex:4)
2025-06-16 01:01:43,232 [INFO] PluginManage:310 - Check plugin projectmanager
2025-06-16 01:01:43,250 [INFO] PluginManage:359 - Loaded plugin projectmanager (category:projectmanager,tabindex:4)
2025-06-16 01:01:43,251 [INFO] PluginManage:310 - Check plugin rif
2025-06-16 01:01:43,265 [INFO] PluginManage:359 - Loaded plugin rif (category:base,tabindex:3)
2025-06-16 01:01:43,265 [INFO] PluginManage:310 - Check plugin thirdparty
2025-06-16 01:01:43,400 [INFO] PluginManage:359 - Loaded plugin thirdparty (category:base,tabindex:-1)
2025-06-16 01:01:43,399 [WARN] IntegrityCheckThread:84 - waiting for thirdparty lock release [integrity check]
2025-06-16 01:01:43,400 [INFO] PluginManage:310 - Check plugin tools
2025-06-16 01:01:43,400 [INFO] IntegrityCheckThread:86 - entering critical section [integrity check]
2025-06-16 01:01:43,400 [INFO] ThirdPartyUpdaterWithRetryManager:70 - Updater plugin not ready yet. [1/15]
2025-06-16 01:01:43,404 [INFO] PluginManage:359 - Loaded plugin tools (category:base,tabindex:7)
2025-06-16 01:01:43,405 [INFO] PluginManage:310 - Check plugin tutovideos
2025-06-16 01:01:43,657 [INFO] PluginManage:359 - Loaded plugin tutovideos (category:base,tabindex:-1)
2025-06-16 01:01:43,657 [INFO] PluginManage:310 - Check plugin updater
2025-06-16 01:01:43,679 [INFO] PluginManage:359 - Loaded plugin updater (category:base,tabindex:12)
2025-06-16 01:01:43,679 [INFO] PluginManage:310 - Check plugin userauth
2025-06-16 01:01:43,683 [INFO] UserAuth:118 - Init User Auth plugin
2025-06-16 01:01:43,685 [INFO] PluginManage:359 - Loaded plugin userauth (category:base,tabindex:14)
2025-06-16 01:01:43,686 [INFO] PluginManage:283 - PluginManage : Loaded plugins [18]
2025-06-16 01:01:43,922 [INFO] PinOutPanel:1589 - setPackage(No Configuration,No Configuration)
2025-06-16 01:01:44,088 [INFO] IPUIPlugin:80 - create IPUIPlugin
2025-06-16 01:01:44,088 [INFO] PluginManager:220 - loadIPPluginJar : add adc
2025-06-16 01:01:44,092 [INFO] IPUIPlugin:80 - create IPUIPlugin
2025-06-16 01:01:44,092 [INFO] PluginManager:220 - loadIPPluginJar : add aes
2025-06-16 01:01:44,096 [INFO] IPUIPlugin:80 - create IPUIPlugin
2025-06-16 01:01:44,096 [INFO] PluginManager:220 - loadIPPluginJar : add can
2025-06-16 01:01:44,098 [INFO] IPUIPlugin:80 - create IPUIPlugin
2025-06-16 01:01:44,098 [INFO] PluginManager:220 - loadIPPluginJar : add comp
2025-06-16 01:01:44,101 [INFO] IPUIPlugin:80 - create IPUIPlugin
2025-06-16 01:01:44,101 [INFO] PluginManager:220 - loadIPPluginJar : add cryp
2025-06-16 01:01:44,108 [INFO] IPUIPlugin:80 - create IPUIPlugin
2025-06-16 01:01:44,108 [INFO] PluginManager:220 - loadIPPluginJar : add ddr_ctrl_phy
2025-06-16 01:01:44,112 [INFO] IPUIPlugin:80 - create IPUIPlugin
2025-06-16 01:01:44,112 [INFO] PluginManager:220 - loadIPPluginJar : add dfsdm
2025-06-16 16:41:04,465 [INFO] Activator:176 - 


2025-06-16 16:41:04,469 [INFO] Activator:177 - !SESSION log4j initialized
2025-06-16 16:41:07,452 [INFO] LogOutputStream:77 - [STDOUT_REDIRECT] 
2025-06-16 16:41:13,235 [INFO] ApplicationProperties:184 - Using Application install path: C:\ST\STM32CubeIDE_1.18.1\STM32CubeIDE\plugins\com.st.stm32cube.common.mx_6.14.1.202504091515
2025-06-16 16:41:13,252 [INFO] DbMcusXml:78 - Set database path to: C:\ST\STM32CubeIDE_1.18.1\STM32CubeIDE\plugins\com.st.stm32cube.common.mx_6.14.1.202504091515\\db\/mcu/
2025-06-16 16:41:13,252 [INFO] ApiDb:274 - Set plugin database path to: C:\ST\STM32CubeIDE_1.18.1\STM32CubeIDE\plugins\com.st.stm32cube.common.mx_6.14.1.202504091515\\db\/plugins/boardmanager/
2025-06-16 16:41:13,252 [WARN] ApiDb:259 - Overriding images path with different value:  => C:\ST\STM32CubeIDE_1.18.1\STM32CubeIDE\plugins\com.st.stm32cube.common.mx_6.14.1.202504091515\\db\/plugins/mcufinder/images/
2025-06-16 16:41:13,257 [INFO] ApiDb:250 - Set database path to: C:\Users\Rui\.stmcufinder\plugins\mcufinder//mcu/
2025-06-16 16:41:13,258 [INFO] DbMcusAds:125 - Set database path to: C:\Users\Rui\.stmcufinder\plugins\mcufinder//mcu/
2025-06-16 16:41:13,260 [INFO] CrossReferenceDbSqlite:203 - Set database path to: C:\Users\Rui\.stmcufinder\plugins\mcufinder//mcu/cs/
2025-06-16 16:41:13,363 [INFO] RulesReader:64 - Compatibility file has been processed (302 Rules)
2025-06-16 16:41:13,433 [INFO] DbMcusXml:78 - Set database path to: C:\ST\STM32CubeIDE_1.18.1\STM32CubeIDE\plugins\com.st.stm32cube.common.mx_6.14.1.202504091515\\db\/mcu/
2025-06-16 16:41:13,433 [INFO] ApiDb:274 - Set plugin database path to: C:\ST\STM32CubeIDE_1.18.1\STM32CubeIDE\plugins\com.st.stm32cube.common.mx_6.14.1.202504091515\\db\/plugins/boardmanager/
2025-06-16 16:41:13,433 [INFO] ApiDb:261 - Set plugin images path to: C:\ST\STM32CubeIDE_1.18.1\STM32CubeIDE\plugins\com.st.stm32cube.common.mx_6.14.1.202504091515\\db\/plugins/mcufinder/images/
2025-06-16 16:41:13,433 [WARN] DbFile:41 - Overriding database path with different value: C:\Users\Rui\.stmcufinder\plugins\mcufinder/ => C:\Users\Rui\.stmcufinder\plugins\mcufinder
2025-06-16 16:41:13,433 [INFO] ApiDb:250 - Set database path to: C:\Users\Rui\.stmcufinder\plugins\mcufinder//mcu/
2025-06-16 16:41:13,434 [WARN] DbFile:41 - Overriding database path with different value: C:\Users\Rui\.stmcufinder\plugins\mcufinder/ => C:\Users\Rui\.stmcufinder\plugins\mcufinder
2025-06-16 16:41:13,434 [INFO] DbMcusAds:125 - Set database path to: C:\Users\Rui\.stmcufinder\plugins\mcufinder//mcu/
2025-06-16 16:41:13,434 [WARN] DbFile:41 - Overriding database path with different value: C:\Users\Rui\.stmcufinder\plugins\mcufinder/ => C:\Users\Rui\.stmcufinder\plugins\mcufinder
2025-06-16 16:41:13,434 [WARN] DbFile:41 - Overriding database path with different value: C:\Users\Rui\.stmcufinder\plugins\mcufinder/ => C:\Users\Rui\.stmcufinder\plugins\mcufinder
2025-06-16 16:41:13,434 [INFO] CrossReferenceDbSqlite:203 - Set database path to: C:\Users\Rui\.stmcufinder\plugins\mcufinder//mcu/cs/
2025-06-16 16:41:13,500 [INFO] MainPanel:272 - HeapMemory: 268435456
2025-06-16 16:41:13,584 [INFO] DbMcusXml:78 - Set database path to: C:\ST\STM32CubeIDE_1.18.1\STM32CubeIDE\plugins\com.st.stm32cube.common.mx_6.14.1.202504091515\\db\/mcu/
2025-06-16 16:41:13,585 [INFO] ApiDb:274 - Set plugin database path to: C:\ST\STM32CubeIDE_1.18.1\STM32CubeIDE\plugins\com.st.stm32cube.common.mx_6.14.1.202504091515\\db\/plugins/boardmanager/
2025-06-16 16:41:13,585 [INFO] ApiDb:261 - Set plugin images path to: C:\ST\STM32CubeIDE_1.18.1\STM32CubeIDE\plugins\com.st.stm32cube.common.mx_6.14.1.202504091515\\db\/plugins/mcufinder/images/
2025-06-16 16:41:13,585 [WARN] DbFile:41 - Overriding database path with different value: C:\Users\Rui\.stmcufinder\plugins\mcufinder/ => C:\Users\Rui\.stmcufinder\plugins\mcufinder
2025-06-16 16:41:13,585 [INFO] ApiDb:250 - Set database path to: C:\Users\Rui\.stmcufinder\plugins\mcufinder//mcu/
2025-06-16 16:41:13,585 [WARN] DbFile:41 - Overriding database path with different value: C:\Users\Rui\.stmcufinder\plugins\mcufinder/ => C:\Users\Rui\.stmcufinder\plugins\mcufinder
2025-06-16 16:41:13,585 [INFO] DbMcusAds:125 - Set database path to: C:\Users\Rui\.stmcufinder\plugins\mcufinder//mcu/
2025-06-16 16:41:13,585 [WARN] DbFile:41 - Overriding database path with different value: C:\Users\Rui\.stmcufinder\plugins\mcufinder/ => C:\Users\Rui\.stmcufinder\plugins\mcufinder
2025-06-16 16:41:13,585 [WARN] DbFile:41 - Overriding database path with different value: C:\Users\Rui\.stmcufinder\plugins\mcufinder/ => C:\Users\Rui\.stmcufinder\plugins\mcufinder
2025-06-16 16:41:13,585 [INFO] CrossReferenceDbSqlite:203 - Set database path to: C:\Users\Rui\.stmcufinder\plugins\mcufinder//mcu/cs/
2025-06-16 16:41:13,607 [INFO] ApplicationProperties:184 - Using Application install path: C:\ST\STM32CubeIDE_1.18.1\STM32CubeIDE\plugins\com.st.stm32cube.common.mx_6.14.1.202504091515
2025-06-16 16:41:13,609 [INFO] PluginManage:196 - Search for loadable plugins [exclusion list=, ]
2025-06-16 16:41:13,610 [INFO] PluginManage:310 - Check plugin analytics
2025-06-16 16:41:13,819 [INFO] AnalyticsPlugin:253 - Accepted Software Licenses: 
2025-06-16 16:41:13,819 [INFO] AnalyticsPlugin:255 - Accepted CMSIS Pack Licenses: 
2025-06-16 16:41:13,819 [INFO] AnalyticsPlugin:257 - Accepted Firmware Licenses: 
2025-06-16 16:41:13,822 [INFO] PluginManage:359 - Loaded plugin analytics (category:tool,tabindex:-1)
2025-06-16 16:41:13,823 [INFO] PluginManage:310 - Check plugin cadmodel
2025-06-16 16:41:13,827 [INFO] CADModel:105 - Init CAD model plugin
2025-06-16 16:41:13,828 [INFO] PluginManage:359 - Loaded plugin cadmodel (category:power,tabindex:5)
2025-06-16 16:41:13,828 [INFO] PluginManage:310 - Check plugin clock
2025-06-16 16:41:13,839 [INFO] PluginManage:359 - Loaded plugin clock (category:base,tabindex:2)
2025-06-16 16:41:13,839 [INFO] PluginManage:310 - Check plugin ddr
2025-06-16 16:41:13,841 [INFO] PluginManage:359 - Loaded plugin ddr (category:tool,tabindex:6)
2025-06-16 16:41:13,841 [INFO] PluginManage:310 - Check plugin filemanager
2025-06-16 16:41:14,052 [INFO] PluginManage:359 - Loaded plugin filemanager (category:base,tabindex:10)
2025-06-16 16:41:14,052 [INFO] PluginManage:310 - Check plugin ipmanager
2025-06-16 16:41:14,062 [INFO] PluginManage:359 - Loaded plugin ipmanager (category:base,tabindex:5)
2025-06-16 16:41:14,062 [INFO] PluginManage:310 - Check plugin lpbam
2025-06-16 16:41:14,073 [INFO] PluginManage:359 - Loaded plugin lpbam (category:base,tabindex:0)
2025-06-16 16:41:14,074 [INFO] PluginManage:310 - Check plugin memorymap
2025-06-16 16:41:14,087 [INFO] PluginManage:359 - Loaded plugin memorymap (category:base,tabindex:4)
2025-06-16 16:41:14,087 [INFO] PluginManage:310 - Check plugin pinoutandconfiguration
2025-06-16 16:41:14,095 [INFO] PluginManage:359 - Loaded plugin pinoutandconfiguration (category:base,tabindex:1)
2025-06-16 16:41:14,095 [INFO] PluginManage:310 - Check plugin pinoutconfig
2025-06-16 16:41:14,184 [WARN] SupportedApi:132 - Cannot load RTOS API schema: s4s-elt-must-match.1: The content of 'definitions' must match (annotation?, (simpleType | complexType)?, (unique | key | keyref)*)). A problem was found starting at: attribute.
2025-06-16 16:41:14,336 [INFO] PluginManage:359 - Loaded plugin pinoutconfig (category:base,tabindex:0)
2025-06-16 16:41:14,337 [INFO] PluginManage:310 - Check plugin power
2025-06-16 16:41:14,345 [INFO] PluginManage:359 - Loaded plugin power (category:power,tabindex:4)
2025-06-16 16:41:14,345 [INFO] PluginManage:310 - Check plugin projectmanager
2025-06-16 16:41:14,361 [INFO] PluginManage:359 - Loaded plugin projectmanager (category:projectmanager,tabindex:4)
2025-06-16 16:41:14,361 [INFO] PluginManage:310 - Check plugin rif
2025-06-16 16:41:14,367 [INFO] PluginManage:359 - Loaded plugin rif (category:base,tabindex:3)
2025-06-16 16:41:14,368 [INFO] PluginManage:310 - Check plugin thirdparty
2025-06-16 16:41:14,477 [INFO] PluginManage:359 - Loaded plugin thirdparty (category:base,tabindex:-1)
2025-06-16 16:41:14,477 [WARN] IntegrityCheckThread:84 - waiting for thirdparty lock release [integrity check]
2025-06-16 16:41:14,477 [INFO] PluginManage:310 - Check plugin tools
2025-06-16 16:41:14,477 [INFO] IntegrityCheckThread:86 - entering critical section [integrity check]
2025-06-16 16:41:14,478 [INFO] ThirdPartyUpdaterWithRetryManager:70 - Updater plugin not ready yet. [1/15]
2025-06-16 16:41:14,480 [INFO] PluginManage:359 - Loaded plugin tools (category:base,tabindex:7)
2025-06-16 16:41:14,480 [INFO] PluginManage:310 - Check plugin tutovideos
2025-06-16 16:41:14,643 [INFO] PluginManage:359 - Loaded plugin tutovideos (category:base,tabindex:-1)
2025-06-16 16:41:14,643 [INFO] PluginManage:310 - Check plugin updater
2025-06-16 16:41:14,661 [INFO] PluginManage:359 - Loaded plugin updater (category:base,tabindex:12)
2025-06-16 16:41:14,661 [INFO] PluginManage:310 - Check plugin userauth
2025-06-16 16:41:14,665 [INFO] UserAuth:118 - Init User Auth plugin
2025-06-16 16:41:14,667 [INFO] PluginManage:359 - Loaded plugin userauth (category:base,tabindex:14)
2025-06-16 16:41:14,667 [INFO] PluginManage:283 - PluginManage : Loaded plugins [18]
2025-06-16 16:41:14,855 [INFO] PinOutPanel:1589 - setPackage(No Configuration,No Configuration)
2025-06-16 16:41:14,930 [INFO] CADModel:165 - CPN selected for project level
2025-06-16 16:41:14,930 [INFO] CADModel:114 - Register for checkConnection events
2025-06-16 16:41:14,949 [INFO] IPUIPlugin:80 - create IPUIPlugin
2025-06-16 16:41:14,949 [INFO] PluginManager:220 - loadIPPluginJar : add adc
2025-06-16 16:41:14,952 [INFO] IPUIPlugin:80 - create IPUIPlugin
2025-06-16 16:41:14,953 [INFO] PluginManager:220 - loadIPPluginJar : add aes
2025-06-16 16:41:14,955 [INFO] IPUIPlugin:80 - create IPUIPlugin
2025-06-16 16:41:14,955 [INFO] PluginManager:220 - loadIPPluginJar : add can
2025-06-16 16:41:14,957 [INFO] IPUIPlugin:80 - create IPUIPlugin
2025-06-16 16:41:14,957 [INFO] PluginManager:220 - loadIPPluginJar : add comp
2025-06-16 16:41:14,959 [INFO] IPUIPlugin:80 - create IPUIPlugin
2025-06-16 16:41:14,959 [INFO] PluginManager:220 - loadIPPluginJar : add cryp
2025-06-16 16:41:14,961 [INFO] IPUIPlugin:80 - create IPUIPlugin
2025-06-16 16:41:14,961 [INFO] PluginManager:220 - loadIPPluginJar : add ddr_ctrl_phy
2025-06-16 16:41:14,964 [INFO] IPUIPlugin:80 - create IPUIPlugin
2025-06-16 16:41:14,964 [INFO] PluginManager:220 - loadIPPluginJar : add dfsdm
2025-06-16 16:41:14,970 [INFO] IPUIPlugin:80 - create IPUIPlugin
2025-06-16 16:41:14,970 [INFO] PluginManager:220 - loadIPPluginJar : add dma
2025-06-16 16:41:14,973 [INFO] IPUIPlugin:80 - create IPUIPlugin
2025-06-16 16:41:14,973 [INFO] PluginManager:220 - loadIPPluginJar : add dma3
2025-06-16 16:41:14,975 [INFO] IPUIPlugin:80 - create IPUIPlugin
2025-06-16 16:41:14,975 [INFO] PluginManager:220 - loadIPPluginJar : add extmemmanager
2025-06-16 16:41:14,977 [INFO] IPUIPlugin:80 - create IPUIPlugin
2025-06-16 16:41:14,977 [INFO] PluginManager:220 - loadIPPluginJar : add fatfs
2025-06-16 16:41:14,981 [INFO] IPUIPlugin:80 - create IPUIPlugin
2025-06-16 16:41:14,982 [INFO] PluginManager:220 - loadIPPluginJar : add fmc
2025-06-16 16:41:14,987 [INFO] IPUIPlugin:80 - create IPUIPlugin
2025-06-16 16:41:14,988 [INFO] PluginManager:220 - loadIPPluginJar : add freertos
2025-06-16 16:41:14,989 [INFO] IPUIPlugin:80 - create IPUIPlugin
2025-06-16 16:41:14,990 [INFO] PluginManager:220 - loadIPPluginJar : add genericplugin
2025-06-16 16:41:14,991 [INFO] IPUIPlugin:80 - create IPUIPlugin
2025-06-16 16:41:14,992 [INFO] PluginManager:220 - loadIPPluginJar : add gfxmmu
2025-06-16 16:41:14,997 [INFO] IPUIPlugin:80 - create IPUIPlugin
2025-06-16 16:41:14,997 [INFO] PluginManager:220 - loadIPPluginJar : add gic
2025-06-16 16:41:15,001 [INFO] IPUIPlugin:80 - create IPUIPlugin
2025-06-16 16:41:15,001 [INFO] PluginManager:220 - loadIPPluginJar : add gpio
2025-06-16 16:41:15,005 [INFO] IPUIPlugin:80 - create IPUIPlugin
2025-06-16 16:41:15,005 [INFO] PluginManager:220 - loadIPPluginJar : add gtzc
2025-06-16 16:41:15,008 [INFO] IPUIPlugin:80 - create IPUIPlugin
2025-06-16 16:41:15,008 [INFO] PluginManager:220 - loadIPPluginJar : add hash
2025-06-16 16:41:15,010 [INFO] IPUIPlugin:80 - create IPUIPlugin
2025-06-16 16:41:15,011 [INFO] PluginManager:220 - loadIPPluginJar : add i2c
2025-06-16 16:41:15,013 [INFO] IPUIPlugin:80 - create IPUIPlugin
2025-06-16 16:41:15,013 [INFO] PluginManager:220 - loadIPPluginJar : add i2s
2025-06-16 16:41:15,016 [INFO] IPUIPlugin:80 - create IPUIPlugin
2025-06-16 16:41:15,017 [INFO] PluginManager:220 - loadIPPluginJar : add i3c
2025-06-16 16:41:15,021 [INFO] IPUIPlugin:80 - create IPUIPlugin
2025-06-16 16:41:15,021 [INFO] PluginManager:220 - loadIPPluginJar : add ipddr
2025-06-16 16:41:15,027 [INFO] IPUIPlugin:80 - create IPUIPlugin
2025-06-16 16:41:15,027 [INFO] PluginManager:220 - loadIPPluginJar : add linkedlist
2025-06-16 16:41:15,031 [INFO] IPUIPlugin:80 - create IPUIPlugin
2025-06-16 16:41:15,031 [INFO] PluginManager:220 - loadIPPluginJar : add lorawan
2025-06-16 16:41:15,033 [INFO] IPUIPlugin:80 - create IPUIPlugin
2025-06-16 16:41:15,034 [INFO] PluginManager:220 - loadIPPluginJar : add ltdc
2025-06-16 16:41:15,040 [INFO] IPUIPlugin:80 - create IPUIPlugin
2025-06-16 16:41:15,040 [INFO] PluginManager:220 - loadIPPluginJar : add mdma
2025-06-16 16:41:15,045 [INFO] IPUIPlugin:80 - create IPUIPlugin
2025-06-16 16:41:15,045 [INFO] PluginManager:220 - loadIPPluginJar : add nvic
2025-06-16 16:41:15,049 [INFO] IPUIPlugin:80 - create IPUIPlugin
2025-06-16 16:41:15,050 [INFO] PluginManager:220 - loadIPPluginJar : add opamp
2025-06-16 16:41:15,054 [INFO] IPUIPlugin:80 - create IPUIPlugin
2025-06-16 16:41:15,054 [INFO] PluginManager:220 - loadIPPluginJar : add openamp
2025-06-16 16:41:15,058 [INFO] IPUIPlugin:80 - create IPUIPlugin
2025-06-16 16:41:15,058 [INFO] PluginManager:220 - loadIPPluginJar : add pdm2pcm
2025-06-16 16:41:15,063 [INFO] IPUIPlugin:80 - create IPUIPlugin
2025-06-16 16:41:15,066 [INFO] PluginManager:220 - loadIPPluginJar : add plateformsettings
2025-06-16 16:41:15,068 [INFO] IPUIPlugin:80 - create IPUIPlugin
2025-06-16 16:41:15,068 [INFO] PluginManager:220 - loadIPPluginJar : add quadspi
2025-06-16 16:41:15,070 [INFO] IPUIPlugin:80 - create IPUIPlugin
2025-06-16 16:41:15,070 [INFO] PluginManager:220 - loadIPPluginJar : add radio
2025-06-16 16:41:15,073 [INFO] IPUIPlugin:80 - create IPUIPlugin
2025-06-16 16:41:15,073 [INFO] PluginManager:220 - loadIPPluginJar : add resmgrutility
2025-06-16 16:41:15,077 [INFO] IPUIPlugin:80 - create IPUIPlugin
2025-06-16 16:41:15,077 [INFO] PluginManager:220 - loadIPPluginJar : add sai
2025-06-16 16:41:15,079 [INFO] IPUIPlugin:80 - create IPUIPlugin
2025-06-16 16:41:15,079 [INFO] PluginManager:220 - loadIPPluginJar : add spi
2025-06-16 16:41:15,085 [INFO] IPUIPlugin:80 - create IPUIPlugin
2025-06-16 16:41:15,086 [INFO] PluginManager:220 - loadIPPluginJar : add stm32_wpan
2025-06-16 16:41:15,088 [INFO] IPUIPlugin:80 - create IPUIPlugin
2025-06-16 16:41:15,088 [INFO] PluginManager:220 - loadIPPluginJar : add tim
2025-06-16 16:41:15,091 [INFO] IPUIPlugin:80 - create IPUIPlugin
2025-06-16 16:41:15,091 [INFO] PluginManager:220 - loadIPPluginJar : add touchsensing
2025-06-16 16:41:15,093 [INFO] IPUIPlugin:80 - create IPUIPlugin
2025-06-16 16:41:15,093 [INFO] PluginManager:220 - loadIPPluginJar : add tracer_emb
2025-06-16 16:41:15,094 [INFO] IPUIPlugin:80 - create IPUIPlugin
2025-06-16 16:41:15,094 [INFO] PluginManager:220 - loadIPPluginJar : add ts
2025-06-16 16:41:15,097 [INFO] IPUIPlugin:80 - create IPUIPlugin
2025-06-16 16:41:15,097 [INFO] PluginManager:220 - loadIPPluginJar : add tsc
2025-06-16 16:41:15,099 [INFO] IPUIPlugin:80 - create IPUIPlugin
2025-06-16 16:41:15,099 [INFO] PluginManager:220 - loadIPPluginJar : add ucpd
2025-06-16 16:41:15,102 [INFO] IPUIPlugin:80 - create IPUIPlugin
2025-06-16 16:41:15,102 [INFO] PluginManager:220 - loadIPPluginJar : add usart
2025-06-16 16:41:15,105 [INFO] IPUIPlugin:80 - create IPUIPlugin
2025-06-16 16:41:15,106 [INFO] PluginManager:220 - loadIPPluginJar : add usbx
2025-06-16 16:41:15,240 [FATAL] Updater:351 - Updater called before beeing initialized
2025-06-16 16:41:15,261 [INFO] RulesReader:64 - Compatibility file has been processed (302 Rules)
2025-06-16 16:41:15,272 [INFO] RulesReader:64 - Compatibility file has been processed (302 Rules)
2025-06-16 16:41:15,279 [INFO] CADModel:165 - CPN selected for project level
2025-06-16 16:41:15,279 [INFO] CADModel:114 - Register for checkConnection events
2025-06-16 16:41:15,279 [FATAL] Updater:351 - Updater called before beeing initialized
2025-06-16 16:41:15,279 [ERROR] CADModel:125 - Updater not yet initialized, retry later 
2025-06-16 16:41:15,404 [FATAL] Updater:351 - Updater called before beeing initialized
2025-06-16 16:41:15,405 [INFO] CADModel:165 - CPN selected for project level
2025-06-16 16:41:15,405 [INFO] CADModel:114 - Register for checkConnection events
2025-06-16 16:41:15,405 [FATAL] Updater:351 - Updater called before beeing initialized
2025-06-16 16:41:15,406 [ERROR] CADModel:125 - Updater not yet initialized, retry later 
2025-06-16 16:41:15,409 [FATAL] Updater:351 - Updater called before beeing initialized
2025-06-16 16:41:15,512 [FATAL] Updater:351 - Updater called before beeing initialized
2025-06-16 16:41:15,517 [INFO] DbMcusAds:53 - JSON generation date=Thu Sep 30 08:55:09 CEST 2021 (1632984909247)
2025-06-16 16:41:15,518 [FATAL] Updater:351 - Updater called before beeing initialized
2025-06-16 16:41:15,552 [WARN] DetailPanel:346 - Failed to get advertising image, set to default
2025-06-16 16:41:15,794 [FATAL] Updater:351 - Updater called before beeing initialized
2025-06-16 16:41:15,796 [FATAL] Updater:351 - Updater called before beeing initialized
2025-06-16 16:41:15,796 [FATAL] Updater:351 - Updater called before beeing initialized
2025-06-16 16:41:15,796 [WARN] DetailPanel:346 - Failed to get advertising image, set to default
2025-06-16 16:41:15,796 [FATAL] Updater:351 - Updater called before beeing initialized
2025-06-16 16:41:15,838 [ERROR] Updater:1198 - MainUpdater not yet initialized. External WinMGr cannot be set.
2025-06-16 16:41:15,841 [INFO] Updater:1134 - Updater Version found : 6.14.1
2025-06-16 16:41:15,857 [INFO] ApplicationProperties:184 - Using Application install path: C:\ST\STM32CubeIDE_1.18.1\STM32CubeIDE\plugins\com.st.stm32cube.common.mx_6.14.1.202504091515
2025-06-16 16:41:17,426 [ERROR] LogOutputStream:75 - [STDERR_REDIRECT] Jun 16, 2025 4:41:17 PM java.util.prefs.WindowsPreferences <init>
2025-06-16 16:41:17,427 [ERROR] LogOutputStream:75 - [STDERR_REDIRECT] WARNING: Could not open/create prefs root node Software\JavaSoft\Prefs at root 0xffffffff80000002. Windows RegCreateKeyEx(...) returned error code 5.
2025-06-16 16:41:17,427 [ERROR] LogOutputStream:75 - [STDERR_REDIRECT] 
2025-06-16 16:41:17,478 [INFO] ThirdPartyUpdaterWithRetryManager:70 - Updater plugin not ready yet. [2/15]
2025-06-16 16:41:17,673 [INFO] MainUpdater:2872 - connection check result : 10
2025-06-16 16:41:17,674 [INFO] MainUpdater:289 - Updater Check For Update Now.
2025-06-16 16:41:17,674 [INFO] MicroXplorer:498 - Change Database Version : DB.6.0.141
2025-06-16 16:41:17,684 [INFO] McuFinderGlobals:63 - Set McuFinder mode to 2 (CubeIDE integrated)
2025-06-16 16:41:17,684 [INFO] UserAuth:171 - activating auth plugin
2025-06-16 16:41:17,686 [INFO] UserAuth:484 - Internet connection configuration mode: 1
2025-06-16 16:41:17,705 [INFO] JxBrowserEngine:152 - Initiate JxBrowser Engine with user profile folder
2025-06-16 16:41:17,877 [INFO] CheckServerUpdateThread:120 - End of CheckServer Thread
2025-06-16 16:41:18,356 [INFO] WebApp:169 - Instantiating new browser for Auth
2025-06-16 16:41:19,060 [INFO] WebApp:463 - Apply proxy settings
2025-06-16 16:41:19,060 [INFO] WebApp:548 - Chromium requires no authentication
2025-06-16 16:41:19,068 [INFO] WebApp:491 - Direct internet connection detected
2025-06-16 16:41:19,087 [INFO] WebApp:894 - Register for checkConnection events
2025-06-16 16:41:19,088 [INFO] WebApp:463 - Apply proxy settings
2025-06-16 16:41:19,088 [INFO] WebApp:548 - Chromium requires no authentication
2025-06-16 16:41:19,088 [INFO] WebApp:491 - Direct internet connection detected
2025-06-16 16:41:19,219 [INFO] WebApp:225 - Starting web application
2025-06-16 16:41:19,219 [INFO] WebApp:593 - Web application path used C:\ST\STM32CubeIDE_1.18.1\STM32CubeIDE\plugins\com.st.stm32cube.common.mx_6.14.1.202504091515\db\plugins\mcufinder\reactClient1\index.html
2025-06-16 16:41:19,232 [INFO] WebApp:191 - Connection restablished
2025-06-16 16:41:20,674 [WARN] PackLoader:240 - Cannot read IP mode file for STMicroelectronics.FP-SNS-MOTENVWB1.1.4.0
2025-06-16 16:41:20,685 [WARN] PackLoader:240 - Cannot read IP mode file for STMicroelectronics.FP-ATR-ASTRA1.2.0.2
2025-06-16 16:41:20,695 [WARN] PackLoader:240 - Cannot read IP mode file for STMicroelectronics.X-CUBE-SMBUS.2.1.0
2025-06-16 16:41:20,701 [WARN] PackLoader:240 - Cannot read IP mode file for STMicroelectronics.X-CUBE-ST60.1.0.0
2025-06-16 16:41:20,734 [WARN] PackLoader:240 - Cannot read IP mode file for STMicroelectronics.X-CUBE-AZRTOS-F7.1.1.0
2025-06-16 16:41:20,773 [WARN] PackLoader:240 - Cannot read IP mode file for Infineon.AIROC-Wi-Fi-Bluetooth-STM32.1.7.0
2025-06-16 16:41:20,790 [WARN] PackLoader:240 - Cannot read IP mode file for STMicroelectronics.X-CUBE-DISPLAY.3.0.0
2025-06-16 16:41:20,805 [WARN] PackLoader:240 - Cannot read IP mode file for STMicroelectronics.X-CUBE-NFC10.1.0.0
2025-06-16 16:41:20,821 [WARN] PackLoader:240 - Cannot read IP mode file for STMicroelectronics.X-CUBE-BLEMGR.4.0.0
2025-06-16 16:41:20,830 [WARN] PackLoader:240 - Cannot read IP mode file for emotas.I-CUBE-CANOPEN.1.3.0
2025-06-16 16:41:20,835 [WARN] ConditionMgr:438 - getConditionDescription Invalid condition id : Cortex-A Device cause : null
2025-06-16 16:41:20,848 [WARN] ConditionMgr:1044 - genDependencies : Invalid condition id : Cortex-A Device cause : null
2025-06-16 16:41:20,848 [WARN] ConditionMgr:1044 - genDependencies : Invalid condition id : Cortex-A Device cause : null
2025-06-16 16:41:20,848 [WARN] ConditionMgr:1044 - genDependencies : Invalid condition id : Cortex-A Device cause : null
2025-06-16 16:41:20,853 [WARN] PackLoader:240 - Cannot read IP mode file for STMicroelectronics.FP-SNS-SMARTAG2.1.2.0
2025-06-16 16:41:20,858 [WARN] PackLoader:240 - Cannot read IP mode file for STMicroelectronics.FP-SNS-FLIGHT1.5.1.0
2025-06-16 16:41:20,877 [INFO] LogOutputStream:77 - [STDOUT_REDIRECT] 1 : Invalid condition id : UX_CORESTACK_Condition cause : null
2025-06-16 16:41:20,877 [INFO] LogOutputStream:77 - [STDOUT_REDIRECT] 1 : Invalid condition id : UX_CORESTACK_Condition cause : null
2025-06-16 16:41:20,878 [INFO] LogOutputStream:77 - [STDOUT_REDIRECT] 1 : Invalid condition id : UX_CORESTACK_Condition cause : null
2025-06-16 16:41:20,880 [INFO] LogOutputStream:77 - [STDOUT_REDIRECT] 1 : Invalid condition id : UX_CORESTACK_Condition cause : null
2025-06-16 16:41:20,881 [INFO] LogOutputStream:77 - [STDOUT_REDIRECT] 1 : Invalid condition id : UX_CORESTACK_Condition cause : null
2025-06-16 16:41:20,885 [WARN] PackLoader:240 - Cannot read IP mode file for STMicroelectronics.X-CUBE-AZRTOS-WL.2.0.0
2025-06-16 16:41:20,890 [WARN] PackLoader:240 - Cannot read IP mode file for STMicroelectronics.FP-SNS-MOTENV1.5.0.0
2025-06-16 16:41:20,900 [WARN] PackLoader:240 - Cannot read IP mode file for WES.I-CUBE-Cesium.1.3.0
2025-06-16 16:41:20,904 [WARN] PackLoader:240 - Cannot read IP mode file for STMicroelectronics.X-CUBE-BLE2.3.3.0
2025-06-16 16:41:20,915 [WARN] PackLoader:240 - Cannot read IP mode file for STMicroelectronics.X-CUBE-NFC9.1.0.0
2025-06-16 16:41:20,921 [WARN] PackLoader:240 - Cannot read IP mode file for wolfSSL.I-CUBE-wolfSSL.5.8.0
2025-06-16 16:41:20,926 [WARN] PackLoader:240 - Cannot read IP mode file for STMicroelectronics.X-CUBE-BLE1.7.1.0
2025-06-16 16:41:20,930 [WARN] PackLoader:240 - Cannot read IP mode file for wolfSSL.I-CUBE-wolfMQTT.1.19.2
2025-06-16 16:41:20,934 [WARN] PackLoader:240 - Cannot read IP mode file for STMicroelectronics.X-CUBE-AI.10.1.0
2025-06-16 16:41:20,952 [WARN] PackLoader:240 - Cannot read IP mode file for STMicroelectronics.X-CUBE-AZRTOS-G0.1.1.0
2025-06-16 16:41:20,968 [WARN] PackLoader:240 - Cannot read IP mode file for STMicroelectronics.X-CUBE-SAFEA1.1.2.2
2025-06-16 16:41:20,976 [WARN] PackLoader:240 - Cannot read IP mode file for STMicroelectronics.X-CUBE-NFC4.3.0.0
2025-06-16 16:41:20,996 [WARN] PackLoader:240 - Cannot read IP mode file for EmbeddedOffice.I-CUBE-FS-RTOS.1.0.1
2025-06-16 16:41:21,005 [WARN] PackLoader:240 - Cannot read IP mode file for STMicroelectronics.X-CUBE-WB05N.2.0.0
2025-06-16 16:41:21,013 [WARN] PackLoader:240 - Cannot read IP mode file for wolfSSL.I-CUBE-wolfTPM.3.8.0
2025-06-16 16:41:21,023 [WARN] PackLoader:240 - Cannot read IP mode file for STMicroelectronics.X-CUBE-TCPP.4.2.0
2025-06-16 16:41:21,033 [WARN] PackLoader:240 - Cannot read IP mode file for RealThread.X-CUBE-RT-Thread_Nano.4.1.1
2025-06-16 16:41:21,040 [WARN] PackLoader:240 - Cannot read IP mode file for STMicroelectronics.FP-ATR-SIGFOX1.3.2.0
2025-06-16 16:41:21,049 [WARN] PackLoader:240 - Cannot read IP mode file for STMicroelectronics.X-CUBE-EEPRMA1.5.1.0
2025-06-16 16:41:21,060 [WARN] PackLoader:240 - Cannot read IP mode file for ITTIA_DB.I-CUBE-ITTIADB.8.9.0
2025-06-16 16:41:21,067 [WARN] PackLoader:240 - Cannot read IP mode file for STMicroelectronics.X-CUBE-ST67W61.1.0.0
2025-06-16 16:41:21,102 [WARN] PackLoader:240 - Cannot read IP mode file for SEGGER.I-CUBE-embOS.1.3.1
2025-06-16 16:41:21,149 [WARN] PackLoader:240 - Cannot read IP mode file for STMicroelectronics.X-CUBE-ALGOBUILD.1.4.0
2025-06-16 16:41:21,192 [WARN] PackLoader:240 - Cannot read IP mode file for STMicroelectronics.X-CUBE-MEMS1.11.3.0
2025-06-16 16:41:21,414 [WARN] PackLoader:240 - Cannot read IP mode file for STMicroelectronics.X-CUBE-AZRTOS-F4.1.1.0
2025-06-16 16:41:21,421 [WARN] PackLoader:240 - Cannot read IP mode file for Avnet-IotConnect.X-CUBE-IoTC-DA16k-PMOD.1.0.0
2025-06-16 16:41:21,425 [WARN] PackLoader:240 - Cannot read IP mode file for STMicroelectronics.X-CUBE-ISPU.2.1.0
2025-06-16 16:41:21,439 [WARN] PackLoader:240 - Cannot read IP mode file for STMicroelectronics.X-CUBE-AZRTOS-L5.2.0.0
2025-06-16 16:41:21,450 [WARN] PackLoader:240 - Cannot read IP mode file for STMicroelectronics.X-CUBE-NFC6.3.1.0
2025-06-16 16:41:21,456 [WARN] PackLoader:240 - Cannot read IP mode file for STMicroelectronics.X-CUBE-FREERTOS.1.3.1
2025-06-16 16:41:21,460 [WARN] PackLoader:240 - Cannot read IP mode file for STMicroelectronics.X-CUBE-DPower.1.3.0
2025-06-16 16:41:21,476 [WARN] ConditionMgr:438 - getConditionDescription Invalid condition id : LAN8742 Phy interface Condition cause : null
2025-06-16 16:41:21,477 [WARN] PackLoader:240 - Cannot read IP mode file for STMicroelectronics.X-CUBE-AZRTOS-L4.2.0.0
2025-06-16 16:41:21,477 [WARN] ConditionMgr:1044 - genDependencies : Invalid condition id : LAN8742 Phy interface Condition cause : null
2025-06-16 16:41:21,478 [WARN] ConditionMgr:1044 - genDependencies : Invalid condition id : LAN8742 Phy interface Condition cause : null
2025-06-16 16:41:21,478 [WARN] ConditionMgr:1044 - genDependencies : Invalid condition id : LAN8742 Phy interface Condition cause : null
2025-06-16 16:41:21,486 [WARN] PackLoader:240 - Cannot read IP mode file for STMicroelectronics.X-CUBE-SFXS2LP1.4.0.0
2025-06-16 16:41:21,503 [WARN] PackLoader:240 - Cannot read IP mode file for STMicroelectronics.X-CUBE-AZRTOS-H7.3.3.0
2025-06-16 16:41:21,525 [WARN] ConditionMgr:438 - getConditionDescription Invalid condition id : UX DEVICE CLASS RTOS Condition cause : null
2025-06-16 16:41:21,525 [WARN] ConditionMgr:438 - getConditionDescription Invalid condition id : UX DEVICE CLASS RTOS Condition cause : null
2025-06-16 16:41:21,526 [WARN] PackLoader:240 - Cannot read IP mode file for STMicroelectronics.X-CUBE-AZRTOS-WB.2.0.0
2025-06-16 16:41:21,526 [WARN] ConditionMgr:1044 - genDependencies : Invalid condition id : UX DEVICE CLASS RTOS Condition cause : null
2025-06-16 16:41:21,526 [WARN] ConditionMgr:1044 - genDependencies : Invalid condition id : UX DEVICE CLASS RTOS Condition cause : null
2025-06-16 16:41:21,527 [WARN] ConditionMgr:1044 - genDependencies : Invalid condition id : UX DEVICE CLASS RTOS Condition cause : null
2025-06-16 16:41:21,527 [WARN] ConditionMgr:1044 - genDependencies : Invalid condition id : UX DEVICE CLASS RTOS Condition cause : null
2025-06-16 16:41:21,527 [WARN] ConditionMgr:1044 - genDependencies : Invalid condition id : UX DEVICE CLASS RTOS Condition cause : null
2025-06-16 16:41:21,534 [WARN] PackLoader:240 - Cannot read IP mode file for STMicroelectronics.X-CUBE-GNSS1.7.0.1
2025-06-16 16:41:21,540 [WARN] PackLoader:240 - Cannot read IP mode file for STMicroelectronics.X-CUBE-TOUCHGFX.4.25.0
2025-06-16 16:41:21,545 [WARN] PackLoader:240 - Cannot read IP mode file for STMicroelectronics.FP-SNS-STBOX1.2.0.0
2025-06-16 16:41:21,555 [WARN] PackLoader:240 - Cannot read IP mode file for STMicroelectronics.X-CUBE-SUBG2.5.0.0
2025-06-16 16:41:21,573 [WARN] PackLoader:240 - Cannot read IP mode file for STMicroelectronics.X-CUBE-AZRTOS-H7RS.1.1.0
2025-06-16 16:41:21,579 [WARN] PackLoader:240 - Cannot read IP mode file for Cesanta.I-CUBE-Mongoose.7.13.0
2025-06-16 16:41:21,591 [WARN] PackLoader:240 - Cannot read IP mode file for STMicroelectronics.X-CUBE-AZRTOS-G4.2.0.0
2025-06-16 16:41:21,596 [WARN] PackLoader:240 - Cannot read IP mode file for wolfSSL.I-CUBE-wolfSSH.1.4.20
2025-06-16 16:41:21,602 [WARN] PackLoader:240 - Cannot read IP mode file for STMicroelectronics.X-CUBE-NFC7.2.0.0
2025-06-16 16:41:21,613 [WARN] PackLoader:240 - Cannot read IP mode file for STMicroelectronics.X-CUBE-IPS.3.1.0
2025-06-16 16:41:21,620 [WARN] PackLoader:240 - Cannot read IP mode file for STMicroelectronics.X-CUBE-ALS.1.0.2
2025-06-16 16:41:21,625 [WARN] PackLoader:240 - Cannot read IP mode file for portGmbH.I-Cube-SoM-uGOAL.1.1.0
2025-06-16 16:41:21,634 [WARN] PackLoader:240 - Cannot read IP mode file for STMicroelectronics.X-CUBE-TOF1.3.4.3
2025-06-16 16:41:21,641 [INFO] ThirdParty:978 - Integrity check success = true
2025-06-16 16:41:21,641 [INFO] IntegrityCheckThread:100 - exiting critical section [integrity check]
2025-06-16 16:41:21,641 [INFO] IntegrityCheckThread:103 - End integrity checks thread
2025-06-16 19:45:46,591 [ERROR] LogOutputStream:75 - [STDERR_REDIRECT] 
