2025-07-15 21:34:43,054 [INFO] Activator:176 - 


2025-07-15 21:34:43,058 [INFO] Activator:177 - !SESSION log4j initialized
2025-07-15 21:34:46,672 [INFO] LogOutputStream:77 - [STDOUT_REDIRECT] 
2025-07-15 21:34:52,733 [INFO] ApplicationProperties:184 - Using Application install path: C:\ST\STM32CubeIDE_1.18.1\STM32CubeIDE\plugins\com.st.stm32cube.common.mx_6.14.1.202504091515
2025-07-15 21:34:52,756 [INFO] DbMcusXml:78 - Set database path to: C:\ST\STM32CubeIDE_1.18.1\STM32CubeIDE\plugins\com.st.stm32cube.common.mx_6.14.1.202504091515\\db\/mcu/
2025-07-15 21:34:52,757 [INFO] ApiDb:274 - Set plugin database path to: C:\ST\STM32CubeIDE_1.18.1\STM32CubeIDE\plugins\com.st.stm32cube.common.mx_6.14.1.202504091515\\db\/plugins/boardmanager/
2025-07-15 21:34:52,763 [WARN] ApiDb:259 - Overriding images path with different value:  => C:\ST\STM32CubeIDE_1.18.1\STM32CubeIDE\plugins\com.st.stm32cube.common.mx_6.14.1.202504091515\\db\/plugins/mcufinder/images/
2025-07-15 21:34:52,774 [INFO] ApiDb:250 - Set database path to: C:\Users\Rui\.stmcufinder\plugins\mcufinder//mcu/
2025-07-15 21:34:52,775 [INFO] DbMcusAds:125 - Set database path to: C:\Users\Rui\.stmcufinder\plugins\mcufinder//mcu/
2025-07-15 21:34:52,777 [INFO] CrossReferenceDbSqlite:203 - Set database path to: C:\Users\Rui\.stmcufinder\plugins\mcufinder//mcu/cs/
2025-07-15 21:34:52,878 [INFO] RulesReader:64 - Compatibility file has been processed (302 Rules)
2025-07-15 21:34:52,948 [INFO] DbMcusXml:78 - Set database path to: C:\ST\STM32CubeIDE_1.18.1\STM32CubeIDE\plugins\com.st.stm32cube.common.mx_6.14.1.202504091515\\db\/mcu/
2025-07-15 21:34:52,949 [INFO] ApiDb:274 - Set plugin database path to: C:\ST\STM32CubeIDE_1.18.1\STM32CubeIDE\plugins\com.st.stm32cube.common.mx_6.14.1.202504091515\\db\/plugins/boardmanager/
2025-07-15 21:34:52,949 [INFO] ApiDb:261 - Set plugin images path to: C:\ST\STM32CubeIDE_1.18.1\STM32CubeIDE\plugins\com.st.stm32cube.common.mx_6.14.1.202504091515\\db\/plugins/mcufinder/images/
2025-07-15 21:34:52,949 [WARN] DbFile:41 - Overriding database path with different value: C:\Users\Rui\.stmcufinder\plugins\mcufinder/ => C:\Users\Rui\.stmcufinder\plugins\mcufinder
2025-07-15 21:34:52,949 [INFO] ApiDb:250 - Set database path to: C:\Users\Rui\.stmcufinder\plugins\mcufinder//mcu/
2025-07-15 21:34:52,949 [WARN] DbFile:41 - Overriding database path with different value: C:\Users\Rui\.stmcufinder\plugins\mcufinder/ => C:\Users\Rui\.stmcufinder\plugins\mcufinder
2025-07-15 21:34:52,949 [INFO] DbMcusAds:125 - Set database path to: C:\Users\Rui\.stmcufinder\plugins\mcufinder//mcu/
2025-07-15 21:34:52,949 [WARN] DbFile:41 - Overriding database path with different value: C:\Users\Rui\.stmcufinder\plugins\mcufinder/ => C:\Users\Rui\.stmcufinder\plugins\mcufinder
2025-07-15 21:34:52,949 [WARN] DbFile:41 - Overriding database path with different value: C:\Users\Rui\.stmcufinder\plugins\mcufinder/ => C:\Users\Rui\.stmcufinder\plugins\mcufinder
2025-07-15 21:34:52,949 [INFO] CrossReferenceDbSqlite:203 - Set database path to: C:\Users\Rui\.stmcufinder\plugins\mcufinder//mcu/cs/
2025-07-15 21:34:53,020 [INFO] MainPanel:272 - HeapMemory: 271581184
2025-07-15 21:34:53,127 [INFO] DbMcusXml:78 - Set database path to: C:\ST\STM32CubeIDE_1.18.1\STM32CubeIDE\plugins\com.st.stm32cube.common.mx_6.14.1.202504091515\\db\/mcu/
2025-07-15 21:34:53,127 [INFO] ApiDb:274 - Set plugin database path to: C:\ST\STM32CubeIDE_1.18.1\STM32CubeIDE\plugins\com.st.stm32cube.common.mx_6.14.1.202504091515\\db\/plugins/boardmanager/
2025-07-15 21:34:53,127 [INFO] ApiDb:261 - Set plugin images path to: C:\ST\STM32CubeIDE_1.18.1\STM32CubeIDE\plugins\com.st.stm32cube.common.mx_6.14.1.202504091515\\db\/plugins/mcufinder/images/
2025-07-15 21:34:53,127 [WARN] DbFile:41 - Overriding database path with different value: C:\Users\Rui\.stmcufinder\plugins\mcufinder/ => C:\Users\Rui\.stmcufinder\plugins\mcufinder
2025-07-15 21:34:53,127 [INFO] ApiDb:250 - Set database path to: C:\Users\Rui\.stmcufinder\plugins\mcufinder//mcu/
2025-07-15 21:34:53,127 [WARN] DbFile:41 - Overriding database path with different value: C:\Users\Rui\.stmcufinder\plugins\mcufinder/ => C:\Users\Rui\.stmcufinder\plugins\mcufinder
2025-07-15 21:34:53,127 [INFO] DbMcusAds:125 - Set database path to: C:\Users\Rui\.stmcufinder\plugins\mcufinder//mcu/
2025-07-15 21:34:53,127 [WARN] DbFile:41 - Overriding database path with different value: C:\Users\Rui\.stmcufinder\plugins\mcufinder/ => C:\Users\Rui\.stmcufinder\plugins\mcufinder
2025-07-15 21:34:53,127 [WARN] DbFile:41 - Overriding database path with different value: C:\Users\Rui\.stmcufinder\plugins\mcufinder/ => C:\Users\Rui\.stmcufinder\plugins\mcufinder
2025-07-15 21:34:53,128 [INFO] CrossReferenceDbSqlite:203 - Set database path to: C:\Users\Rui\.stmcufinder\plugins\mcufinder//mcu/cs/
2025-07-15 21:34:53,144 [INFO] ApplicationProperties:184 - Using Application install path: C:\ST\STM32CubeIDE_1.18.1\STM32CubeIDE\plugins\com.st.stm32cube.common.mx_6.14.1.202504091515
2025-07-15 21:34:53,145 [INFO] PluginManage:196 - Search for loadable plugins [exclusion list=, ]
2025-07-15 21:34:53,147 [INFO] PluginManage:310 - Check plugin analytics
2025-07-15 21:34:53,306 [INFO] AnalyticsPlugin:253 - Accepted Software Licenses: 
2025-07-15 21:34:53,307 [INFO] AnalyticsPlugin:255 - Accepted CMSIS Pack Licenses: 
2025-07-15 21:34:53,307 [INFO] AnalyticsPlugin:257 - Accepted Firmware Licenses: 
2025-07-15 21:34:53,309 [INFO] PluginManage:359 - Loaded plugin analytics (category:tool,tabindex:-1)
2025-07-15 21:34:53,310 [INFO] PluginManage:310 - Check plugin cadmodel
2025-07-15 21:34:53,317 [INFO] CADModel:105 - Init CAD model plugin
2025-07-15 21:34:53,317 [INFO] PluginManage:359 - Loaded plugin cadmodel (category:power,tabindex:5)
2025-07-15 21:34:53,318 [INFO] PluginManage:310 - Check plugin clock
2025-07-15 21:34:53,327 [INFO] PluginManage:359 - Loaded plugin clock (category:base,tabindex:2)
2025-07-15 21:34:53,327 [INFO] PluginManage:310 - Check plugin ddr
2025-07-15 21:34:53,329 [INFO] PluginManage:359 - Loaded plugin ddr (category:tool,tabindex:6)
2025-07-15 21:34:53,329 [INFO] PluginManage:310 - Check plugin filemanager
2025-07-15 21:34:53,458 [INFO] PluginManage:359 - Loaded plugin filemanager (category:base,tabindex:10)
2025-07-15 21:34:53,459 [INFO] PluginManage:310 - Check plugin ipmanager
2025-07-15 21:34:53,464 [INFO] PluginManage:359 - Loaded plugin ipmanager (category:base,tabindex:5)
2025-07-15 21:34:53,464 [INFO] PluginManage:310 - Check plugin lpbam
2025-07-15 21:34:53,472 [INFO] PluginManage:359 - Loaded plugin lpbam (category:base,tabindex:0)
2025-07-15 21:34:53,473 [INFO] PluginManage:310 - Check plugin memorymap
2025-07-15 21:34:53,487 [INFO] PluginManage:359 - Loaded plugin memorymap (category:base,tabindex:4)
2025-07-15 21:34:53,487 [INFO] PluginManage:310 - Check plugin pinoutandconfiguration
2025-07-15 21:34:53,497 [INFO] PluginManage:359 - Loaded plugin pinoutandconfiguration (category:base,tabindex:1)
2025-07-15 21:34:53,497 [INFO] PluginManage:310 - Check plugin pinoutconfig
2025-07-15 21:34:53,580 [WARN] SupportedApi:132 - Cannot load RTOS API schema: s4s-elt-must-match.1: The content of 'definitions' must match (annotation?, (simpleType | complexType)?, (unique | key | keyref)*)). A problem was found starting at: attribute.
2025-07-15 21:34:53,705 [INFO] PluginManage:359 - Loaded plugin pinoutconfig (category:base,tabindex:0)
2025-07-15 21:34:53,706 [INFO] PluginManage:310 - Check plugin power
2025-07-15 21:34:53,715 [INFO] PluginManage:359 - Loaded plugin power (category:power,tabindex:4)
2025-07-15 21:34:53,715 [INFO] PluginManage:310 - Check plugin projectmanager
2025-07-15 21:34:53,727 [INFO] PluginManage:359 - Loaded plugin projectmanager (category:projectmanager,tabindex:4)
2025-07-15 21:34:53,728 [INFO] PluginManage:310 - Check plugin rif
2025-07-15 21:34:53,735 [INFO] PluginManage:359 - Loaded plugin rif (category:base,tabindex:3)
2025-07-15 21:34:53,736 [INFO] PluginManage:310 - Check plugin thirdparty
2025-07-15 21:34:53,840 [WARN] IntegrityCheckThread:84 - waiting for thirdparty lock release [integrity check]
2025-07-15 21:34:53,840 [INFO] PluginManage:359 - Loaded plugin thirdparty (category:base,tabindex:-1)
2025-07-15 21:34:53,840 [INFO] IntegrityCheckThread:86 - entering critical section [integrity check]
2025-07-15 21:34:53,840 [INFO] PluginManage:310 - Check plugin tools
2025-07-15 21:34:53,840 [INFO] ThirdPartyUpdaterWithRetryManager:70 - Updater plugin not ready yet. [1/15]
2025-07-15 21:34:53,843 [INFO] PluginManage:359 - Loaded plugin tools (category:base,tabindex:7)
2025-07-15 21:34:53,843 [INFO] PluginManage:310 - Check plugin tutovideos
2025-07-15 21:34:54,001 [INFO] PluginManage:359 - Loaded plugin tutovideos (category:base,tabindex:-1)
2025-07-15 21:34:54,001 [INFO] PluginManage:310 - Check plugin updater
2025-07-15 21:34:54,020 [INFO] PluginManage:359 - Loaded plugin updater (category:base,tabindex:12)
2025-07-15 21:34:54,021 [INFO] PluginManage:310 - Check plugin userauth
2025-07-15 21:34:54,025 [INFO] UserAuth:118 - Init User Auth plugin
2025-07-15 21:34:54,026 [INFO] PluginManage:359 - Loaded plugin userauth (category:base,tabindex:14)
2025-07-15 21:34:54,027 [INFO] PluginManage:283 - PluginManage : Loaded plugins [18]
2025-07-15 21:34:54,216 [INFO] PinOutPanel:1589 - setPackage(No Configuration,No Configuration)
2025-07-15 21:34:54,292 [INFO] CADModel:165 - CPN selected for project level
2025-07-15 21:34:54,292 [INFO] CADModel:114 - Register for checkConnection events
2025-07-15 21:34:54,317 [INFO] IPUIPlugin:80 - create IPUIPlugin
2025-07-15 21:34:54,318 [INFO] PluginManager:220 - loadIPPluginJar : add adc
2025-07-15 21:34:54,321 [INFO] IPUIPlugin:80 - create IPUIPlugin
2025-07-15 21:34:54,321 [INFO] PluginManager:220 - loadIPPluginJar : add aes
2025-07-15 21:34:54,324 [INFO] IPUIPlugin:80 - create IPUIPlugin
2025-07-15 21:34:54,324 [INFO] PluginManager:220 - loadIPPluginJar : add can
2025-07-15 21:34:54,326 [INFO] IPUIPlugin:80 - create IPUIPlugin
2025-07-15 21:34:54,327 [INFO] PluginManager:220 - loadIPPluginJar : add comp
2025-07-15 21:34:54,329 [INFO] IPUIPlugin:80 - create IPUIPlugin
2025-07-15 21:34:54,329 [INFO] PluginManager:220 - loadIPPluginJar : add cryp
2025-07-15 21:34:54,332 [INFO] IPUIPlugin:80 - create IPUIPlugin
2025-07-15 21:34:54,332 [INFO] PluginManager:220 - loadIPPluginJar : add ddr_ctrl_phy
2025-07-15 21:34:54,335 [INFO] IPUIPlugin:80 - create IPUIPlugin
2025-07-15 21:34:54,335 [INFO] PluginManager:220 - loadIPPluginJar : add dfsdm
2025-07-15 21:34:54,340 [INFO] IPUIPlugin:80 - create IPUIPlugin
2025-07-15 21:34:54,340 [INFO] PluginManager:220 - loadIPPluginJar : add dma
2025-07-15 21:34:54,343 [INFO] IPUIPlugin:80 - create IPUIPlugin
2025-07-15 21:34:54,343 [INFO] PluginManager:220 - loadIPPluginJar : add dma3
2025-07-15 21:34:54,346 [INFO] IPUIPlugin:80 - create IPUIPlugin
2025-07-15 21:34:54,346 [INFO] PluginManager:220 - loadIPPluginJar : add extmemmanager
2025-07-15 21:34:54,347 [INFO] IPUIPlugin:80 - create IPUIPlugin
2025-07-15 21:34:54,347 [INFO] PluginManager:220 - loadIPPluginJar : add fatfs
2025-07-15 21:34:54,351 [INFO] IPUIPlugin:80 - create IPUIPlugin
2025-07-15 21:34:54,351 [INFO] PluginManager:220 - loadIPPluginJar : add fmc
2025-07-15 21:34:54,359 [INFO] IPUIPlugin:80 - create IPUIPlugin
2025-07-15 21:34:54,359 [INFO] PluginManager:220 - loadIPPluginJar : add freertos
2025-07-15 21:34:54,361 [INFO] IPUIPlugin:80 - create IPUIPlugin
2025-07-15 21:34:54,361 [INFO] PluginManager:220 - loadIPPluginJar : add genericplugin
2025-07-15 21:34:54,363 [INFO] IPUIPlugin:80 - create IPUIPlugin
2025-07-15 21:34:54,364 [INFO] PluginManager:220 - loadIPPluginJar : add gfxmmu
2025-07-15 21:34:54,369 [INFO] IPUIPlugin:80 - create IPUIPlugin
2025-07-15 21:34:54,369 [INFO] PluginManager:220 - loadIPPluginJar : add gic
2025-07-15 21:34:54,373 [INFO] IPUIPlugin:80 - create IPUIPlugin
2025-07-15 21:34:54,373 [INFO] PluginManager:220 - loadIPPluginJar : add gpio
2025-07-15 21:34:54,377 [INFO] IPUIPlugin:80 - create IPUIPlugin
2025-07-15 21:34:54,377 [INFO] PluginManager:220 - loadIPPluginJar : add gtzc
2025-07-15 21:34:54,380 [INFO] IPUIPlugin:80 - create IPUIPlugin
2025-07-15 21:34:54,380 [INFO] PluginManager:220 - loadIPPluginJar : add hash
2025-07-15 21:34:54,382 [INFO] IPUIPlugin:80 - create IPUIPlugin
2025-07-15 21:34:54,382 [INFO] PluginManager:220 - loadIPPluginJar : add i2c
2025-07-15 21:34:54,386 [INFO] IPUIPlugin:80 - create IPUIPlugin
2025-07-15 21:34:54,386 [INFO] PluginManager:220 - loadIPPluginJar : add i2s
2025-07-15 21:34:54,389 [INFO] IPUIPlugin:80 - create IPUIPlugin
2025-07-15 21:34:54,389 [INFO] PluginManager:220 - loadIPPluginJar : add i3c
2025-07-15 21:34:54,392 [INFO] IPUIPlugin:80 - create IPUIPlugin
2025-07-15 21:34:54,392 [INFO] PluginManager:220 - loadIPPluginJar : add ipddr
2025-07-15 21:34:54,398 [INFO] IPUIPlugin:80 - create IPUIPlugin
2025-07-15 21:34:54,399 [INFO] PluginManager:220 - loadIPPluginJar : add linkedlist
2025-07-15 21:34:54,402 [INFO] IPUIPlugin:80 - create IPUIPlugin
2025-07-15 21:34:54,402 [INFO] PluginManager:220 - loadIPPluginJar : add lorawan
2025-07-15 21:34:54,403 [INFO] IPUIPlugin:80 - create IPUIPlugin
2025-07-15 21:34:54,404 [INFO] PluginManager:220 - loadIPPluginJar : add ltdc
2025-07-15 21:34:54,410 [INFO] IPUIPlugin:80 - create IPUIPlugin
2025-07-15 21:34:54,411 [INFO] PluginManager:220 - loadIPPluginJar : add mdma
2025-07-15 21:34:54,414 [INFO] IPUIPlugin:80 - create IPUIPlugin
2025-07-15 21:34:54,414 [INFO] PluginManager:220 - loadIPPluginJar : add nvic
2025-07-15 21:34:54,417 [INFO] IPUIPlugin:80 - create IPUIPlugin
2025-07-15 21:34:54,417 [INFO] PluginManager:220 - loadIPPluginJar : add opamp
2025-07-15 21:34:54,420 [INFO] IPUIPlugin:80 - create IPUIPlugin
2025-07-15 21:34:54,420 [INFO] PluginManager:220 - loadIPPluginJar : add openamp
2025-07-15 21:34:54,423 [INFO] IPUIPlugin:80 - create IPUIPlugin
2025-07-15 21:34:54,424 [INFO] PluginManager:220 - loadIPPluginJar : add pdm2pcm
2025-07-15 21:34:54,431 [INFO] IPUIPlugin:80 - create IPUIPlugin
2025-07-15 21:34:54,447 [INFO] PluginManager:220 - loadIPPluginJar : add plateformsettings
2025-07-15 21:34:54,449 [INFO] IPUIPlugin:80 - create IPUIPlugin
2025-07-15 21:34:54,449 [INFO] PluginManager:220 - loadIPPluginJar : add quadspi
2025-07-15 21:34:54,451 [INFO] IPUIPlugin:80 - create IPUIPlugin
2025-07-15 21:34:54,452 [INFO] PluginManager:220 - loadIPPluginJar : add radio
2025-07-15 21:34:54,456 [INFO] IPUIPlugin:80 - create IPUIPlugin
2025-07-15 21:34:54,456 [INFO] PluginManager:220 - loadIPPluginJar : add resmgrutility
2025-07-15 21:34:54,460 [INFO] IPUIPlugin:80 - create IPUIPlugin
2025-07-15 21:34:54,460 [INFO] PluginManager:220 - loadIPPluginJar : add sai
2025-07-15 21:34:54,463 [INFO] IPUIPlugin:80 - create IPUIPlugin
2025-07-15 21:34:54,463 [INFO] PluginManager:220 - loadIPPluginJar : add spi
2025-07-15 21:34:54,469 [INFO] IPUIPlugin:80 - create IPUIPlugin
2025-07-15 21:34:54,469 [INFO] PluginManager:220 - loadIPPluginJar : add stm32_wpan
2025-07-15 21:34:54,471 [INFO] IPUIPlugin:80 - create IPUIPlugin
2025-07-15 21:34:54,471 [INFO] PluginManager:220 - loadIPPluginJar : add tim
2025-07-15 21:34:54,474 [INFO] IPUIPlugin:80 - create IPUIPlugin
2025-07-15 21:34:54,475 [INFO] PluginManager:220 - loadIPPluginJar : add touchsensing
2025-07-15 21:34:54,477 [INFO] IPUIPlugin:80 - create IPUIPlugin
2025-07-15 21:34:54,478 [INFO] PluginManager:220 - loadIPPluginJar : add tracer_emb
2025-07-15 21:34:54,480 [INFO] IPUIPlugin:80 - create IPUIPlugin
2025-07-15 21:34:54,480 [INFO] PluginManager:220 - loadIPPluginJar : add ts
2025-07-15 21:34:54,482 [INFO] IPUIPlugin:80 - create IPUIPlugin
2025-07-15 21:34:54,482 [INFO] PluginManager:220 - loadIPPluginJar : add tsc
2025-07-15 21:34:54,484 [INFO] IPUIPlugin:80 - create IPUIPlugin
2025-07-15 21:34:54,484 [INFO] PluginManager:220 - loadIPPluginJar : add ucpd
2025-07-15 21:34:54,486 [INFO] IPUIPlugin:80 - create IPUIPlugin
2025-07-15 21:34:54,486 [INFO] PluginManager:220 - loadIPPluginJar : add usart
2025-07-15 21:34:54,491 [INFO] IPUIPlugin:80 - create IPUIPlugin
2025-07-15 21:34:54,491 [INFO] PluginManager:220 - loadIPPluginJar : add usbx
2025-07-15 21:34:54,608 [FATAL] Updater:351 - Updater called before beeing initialized
2025-07-15 21:34:54,635 [INFO] RulesReader:64 - Compatibility file has been processed (302 Rules)
2025-07-15 21:34:54,643 [INFO] RulesReader:64 - Compatibility file has been processed (302 Rules)
2025-07-15 21:34:54,650 [INFO] CADModel:165 - CPN selected for project level
2025-07-15 21:34:54,650 [INFO] CADModel:114 - Register for checkConnection events
2025-07-15 21:34:54,650 [FATAL] Updater:351 - Updater called before beeing initialized
2025-07-15 21:34:54,650 [ERROR] CADModel:125 - Updater not yet initialized, retry later 
2025-07-15 21:34:54,771 [FATAL] Updater:351 - Updater called before beeing initialized
2025-07-15 21:34:54,774 [INFO] CADModel:165 - CPN selected for project level
2025-07-15 21:34:54,774 [INFO] CADModel:114 - Register for checkConnection events
2025-07-15 21:34:54,774 [FATAL] Updater:351 - Updater called before beeing initialized
2025-07-15 21:34:54,774 [ERROR] CADModel:125 - Updater not yet initialized, retry later 
2025-07-15 21:34:54,778 [FATAL] Updater:351 - Updater called before beeing initialized
2025-07-15 21:34:54,890 [FATAL] Updater:351 - Updater called before beeing initialized
2025-07-15 21:34:54,896 [INFO] DbMcusAds:53 - JSON generation date=Tue Jul 08 10:14:27 CEST 2025 (1751962467633)
2025-07-15 21:34:54,896 [FATAL] Updater:351 - Updater called before beeing initialized
2025-07-15 21:34:54,929 [WARN] DetailPanel:346 - Failed to get advertising image, set to default
2025-07-15 21:34:55,123 [FATAL] Updater:351 - Updater called before beeing initialized
2025-07-15 21:34:55,125 [FATAL] Updater:351 - Updater called before beeing initialized
2025-07-15 21:34:55,125 [FATAL] Updater:351 - Updater called before beeing initialized
2025-07-15 21:34:55,125 [WARN] DetailPanel:346 - Failed to get advertising image, set to default
2025-07-15 21:34:55,126 [FATAL] Updater:351 - Updater called before beeing initialized
2025-07-15 21:34:55,166 [ERROR] Updater:1198 - MainUpdater not yet initialized. External WinMGr cannot be set.
2025-07-15 21:34:55,167 [INFO] Updater:1134 - Updater Version found : 6.14.1
2025-07-15 21:34:55,182 [INFO] ApplicationProperties:184 - Using Application install path: C:\ST\STM32CubeIDE_1.18.1\STM32CubeIDE\plugins\com.st.stm32cube.common.mx_6.14.1.202504091515
2025-07-15 21:34:56,752 [ERROR] LogOutputStream:75 - [STDERR_REDIRECT] Jul 15, 2025 9:34:56 PM java.util.prefs.WindowsPreferences <init>
2025-07-15 21:34:56,753 [ERROR] LogOutputStream:75 - [STDERR_REDIRECT] WARNING: Could not open/create prefs root node Software\JavaSoft\Prefs at root 0xffffffff80000002. Windows RegCreateKeyEx(...) returned error code 5.
2025-07-15 21:34:56,753 [ERROR] LogOutputStream:75 - [STDERR_REDIRECT] 
2025-07-15 21:34:56,843 [INFO] ThirdPartyUpdaterWithRetryManager:70 - Updater plugin not ready yet. [2/15]
2025-07-15 21:34:56,988 [INFO] MainUpdater:2872 - connection check result : 10
2025-07-15 21:34:56,989 [INFO] MainUpdater:289 - Updater Check For Update Now.
2025-07-15 21:34:56,989 [INFO] MicroXplorer:498 - Change Database Version : DB.6.0.141
2025-07-15 21:34:56,996 [INFO] McuFinderGlobals:63 - Set McuFinder mode to 2 (CubeIDE integrated)
2025-07-15 21:34:56,997 [INFO] UserAuth:171 - activating auth plugin
2025-07-15 21:34:56,999 [INFO] UserAuth:484 - Internet connection configuration mode: 1
2025-07-15 21:34:57,021 [INFO] JxBrowserEngine:152 - Initiate JxBrowser Engine with user profile folder
2025-07-15 21:34:57,163 [INFO] CheckServerUpdateThread:120 - End of CheckServer Thread
2025-07-15 21:34:57,825 [INFO] WebApp:169 - Instantiating new browser for Auth
2025-07-15 21:34:58,444 [INFO] WebApp:463 - Apply proxy settings
2025-07-15 21:34:58,444 [INFO] WebApp:548 - Chromium requires no authentication
2025-07-15 21:34:58,451 [INFO] WebApp:491 - Direct internet connection detected
2025-07-15 21:34:58,477 [INFO] WebApp:894 - Register for checkConnection events
2025-07-15 21:34:58,477 [INFO] WebApp:463 - Apply proxy settings
2025-07-15 21:34:58,477 [INFO] WebApp:548 - Chromium requires no authentication
2025-07-15 21:34:58,478 [INFO] WebApp:491 - Direct internet connection detected
2025-07-15 21:34:58,621 [INFO] WebApp:225 - Starting web application
2025-07-15 21:34:58,621 [INFO] WebApp:593 - Web application path used C:\ST\STM32CubeIDE_1.18.1\STM32CubeIDE\plugins\com.st.stm32cube.common.mx_6.14.1.202504091515\db\plugins\mcufinder\reactClient1\index.html
2025-07-15 21:34:58,905 [INFO] WebApp:191 - Connection restablished
2025-07-15 21:35:00,054 [WARN] PackLoader:240 - Cannot read IP mode file for STMicroelectronics.FP-SNS-MOTENVWB1.1.4.0
2025-07-15 21:35:00,062 [WARN] PackLoader:240 - Cannot read IP mode file for STMicroelectronics.FP-ATR-ASTRA1.2.0.2
2025-07-15 21:35:00,072 [WARN] PackLoader:240 - Cannot read IP mode file for STMicroelectronics.X-CUBE-SMBUS.2.1.0
2025-07-15 21:35:00,079 [WARN] PackLoader:240 - Cannot read IP mode file for STMicroelectronics.X-CUBE-ST60.1.0.0
2025-07-15 21:35:00,112 [WARN] PackLoader:240 - Cannot read IP mode file for STMicroelectronics.X-CUBE-AZRTOS-F7.1.1.0
2025-07-15 21:35:00,137 [WARN] PackLoader:240 - Cannot read IP mode file for Infineon.AIROC-Wi-Fi-Bluetooth-STM32.1.7.0
2025-07-15 21:35:00,166 [WARN] PackLoader:240 - Cannot read IP mode file for STMicroelectronics.X-CUBE-AZRTOS-H7.3.4.0
2025-07-15 21:35:00,175 [WARN] PackLoader:240 - Cannot read IP mode file for STMicroelectronics.X-CUBE-DISPLAY.3.0.0
2025-07-15 21:35:00,195 [WARN] PackLoader:240 - Cannot read IP mode file for STMicroelectronics.X-CUBE-NFC10.1.0.0
2025-07-15 21:35:00,204 [WARN] PackLoader:240 - Cannot read IP mode file for STMicroelectronics.X-CUBE-BLEMGR.4.0.0
2025-07-15 21:35:00,212 [WARN] PackLoader:240 - Cannot read IP mode file for emotas.I-CUBE-CANOPEN.1.3.0
2025-07-15 21:35:00,219 [WARN] ConditionMgr:438 - getConditionDescription Invalid condition id : Cortex-A Device cause : null
2025-07-15 21:35:00,229 [WARN] ConditionMgr:1044 - genDependencies : Invalid condition id : Cortex-A Device cause : null
2025-07-15 21:35:00,230 [WARN] ConditionMgr:1044 - genDependencies : Invalid condition id : Cortex-A Device cause : null
2025-07-15 21:35:00,230 [WARN] ConditionMgr:1044 - genDependencies : Invalid condition id : Cortex-A Device cause : null
2025-07-15 21:35:00,235 [WARN] PackLoader:240 - Cannot read IP mode file for STMicroelectronics.FP-SNS-SMARTAG2.1.2.0
2025-07-15 21:35:00,239 [WARN] PackLoader:240 - Cannot read IP mode file for STMicroelectronics.FP-SNS-FLIGHT1.5.1.0
2025-07-15 21:35:00,247 [INFO] LogOutputStream:77 - [STDOUT_REDIRECT] 1 : Invalid condition id : UX_CORESTACK_Condition cause : null
2025-07-15 21:35:00,247 [INFO] LogOutputStream:77 - [STDOUT_REDIRECT] 1 : Invalid condition id : UX_CORESTACK_Condition cause : null
2025-07-15 21:35:00,248 [INFO] LogOutputStream:77 - [STDOUT_REDIRECT] 1 : Invalid condition id : UX_CORESTACK_Condition cause : null
2025-07-15 21:35:00,248 [INFO] LogOutputStream:77 - [STDOUT_REDIRECT] 1 : Invalid condition id : UX_CORESTACK_Condition cause : null
2025-07-15 21:35:00,249 [INFO] LogOutputStream:77 - [STDOUT_REDIRECT] 1 : Invalid condition id : UX_CORESTACK_Condition cause : null
2025-07-15 21:35:00,251 [WARN] PackLoader:240 - Cannot read IP mode file for STMicroelectronics.X-CUBE-AZRTOS-WL.2.0.0
2025-07-15 21:35:00,260 [WARN] PackLoader:240 - Cannot read IP mode file for STMicroelectronics.FP-SNS-MOTENV1.5.0.0
2025-07-15 21:35:00,267 [WARN] PackLoader:240 - Cannot read IP mode file for WES.I-CUBE-Cesium.1.3.0
2025-07-15 21:35:00,273 [WARN] PackLoader:240 - Cannot read IP mode file for STMicroelectronics.X-CUBE-BLE2.3.3.0
2025-07-15 21:35:00,280 [WARN] PackLoader:240 - Cannot read IP mode file for STMicroelectronics.X-CUBE-NFC9.1.0.0
2025-07-15 21:35:00,286 [WARN] PackLoader:240 - Cannot read IP mode file for wolfSSL.I-CUBE-wolfSSL.5.8.0
2025-07-15 21:35:00,330 [WARN] PackLoader:240 - Cannot read IP mode file for STMicroelectronics.X-CUBE-BLE1.7.1.0
2025-07-15 21:35:00,335 [WARN] PackLoader:240 - Cannot read IP mode file for wolfSSL.I-CUBE-wolfMQTT.1.19.2
2025-07-15 21:35:00,344 [WARN] PackLoader:240 - Cannot read IP mode file for STMicroelectronics.X-CUBE-EEPRMA1.5.2.0
2025-07-15 21:35:00,350 [WARN] PackLoader:240 - Cannot read IP mode file for STMicroelectronics.X-CUBE-AI.10.1.0
2025-07-15 21:35:00,363 [WARN] PackLoader:240 - Cannot read IP mode file for STMicroelectronics.X-CUBE-AZRTOS-G0.1.1.0
2025-07-15 21:35:00,369 [WARN] PackLoader:240 - Cannot read IP mode file for STMicroelectronics.X-CUBE-SAFEA1.1.2.2
2025-07-15 21:35:00,373 [WARN] PackLoader:240 - Cannot read IP mode file for STMicroelectronics.X-CUBE-NFC4.3.0.0
2025-07-15 21:35:00,381 [WARN] PackLoader:240 - Cannot read IP mode file for EmbeddedOffice.I-CUBE-FS-RTOS.1.0.1
2025-07-15 21:35:00,386 [WARN] PackLoader:240 - Cannot read IP mode file for STMicroelectronics.X-CUBE-WB05N.2.0.0
2025-07-15 21:35:00,390 [WARN] PackLoader:240 - Cannot read IP mode file for wolfSSL.I-CUBE-wolfTPM.3.8.0
2025-07-15 21:35:00,468 [WARN] PackLoader:240 - Cannot read IP mode file for STMicroelectronics.X-CUBE-TCPP.4.2.0
2025-07-15 21:35:00,473 [WARN] PackLoader:240 - Cannot read IP mode file for RealThread.X-CUBE-RT-Thread_Nano.4.1.1
2025-07-15 21:35:00,480 [WARN] PackLoader:240 - Cannot read IP mode file for STMicroelectronics.FP-ATR-SIGFOX1.3.2.0
2025-07-15 21:35:00,487 [WARN] PackLoader:240 - Cannot read IP mode file for STMicroelectronics.X-CUBE-EEPRMA1.5.1.0
2025-07-15 21:35:00,493 [WARN] PackLoader:240 - Cannot read IP mode file for ITTIA_DB.I-CUBE-ITTIADB.8.9.0
2025-07-15 21:35:00,499 [WARN] PackLoader:240 - Cannot read IP mode file for STMicroelectronics.X-CUBE-ST67W61.1.0.0
2025-07-15 21:35:00,517 [WARN] PackLoader:240 - Cannot read IP mode file for SEGGER.I-CUBE-embOS.1.3.1
2025-07-15 21:35:00,601 [WARN] PackLoader:240 - Cannot read IP mode file for STMicroelectronics.X-CUBE-ALGOBUILD.1.4.0
2025-07-15 21:35:00,670 [WARN] PackLoader:240 - Cannot read IP mode file for STMicroelectronics.X-CUBE-MEMS1.11.3.0
2025-07-15 21:35:00,811 [WARN] PackLoader:240 - Cannot read IP mode file for STMicroelectronics.X-CUBE-PM33A1.1.0.0
2025-07-15 21:35:00,825 [WARN] PackLoader:240 - Cannot read IP mode file for STMicroelectronics.X-CUBE-AZRTOS-F4.1.1.0
2025-07-15 21:35:00,832 [WARN] PackLoader:240 - Cannot read IP mode file for Avnet-IotConnect.X-CUBE-IoTC-DA16k-PMOD.1.0.0
2025-07-15 21:35:00,838 [WARN] PackLoader:240 - Cannot read IP mode file for STMicroelectronics.X-CUBE-ISPU.2.1.0
2025-07-15 21:35:00,846 [WARN] PackLoader:240 - Cannot read IP mode file for STMicroelectronics.X-CUBE-NFC12.1.0.0
2025-07-15 21:35:00,866 [WARN] PackLoader:240 - Cannot read IP mode file for STMicroelectronics.X-CUBE-AZRTOS-L5.2.0.0
2025-07-15 21:35:00,875 [WARN] PackLoader:240 - Cannot read IP mode file for STMicroelectronics.X-CUBE-NFC6.3.1.0
2025-07-15 21:35:00,885 [WARN] PackLoader:240 - Cannot read IP mode file for STMicroelectronics.X-CUBE-FREERTOS.1.3.1
2025-07-15 21:35:00,891 [WARN] PackLoader:240 - Cannot read IP mode file for STMicroelectronics.FP-SNS-STAIOTCFT.1.0.0
2025-07-15 21:35:00,896 [WARN] PackLoader:240 - Cannot read IP mode file for STMicroelectronics.X-CUBE-DPower.1.3.0
2025-07-15 21:35:00,910 [WARN] ConditionMgr:438 - getConditionDescription Invalid condition id : LAN8742 Phy interface Condition cause : null
2025-07-15 21:35:00,912 [WARN] PackLoader:240 - Cannot read IP mode file for STMicroelectronics.X-CUBE-AZRTOS-L4.2.0.0
2025-07-15 21:35:00,913 [WARN] ConditionMgr:1044 - genDependencies : Invalid condition id : LAN8742 Phy interface Condition cause : null
2025-07-15 21:35:00,913 [WARN] ConditionMgr:1044 - genDependencies : Invalid condition id : LAN8742 Phy interface Condition cause : null
2025-07-15 21:35:00,913 [WARN] ConditionMgr:1044 - genDependencies : Invalid condition id : LAN8742 Phy interface Condition cause : null
2025-07-15 21:35:00,919 [WARN] PackLoader:240 - Cannot read IP mode file for STMicroelectronics.X-CUBE-SFXS2LP1.4.0.0
2025-07-15 21:35:00,933 [WARN] PackLoader:240 - Cannot read IP mode file for STMicroelectronics.X-CUBE-AZRTOS-H7.3.3.0
2025-07-15 21:35:00,944 [WARN] ConditionMgr:438 - getConditionDescription Invalid condition id : UX DEVICE CLASS RTOS Condition cause : null
2025-07-15 21:35:00,945 [WARN] ConditionMgr:438 - getConditionDescription Invalid condition id : UX DEVICE CLASS RTOS Condition cause : null
2025-07-15 21:35:00,947 [WARN] PackLoader:240 - Cannot read IP mode file for STMicroelectronics.X-CUBE-AZRTOS-WB.2.0.0
2025-07-15 21:35:00,947 [WARN] ConditionMgr:1044 - genDependencies : Invalid condition id : UX DEVICE CLASS RTOS Condition cause : null
2025-07-15 21:35:00,947 [WARN] ConditionMgr:1044 - genDependencies : Invalid condition id : UX DEVICE CLASS RTOS Condition cause : null
2025-07-15 21:35:00,948 [WARN] ConditionMgr:1044 - genDependencies : Invalid condition id : UX DEVICE CLASS RTOS Condition cause : null
2025-07-15 21:35:00,948 [WARN] ConditionMgr:1044 - genDependencies : Invalid condition id : UX DEVICE CLASS RTOS Condition cause : null
2025-07-15 21:35:00,948 [WARN] ConditionMgr:1044 - genDependencies : Invalid condition id : UX DEVICE CLASS RTOS Condition cause : null
2025-07-15 21:35:00,953 [WARN] PackLoader:240 - Cannot read IP mode file for STMicroelectronics.X-CUBE-GNSS1.7.0.1
2025-07-15 21:35:01,029 [WARN] PackLoader:240 - Cannot read IP mode file for STMicroelectronics.X-CUBE-TOUCHGFX.4.25.0
2025-07-15 21:35:01,034 [WARN] PackLoader:240 - Cannot read IP mode file for STMicroelectronics.FP-SNS-STBOX1.2.0.0
2025-07-15 21:35:01,043 [WARN] PackLoader:240 - Cannot read IP mode file for STMicroelectronics.X-CUBE-SUBG2.5.0.0
2025-07-15 21:35:01,056 [WARN] PackLoader:240 - Cannot read IP mode file for STMicroelectronics.X-CUBE-AZRTOS-H7RS.1.1.0
2025-07-15 21:35:01,063 [WARN] PackLoader:240 - Cannot read IP mode file for Cesanta.I-CUBE-Mongoose.7.13.0
2025-07-15 21:35:01,074 [WARN] PackLoader:240 - Cannot read IP mode file for STMicroelectronics.X-CUBE-AZRTOS-G4.2.0.0
2025-07-15 21:35:01,079 [WARN] PackLoader:240 - Cannot read IP mode file for wolfSSL.I-CUBE-wolfSSH.1.4.20
2025-07-15 21:35:01,083 [WARN] PackLoader:240 - Cannot read IP mode file for STMicroelectronics.X-CUBE-NFC7.2.0.0
2025-07-15 21:35:01,091 [WARN] PackLoader:240 - Cannot read IP mode file for STMicroelectronics.X-CUBE-IPS.3.1.0
2025-07-15 21:35:01,097 [WARN] PackLoader:240 - Cannot read IP mode file for STMicroelectronics.X-CUBE-ALS.1.0.2
2025-07-15 21:35:01,102 [WARN] PackLoader:240 - Cannot read IP mode file for portGmbH.I-Cube-SoM-uGOAL.1.1.0
2025-07-15 21:35:01,109 [WARN] PackLoader:240 - Cannot read IP mode file for STMicroelectronics.X-CUBE-TOF1.3.4.3
2025-07-15 21:35:01,117 [INFO] ThirdParty:978 - Integrity check success = true
2025-07-15 21:35:01,117 [INFO] IntegrityCheckThread:100 - exiting critical section [integrity check]
2025-07-15 21:35:01,117 [INFO] IntegrityCheckThread:103 - End integrity checks thread
