2025-07-21 18:46:44,085 [INFO] Activator:176 - 


2025-07-21 18:46:44,089 [INFO] Activator:177 - !SESSION log4j initialized
2025-07-21 18:46:47,449 [INFO] LogOutputStream:77 - [STDOUT_REDIRECT] 
2025-07-21 18:46:53,042 [INFO] ApplicationProperties:184 - Using Application install path: C:\ST\STM32CubeIDE_1.18.1\STM32CubeIDE\plugins\com.st.stm32cube.common.mx_6.14.1.202504091515
2025-07-21 18:46:53,057 [INFO] DbMcusXml:78 - Set database path to: C:\ST\STM32CubeIDE_1.18.1\STM32CubeIDE\plugins\com.st.stm32cube.common.mx_6.14.1.202504091515\\db\/mcu/
2025-07-21 18:46:53,057 [INFO] ApiDb:274 - Set plugin database path to: C:\ST\STM32CubeIDE_1.18.1\STM32CubeIDE\plugins\com.st.stm32cube.common.mx_6.14.1.202504091515\\db\/plugins/boardmanager/
2025-07-21 18:46:53,057 [WARN] ApiDb:259 - Overriding images path with different value:  => C:\ST\STM32CubeIDE_1.18.1\STM32CubeIDE\plugins\com.st.stm32cube.common.mx_6.14.1.202504091515\\db\/plugins/mcufinder/images/
2025-07-21 18:46:53,065 [INFO] ApiDb:250 - Set database path to: C:\Users\Rui\.stmcufinder\plugins\mcufinder//mcu/
2025-07-21 18:46:53,067 [INFO] DbMcusAds:125 - Set database path to: C:\Users\Rui\.stmcufinder\plugins\mcufinder//mcu/
2025-07-21 18:46:53,068 [INFO] CrossReferenceDbSqlite:203 - Set database path to: C:\Users\Rui\.stmcufinder\plugins\mcufinder//mcu/cs/
2025-07-21 18:46:53,158 [INFO] RulesReader:64 - Compatibility file has been processed (302 Rules)
2025-07-21 18:46:53,221 [INFO] DbMcusXml:78 - Set database path to: C:\ST\STM32CubeIDE_1.18.1\STM32CubeIDE\plugins\com.st.stm32cube.common.mx_6.14.1.202504091515\\db\/mcu/
2025-07-21 18:46:53,221 [INFO] ApiDb:274 - Set plugin database path to: C:\ST\STM32CubeIDE_1.18.1\STM32CubeIDE\plugins\com.st.stm32cube.common.mx_6.14.1.202504091515\\db\/plugins/boardmanager/
2025-07-21 18:46:53,221 [INFO] ApiDb:261 - Set plugin images path to: C:\ST\STM32CubeIDE_1.18.1\STM32CubeIDE\plugins\com.st.stm32cube.common.mx_6.14.1.202504091515\\db\/plugins/mcufinder/images/
2025-07-21 18:46:53,222 [WARN] DbFile:41 - Overriding database path with different value: C:\Users\Rui\.stmcufinder\plugins\mcufinder/ => C:\Users\Rui\.stmcufinder\plugins\mcufinder
2025-07-21 18:46:53,222 [INFO] ApiDb:250 - Set database path to: C:\Users\Rui\.stmcufinder\plugins\mcufinder//mcu/
2025-07-21 18:46:53,222 [WARN] DbFile:41 - Overriding database path with different value: C:\Users\Rui\.stmcufinder\plugins\mcufinder/ => C:\Users\Rui\.stmcufinder\plugins\mcufinder
2025-07-21 18:46:53,222 [INFO] DbMcusAds:125 - Set database path to: C:\Users\Rui\.stmcufinder\plugins\mcufinder//mcu/
2025-07-21 18:46:53,222 [WARN] DbFile:41 - Overriding database path with different value: C:\Users\Rui\.stmcufinder\plugins\mcufinder/ => C:\Users\Rui\.stmcufinder\plugins\mcufinder
2025-07-21 18:46:53,222 [WARN] DbFile:41 - Overriding database path with different value: C:\Users\Rui\.stmcufinder\plugins\mcufinder/ => C:\Users\Rui\.stmcufinder\plugins\mcufinder
2025-07-21 18:46:53,222 [INFO] CrossReferenceDbSqlite:203 - Set database path to: C:\Users\Rui\.stmcufinder\plugins\mcufinder//mcu/cs/
2025-07-21 18:46:53,286 [INFO] MainPanel:272 - HeapMemory: 268435456
2025-07-21 18:46:53,379 [INFO] DbMcusXml:78 - Set database path to: C:\ST\STM32CubeIDE_1.18.1\STM32CubeIDE\plugins\com.st.stm32cube.common.mx_6.14.1.202504091515\\db\/mcu/
2025-07-21 18:46:53,379 [INFO] ApiDb:274 - Set plugin database path to: C:\ST\STM32CubeIDE_1.18.1\STM32CubeIDE\plugins\com.st.stm32cube.common.mx_6.14.1.202504091515\\db\/plugins/boardmanager/
2025-07-21 18:46:53,379 [INFO] ApiDb:261 - Set plugin images path to: C:\ST\STM32CubeIDE_1.18.1\STM32CubeIDE\plugins\com.st.stm32cube.common.mx_6.14.1.202504091515\\db\/plugins/mcufinder/images/
2025-07-21 18:46:53,379 [WARN] DbFile:41 - Overriding database path with different value: C:\Users\Rui\.stmcufinder\plugins\mcufinder/ => C:\Users\Rui\.stmcufinder\plugins\mcufinder
2025-07-21 18:46:53,379 [INFO] ApiDb:250 - Set database path to: C:\Users\Rui\.stmcufinder\plugins\mcufinder//mcu/
2025-07-21 18:46:53,379 [WARN] DbFile:41 - Overriding database path with different value: C:\Users\Rui\.stmcufinder\plugins\mcufinder/ => C:\Users\Rui\.stmcufinder\plugins\mcufinder
2025-07-21 18:46:53,379 [INFO] DbMcusAds:125 - Set database path to: C:\Users\Rui\.stmcufinder\plugins\mcufinder//mcu/
2025-07-21 18:46:53,379 [WARN] DbFile:41 - Overriding database path with different value: C:\Users\Rui\.stmcufinder\plugins\mcufinder/ => C:\Users\Rui\.stmcufinder\plugins\mcufinder
2025-07-21 18:46:53,379 [WARN] DbFile:41 - Overriding database path with different value: C:\Users\Rui\.stmcufinder\plugins\mcufinder/ => C:\Users\Rui\.stmcufinder\plugins\mcufinder
2025-07-21 18:46:53,379 [INFO] CrossReferenceDbSqlite:203 - Set database path to: C:\Users\Rui\.stmcufinder\plugins\mcufinder//mcu/cs/
2025-07-21 18:46:53,395 [INFO] ApplicationProperties:184 - Using Application install path: C:\ST\STM32CubeIDE_1.18.1\STM32CubeIDE\plugins\com.st.stm32cube.common.mx_6.14.1.202504091515
2025-07-21 18:46:53,396 [INFO] PluginManage:196 - Search for loadable plugins [exclusion list=, ]
2025-07-21 18:46:53,397 [INFO] PluginManage:310 - Check plugin analytics
2025-07-21 18:46:53,538 [INFO] AnalyticsPlugin:253 - Accepted Software Licenses: 
2025-07-21 18:46:53,539 [INFO] AnalyticsPlugin:255 - Accepted CMSIS Pack Licenses: 
2025-07-21 18:46:53,539 [INFO] AnalyticsPlugin:257 - Accepted Firmware Licenses: 
2025-07-21 18:46:53,540 [INFO] PluginManage:359 - Loaded plugin analytics (category:tool,tabindex:-1)
2025-07-21 18:46:53,541 [INFO] PluginManage:310 - Check plugin cadmodel
2025-07-21 18:46:53,548 [INFO] CADModel:105 - Init CAD model plugin
2025-07-21 18:46:53,549 [INFO] PluginManage:359 - Loaded plugin cadmodel (category:power,tabindex:5)
2025-07-21 18:46:53,549 [INFO] PluginManage:310 - Check plugin clock
2025-07-21 18:46:53,557 [INFO] PluginManage:359 - Loaded plugin clock (category:base,tabindex:2)
2025-07-21 18:46:53,557 [INFO] PluginManage:310 - Check plugin ddr
2025-07-21 18:46:53,559 [INFO] PluginManage:359 - Loaded plugin ddr (category:tool,tabindex:6)
2025-07-21 18:46:53,560 [INFO] PluginManage:310 - Check plugin filemanager
2025-07-21 18:46:53,685 [INFO] PluginManage:359 - Loaded plugin filemanager (category:base,tabindex:10)
2025-07-21 18:46:53,685 [INFO] PluginManage:310 - Check plugin ipmanager
2025-07-21 18:46:53,690 [INFO] PluginManage:359 - Loaded plugin ipmanager (category:base,tabindex:5)
2025-07-21 18:46:53,690 [INFO] PluginManage:310 - Check plugin lpbam
2025-07-21 18:46:53,698 [INFO] PluginManage:359 - Loaded plugin lpbam (category:base,tabindex:0)
2025-07-21 18:46:53,698 [INFO] PluginManage:310 - Check plugin memorymap
2025-07-21 18:46:53,711 [INFO] PluginManage:359 - Loaded plugin memorymap (category:base,tabindex:4)
2025-07-21 18:46:53,711 [INFO] PluginManage:310 - Check plugin pinoutandconfiguration
2025-07-21 18:46:53,719 [INFO] PluginManage:359 - Loaded plugin pinoutandconfiguration (category:base,tabindex:1)
2025-07-21 18:46:53,719 [INFO] PluginManage:310 - Check plugin pinoutconfig
2025-07-21 18:46:53,805 [WARN] SupportedApi:132 - Cannot load RTOS API schema: s4s-elt-must-match.1: The content of 'definitions' must match (annotation?, (simpleType | complexType)?, (unique | key | keyref)*)). A problem was found starting at: attribute.
2025-07-21 18:46:53,930 [INFO] PluginManage:359 - Loaded plugin pinoutconfig (category:base,tabindex:0)
2025-07-21 18:46:53,931 [INFO] PluginManage:310 - Check plugin power
2025-07-21 18:46:53,938 [INFO] PluginManage:359 - Loaded plugin power (category:power,tabindex:4)
2025-07-21 18:46:53,938 [INFO] PluginManage:310 - Check plugin projectmanager
2025-07-21 18:46:53,951 [INFO] PluginManage:359 - Loaded plugin projectmanager (category:projectmanager,tabindex:4)
2025-07-21 18:46:53,951 [INFO] PluginManage:310 - Check plugin rif
2025-07-21 18:46:53,961 [INFO] PluginManage:359 - Loaded plugin rif (category:base,tabindex:3)
2025-07-21 18:46:53,961 [INFO] PluginManage:310 - Check plugin thirdparty
2025-07-21 18:46:54,059 [INFO] PluginManage:359 - Loaded plugin thirdparty (category:base,tabindex:-1)
2025-07-21 18:46:54,059 [WARN] IntegrityCheckThread:84 - waiting for thirdparty lock release [integrity check]
2025-07-21 18:46:54,060 [INFO] PluginManage:310 - Check plugin tools
2025-07-21 18:46:54,060 [INFO] IntegrityCheckThread:86 - entering critical section [integrity check]
2025-07-21 18:46:54,060 [INFO] ThirdPartyUpdaterWithRetryManager:70 - Updater plugin not ready yet. [1/15]
2025-07-21 18:46:54,062 [INFO] PluginManage:359 - Loaded plugin tools (category:base,tabindex:7)
2025-07-21 18:46:54,062 [INFO] PluginManage:310 - Check plugin tutovideos
2025-07-21 18:46:54,197 [INFO] PluginManage:359 - Loaded plugin tutovideos (category:base,tabindex:-1)
2025-07-21 18:46:54,198 [INFO] PluginManage:310 - Check plugin updater
2025-07-21 18:46:54,217 [INFO] PluginManage:359 - Loaded plugin updater (category:base,tabindex:12)
2025-07-21 18:46:54,217 [INFO] PluginManage:310 - Check plugin userauth
2025-07-21 18:46:54,220 [INFO] UserAuth:118 - Init User Auth plugin
2025-07-21 18:46:54,221 [INFO] PluginManage:359 - Loaded plugin userauth (category:base,tabindex:14)
2025-07-21 18:46:54,221 [INFO] PluginManage:283 - PluginManage : Loaded plugins [18]
2025-07-21 18:46:54,384 [INFO] PinOutPanel:1589 - setPackage(No Configuration,No Configuration)
2025-07-21 18:46:54,448 [INFO] CADModel:165 - CPN selected for project level
2025-07-21 18:46:54,448 [INFO] CADModel:114 - Register for checkConnection events
2025-07-21 18:46:54,466 [INFO] IPUIPlugin:80 - create IPUIPlugin
2025-07-21 18:46:54,466 [INFO] PluginManager:220 - loadIPPluginJar : add adc
2025-07-21 18:46:54,470 [INFO] IPUIPlugin:80 - create IPUIPlugin
2025-07-21 18:46:54,470 [INFO] PluginManager:220 - loadIPPluginJar : add aes
2025-07-21 18:46:54,472 [INFO] IPUIPlugin:80 - create IPUIPlugin
2025-07-21 18:46:54,473 [INFO] PluginManager:220 - loadIPPluginJar : add can
2025-07-21 18:46:54,475 [INFO] IPUIPlugin:80 - create IPUIPlugin
2025-07-21 18:46:54,475 [INFO] PluginManager:220 - loadIPPluginJar : add comp
2025-07-21 18:46:54,478 [INFO] IPUIPlugin:80 - create IPUIPlugin
2025-07-21 18:46:54,478 [INFO] PluginManager:220 - loadIPPluginJar : add cryp
2025-07-21 18:46:54,481 [INFO] IPUIPlugin:80 - create IPUIPlugin
2025-07-21 18:46:54,482 [INFO] PluginManager:220 - loadIPPluginJar : add ddr_ctrl_phy
2025-07-21 18:46:54,484 [INFO] IPUIPlugin:80 - create IPUIPlugin
2025-07-21 18:46:54,484 [INFO] PluginManager:220 - loadIPPluginJar : add dfsdm
2025-07-21 18:46:54,490 [INFO] IPUIPlugin:80 - create IPUIPlugin
2025-07-21 18:46:54,491 [INFO] PluginManager:220 - loadIPPluginJar : add dma
2025-07-21 18:46:54,493 [INFO] IPUIPlugin:80 - create IPUIPlugin
2025-07-21 18:46:54,493 [INFO] PluginManager:220 - loadIPPluginJar : add dma3
2025-07-21 18:46:54,497 [INFO] IPUIPlugin:80 - create IPUIPlugin
2025-07-21 18:46:54,497 [INFO] PluginManager:220 - loadIPPluginJar : add extmemmanager
2025-07-21 18:46:54,498 [INFO] IPUIPlugin:80 - create IPUIPlugin
2025-07-21 18:46:54,499 [INFO] PluginManager:220 - loadIPPluginJar : add fatfs
2025-07-21 18:46:54,502 [INFO] IPUIPlugin:80 - create IPUIPlugin
2025-07-21 18:46:54,503 [INFO] PluginManager:220 - loadIPPluginJar : add fmc
2025-07-21 18:46:54,509 [INFO] IPUIPlugin:80 - create IPUIPlugin
2025-07-21 18:46:54,509 [INFO] PluginManager:220 - loadIPPluginJar : add freertos
2025-07-21 18:46:54,511 [INFO] IPUIPlugin:80 - create IPUIPlugin
2025-07-21 18:46:54,511 [INFO] PluginManager:220 - loadIPPluginJar : add genericplugin
2025-07-21 18:46:54,513 [INFO] IPUIPlugin:80 - create IPUIPlugin
2025-07-21 18:46:54,513 [INFO] PluginManager:220 - loadIPPluginJar : add gfxmmu
2025-07-21 18:46:54,518 [INFO] IPUIPlugin:80 - create IPUIPlugin
2025-07-21 18:46:54,518 [INFO] PluginManager:220 - loadIPPluginJar : add gic
2025-07-21 18:46:54,522 [INFO] IPUIPlugin:80 - create IPUIPlugin
2025-07-21 18:46:54,523 [INFO] PluginManager:220 - loadIPPluginJar : add gpio
2025-07-21 18:46:54,525 [INFO] IPUIPlugin:80 - create IPUIPlugin
2025-07-21 18:46:54,525 [INFO] PluginManager:220 - loadIPPluginJar : add gtzc
2025-07-21 18:46:54,527 [INFO] IPUIPlugin:80 - create IPUIPlugin
2025-07-21 18:46:54,528 [INFO] PluginManager:220 - loadIPPluginJar : add hash
2025-07-21 18:46:54,530 [INFO] IPUIPlugin:80 - create IPUIPlugin
2025-07-21 18:46:54,530 [INFO] PluginManager:220 - loadIPPluginJar : add i2c
2025-07-21 18:46:54,533 [INFO] IPUIPlugin:80 - create IPUIPlugin
2025-07-21 18:46:54,534 [INFO] PluginManager:220 - loadIPPluginJar : add i2s
2025-07-21 18:46:54,536 [INFO] IPUIPlugin:80 - create IPUIPlugin
2025-07-21 18:46:54,536 [INFO] PluginManager:220 - loadIPPluginJar : add i3c
2025-07-21 18:46:54,540 [INFO] IPUIPlugin:80 - create IPUIPlugin
2025-07-21 18:46:54,540 [INFO] PluginManager:220 - loadIPPluginJar : add ipddr
2025-07-21 18:46:54,546 [INFO] IPUIPlugin:80 - create IPUIPlugin
2025-07-21 18:46:54,546 [INFO] PluginManager:220 - loadIPPluginJar : add linkedlist
2025-07-21 18:46:54,551 [INFO] IPUIPlugin:80 - create IPUIPlugin
2025-07-21 18:46:54,551 [INFO] PluginManager:220 - loadIPPluginJar : add lorawan
2025-07-21 18:46:54,553 [INFO] IPUIPlugin:80 - create IPUIPlugin
2025-07-21 18:46:54,553 [INFO] PluginManager:220 - loadIPPluginJar : add ltdc
2025-07-21 18:46:54,558 [INFO] IPUIPlugin:80 - create IPUIPlugin
2025-07-21 18:46:54,558 [INFO] PluginManager:220 - loadIPPluginJar : add mdma
2025-07-21 18:46:54,562 [INFO] IPUIPlugin:80 - create IPUIPlugin
2025-07-21 18:46:54,562 [INFO] PluginManager:220 - loadIPPluginJar : add nvic
2025-07-21 18:46:54,565 [INFO] IPUIPlugin:80 - create IPUIPlugin
2025-07-21 18:46:54,565 [INFO] PluginManager:220 - loadIPPluginJar : add opamp
2025-07-21 18:46:54,569 [INFO] IPUIPlugin:80 - create IPUIPlugin
2025-07-21 18:46:54,569 [INFO] PluginManager:220 - loadIPPluginJar : add openamp
2025-07-21 18:46:54,572 [INFO] IPUIPlugin:80 - create IPUIPlugin
2025-07-21 18:46:54,572 [INFO] PluginManager:220 - loadIPPluginJar : add pdm2pcm
2025-07-21 18:46:54,577 [INFO] IPUIPlugin:80 - create IPUIPlugin
2025-07-21 18:46:54,580 [INFO] PluginManager:220 - loadIPPluginJar : add plateformsettings
2025-07-21 18:46:54,582 [INFO] IPUIPlugin:80 - create IPUIPlugin
2025-07-21 18:46:54,582 [INFO] PluginManager:220 - loadIPPluginJar : add quadspi
2025-07-21 18:46:54,583 [INFO] IPUIPlugin:80 - create IPUIPlugin
2025-07-21 18:46:54,584 [INFO] PluginManager:220 - loadIPPluginJar : add radio
2025-07-21 18:46:54,587 [INFO] IPUIPlugin:80 - create IPUIPlugin
2025-07-21 18:46:54,587 [INFO] PluginManager:220 - loadIPPluginJar : add resmgrutility
2025-07-21 18:46:54,590 [INFO] IPUIPlugin:80 - create IPUIPlugin
2025-07-21 18:46:54,590 [INFO] PluginManager:220 - loadIPPluginJar : add sai
2025-07-21 18:46:54,595 [INFO] IPUIPlugin:80 - create IPUIPlugin
2025-07-21 18:46:54,595 [INFO] PluginManager:220 - loadIPPluginJar : add spi
2025-07-21 18:46:54,602 [INFO] IPUIPlugin:80 - create IPUIPlugin
2025-07-21 18:46:54,602 [INFO] PluginManager:220 - loadIPPluginJar : add stm32_wpan
2025-07-21 18:46:54,604 [INFO] IPUIPlugin:80 - create IPUIPlugin
2025-07-21 18:46:54,604 [INFO] PluginManager:220 - loadIPPluginJar : add tim
2025-07-21 18:46:54,607 [INFO] IPUIPlugin:80 - create IPUIPlugin
2025-07-21 18:46:54,607 [INFO] PluginManager:220 - loadIPPluginJar : add touchsensing
2025-07-21 18:46:54,609 [INFO] IPUIPlugin:80 - create IPUIPlugin
2025-07-21 18:46:54,609 [INFO] PluginManager:220 - loadIPPluginJar : add tracer_emb
2025-07-21 18:46:54,611 [INFO] IPUIPlugin:80 - create IPUIPlugin
2025-07-21 18:46:54,611 [INFO] PluginManager:220 - loadIPPluginJar : add ts
2025-07-21 18:46:54,613 [INFO] IPUIPlugin:80 - create IPUIPlugin
2025-07-21 18:46:54,613 [INFO] PluginManager:220 - loadIPPluginJar : add tsc
2025-07-21 18:46:54,616 [INFO] IPUIPlugin:80 - create IPUIPlugin
2025-07-21 18:46:54,616 [INFO] PluginManager:220 - loadIPPluginJar : add ucpd
2025-07-21 18:46:54,618 [INFO] IPUIPlugin:80 - create IPUIPlugin
2025-07-21 18:46:54,618 [INFO] PluginManager:220 - loadIPPluginJar : add usart
2025-07-21 18:46:54,621 [INFO] IPUIPlugin:80 - create IPUIPlugin
2025-07-21 18:46:54,621 [INFO] PluginManager:220 - loadIPPluginJar : add usbx
2025-07-21 18:46:54,737 [FATAL] Updater:351 - Updater called before beeing initialized
2025-07-21 18:46:54,756 [INFO] RulesReader:64 - Compatibility file has been processed (302 Rules)
2025-07-21 18:46:54,765 [INFO] RulesReader:64 - Compatibility file has been processed (302 Rules)
2025-07-21 18:46:54,772 [INFO] CADModel:165 - CPN selected for project level
2025-07-21 18:46:54,772 [INFO] CADModel:114 - Register for checkConnection events
2025-07-21 18:46:54,772 [FATAL] Updater:351 - Updater called before beeing initialized
2025-07-21 18:46:54,772 [ERROR] CADModel:125 - Updater not yet initialized, retry later 
2025-07-21 18:46:54,878 [FATAL] Updater:351 - Updater called before beeing initialized
2025-07-21 18:46:54,880 [INFO] CADModel:165 - CPN selected for project level
2025-07-21 18:46:54,880 [INFO] CADModel:114 - Register for checkConnection events
2025-07-21 18:46:54,880 [FATAL] Updater:351 - Updater called before beeing initialized
2025-07-21 18:46:54,880 [ERROR] CADModel:125 - Updater not yet initialized, retry later 
2025-07-21 18:46:54,884 [FATAL] Updater:351 - Updater called before beeing initialized
2025-07-21 18:46:54,960 [FATAL] Updater:351 - Updater called before beeing initialized
2025-07-21 18:46:54,964 [INFO] DbMcusAds:53 - JSON generation date=Tue Jul 08 10:14:27 CEST 2025 (1751962467633)
2025-07-21 18:46:54,964 [FATAL] Updater:351 - Updater called before beeing initialized
2025-07-21 18:46:54,995 [WARN] DetailPanel:346 - Failed to get advertising image, set to default
2025-07-21 18:46:55,177 [FATAL] Updater:351 - Updater called before beeing initialized
2025-07-21 18:46:55,181 [FATAL] Updater:351 - Updater called before beeing initialized
2025-07-21 18:46:55,181 [FATAL] Updater:351 - Updater called before beeing initialized
2025-07-21 18:46:55,181 [WARN] DetailPanel:346 - Failed to get advertising image, set to default
2025-07-21 18:46:55,181 [FATAL] Updater:351 - Updater called before beeing initialized
2025-07-21 18:46:55,219 [ERROR] Updater:1198 - MainUpdater not yet initialized. External WinMGr cannot be set.
2025-07-21 18:46:55,221 [INFO] Updater:1134 - Updater Version found : 6.14.1
2025-07-21 18:46:55,240 [INFO] ApplicationProperties:184 - Using Application install path: C:\ST\STM32CubeIDE_1.18.1\STM32CubeIDE\plugins\com.st.stm32cube.common.mx_6.14.1.202504091515
2025-07-21 18:46:56,811 [ERROR] LogOutputStream:75 - [STDERR_REDIRECT] Jul 21, 2025 6:46:56 PM java.util.prefs.WindowsPreferences <init>
2025-07-21 18:46:56,812 [ERROR] LogOutputStream:75 - [STDERR_REDIRECT] WARNING: Could not open/create prefs root node Software\JavaSoft\Prefs at root 0xffffffff80000002. Windows RegCreateKeyEx(...) returned error code 5.
2025-07-21 18:46:56,812 [ERROR] LogOutputStream:75 - [STDERR_REDIRECT] 
2025-07-21 18:46:57,024 [INFO] MainUpdater:2872 - connection check result : 10
2025-07-21 18:46:57,025 [INFO] MainUpdater:289 - Updater Check For Update Now.
2025-07-21 18:46:57,025 [INFO] MicroXplorer:498 - Change Database Version : DB.6.0.141
2025-07-21 18:46:57,032 [INFO] McuFinderGlobals:63 - Set McuFinder mode to 2 (CubeIDE integrated)
2025-07-21 18:46:57,032 [INFO] UserAuth:171 - activating auth plugin
2025-07-21 18:46:57,035 [INFO] UserAuth:484 - Internet connection configuration mode: 1
2025-07-21 18:46:57,056 [INFO] JxBrowserEngine:152 - Initiate JxBrowser Engine with user profile folder
2025-07-21 18:46:57,061 [WARN] MainUpdater:1193 - Updater busy. Cannot search thirdparties
2025-07-21 18:46:57,061 [INFO] ThirdPartyUpdaterWithRetryManager:96 - Updater plugin is busy. [1/15]
2025-07-21 18:46:57,186 [INFO] CheckServerUpdateThread:120 - End of CheckServer Thread
2025-07-21 18:46:57,925 [INFO] WebApp:169 - Instantiating new browser for Auth
2025-07-21 18:46:58,692 [INFO] WebApp:463 - Apply proxy settings
2025-07-21 18:46:58,693 [INFO] WebApp:548 - Chromium requires no authentication
2025-07-21 18:46:58,705 [INFO] WebApp:491 - Direct internet connection detected
2025-07-21 18:46:58,798 [INFO] WebApp:894 - Register for checkConnection events
2025-07-21 18:46:58,798 [INFO] WebApp:463 - Apply proxy settings
2025-07-21 18:46:58,798 [INFO] WebApp:548 - Chromium requires no authentication
2025-07-21 18:46:58,799 [INFO] WebApp:491 - Direct internet connection detected
2025-07-21 18:46:58,924 [INFO] WebApp:191 - Connection restablished
2025-07-21 18:46:58,963 [INFO] WebApp:225 - Starting web application
2025-07-21 18:46:58,963 [INFO] WebApp:593 - Web application path used C:\ST\STM32CubeIDE_1.18.1\STM32CubeIDE\plugins\com.st.stm32cube.common.mx_6.14.1.202504091515\db\plugins\mcufinder\reactClient1\index.html
2025-07-21 18:47:00,252 [WARN] PackLoader:240 - Cannot read IP mode file for STMicroelectronics.FP-SNS-MOTENVWB1.1.4.0
2025-07-21 18:47:00,262 [WARN] PackLoader:240 - Cannot read IP mode file for STMicroelectronics.FP-ATR-ASTRA1.2.0.2
2025-07-21 18:47:00,268 [WARN] PackLoader:240 - Cannot read IP mode file for STMicroelectronics.X-CUBE-SMBUS.2.1.0
2025-07-21 18:47:00,272 [WARN] PackLoader:240 - Cannot read IP mode file for STMicroelectronics.X-CUBE-ST60.1.0.0
2025-07-21 18:47:00,294 [WARN] PackLoader:240 - Cannot read IP mode file for STMicroelectronics.X-CUBE-AZRTOS-F7.1.1.0
2025-07-21 18:47:00,315 [WARN] PackLoader:240 - Cannot read IP mode file for Infineon.AIROC-Wi-Fi-Bluetooth-STM32.1.7.0
2025-07-21 18:47:00,335 [WARN] PackLoader:240 - Cannot read IP mode file for STMicroelectronics.X-CUBE-AZRTOS-H7.3.4.0
2025-07-21 18:47:00,377 [WARN] PackLoader:240 - Cannot read IP mode file for STMicroelectronics.X-CUBE-DISPLAY.3.0.0
2025-07-21 18:47:00,386 [WARN] PackLoader:240 - Cannot read IP mode file for STMicroelectronics.X-CUBE-NFC10.1.0.0
2025-07-21 18:47:00,393 [WARN] PackLoader:240 - Cannot read IP mode file for STMicroelectronics.X-CUBE-BLEMGR.4.0.0
2025-07-21 18:47:00,399 [WARN] PackLoader:240 - Cannot read IP mode file for emotas.I-CUBE-CANOPEN.1.3.0
2025-07-21 18:47:00,403 [WARN] ConditionMgr:438 - getConditionDescription Invalid condition id : Cortex-A Device cause : null
2025-07-21 18:47:00,428 [WARN] ConditionMgr:1044 - genDependencies : Invalid condition id : Cortex-A Device cause : null
2025-07-21 18:47:00,429 [WARN] ConditionMgr:1044 - genDependencies : Invalid condition id : Cortex-A Device cause : null
2025-07-21 18:47:00,429 [WARN] ConditionMgr:1044 - genDependencies : Invalid condition id : Cortex-A Device cause : null
2025-07-21 18:47:00,433 [WARN] PackLoader:240 - Cannot read IP mode file for STMicroelectronics.FP-SNS-SMARTAG2.1.2.0
2025-07-21 18:47:00,439 [WARN] PackLoader:240 - Cannot read IP mode file for STMicroelectronics.FP-SNS-FLIGHT1.5.1.0
2025-07-21 18:47:00,449 [INFO] LogOutputStream:77 - [STDOUT_REDIRECT] 1 : Invalid condition id : UX_CORESTACK_Condition cause : null
2025-07-21 18:47:00,450 [INFO] LogOutputStream:77 - [STDOUT_REDIRECT] 1 : Invalid condition id : UX_CORESTACK_Condition cause : null
2025-07-21 18:47:00,451 [INFO] LogOutputStream:77 - [STDOUT_REDIRECT] 1 : Invalid condition id : UX_CORESTACK_Condition cause : null
2025-07-21 18:47:00,452 [INFO] LogOutputStream:77 - [STDOUT_REDIRECT] 1 : Invalid condition id : UX_CORESTACK_Condition cause : null
2025-07-21 18:47:00,452 [INFO] LogOutputStream:77 - [STDOUT_REDIRECT] 1 : Invalid condition id : UX_CORESTACK_Condition cause : null
2025-07-21 18:47:00,455 [WARN] PackLoader:240 - Cannot read IP mode file for STMicroelectronics.X-CUBE-AZRTOS-WL.2.0.0
2025-07-21 18:47:00,481 [WARN] PackLoader:240 - Cannot read IP mode file for STMicroelectronics.FP-SNS-MOTENV1.5.0.0
2025-07-21 18:47:00,489 [WARN] PackLoader:240 - Cannot read IP mode file for WES.I-CUBE-Cesium.1.3.0
2025-07-21 18:47:00,494 [WARN] PackLoader:240 - Cannot read IP mode file for STMicroelectronics.X-CUBE-BLE2.3.3.0
2025-07-21 18:47:00,500 [WARN] PackLoader:240 - Cannot read IP mode file for STMicroelectronics.X-CUBE-NFC9.1.0.0
2025-07-21 18:47:00,507 [WARN] PackLoader:240 - Cannot read IP mode file for wolfSSL.I-CUBE-wolfSSL.5.8.0
2025-07-21 18:47:00,510 [WARN] PackLoader:240 - Cannot read IP mode file for STMicroelectronics.X-CUBE-BLE1.7.1.0
2025-07-21 18:47:00,513 [WARN] PackLoader:240 - Cannot read IP mode file for wolfSSL.I-CUBE-wolfMQTT.1.19.2
2025-07-21 18:47:00,518 [WARN] PackLoader:240 - Cannot read IP mode file for STMicroelectronics.X-CUBE-EEPRMA1.5.2.0
2025-07-21 18:47:00,522 [WARN] PackLoader:240 - Cannot read IP mode file for STMicroelectronics.X-CUBE-AI.10.1.0
2025-07-21 18:47:00,532 [WARN] PackLoader:240 - Cannot read IP mode file for STMicroelectronics.X-CUBE-AZRTOS-G0.1.1.0
2025-07-21 18:47:00,539 [WARN] PackLoader:240 - Cannot read IP mode file for STMicroelectronics.X-CUBE-SAFEA1.1.2.2
2025-07-21 18:47:00,544 [WARN] PackLoader:240 - Cannot read IP mode file for STMicroelectronics.X-CUBE-NFC4.3.0.0
2025-07-21 18:47:00,551 [WARN] PackLoader:240 - Cannot read IP mode file for EmbeddedOffice.I-CUBE-FS-RTOS.1.0.1
2025-07-21 18:47:00,555 [WARN] PackLoader:240 - Cannot read IP mode file for STMicroelectronics.X-CUBE-WB05N.2.0.0
2025-07-21 18:47:00,559 [WARN] PackLoader:240 - Cannot read IP mode file for wolfSSL.I-CUBE-wolfTPM.3.8.0
2025-07-21 18:47:00,563 [WARN] PackLoader:240 - Cannot read IP mode file for STMicroelectronics.X-CUBE-TCPP.4.2.0
2025-07-21 18:47:00,567 [WARN] PackLoader:240 - Cannot read IP mode file for RealThread.X-CUBE-RT-Thread_Nano.4.1.1
2025-07-21 18:47:00,570 [WARN] PackLoader:240 - Cannot read IP mode file for STMicroelectronics.FP-ATR-SIGFOX1.3.2.0
2025-07-21 18:47:00,574 [WARN] PackLoader:240 - Cannot read IP mode file for STMicroelectronics.X-CUBE-EEPRMA1.5.1.0
2025-07-21 18:47:00,578 [WARN] PackLoader:240 - Cannot read IP mode file for ITTIA_DB.I-CUBE-ITTIADB.8.9.0
2025-07-21 18:47:00,583 [WARN] PackLoader:240 - Cannot read IP mode file for STMicroelectronics.X-CUBE-ST67W61.1.0.0
2025-07-21 18:47:00,601 [WARN] PackLoader:240 - Cannot read IP mode file for SEGGER.I-CUBE-embOS.1.3.1
2025-07-21 18:47:00,626 [WARN] PackLoader:240 - Cannot read IP mode file for STMicroelectronics.X-CUBE-ALGOBUILD.1.4.0
2025-07-21 18:47:00,658 [WARN] PackLoader:240 - Cannot read IP mode file for STMicroelectronics.X-CUBE-MEMS1.11.3.0
2025-07-21 18:47:00,781 [WARN] PackLoader:240 - Cannot read IP mode file for STMicroelectronics.X-CUBE-PM33A1.1.0.0
2025-07-21 18:47:00,792 [WARN] PackLoader:240 - Cannot read IP mode file for STMicroelectronics.X-CUBE-AZRTOS-F4.1.1.0
2025-07-21 18:47:00,798 [WARN] PackLoader:240 - Cannot read IP mode file for Avnet-IotConnect.X-CUBE-IoTC-DA16k-PMOD.1.0.0
2025-07-21 18:47:00,801 [WARN] PackLoader:240 - Cannot read IP mode file for STMicroelectronics.X-CUBE-ISPU.2.1.0
2025-07-21 18:47:00,806 [WARN] PackLoader:240 - Cannot read IP mode file for STMicroelectronics.X-CUBE-NFC12.1.0.0
2025-07-21 18:47:00,816 [WARN] PackLoader:240 - Cannot read IP mode file for STMicroelectronics.X-CUBE-AZRTOS-L5.2.0.0
2025-07-21 18:47:00,822 [WARN] PackLoader:240 - Cannot read IP mode file for STMicroelectronics.X-CUBE-NFC6.3.1.0
2025-07-21 18:47:00,827 [WARN] PackLoader:240 - Cannot read IP mode file for STMicroelectronics.X-CUBE-FREERTOS.1.3.1
2025-07-21 18:47:00,832 [WARN] PackLoader:240 - Cannot read IP mode file for STMicroelectronics.FP-SNS-STAIOTCFT.1.0.0
2025-07-21 18:47:00,904 [WARN] PackLoader:240 - Cannot read IP mode file for STMicroelectronics.X-CUBE-DPower.1.3.0
2025-07-21 18:47:00,918 [WARN] ConditionMgr:438 - getConditionDescription Invalid condition id : LAN8742 Phy interface Condition cause : null
2025-07-21 18:47:00,918 [WARN] PackLoader:240 - Cannot read IP mode file for STMicroelectronics.X-CUBE-AZRTOS-L4.2.0.0
2025-07-21 18:47:00,919 [WARN] ConditionMgr:1044 - genDependencies : Invalid condition id : LAN8742 Phy interface Condition cause : null
2025-07-21 18:47:00,919 [WARN] ConditionMgr:1044 - genDependencies : Invalid condition id : LAN8742 Phy interface Condition cause : null
2025-07-21 18:47:00,919 [WARN] ConditionMgr:1044 - genDependencies : Invalid condition id : LAN8742 Phy interface Condition cause : null
2025-07-21 18:47:00,925 [WARN] PackLoader:240 - Cannot read IP mode file for STMicroelectronics.X-CUBE-SFXS2LP1.4.0.0
2025-07-21 18:47:00,944 [WARN] PackLoader:240 - Cannot read IP mode file for STMicroelectronics.X-CUBE-AZRTOS-H7.3.3.0
2025-07-21 18:47:00,952 [WARN] PackLoader:240 - Cannot read IP mode file for STMicroelectronics.X-CUBE-BLEMGR.4.1.0
2025-07-21 18:47:00,960 [WARN] ConditionMgr:438 - getConditionDescription Invalid condition id : UX DEVICE CLASS RTOS Condition cause : null
2025-07-21 18:47:00,961 [WARN] ConditionMgr:438 - getConditionDescription Invalid condition id : UX DEVICE CLASS RTOS Condition cause : null
2025-07-21 18:47:00,962 [WARN] PackLoader:240 - Cannot read IP mode file for STMicroelectronics.X-CUBE-AZRTOS-WB.2.0.0
2025-07-21 18:47:00,962 [WARN] ConditionMgr:1044 - genDependencies : Invalid condition id : UX DEVICE CLASS RTOS Condition cause : null
2025-07-21 18:47:00,962 [WARN] ConditionMgr:1044 - genDependencies : Invalid condition id : UX DEVICE CLASS RTOS Condition cause : null
2025-07-21 18:47:00,962 [WARN] ConditionMgr:1044 - genDependencies : Invalid condition id : UX DEVICE CLASS RTOS Condition cause : null
2025-07-21 18:47:00,963 [WARN] ConditionMgr:1044 - genDependencies : Invalid condition id : UX DEVICE CLASS RTOS Condition cause : null
2025-07-21 18:47:00,963 [WARN] ConditionMgr:1044 - genDependencies : Invalid condition id : UX DEVICE CLASS RTOS Condition cause : null
2025-07-21 18:47:00,967 [WARN] PackLoader:240 - Cannot read IP mode file for STMicroelectronics.X-CUBE-GNSS1.7.0.1
2025-07-21 18:47:00,973 [WARN] PackLoader:240 - Cannot read IP mode file for STMicroelectronics.X-CUBE-TOUCHGFX.4.25.0
2025-07-21 18:47:00,979 [WARN] PackLoader:240 - Cannot read IP mode file for STMicroelectronics.FP-SNS-STBOX1.2.0.0
2025-07-21 18:47:00,987 [WARN] PackLoader:240 - Cannot read IP mode file for STMicroelectronics.X-CUBE-SUBG2.5.0.0
2025-07-21 18:47:01,072 [WARN] PackLoader:240 - Cannot read IP mode file for STMicroelectronics.X-CUBE-AZRTOS-H7RS.1.1.0
2025-07-21 18:47:01,077 [WARN] PackLoader:240 - Cannot read IP mode file for Cesanta.I-CUBE-Mongoose.7.13.0
2025-07-21 18:47:01,088 [WARN] PackLoader:240 - Cannot read IP mode file for STMicroelectronics.X-CUBE-AZRTOS-G4.2.0.0
2025-07-21 18:47:01,092 [WARN] PackLoader:240 - Cannot read IP mode file for wolfSSL.I-CUBE-wolfSSH.1.4.20
2025-07-21 18:47:01,097 [WARN] PackLoader:240 - Cannot read IP mode file for STMicroelectronics.X-CUBE-NFC7.2.0.0
2025-07-21 18:47:01,107 [WARN] PackLoader:240 - Cannot read IP mode file for STMicroelectronics.X-CUBE-IPS.3.1.0
2025-07-21 18:47:01,113 [WARN] PackLoader:240 - Cannot read IP mode file for STMicroelectronics.X-CUBE-ALS.1.0.2
2025-07-21 18:47:01,118 [WARN] PackLoader:240 - Cannot read IP mode file for portGmbH.I-Cube-SoM-uGOAL.1.1.0
2025-07-21 18:47:01,125 [WARN] PackLoader:240 - Cannot read IP mode file for STMicroelectronics.X-CUBE-TOF1.3.4.3
2025-07-21 18:47:01,132 [INFO] ThirdParty:978 - Integrity check success = true
2025-07-21 18:47:01,132 [INFO] IntegrityCheckThread:100 - exiting critical section [integrity check]
2025-07-21 18:47:01,132 [INFO] IntegrityCheckThread:103 - End integrity checks thread
2025-07-21 23:44:16,740 [ERROR] LogOutputStream:75 - [STDERR_REDIRECT] 
