2025-07-19 17:36:39,610 [INFO] Activator:176 - 


2025-07-19 17:36:39,614 [INFO] Activator:177 - !SESSION log4j initialized
2025-07-19 17:36:43,036 [INFO] LogOutputStream:77 - [STDOUT_REDIRECT] 
2025-07-19 17:36:48,783 [INFO] ApplicationProperties:184 - Using Application install path: C:\ST\STM32CubeIDE_1.18.1\STM32CubeIDE\plugins\com.st.stm32cube.common.mx_6.14.1.202504091515
2025-07-19 17:36:48,802 [INFO] DbMcusXml:78 - Set database path to: C:\ST\STM32CubeIDE_1.18.1\STM32CubeIDE\plugins\com.st.stm32cube.common.mx_6.14.1.202504091515\\db\/mcu/
2025-07-19 17:36:48,802 [INFO] ApiDb:274 - Set plugin database path to: C:\ST\STM32CubeIDE_1.18.1\STM32CubeIDE\plugins\com.st.stm32cube.common.mx_6.14.1.202504091515\\db\/plugins/boardmanager/
2025-07-19 17:36:48,803 [WARN] ApiDb:259 - Overriding images path with different value:  => C:\ST\STM32CubeIDE_1.18.1\STM32CubeIDE\plugins\com.st.stm32cube.common.mx_6.14.1.202504091515\\db\/plugins/mcufinder/images/
2025-07-19 17:36:48,813 [INFO] ApiDb:250 - Set database path to: C:\Users\Rui\.stmcufinder\plugins\mcufinder//mcu/
2025-07-19 17:36:48,814 [INFO] DbMcusAds:125 - Set database path to: C:\Users\Rui\.stmcufinder\plugins\mcufinder//mcu/
2025-07-19 17:36:48,816 [INFO] CrossReferenceDbSqlite:203 - Set database path to: C:\Users\Rui\.stmcufinder\plugins\mcufinder//mcu/cs/
2025-07-19 17:36:48,912 [INFO] RulesReader:64 - Compatibility file has been processed (302 Rules)
2025-07-19 17:36:48,978 [INFO] DbMcusXml:78 - Set database path to: C:\ST\STM32CubeIDE_1.18.1\STM32CubeIDE\plugins\com.st.stm32cube.common.mx_6.14.1.202504091515\\db\/mcu/
2025-07-19 17:36:48,978 [INFO] ApiDb:274 - Set plugin database path to: C:\ST\STM32CubeIDE_1.18.1\STM32CubeIDE\plugins\com.st.stm32cube.common.mx_6.14.1.202504091515\\db\/plugins/boardmanager/
2025-07-19 17:36:48,978 [INFO] ApiDb:261 - Set plugin images path to: C:\ST\STM32CubeIDE_1.18.1\STM32CubeIDE\plugins\com.st.stm32cube.common.mx_6.14.1.202504091515\\db\/plugins/mcufinder/images/
2025-07-19 17:36:48,978 [WARN] DbFile:41 - Overriding database path with different value: C:\Users\Rui\.stmcufinder\plugins\mcufinder/ => C:\Users\Rui\.stmcufinder\plugins\mcufinder
2025-07-19 17:36:48,978 [INFO] ApiDb:250 - Set database path to: C:\Users\Rui\.stmcufinder\plugins\mcufinder//mcu/
2025-07-19 17:36:48,978 [WARN] DbFile:41 - Overriding database path with different value: C:\Users\Rui\.stmcufinder\plugins\mcufinder/ => C:\Users\Rui\.stmcufinder\plugins\mcufinder
2025-07-19 17:36:48,978 [INFO] DbMcusAds:125 - Set database path to: C:\Users\Rui\.stmcufinder\plugins\mcufinder//mcu/
2025-07-19 17:36:48,978 [WARN] DbFile:41 - Overriding database path with different value: C:\Users\Rui\.stmcufinder\plugins\mcufinder/ => C:\Users\Rui\.stmcufinder\plugins\mcufinder
2025-07-19 17:36:48,978 [WARN] DbFile:41 - Overriding database path with different value: C:\Users\Rui\.stmcufinder\plugins\mcufinder/ => C:\Users\Rui\.stmcufinder\plugins\mcufinder
2025-07-19 17:36:48,978 [INFO] CrossReferenceDbSqlite:203 - Set database path to: C:\Users\Rui\.stmcufinder\plugins\mcufinder//mcu/cs/
2025-07-19 17:36:49,045 [INFO] MainPanel:272 - HeapMemory: 268435456
2025-07-19 17:36:49,147 [INFO] DbMcusXml:78 - Set database path to: C:\ST\STM32CubeIDE_1.18.1\STM32CubeIDE\plugins\com.st.stm32cube.common.mx_6.14.1.202504091515\\db\/mcu/
2025-07-19 17:36:49,147 [INFO] ApiDb:274 - Set plugin database path to: C:\ST\STM32CubeIDE_1.18.1\STM32CubeIDE\plugins\com.st.stm32cube.common.mx_6.14.1.202504091515\\db\/plugins/boardmanager/
2025-07-19 17:36:49,147 [INFO] ApiDb:261 - Set plugin images path to: C:\ST\STM32CubeIDE_1.18.1\STM32CubeIDE\plugins\com.st.stm32cube.common.mx_6.14.1.202504091515\\db\/plugins/mcufinder/images/
2025-07-19 17:36:49,147 [WARN] DbFile:41 - Overriding database path with different value: C:\Users\Rui\.stmcufinder\plugins\mcufinder/ => C:\Users\Rui\.stmcufinder\plugins\mcufinder
2025-07-19 17:36:49,147 [INFO] ApiDb:250 - Set database path to: C:\Users\Rui\.stmcufinder\plugins\mcufinder//mcu/
2025-07-19 17:36:49,147 [WARN] DbFile:41 - Overriding database path with different value: C:\Users\Rui\.stmcufinder\plugins\mcufinder/ => C:\Users\Rui\.stmcufinder\plugins\mcufinder
2025-07-19 17:36:49,154 [INFO] DbMcusAds:125 - Set database path to: C:\Users\Rui\.stmcufinder\plugins\mcufinder//mcu/
2025-07-19 17:36:49,154 [WARN] DbFile:41 - Overriding database path with different value: C:\Users\Rui\.stmcufinder\plugins\mcufinder/ => C:\Users\Rui\.stmcufinder\plugins\mcufinder
2025-07-19 17:36:49,154 [WARN] DbFile:41 - Overriding database path with different value: C:\Users\Rui\.stmcufinder\plugins\mcufinder/ => C:\Users\Rui\.stmcufinder\plugins\mcufinder
2025-07-19 17:36:49,154 [INFO] CrossReferenceDbSqlite:203 - Set database path to: C:\Users\Rui\.stmcufinder\plugins\mcufinder//mcu/cs/
2025-07-19 17:36:49,170 [INFO] ApplicationProperties:184 - Using Application install path: C:\ST\STM32CubeIDE_1.18.1\STM32CubeIDE\plugins\com.st.stm32cube.common.mx_6.14.1.202504091515
2025-07-19 17:36:49,171 [INFO] PluginManage:196 - Search for loadable plugins [exclusion list=, ]
2025-07-19 17:36:49,173 [INFO] PluginManage:310 - Check plugin analytics
2025-07-19 17:36:49,321 [INFO] AnalyticsPlugin:253 - Accepted Software Licenses: 
2025-07-19 17:36:49,322 [INFO] AnalyticsPlugin:255 - Accepted CMSIS Pack Licenses: 
2025-07-19 17:36:49,322 [INFO] AnalyticsPlugin:257 - Accepted Firmware Licenses: 
2025-07-19 17:36:49,323 [INFO] PluginManage:359 - Loaded plugin analytics (category:tool,tabindex:-1)
2025-07-19 17:36:49,324 [INFO] PluginManage:310 - Check plugin cadmodel
2025-07-19 17:36:49,329 [INFO] CADModel:105 - Init CAD model plugin
2025-07-19 17:36:49,329 [INFO] PluginManage:359 - Loaded plugin cadmodel (category:power,tabindex:5)
2025-07-19 17:36:49,329 [INFO] PluginManage:310 - Check plugin clock
2025-07-19 17:36:49,337 [INFO] PluginManage:359 - Loaded plugin clock (category:base,tabindex:2)
2025-07-19 17:36:49,338 [INFO] PluginManage:310 - Check plugin ddr
2025-07-19 17:36:49,340 [INFO] PluginManage:359 - Loaded plugin ddr (category:tool,tabindex:6)
2025-07-19 17:36:49,340 [INFO] PluginManage:310 - Check plugin filemanager
2025-07-19 17:36:49,458 [INFO] PluginManage:359 - Loaded plugin filemanager (category:base,tabindex:10)
2025-07-19 17:36:49,458 [INFO] PluginManage:310 - Check plugin ipmanager
2025-07-19 17:36:49,465 [INFO] PluginManage:359 - Loaded plugin ipmanager (category:base,tabindex:5)
2025-07-19 17:36:49,465 [INFO] PluginManage:310 - Check plugin lpbam
2025-07-19 17:36:49,472 [INFO] PluginManage:359 - Loaded plugin lpbam (category:base,tabindex:0)
2025-07-19 17:36:49,472 [INFO] PluginManage:310 - Check plugin memorymap
2025-07-19 17:36:49,485 [INFO] PluginManage:359 - Loaded plugin memorymap (category:base,tabindex:4)
2025-07-19 17:36:49,485 [INFO] PluginManage:310 - Check plugin pinoutandconfiguration
2025-07-19 17:36:49,493 [INFO] PluginManage:359 - Loaded plugin pinoutandconfiguration (category:base,tabindex:1)
2025-07-19 17:36:49,493 [INFO] PluginManage:310 - Check plugin pinoutconfig
2025-07-19 17:36:49,574 [WARN] SupportedApi:132 - Cannot load RTOS API schema: s4s-elt-must-match.1: The content of 'definitions' must match (annotation?, (simpleType | complexType)?, (unique | key | keyref)*)). A problem was found starting at: attribute.
2025-07-19 17:36:49,710 [INFO] PluginManage:359 - Loaded plugin pinoutconfig (category:base,tabindex:0)
2025-07-19 17:36:49,710 [INFO] PluginManage:310 - Check plugin power
2025-07-19 17:36:49,720 [INFO] PluginManage:359 - Loaded plugin power (category:power,tabindex:4)
2025-07-19 17:36:49,720 [INFO] PluginManage:310 - Check plugin projectmanager
2025-07-19 17:36:49,734 [INFO] PluginManage:359 - Loaded plugin projectmanager (category:projectmanager,tabindex:4)
2025-07-19 17:36:49,734 [INFO] PluginManage:310 - Check plugin rif
2025-07-19 17:36:49,741 [INFO] PluginManage:359 - Loaded plugin rif (category:base,tabindex:3)
2025-07-19 17:36:49,741 [INFO] PluginManage:310 - Check plugin thirdparty
2025-07-19 17:36:49,862 [INFO] PluginManage:359 - Loaded plugin thirdparty (category:base,tabindex:-1)
2025-07-19 17:36:49,862 [WARN] IntegrityCheckThread:84 - waiting for thirdparty lock release [integrity check]
2025-07-19 17:36:49,863 [INFO] PluginManage:310 - Check plugin tools
2025-07-19 17:36:49,863 [INFO] IntegrityCheckThread:86 - entering critical section [integrity check]
2025-07-19 17:36:49,863 [INFO] ThirdPartyUpdaterWithRetryManager:70 - Updater plugin not ready yet. [1/15]
2025-07-19 17:36:49,866 [INFO] PluginManage:359 - Loaded plugin tools (category:base,tabindex:7)
2025-07-19 17:36:49,866 [INFO] PluginManage:310 - Check plugin tutovideos
2025-07-19 17:36:50,022 [INFO] PluginManage:359 - Loaded plugin tutovideos (category:base,tabindex:-1)
2025-07-19 17:36:50,022 [INFO] PluginManage:310 - Check plugin updater
2025-07-19 17:36:50,040 [INFO] PluginManage:359 - Loaded plugin updater (category:base,tabindex:12)
2025-07-19 17:36:50,040 [INFO] PluginManage:310 - Check plugin userauth
2025-07-19 17:36:50,044 [INFO] UserAuth:118 - Init User Auth plugin
2025-07-19 17:36:50,045 [INFO] PluginManage:359 - Loaded plugin userauth (category:base,tabindex:14)
2025-07-19 17:36:50,045 [INFO] PluginManage:283 - PluginManage : Loaded plugins [18]
2025-07-19 17:36:50,224 [INFO] PinOutPanel:1589 - setPackage(No Configuration,No Configuration)
2025-07-19 17:36:50,296 [INFO] CADModel:165 - CPN selected for project level
2025-07-19 17:36:50,296 [INFO] CADModel:114 - Register for checkConnection events
2025-07-19 17:36:50,314 [INFO] IPUIPlugin:80 - create IPUIPlugin
2025-07-19 17:36:50,314 [INFO] PluginManager:220 - loadIPPluginJar : add adc
2025-07-19 17:36:50,318 [INFO] IPUIPlugin:80 - create IPUIPlugin
2025-07-19 17:36:50,318 [INFO] PluginManager:220 - loadIPPluginJar : add aes
2025-07-19 17:36:50,320 [INFO] IPUIPlugin:80 - create IPUIPlugin
2025-07-19 17:36:50,320 [INFO] PluginManager:220 - loadIPPluginJar : add can
2025-07-19 17:36:50,322 [INFO] IPUIPlugin:80 - create IPUIPlugin
2025-07-19 17:36:50,322 [INFO] PluginManager:220 - loadIPPluginJar : add comp
2025-07-19 17:36:50,327 [INFO] IPUIPlugin:80 - create IPUIPlugin
2025-07-19 17:36:50,328 [INFO] PluginManager:220 - loadIPPluginJar : add cryp
2025-07-19 17:36:50,330 [INFO] IPUIPlugin:80 - create IPUIPlugin
2025-07-19 17:36:50,331 [INFO] PluginManager:220 - loadIPPluginJar : add ddr_ctrl_phy
2025-07-19 17:36:50,332 [INFO] IPUIPlugin:80 - create IPUIPlugin
2025-07-19 17:36:50,333 [INFO] PluginManager:220 - loadIPPluginJar : add dfsdm
2025-07-19 17:36:50,337 [INFO] IPUIPlugin:80 - create IPUIPlugin
2025-07-19 17:36:50,337 [INFO] PluginManager:220 - loadIPPluginJar : add dma
2025-07-19 17:36:50,340 [INFO] IPUIPlugin:80 - create IPUIPlugin
2025-07-19 17:36:50,340 [INFO] PluginManager:220 - loadIPPluginJar : add dma3
2025-07-19 17:36:50,343 [INFO] IPUIPlugin:80 - create IPUIPlugin
2025-07-19 17:36:50,343 [INFO] PluginManager:220 - loadIPPluginJar : add extmemmanager
2025-07-19 17:36:50,345 [INFO] IPUIPlugin:80 - create IPUIPlugin
2025-07-19 17:36:50,345 [INFO] PluginManager:220 - loadIPPluginJar : add fatfs
2025-07-19 17:36:50,348 [INFO] IPUIPlugin:80 - create IPUIPlugin
2025-07-19 17:36:50,348 [INFO] PluginManager:220 - loadIPPluginJar : add fmc
2025-07-19 17:36:50,353 [INFO] IPUIPlugin:80 - create IPUIPlugin
2025-07-19 17:36:50,353 [INFO] PluginManager:220 - loadIPPluginJar : add freertos
2025-07-19 17:36:50,355 [INFO] IPUIPlugin:80 - create IPUIPlugin
2025-07-19 17:36:50,355 [INFO] PluginManager:220 - loadIPPluginJar : add genericplugin
2025-07-19 17:36:50,357 [INFO] IPUIPlugin:80 - create IPUIPlugin
2025-07-19 17:36:50,357 [INFO] PluginManager:220 - loadIPPluginJar : add gfxmmu
2025-07-19 17:36:50,362 [INFO] IPUIPlugin:80 - create IPUIPlugin
2025-07-19 17:36:50,362 [INFO] PluginManager:220 - loadIPPluginJar : add gic
2025-07-19 17:36:50,366 [INFO] IPUIPlugin:80 - create IPUIPlugin
2025-07-19 17:36:50,366 [INFO] PluginManager:220 - loadIPPluginJar : add gpio
2025-07-19 17:36:50,369 [INFO] IPUIPlugin:80 - create IPUIPlugin
2025-07-19 17:36:50,369 [INFO] PluginManager:220 - loadIPPluginJar : add gtzc
2025-07-19 17:36:50,371 [INFO] IPUIPlugin:80 - create IPUIPlugin
2025-07-19 17:36:50,371 [INFO] PluginManager:220 - loadIPPluginJar : add hash
2025-07-19 17:36:50,374 [INFO] IPUIPlugin:80 - create IPUIPlugin
2025-07-19 17:36:50,374 [INFO] PluginManager:220 - loadIPPluginJar : add i2c
2025-07-19 17:36:50,377 [INFO] IPUIPlugin:80 - create IPUIPlugin
2025-07-19 17:36:50,377 [INFO] PluginManager:220 - loadIPPluginJar : add i2s
2025-07-19 17:36:50,379 [INFO] IPUIPlugin:80 - create IPUIPlugin
2025-07-19 17:36:50,379 [INFO] PluginManager:220 - loadIPPluginJar : add i3c
2025-07-19 17:36:50,382 [INFO] IPUIPlugin:80 - create IPUIPlugin
2025-07-19 17:36:50,382 [INFO] PluginManager:220 - loadIPPluginJar : add ipddr
2025-07-19 17:36:50,389 [INFO] IPUIPlugin:80 - create IPUIPlugin
2025-07-19 17:36:50,390 [INFO] PluginManager:220 - loadIPPluginJar : add linkedlist
2025-07-19 17:36:50,392 [INFO] IPUIPlugin:80 - create IPUIPlugin
2025-07-19 17:36:50,392 [INFO] PluginManager:220 - loadIPPluginJar : add lorawan
2025-07-19 17:36:50,393 [INFO] IPUIPlugin:80 - create IPUIPlugin
2025-07-19 17:36:50,394 [INFO] PluginManager:220 - loadIPPluginJar : add ltdc
2025-07-19 17:36:50,399 [INFO] IPUIPlugin:80 - create IPUIPlugin
2025-07-19 17:36:50,399 [INFO] PluginManager:220 - loadIPPluginJar : add mdma
2025-07-19 17:36:50,404 [INFO] IPUIPlugin:80 - create IPUIPlugin
2025-07-19 17:36:50,404 [INFO] PluginManager:220 - loadIPPluginJar : add nvic
2025-07-19 17:36:50,406 [INFO] IPUIPlugin:80 - create IPUIPlugin
2025-07-19 17:36:50,407 [INFO] PluginManager:220 - loadIPPluginJar : add opamp
2025-07-19 17:36:50,410 [INFO] IPUIPlugin:80 - create IPUIPlugin
2025-07-19 17:36:50,410 [INFO] PluginManager:220 - loadIPPluginJar : add openamp
2025-07-19 17:36:50,413 [INFO] IPUIPlugin:80 - create IPUIPlugin
2025-07-19 17:36:50,413 [INFO] PluginManager:220 - loadIPPluginJar : add pdm2pcm
2025-07-19 17:36:50,420 [INFO] IPUIPlugin:80 - create IPUIPlugin
2025-07-19 17:36:50,422 [INFO] PluginManager:220 - loadIPPluginJar : add plateformsettings
2025-07-19 17:36:50,424 [INFO] IPUIPlugin:80 - create IPUIPlugin
2025-07-19 17:36:50,424 [INFO] PluginManager:220 - loadIPPluginJar : add quadspi
2025-07-19 17:36:50,426 [INFO] IPUIPlugin:80 - create IPUIPlugin
2025-07-19 17:36:50,427 [INFO] PluginManager:220 - loadIPPluginJar : add radio
2025-07-19 17:36:50,430 [INFO] IPUIPlugin:80 - create IPUIPlugin
2025-07-19 17:36:50,430 [INFO] PluginManager:220 - loadIPPluginJar : add resmgrutility
2025-07-19 17:36:50,433 [INFO] IPUIPlugin:80 - create IPUIPlugin
2025-07-19 17:36:50,434 [INFO] PluginManager:220 - loadIPPluginJar : add sai
2025-07-19 17:36:50,436 [INFO] IPUIPlugin:80 - create IPUIPlugin
2025-07-19 17:36:50,436 [INFO] PluginManager:220 - loadIPPluginJar : add spi
2025-07-19 17:36:50,441 [INFO] IPUIPlugin:80 - create IPUIPlugin
2025-07-19 17:36:50,441 [INFO] PluginManager:220 - loadIPPluginJar : add stm32_wpan
2025-07-19 17:36:50,444 [INFO] IPUIPlugin:80 - create IPUIPlugin
2025-07-19 17:36:50,444 [INFO] PluginManager:220 - loadIPPluginJar : add tim
2025-07-19 17:36:50,447 [INFO] IPUIPlugin:80 - create IPUIPlugin
2025-07-19 17:36:50,447 [INFO] PluginManager:220 - loadIPPluginJar : add touchsensing
2025-07-19 17:36:50,450 [INFO] IPUIPlugin:80 - create IPUIPlugin
2025-07-19 17:36:50,450 [INFO] PluginManager:220 - loadIPPluginJar : add tracer_emb
2025-07-19 17:36:50,452 [INFO] IPUIPlugin:80 - create IPUIPlugin
2025-07-19 17:36:50,452 [INFO] PluginManager:220 - loadIPPluginJar : add ts
2025-07-19 17:36:50,453 [INFO] IPUIPlugin:80 - create IPUIPlugin
2025-07-19 17:36:50,454 [INFO] PluginManager:220 - loadIPPluginJar : add tsc
2025-07-19 17:36:50,455 [INFO] IPUIPlugin:80 - create IPUIPlugin
2025-07-19 17:36:50,455 [INFO] PluginManager:220 - loadIPPluginJar : add ucpd
2025-07-19 17:36:50,457 [INFO] IPUIPlugin:80 - create IPUIPlugin
2025-07-19 17:36:50,457 [INFO] PluginManager:220 - loadIPPluginJar : add usart
2025-07-19 17:36:50,460 [INFO] IPUIPlugin:80 - create IPUIPlugin
2025-07-19 17:36:50,460 [INFO] PluginManager:220 - loadIPPluginJar : add usbx
2025-07-19 17:36:50,574 [FATAL] Updater:351 - Updater called before beeing initialized
2025-07-19 17:36:50,594 [INFO] RulesReader:64 - Compatibility file has been processed (302 Rules)
2025-07-19 17:36:50,601 [INFO] RulesReader:64 - Compatibility file has been processed (302 Rules)
2025-07-19 17:36:50,608 [INFO] CADModel:165 - CPN selected for project level
2025-07-19 17:36:50,608 [INFO] CADModel:114 - Register for checkConnection events
2025-07-19 17:36:50,608 [FATAL] Updater:351 - Updater called before beeing initialized
2025-07-19 17:36:50,608 [ERROR] CADModel:125 - Updater not yet initialized, retry later 
2025-07-19 17:36:50,717 [FATAL] Updater:351 - Updater called before beeing initialized
2025-07-19 17:36:50,718 [INFO] CADModel:165 - CPN selected for project level
2025-07-19 17:36:50,718 [INFO] CADModel:114 - Register for checkConnection events
2025-07-19 17:36:50,718 [FATAL] Updater:351 - Updater called before beeing initialized
2025-07-19 17:36:50,718 [ERROR] CADModel:125 - Updater not yet initialized, retry later 
2025-07-19 17:36:50,722 [FATAL] Updater:351 - Updater called before beeing initialized
2025-07-19 17:36:50,802 [FATAL] Updater:351 - Updater called before beeing initialized
2025-07-19 17:36:50,805 [INFO] DbMcusAds:53 - JSON generation date=Tue Jul 08 10:14:27 CEST 2025 (1751962467633)
2025-07-19 17:36:50,805 [FATAL] Updater:351 - Updater called before beeing initialized
2025-07-19 17:36:50,837 [WARN] DetailPanel:346 - Failed to get advertising image, set to default
2025-07-19 17:36:51,036 [FATAL] Updater:351 - Updater called before beeing initialized
2025-07-19 17:36:51,038 [FATAL] Updater:351 - Updater called before beeing initialized
2025-07-19 17:36:51,038 [FATAL] Updater:351 - Updater called before beeing initialized
2025-07-19 17:36:51,038 [WARN] DetailPanel:346 - Failed to get advertising image, set to default
2025-07-19 17:36:51,039 [FATAL] Updater:351 - Updater called before beeing initialized
2025-07-19 17:36:51,079 [ERROR] Updater:1198 - MainUpdater not yet initialized. External WinMGr cannot be set.
2025-07-19 17:36:51,081 [INFO] Updater:1134 - Updater Version found : 6.14.1
2025-07-19 17:36:51,101 [INFO] ApplicationProperties:184 - Using Application install path: C:\ST\STM32CubeIDE_1.18.1\STM32CubeIDE\plugins\com.st.stm32cube.common.mx_6.14.1.202504091515
2025-07-19 17:36:52,673 [ERROR] LogOutputStream:75 - [STDERR_REDIRECT] Jul 19, 2025 5:36:52 PM java.util.prefs.WindowsPreferences <init>
2025-07-19 17:36:52,673 [ERROR] LogOutputStream:75 - [STDERR_REDIRECT] WARNING: Could not open/create prefs root node Software\JavaSoft\Prefs at root 0xffffffff80000002. Windows RegCreateKeyEx(...) returned error code 5.
2025-07-19 17:36:52,674 [ERROR] LogOutputStream:75 - [STDERR_REDIRECT] 
2025-07-19 17:36:52,864 [INFO] ThirdPartyUpdaterWithRetryManager:70 - Updater plugin not ready yet. [2/15]
2025-07-19 17:36:52,883 [INFO] MainUpdater:2872 - connection check result : 10
2025-07-19 17:36:52,884 [INFO] MainUpdater:289 - Updater Check For Update Now.
2025-07-19 17:36:52,884 [INFO] MicroXplorer:498 - Change Database Version : DB.6.0.141
2025-07-19 17:36:52,889 [INFO] McuFinderGlobals:63 - Set McuFinder mode to 2 (CubeIDE integrated)
2025-07-19 17:36:52,889 [INFO] UserAuth:171 - activating auth plugin
2025-07-19 17:36:52,892 [INFO] UserAuth:484 - Internet connection configuration mode: 1
2025-07-19 17:36:52,912 [INFO] JxBrowserEngine:152 - Initiate JxBrowser Engine with user profile folder
2025-07-19 17:36:53,053 [INFO] CheckServerUpdateThread:120 - End of CheckServer Thread
2025-07-19 17:36:53,709 [INFO] WebApp:169 - Instantiating new browser for Auth
2025-07-19 17:36:54,334 [INFO] WebApp:463 - Apply proxy settings
2025-07-19 17:36:54,334 [INFO] WebApp:548 - Chromium requires no authentication
2025-07-19 17:36:54,344 [INFO] WebApp:491 - Direct internet connection detected
2025-07-19 17:36:54,374 [INFO] WebApp:894 - Register for checkConnection events
2025-07-19 17:36:54,374 [INFO] WebApp:463 - Apply proxy settings
2025-07-19 17:36:54,374 [INFO] WebApp:548 - Chromium requires no authentication
2025-07-19 17:36:54,375 [INFO] WebApp:491 - Direct internet connection detected
2025-07-19 17:36:54,510 [INFO] WebApp:191 - Connection restablished
2025-07-19 17:36:54,569 [INFO] WebApp:225 - Starting web application
2025-07-19 17:36:54,569 [INFO] WebApp:593 - Web application path used C:\ST\STM32CubeIDE_1.18.1\STM32CubeIDE\plugins\com.st.stm32cube.common.mx_6.14.1.202504091515\db\plugins\mcufinder\reactClient1\index.html
2025-07-19 17:36:56,060 [WARN] PackLoader:240 - Cannot read IP mode file for STMicroelectronics.FP-SNS-MOTENVWB1.1.4.0
2025-07-19 17:36:56,068 [WARN] PackLoader:240 - Cannot read IP mode file for STMicroelectronics.FP-ATR-ASTRA1.2.0.2
2025-07-19 17:36:56,105 [WARN] PackLoader:240 - Cannot read IP mode file for STMicroelectronics.X-CUBE-SMBUS.2.1.0
2025-07-19 17:36:56,110 [WARN] PackLoader:240 - Cannot read IP mode file for STMicroelectronics.X-CUBE-ST60.1.0.0
2025-07-19 17:36:56,130 [WARN] PackLoader:240 - Cannot read IP mode file for STMicroelectronics.X-CUBE-AZRTOS-F7.1.1.0
2025-07-19 17:36:56,154 [WARN] PackLoader:240 - Cannot read IP mode file for Infineon.AIROC-Wi-Fi-Bluetooth-STM32.1.7.0
2025-07-19 17:36:56,180 [WARN] PackLoader:240 - Cannot read IP mode file for STMicroelectronics.X-CUBE-AZRTOS-H7.3.4.0
2025-07-19 17:36:56,202 [WARN] PackLoader:240 - Cannot read IP mode file for STMicroelectronics.X-CUBE-DISPLAY.3.0.0
2025-07-19 17:36:56,218 [WARN] PackLoader:240 - Cannot read IP mode file for STMicroelectronics.X-CUBE-NFC10.1.0.0
2025-07-19 17:36:56,233 [WARN] PackLoader:240 - Cannot read IP mode file for STMicroelectronics.X-CUBE-BLEMGR.4.0.0
2025-07-19 17:36:56,265 [WARN] PackLoader:240 - Cannot read IP mode file for emotas.I-CUBE-CANOPEN.1.3.0
2025-07-19 17:36:56,271 [WARN] ConditionMgr:438 - getConditionDescription Invalid condition id : Cortex-A Device cause : null
2025-07-19 17:36:56,287 [WARN] ConditionMgr:1044 - genDependencies : Invalid condition id : Cortex-A Device cause : null
2025-07-19 17:36:56,289 [WARN] ConditionMgr:1044 - genDependencies : Invalid condition id : Cortex-A Device cause : null
2025-07-19 17:36:56,289 [WARN] ConditionMgr:1044 - genDependencies : Invalid condition id : Cortex-A Device cause : null
2025-07-19 17:36:56,294 [WARN] PackLoader:240 - Cannot read IP mode file for STMicroelectronics.FP-SNS-SMARTAG2.1.2.0
2025-07-19 17:36:56,299 [WARN] PackLoader:240 - Cannot read IP mode file for STMicroelectronics.FP-SNS-FLIGHT1.5.1.0
2025-07-19 17:36:56,308 [INFO] LogOutputStream:77 - [STDOUT_REDIRECT] 1 : Invalid condition id : UX_CORESTACK_Condition cause : null
2025-07-19 17:36:56,309 [INFO] LogOutputStream:77 - [STDOUT_REDIRECT] 1 : Invalid condition id : UX_CORESTACK_Condition cause : null
2025-07-19 17:36:56,310 [INFO] LogOutputStream:77 - [STDOUT_REDIRECT] 1 : Invalid condition id : UX_CORESTACK_Condition cause : null
2025-07-19 17:36:56,311 [INFO] LogOutputStream:77 - [STDOUT_REDIRECT] 1 : Invalid condition id : UX_CORESTACK_Condition cause : null
2025-07-19 17:36:56,312 [INFO] LogOutputStream:77 - [STDOUT_REDIRECT] 1 : Invalid condition id : UX_CORESTACK_Condition cause : null
2025-07-19 17:36:56,314 [WARN] PackLoader:240 - Cannot read IP mode file for STMicroelectronics.X-CUBE-AZRTOS-WL.2.0.0
2025-07-19 17:36:56,319 [WARN] PackLoader:240 - Cannot read IP mode file for STMicroelectronics.FP-SNS-MOTENV1.5.0.0
2025-07-19 17:36:56,328 [WARN] PackLoader:240 - Cannot read IP mode file for WES.I-CUBE-Cesium.1.3.0
2025-07-19 17:36:56,334 [WARN] PackLoader:240 - Cannot read IP mode file for STMicroelectronics.X-CUBE-BLE2.3.3.0
2025-07-19 17:36:56,339 [WARN] PackLoader:240 - Cannot read IP mode file for STMicroelectronics.X-CUBE-NFC9.1.0.0
2025-07-19 17:36:56,346 [WARN] PackLoader:240 - Cannot read IP mode file for wolfSSL.I-CUBE-wolfSSL.5.8.0
2025-07-19 17:36:56,351 [WARN] PackLoader:240 - Cannot read IP mode file for STMicroelectronics.X-CUBE-BLE1.7.1.0
2025-07-19 17:36:56,355 [WARN] PackLoader:240 - Cannot read IP mode file for wolfSSL.I-CUBE-wolfMQTT.1.19.2
2025-07-19 17:36:56,361 [WARN] PackLoader:240 - Cannot read IP mode file for STMicroelectronics.X-CUBE-EEPRMA1.5.2.0
2025-07-19 17:36:56,367 [WARN] PackLoader:240 - Cannot read IP mode file for STMicroelectronics.X-CUBE-AI.10.1.0
2025-07-19 17:36:56,377 [WARN] PackLoader:240 - Cannot read IP mode file for STMicroelectronics.X-CUBE-AZRTOS-G0.1.1.0
2025-07-19 17:36:56,383 [WARN] PackLoader:240 - Cannot read IP mode file for STMicroelectronics.X-CUBE-SAFEA1.1.2.2
2025-07-19 17:36:56,390 [WARN] PackLoader:240 - Cannot read IP mode file for STMicroelectronics.X-CUBE-NFC4.3.0.0
2025-07-19 17:36:56,397 [WARN] PackLoader:240 - Cannot read IP mode file for EmbeddedOffice.I-CUBE-FS-RTOS.1.0.1
2025-07-19 17:36:56,404 [WARN] PackLoader:240 - Cannot read IP mode file for STMicroelectronics.X-CUBE-WB05N.2.0.0
2025-07-19 17:36:56,408 [WARN] PackLoader:240 - Cannot read IP mode file for wolfSSL.I-CUBE-wolfTPM.3.8.0
2025-07-19 17:36:56,412 [WARN] PackLoader:240 - Cannot read IP mode file for STMicroelectronics.X-CUBE-TCPP.4.2.0
2025-07-19 17:36:56,418 [WARN] PackLoader:240 - Cannot read IP mode file for RealThread.X-CUBE-RT-Thread_Nano.4.1.1
2025-07-19 17:36:56,422 [WARN] PackLoader:240 - Cannot read IP mode file for STMicroelectronics.FP-ATR-SIGFOX1.3.2.0
2025-07-19 17:36:56,426 [WARN] PackLoader:240 - Cannot read IP mode file for STMicroelectronics.X-CUBE-EEPRMA1.5.1.0
2025-07-19 17:36:56,432 [WARN] PackLoader:240 - Cannot read IP mode file for ITTIA_DB.I-CUBE-ITTIADB.8.9.0
2025-07-19 17:36:56,437 [WARN] PackLoader:240 - Cannot read IP mode file for STMicroelectronics.X-CUBE-ST67W61.1.0.0
2025-07-19 17:36:56,456 [WARN] PackLoader:240 - Cannot read IP mode file for SEGGER.I-CUBE-embOS.1.3.1
2025-07-19 17:36:56,557 [WARN] PackLoader:240 - Cannot read IP mode file for STMicroelectronics.X-CUBE-ALGOBUILD.1.4.0
2025-07-19 17:36:56,594 [WARN] PackLoader:240 - Cannot read IP mode file for STMicroelectronics.X-CUBE-MEMS1.11.3.0
2025-07-19 17:36:56,684 [WARN] PackLoader:240 - Cannot read IP mode file for STMicroelectronics.X-CUBE-PM33A1.1.0.0
2025-07-19 17:36:56,698 [WARN] PackLoader:240 - Cannot read IP mode file for STMicroelectronics.X-CUBE-AZRTOS-F4.1.1.0
2025-07-19 17:36:56,705 [WARN] PackLoader:240 - Cannot read IP mode file for Avnet-IotConnect.X-CUBE-IoTC-DA16k-PMOD.1.0.0
2025-07-19 17:36:56,710 [WARN] PackLoader:240 - Cannot read IP mode file for STMicroelectronics.X-CUBE-ISPU.2.1.0
2025-07-19 17:36:56,786 [WARN] PackLoader:240 - Cannot read IP mode file for STMicroelectronics.X-CUBE-NFC12.1.0.0
2025-07-19 17:36:56,801 [WARN] PackLoader:240 - Cannot read IP mode file for STMicroelectronics.X-CUBE-AZRTOS-L5.2.0.0
2025-07-19 17:36:56,809 [WARN] PackLoader:240 - Cannot read IP mode file for STMicroelectronics.X-CUBE-NFC6.3.1.0
2025-07-19 17:36:56,814 [WARN] PackLoader:240 - Cannot read IP mode file for STMicroelectronics.X-CUBE-FREERTOS.1.3.1
2025-07-19 17:36:56,820 [WARN] PackLoader:240 - Cannot read IP mode file for STMicroelectronics.FP-SNS-STAIOTCFT.1.0.0
2025-07-19 17:36:56,826 [WARN] PackLoader:240 - Cannot read IP mode file for STMicroelectronics.X-CUBE-DPower.1.3.0
2025-07-19 17:36:56,837 [WARN] ConditionMgr:438 - getConditionDescription Invalid condition id : LAN8742 Phy interface Condition cause : null
2025-07-19 17:36:56,837 [WARN] PackLoader:240 - Cannot read IP mode file for STMicroelectronics.X-CUBE-AZRTOS-L4.2.0.0
2025-07-19 17:36:56,838 [WARN] ConditionMgr:1044 - genDependencies : Invalid condition id : LAN8742 Phy interface Condition cause : null
2025-07-19 17:36:56,838 [WARN] ConditionMgr:1044 - genDependencies : Invalid condition id : LAN8742 Phy interface Condition cause : null
2025-07-19 17:36:56,839 [WARN] ConditionMgr:1044 - genDependencies : Invalid condition id : LAN8742 Phy interface Condition cause : null
2025-07-19 17:36:56,844 [WARN] PackLoader:240 - Cannot read IP mode file for STMicroelectronics.X-CUBE-SFXS2LP1.4.0.0
2025-07-19 17:36:56,858 [WARN] PackLoader:240 - Cannot read IP mode file for STMicroelectronics.X-CUBE-AZRTOS-H7.3.3.0
2025-07-19 17:36:56,867 [WARN] ConditionMgr:438 - getConditionDescription Invalid condition id : UX DEVICE CLASS RTOS Condition cause : null
2025-07-19 17:36:56,867 [WARN] ConditionMgr:438 - getConditionDescription Invalid condition id : UX DEVICE CLASS RTOS Condition cause : null
2025-07-19 17:36:56,868 [WARN] PackLoader:240 - Cannot read IP mode file for STMicroelectronics.X-CUBE-AZRTOS-WB.2.0.0
2025-07-19 17:36:56,869 [WARN] ConditionMgr:1044 - genDependencies : Invalid condition id : UX DEVICE CLASS RTOS Condition cause : null
2025-07-19 17:36:56,869 [WARN] ConditionMgr:1044 - genDependencies : Invalid condition id : UX DEVICE CLASS RTOS Condition cause : null
2025-07-19 17:36:56,869 [WARN] ConditionMgr:1044 - genDependencies : Invalid condition id : UX DEVICE CLASS RTOS Condition cause : null
2025-07-19 17:36:56,869 [WARN] ConditionMgr:1044 - genDependencies : Invalid condition id : UX DEVICE CLASS RTOS Condition cause : null
2025-07-19 17:36:56,869 [WARN] ConditionMgr:1044 - genDependencies : Invalid condition id : UX DEVICE CLASS RTOS Condition cause : null
2025-07-19 17:36:56,874 [WARN] PackLoader:240 - Cannot read IP mode file for STMicroelectronics.X-CUBE-GNSS1.7.0.1
2025-07-19 17:36:56,879 [WARN] PackLoader:240 - Cannot read IP mode file for STMicroelectronics.X-CUBE-TOUCHGFX.4.25.0
2025-07-19 17:36:56,884 [WARN] PackLoader:240 - Cannot read IP mode file for STMicroelectronics.FP-SNS-STBOX1.2.0.0
2025-07-19 17:36:56,891 [WARN] PackLoader:240 - Cannot read IP mode file for STMicroelectronics.X-CUBE-SUBG2.5.0.0
2025-07-19 17:36:56,907 [WARN] PackLoader:240 - Cannot read IP mode file for STMicroelectronics.X-CUBE-AZRTOS-H7RS.1.1.0
2025-07-19 17:36:56,914 [WARN] PackLoader:240 - Cannot read IP mode file for Cesanta.I-CUBE-Mongoose.7.13.0
2025-07-19 17:36:56,926 [WARN] PackLoader:240 - Cannot read IP mode file for STMicroelectronics.X-CUBE-AZRTOS-G4.2.0.0
2025-07-19 17:36:56,932 [WARN] PackLoader:240 - Cannot read IP mode file for wolfSSL.I-CUBE-wolfSSH.1.4.20
2025-07-19 17:36:56,936 [WARN] PackLoader:240 - Cannot read IP mode file for STMicroelectronics.X-CUBE-NFC7.2.0.0
2025-07-19 17:36:56,947 [WARN] PackLoader:240 - Cannot read IP mode file for STMicroelectronics.X-CUBE-IPS.3.1.0
2025-07-19 17:36:56,953 [WARN] PackLoader:240 - Cannot read IP mode file for STMicroelectronics.X-CUBE-ALS.1.0.2
2025-07-19 17:36:57,029 [WARN] PackLoader:240 - Cannot read IP mode file for portGmbH.I-Cube-SoM-uGOAL.1.1.0
2025-07-19 17:36:57,039 [WARN] PackLoader:240 - Cannot read IP mode file for STMicroelectronics.X-CUBE-TOF1.3.4.3
2025-07-19 17:36:57,044 [INFO] ThirdParty:978 - Integrity check success = true
2025-07-19 17:36:57,045 [INFO] IntegrityCheckThread:100 - exiting critical section [integrity check]
2025-07-19 17:36:57,045 [INFO] IntegrityCheckThread:103 - End integrity checks thread
