2025-07-23 20:58:57,250 [INFO] Activator:176 - 


2025-07-23 20:58:57,257 [INFO] Activator:177 - !SESSION log4j initialized
2025-07-23 20:59:02,380 [INFO] LogOutputStream:77 - [STDOUT_REDIRECT] 
2025-07-23 20:59:09,129 [INFO] ApplicationProperties:184 - Using Application install path: C:\ST\STM32CubeIDE_1.18.1\STM32CubeIDE\plugins\com.st.stm32cube.common.mx_6.14.1.202504091515
2025-07-23 20:59:09,152 [INFO] DbMcusXml:78 - Set database path to: C:\ST\STM32CubeIDE_1.18.1\STM32CubeIDE\plugins\com.st.stm32cube.common.mx_6.14.1.202504091515\\db\/mcu/
2025-07-23 20:59:09,152 [INFO] ApiDb:274 - Set plugin database path to: C:\ST\STM32CubeIDE_1.18.1\STM32CubeIDE\plugins\com.st.stm32cube.common.mx_6.14.1.202504091515\\db\/plugins/boardmanager/
2025-07-23 20:59:09,153 [WARN] ApiDb:259 - Overriding images path with different value:  => C:\ST\STM32CubeIDE_1.18.1\STM32CubeIDE\plugins\com.st.stm32cube.common.mx_6.14.1.202504091515\\db\/plugins/mcufinder/images/
2025-07-23 20:59:09,162 [INFO] ApiDb:250 - Set database path to: C:\Users\Rui\.stmcufinder\plugins\mcufinder//mcu/
2025-07-23 20:59:09,164 [INFO] DbMcusAds:125 - Set database path to: C:\Users\Rui\.stmcufinder\plugins\mcufinder//mcu/
2025-07-23 20:59:09,166 [INFO] CrossReferenceDbSqlite:203 - Set database path to: C:\Users\Rui\.stmcufinder\plugins\mcufinder//mcu/cs/
2025-07-23 20:59:09,287 [INFO] RulesReader:64 - Compatibility file has been processed (302 Rules)
2025-07-23 20:59:09,371 [INFO] DbMcusXml:78 - Set database path to: C:\ST\STM32CubeIDE_1.18.1\STM32CubeIDE\plugins\com.st.stm32cube.common.mx_6.14.1.202504091515\\db\/mcu/
2025-07-23 20:59:09,371 [INFO] ApiDb:274 - Set plugin database path to: C:\ST\STM32CubeIDE_1.18.1\STM32CubeIDE\plugins\com.st.stm32cube.common.mx_6.14.1.202504091515\\db\/plugins/boardmanager/
2025-07-23 20:59:09,372 [INFO] ApiDb:261 - Set plugin images path to: C:\ST\STM32CubeIDE_1.18.1\STM32CubeIDE\plugins\com.st.stm32cube.common.mx_6.14.1.202504091515\\db\/plugins/mcufinder/images/
2025-07-23 20:59:09,372 [WARN] DbFile:41 - Overriding database path with different value: C:\Users\Rui\.stmcufinder\plugins\mcufinder/ => C:\Users\Rui\.stmcufinder\plugins\mcufinder
2025-07-23 20:59:09,372 [INFO] ApiDb:250 - Set database path to: C:\Users\Rui\.stmcufinder\plugins\mcufinder//mcu/
2025-07-23 20:59:09,372 [WARN] DbFile:41 - Overriding database path with different value: C:\Users\Rui\.stmcufinder\plugins\mcufinder/ => C:\Users\Rui\.stmcufinder\plugins\mcufinder
2025-07-23 20:59:09,372 [INFO] DbMcusAds:125 - Set database path to: C:\Users\Rui\.stmcufinder\plugins\mcufinder//mcu/
2025-07-23 20:59:09,372 [WARN] DbFile:41 - Overriding database path with different value: C:\Users\Rui\.stmcufinder\plugins\mcufinder/ => C:\Users\Rui\.stmcufinder\plugins\mcufinder
2025-07-23 20:59:09,372 [WARN] DbFile:41 - Overriding database path with different value: C:\Users\Rui\.stmcufinder\plugins\mcufinder/ => C:\Users\Rui\.stmcufinder\plugins\mcufinder
2025-07-23 20:59:09,372 [INFO] CrossReferenceDbSqlite:203 - Set database path to: C:\Users\Rui\.stmcufinder\plugins\mcufinder//mcu/cs/
2025-07-23 20:59:09,470 [INFO] MainPanel:272 - HeapMemory: 268435456
2025-07-23 20:59:09,603 [INFO] DbMcusXml:78 - Set database path to: C:\ST\STM32CubeIDE_1.18.1\STM32CubeIDE\plugins\com.st.stm32cube.common.mx_6.14.1.202504091515\\db\/mcu/
2025-07-23 20:59:09,603 [INFO] ApiDb:274 - Set plugin database path to: C:\ST\STM32CubeIDE_1.18.1\STM32CubeIDE\plugins\com.st.stm32cube.common.mx_6.14.1.202504091515\\db\/plugins/boardmanager/
2025-07-23 20:59:09,603 [INFO] ApiDb:261 - Set plugin images path to: C:\ST\STM32CubeIDE_1.18.1\STM32CubeIDE\plugins\com.st.stm32cube.common.mx_6.14.1.202504091515\\db\/plugins/mcufinder/images/
2025-07-23 20:59:09,604 [WARN] DbFile:41 - Overriding database path with different value: C:\Users\Rui\.stmcufinder\plugins\mcufinder/ => C:\Users\Rui\.stmcufinder\plugins\mcufinder
2025-07-23 20:59:09,604 [INFO] ApiDb:250 - Set database path to: C:\Users\Rui\.stmcufinder\plugins\mcufinder//mcu/
2025-07-23 20:59:09,604 [WARN] DbFile:41 - Overriding database path with different value: C:\Users\Rui\.stmcufinder\plugins\mcufinder/ => C:\Users\Rui\.stmcufinder\plugins\mcufinder
2025-07-23 20:59:09,604 [INFO] DbMcusAds:125 - Set database path to: C:\Users\Rui\.stmcufinder\plugins\mcufinder//mcu/
2025-07-23 20:59:09,604 [WARN] DbFile:41 - Overriding database path with different value: C:\Users\Rui\.stmcufinder\plugins\mcufinder/ => C:\Users\Rui\.stmcufinder\plugins\mcufinder
2025-07-23 20:59:09,604 [WARN] DbFile:41 - Overriding database path with different value: C:\Users\Rui\.stmcufinder\plugins\mcufinder/ => C:\Users\Rui\.stmcufinder\plugins\mcufinder
2025-07-23 20:59:09,604 [INFO] CrossReferenceDbSqlite:203 - Set database path to: C:\Users\Rui\.stmcufinder\plugins\mcufinder//mcu/cs/
2025-07-23 20:59:09,624 [INFO] ApplicationProperties:184 - Using Application install path: C:\ST\STM32CubeIDE_1.18.1\STM32CubeIDE\plugins\com.st.stm32cube.common.mx_6.14.1.202504091515
2025-07-23 20:59:09,626 [INFO] PluginManage:196 - Search for loadable plugins [exclusion list=, ]
2025-07-23 20:59:09,627 [INFO] PluginManage:310 - Check plugin analytics
2025-07-23 20:59:09,825 [INFO] AnalyticsPlugin:253 - Accepted Software Licenses: 
2025-07-23 20:59:09,825 [INFO] AnalyticsPlugin:255 - Accepted CMSIS Pack Licenses: 
2025-07-23 20:59:09,825 [INFO] AnalyticsPlugin:257 - Accepted Firmware Licenses: 
2025-07-23 20:59:09,827 [INFO] PluginManage:359 - Loaded plugin analytics (category:tool,tabindex:-1)
2025-07-23 20:59:09,828 [INFO] PluginManage:310 - Check plugin cadmodel
2025-07-23 20:59:09,836 [INFO] CADModel:105 - Init CAD model plugin
2025-07-23 20:59:09,836 [INFO] PluginManage:359 - Loaded plugin cadmodel (category:power,tabindex:5)
2025-07-23 20:59:09,836 [INFO] PluginManage:310 - Check plugin clock
2025-07-23 20:59:09,848 [INFO] PluginManage:359 - Loaded plugin clock (category:base,tabindex:2)
2025-07-23 20:59:09,849 [INFO] PluginManage:310 - Check plugin ddr
2025-07-23 20:59:09,851 [INFO] PluginManage:359 - Loaded plugin ddr (category:tool,tabindex:6)
2025-07-23 20:59:09,851 [INFO] PluginManage:310 - Check plugin filemanager
2025-07-23 20:59:10,017 [INFO] PluginManage:359 - Loaded plugin filemanager (category:base,tabindex:10)
2025-07-23 20:59:10,017 [INFO] PluginManage:310 - Check plugin ipmanager
2025-07-23 20:59:10,025 [INFO] PluginManage:359 - Loaded plugin ipmanager (category:base,tabindex:5)
2025-07-23 20:59:10,025 [INFO] PluginManage:310 - Check plugin lpbam
2025-07-23 20:59:10,036 [INFO] PluginManage:359 - Loaded plugin lpbam (category:base,tabindex:0)
2025-07-23 20:59:10,036 [INFO] PluginManage:310 - Check plugin memorymap
2025-07-23 20:59:10,054 [INFO] PluginManage:359 - Loaded plugin memorymap (category:base,tabindex:4)
2025-07-23 20:59:10,054 [INFO] PluginManage:310 - Check plugin pinoutandconfiguration
2025-07-23 20:59:10,065 [INFO] PluginManage:359 - Loaded plugin pinoutandconfiguration (category:base,tabindex:1)
2025-07-23 20:59:10,066 [INFO] PluginManage:310 - Check plugin pinoutconfig
2025-07-23 20:59:10,174 [WARN] SupportedApi:132 - Cannot load RTOS API schema: s4s-elt-must-match.1: The content of 'definitions' must match (annotation?, (simpleType | complexType)?, (unique | key | keyref)*)). A problem was found starting at: attribute.
2025-07-23 20:59:10,361 [INFO] PluginManage:359 - Loaded plugin pinoutconfig (category:base,tabindex:0)
2025-07-23 20:59:10,361 [INFO] PluginManage:310 - Check plugin power
2025-07-23 20:59:10,373 [INFO] PluginManage:359 - Loaded plugin power (category:power,tabindex:4)
2025-07-23 20:59:10,374 [INFO] PluginManage:310 - Check plugin projectmanager
2025-07-23 20:59:10,389 [INFO] PluginManage:359 - Loaded plugin projectmanager (category:projectmanager,tabindex:4)
2025-07-23 20:59:10,389 [INFO] PluginManage:310 - Check plugin rif
2025-07-23 20:59:10,398 [INFO] PluginManage:359 - Loaded plugin rif (category:base,tabindex:3)
2025-07-23 20:59:10,398 [INFO] PluginManage:310 - Check plugin thirdparty
2025-07-23 20:59:10,542 [INFO] PluginManage:359 - Loaded plugin thirdparty (category:base,tabindex:-1)
2025-07-23 20:59:10,542 [WARN] IntegrityCheckThread:84 - waiting for thirdparty lock release [integrity check]
2025-07-23 20:59:10,543 [INFO] PluginManage:310 - Check plugin tools
2025-07-23 20:59:10,543 [INFO] IntegrityCheckThread:86 - entering critical section [integrity check]
2025-07-23 20:59:10,543 [INFO] ThirdPartyUpdaterWithRetryManager:70 - Updater plugin not ready yet. [1/15]
2025-07-23 20:59:10,546 [INFO] PluginManage:359 - Loaded plugin tools (category:base,tabindex:7)
2025-07-23 20:59:10,546 [INFO] PluginManage:310 - Check plugin tutovideos
2025-07-23 20:59:10,765 [INFO] PluginManage:359 - Loaded plugin tutovideos (category:base,tabindex:-1)
2025-07-23 20:59:10,765 [INFO] PluginManage:310 - Check plugin updater
2025-07-23 20:59:10,788 [INFO] PluginManage:359 - Loaded plugin updater (category:base,tabindex:12)
2025-07-23 20:59:10,788 [INFO] PluginManage:310 - Check plugin userauth
2025-07-23 20:59:10,794 [INFO] UserAuth:118 - Init User Auth plugin
2025-07-23 20:59:10,795 [INFO] PluginManage:359 - Loaded plugin userauth (category:base,tabindex:14)
2025-07-23 20:59:10,795 [INFO] PluginManage:283 - PluginManage : Loaded plugins [18]
2025-07-23 20:59:11,042 [INFO] PinOutPanel:1589 - setPackage(No Configuration,No Configuration)
2025-07-23 20:59:11,135 [INFO] CADModel:165 - CPN selected for project level
2025-07-23 20:59:11,136 [INFO] CADModel:114 - Register for checkConnection events
2025-07-23 20:59:11,163 [INFO] IPUIPlugin:80 - create IPUIPlugin
2025-07-23 20:59:11,163 [INFO] PluginManager:220 - loadIPPluginJar : add adc
2025-07-23 20:59:11,168 [INFO] IPUIPlugin:80 - create IPUIPlugin
2025-07-23 20:59:11,168 [INFO] PluginManager:220 - loadIPPluginJar : add aes
2025-07-23 20:59:11,172 [INFO] IPUIPlugin:80 - create IPUIPlugin
2025-07-23 20:59:11,172 [INFO] PluginManager:220 - loadIPPluginJar : add can
2025-07-23 20:59:11,177 [INFO] IPUIPlugin:80 - create IPUIPlugin
2025-07-23 20:59:11,177 [INFO] PluginManager:220 - loadIPPluginJar : add comp
2025-07-23 20:59:11,181 [INFO] IPUIPlugin:80 - create IPUIPlugin
2025-07-23 20:59:11,181 [INFO] PluginManager:220 - loadIPPluginJar : add cryp
2025-07-23 20:59:11,188 [INFO] IPUIPlugin:80 - create IPUIPlugin
2025-07-23 20:59:11,189 [INFO] PluginManager:220 - loadIPPluginJar : add ddr_ctrl_phy
2025-07-23 20:59:11,193 [INFO] IPUIPlugin:80 - create IPUIPlugin
2025-07-23 20:59:11,193 [INFO] PluginManager:220 - loadIPPluginJar : add dfsdm
2025-07-23 20:59:11,200 [INFO] IPUIPlugin:80 - create IPUIPlugin
2025-07-23 20:59:11,201 [INFO] PluginManager:220 - loadIPPluginJar : add dma
2025-07-23 20:59:11,206 [INFO] IPUIPlugin:80 - create IPUIPlugin
2025-07-23 20:59:11,206 [INFO] PluginManager:220 - loadIPPluginJar : add dma3
2025-07-23 20:59:11,213 [INFO] IPUIPlugin:80 - create IPUIPlugin
2025-07-23 20:59:11,214 [INFO] PluginManager:220 - loadIPPluginJar : add extmemmanager
2025-07-23 20:59:11,216 [INFO] IPUIPlugin:80 - create IPUIPlugin
2025-07-23 20:59:11,216 [INFO] PluginManager:220 - loadIPPluginJar : add fatfs
2025-07-23 20:59:11,222 [INFO] IPUIPlugin:80 - create IPUIPlugin
2025-07-23 20:59:11,222 [INFO] PluginManager:220 - loadIPPluginJar : add fmc
2025-07-23 20:59:11,233 [INFO] IPUIPlugin:80 - create IPUIPlugin
2025-07-23 20:59:11,233 [INFO] PluginManager:220 - loadIPPluginJar : add freertos
2025-07-23 20:59:11,235 [INFO] IPUIPlugin:80 - create IPUIPlugin
2025-07-23 20:59:11,235 [INFO] PluginManager:220 - loadIPPluginJar : add genericplugin
2025-07-23 20:59:11,238 [INFO] IPUIPlugin:80 - create IPUIPlugin
2025-07-23 20:59:11,238 [INFO] PluginManager:220 - loadIPPluginJar : add gfxmmu
2025-07-23 20:59:11,245 [INFO] IPUIPlugin:80 - create IPUIPlugin
2025-07-23 20:59:11,245 [INFO] PluginManager:220 - loadIPPluginJar : add gic
2025-07-23 20:59:11,252 [INFO] IPUIPlugin:80 - create IPUIPlugin
2025-07-23 20:59:11,252 [INFO] PluginManager:220 - loadIPPluginJar : add gpio
2025-07-23 20:59:11,256 [INFO] IPUIPlugin:80 - create IPUIPlugin
2025-07-23 20:59:11,256 [INFO] PluginManager:220 - loadIPPluginJar : add gtzc
2025-07-23 20:59:11,260 [INFO] IPUIPlugin:80 - create IPUIPlugin
2025-07-23 20:59:11,260 [INFO] PluginManager:220 - loadIPPluginJar : add hash
2025-07-23 20:59:11,264 [INFO] IPUIPlugin:80 - create IPUIPlugin
2025-07-23 20:59:11,264 [INFO] PluginManager:220 - loadIPPluginJar : add i2c
2025-07-23 20:59:11,268 [INFO] IPUIPlugin:80 - create IPUIPlugin
2025-07-23 20:59:11,269 [INFO] PluginManager:220 - loadIPPluginJar : add i2s
2025-07-23 20:59:11,273 [INFO] IPUIPlugin:80 - create IPUIPlugin
2025-07-23 20:59:11,274 [INFO] PluginManager:220 - loadIPPluginJar : add i3c
2025-07-23 20:59:11,278 [INFO] IPUIPlugin:80 - create IPUIPlugin
2025-07-23 20:59:11,278 [INFO] PluginManager:220 - loadIPPluginJar : add ipddr
2025-07-23 20:59:11,290 [INFO] IPUIPlugin:80 - create IPUIPlugin
2025-07-23 20:59:11,290 [INFO] PluginManager:220 - loadIPPluginJar : add linkedlist
2025-07-23 20:59:11,295 [INFO] IPUIPlugin:80 - create IPUIPlugin
2025-07-23 20:59:11,295 [INFO] PluginManager:220 - loadIPPluginJar : add lorawan
2025-07-23 20:59:11,297 [INFO] IPUIPlugin:80 - create IPUIPlugin
2025-07-23 20:59:11,297 [INFO] PluginManager:220 - loadIPPluginJar : add ltdc
2025-07-23 20:59:11,306 [INFO] IPUIPlugin:80 - create IPUIPlugin
2025-07-23 20:59:11,306 [INFO] PluginManager:220 - loadIPPluginJar : add mdma
2025-07-23 20:59:11,312 [INFO] IPUIPlugin:80 - create IPUIPlugin
2025-07-23 20:59:11,312 [INFO] PluginManager:220 - loadIPPluginJar : add nvic
2025-07-23 20:59:11,317 [INFO] IPUIPlugin:80 - create IPUIPlugin
2025-07-23 20:59:11,317 [INFO] PluginManager:220 - loadIPPluginJar : add opamp
2025-07-23 20:59:11,321 [INFO] IPUIPlugin:80 - create IPUIPlugin
2025-07-23 20:59:11,322 [INFO] PluginManager:220 - loadIPPluginJar : add openamp
2025-07-23 20:59:11,326 [INFO] IPUIPlugin:80 - create IPUIPlugin
2025-07-23 20:59:11,326 [INFO] PluginManager:220 - loadIPPluginJar : add pdm2pcm
2025-07-23 20:59:11,337 [INFO] IPUIPlugin:80 - create IPUIPlugin
2025-07-23 20:59:11,339 [INFO] PluginManager:220 - loadIPPluginJar : add plateformsettings
2025-07-23 20:59:11,342 [INFO] IPUIPlugin:80 - create IPUIPlugin
2025-07-23 20:59:11,342 [INFO] PluginManager:220 - loadIPPluginJar : add quadspi
2025-07-23 20:59:11,345 [INFO] IPUIPlugin:80 - create IPUIPlugin
2025-07-23 20:59:11,345 [INFO] PluginManager:220 - loadIPPluginJar : add radio
2025-07-23 20:59:11,352 [INFO] IPUIPlugin:80 - create IPUIPlugin
2025-07-23 20:59:11,353 [INFO] PluginManager:220 - loadIPPluginJar : add resmgrutility
2025-07-23 20:59:11,357 [INFO] IPUIPlugin:80 - create IPUIPlugin
2025-07-23 20:59:11,357 [INFO] PluginManager:220 - loadIPPluginJar : add sai
2025-07-23 20:59:11,361 [INFO] IPUIPlugin:80 - create IPUIPlugin
2025-07-23 20:59:11,362 [INFO] PluginManager:220 - loadIPPluginJar : add spi
2025-07-23 20:59:11,369 [INFO] IPUIPlugin:80 - create IPUIPlugin
2025-07-23 20:59:11,369 [INFO] PluginManager:220 - loadIPPluginJar : add stm32_wpan
2025-07-23 20:59:11,372 [INFO] IPUIPlugin:80 - create IPUIPlugin
2025-07-23 20:59:11,372 [INFO] PluginManager:220 - loadIPPluginJar : add tim
2025-07-23 20:59:11,377 [INFO] IPUIPlugin:80 - create IPUIPlugin
2025-07-23 20:59:11,377 [INFO] PluginManager:220 - loadIPPluginJar : add touchsensing
2025-07-23 20:59:11,380 [INFO] IPUIPlugin:80 - create IPUIPlugin
2025-07-23 20:59:11,380 [INFO] PluginManager:220 - loadIPPluginJar : add tracer_emb
2025-07-23 20:59:11,383 [INFO] IPUIPlugin:80 - create IPUIPlugin
2025-07-23 20:59:11,383 [INFO] PluginManager:220 - loadIPPluginJar : add ts
2025-07-23 20:59:11,385 [INFO] IPUIPlugin:80 - create IPUIPlugin
2025-07-23 20:59:11,385 [INFO] PluginManager:220 - loadIPPluginJar : add tsc
2025-07-23 20:59:11,388 [INFO] IPUIPlugin:80 - create IPUIPlugin
2025-07-23 20:59:11,388 [INFO] PluginManager:220 - loadIPPluginJar : add ucpd
2025-07-23 20:59:11,392 [INFO] IPUIPlugin:80 - create IPUIPlugin
2025-07-23 20:59:11,392 [INFO] PluginManager:220 - loadIPPluginJar : add usart
2025-07-23 20:59:11,396 [INFO] IPUIPlugin:80 - create IPUIPlugin
2025-07-23 20:59:11,397 [INFO] PluginManager:220 - loadIPPluginJar : add usbx
2025-07-23 20:59:11,528 [FATAL] Updater:351 - Updater called before beeing initialized
2025-07-23 20:59:11,556 [INFO] RulesReader:64 - Compatibility file has been processed (302 Rules)
2025-07-23 20:59:11,567 [INFO] RulesReader:64 - Compatibility file has been processed (302 Rules)
2025-07-23 20:59:11,575 [INFO] CADModel:165 - CPN selected for project level
2025-07-23 20:59:11,575 [INFO] CADModel:114 - Register for checkConnection events
2025-07-23 20:59:11,575 [FATAL] Updater:351 - Updater called before beeing initialized
2025-07-23 20:59:11,575 [ERROR] CADModel:125 - Updater not yet initialized, retry later 
2025-07-23 20:59:11,741 [FATAL] Updater:351 - Updater called before beeing initialized
2025-07-23 20:59:11,743 [INFO] CADModel:165 - CPN selected for project level
2025-07-23 20:59:11,743 [INFO] CADModel:114 - Register for checkConnection events
2025-07-23 20:59:11,744 [FATAL] Updater:351 - Updater called before beeing initialized
2025-07-23 20:59:11,744 [ERROR] CADModel:125 - Updater not yet initialized, retry later 
2025-07-23 20:59:11,748 [FATAL] Updater:351 - Updater called before beeing initialized
2025-07-23 20:59:11,880 [FATAL] Updater:351 - Updater called before beeing initialized
2025-07-23 20:59:11,884 [INFO] DbMcusAds:53 - JSON generation date=Tue Jul 08 10:14:27 CEST 2025 (1751962467633)
2025-07-23 20:59:11,884 [FATAL] Updater:351 - Updater called before beeing initialized
2025-07-23 20:59:11,931 [WARN] DetailPanel:346 - Failed to get advertising image, set to default
2025-07-23 20:59:12,213 [FATAL] Updater:351 - Updater called before beeing initialized
2025-07-23 20:59:12,215 [FATAL] Updater:351 - Updater called before beeing initialized
2025-07-23 20:59:12,216 [FATAL] Updater:351 - Updater called before beeing initialized
2025-07-23 20:59:12,216 [WARN] DetailPanel:346 - Failed to get advertising image, set to default
2025-07-23 20:59:12,216 [FATAL] Updater:351 - Updater called before beeing initialized
2025-07-23 20:59:12,269 [ERROR] Updater:1198 - MainUpdater not yet initialized. External WinMGr cannot be set.
2025-07-23 20:59:12,271 [INFO] Updater:1134 - Updater Version found : 6.14.1
2025-07-23 20:59:12,298 [INFO] ApplicationProperties:184 - Using Application install path: C:\ST\STM32CubeIDE_1.18.1\STM32CubeIDE\plugins\com.st.stm32cube.common.mx_6.14.1.202504091515
2025-07-23 20:59:13,543 [INFO] ThirdPartyUpdaterWithRetryManager:70 - Updater plugin not ready yet. [2/15]
2025-07-23 20:59:13,878 [ERROR] LogOutputStream:75 - [STDERR_REDIRECT] Jul 23, 2025 8:59:13 PM java.util.prefs.WindowsPreferences <init>
2025-07-23 20:59:13,880 [ERROR] LogOutputStream:75 - [STDERR_REDIRECT] WARNING: Could not open/create prefs root node Software\JavaSoft\Prefs at root 0xffffffff80000002. Windows RegCreateKeyEx(...) returned error code 5.
2025-07-23 20:59:13,880 [ERROR] LogOutputStream:75 - [STDERR_REDIRECT] 
2025-07-23 20:59:14,143 [INFO] MainUpdater:2872 - connection check result : 10
2025-07-23 20:59:14,143 [INFO] MainUpdater:289 - Updater Check For Update Now.
2025-07-23 20:59:14,143 [INFO] MicroXplorer:498 - Change Database Version : DB.6.0.141
2025-07-23 20:59:14,149 [INFO] McuFinderGlobals:63 - Set McuFinder mode to 2 (CubeIDE integrated)
2025-07-23 20:59:14,149 [INFO] UserAuth:171 - activating auth plugin
2025-07-23 20:59:14,152 [INFO] UserAuth:484 - Internet connection configuration mode: 1
2025-07-23 20:59:14,182 [INFO] JxBrowserEngine:152 - Initiate JxBrowser Engine with user profile folder
2025-07-23 20:59:14,347 [INFO] CheckServerUpdateThread:120 - End of CheckServer Thread
2025-07-23 20:59:15,374 [INFO] WebApp:169 - Instantiating new browser for Auth
2025-07-23 20:59:16,830 [INFO] WebApp:463 - Apply proxy settings
2025-07-23 20:59:16,830 [INFO] WebApp:548 - Chromium requires no authentication
2025-07-23 20:59:16,842 [INFO] WebApp:491 - Direct internet connection detected
2025-07-23 20:59:16,873 [INFO] WebApp:894 - Register for checkConnection events
2025-07-23 20:59:16,873 [INFO] WebApp:463 - Apply proxy settings
2025-07-23 20:59:16,874 [INFO] WebApp:548 - Chromium requires no authentication
2025-07-23 20:59:16,874 [INFO] WebApp:491 - Direct internet connection detected
2025-07-23 20:59:16,917 [WARN] PackLoader:240 - Cannot read IP mode file for STMicroelectronics.FP-SNS-MOTENVWB1.1.4.0
2025-07-23 20:59:16,930 [WARN] PackLoader:240 - Cannot read IP mode file for STMicroelectronics.FP-ATR-ASTRA1.2.0.2
2025-07-23 20:59:16,944 [WARN] PackLoader:240 - Cannot read IP mode file for STMicroelectronics.X-CUBE-SMBUS.2.1.0
2025-07-23 20:59:16,952 [WARN] PackLoader:240 - Cannot read IP mode file for STMicroelectronics.X-CUBE-ST60.1.0.0
2025-07-23 20:59:17,002 [WARN] PackLoader:240 - Cannot read IP mode file for STMicroelectronics.X-CUBE-AZRTOS-F7.1.1.0
2025-07-23 20:59:17,054 [WARN] PackLoader:240 - Cannot read IP mode file for Infineon.AIROC-Wi-Fi-Bluetooth-STM32.1.7.0
2025-07-23 20:59:17,065 [INFO] WebApp:191 - Connection restablished
2025-07-23 20:59:17,108 [WARN] PackLoader:240 - Cannot read IP mode file for STMicroelectronics.X-CUBE-AZRTOS-H7.3.4.0
2025-07-23 20:59:17,130 [WARN] PackLoader:240 - Cannot read IP mode file for STMicroelectronics.X-CUBE-DISPLAY.3.0.0
2025-07-23 20:59:17,172 [WARN] PackLoader:240 - Cannot read IP mode file for STMicroelectronics.X-CUBE-NFC10.1.0.0
2025-07-23 20:59:17,205 [WARN] PackLoader:240 - Cannot read IP mode file for STMicroelectronics.X-CUBE-BLEMGR.4.0.0
2025-07-23 20:59:17,219 [WARN] PackLoader:240 - Cannot read IP mode file for emotas.I-CUBE-CANOPEN.1.3.0
2025-07-23 20:59:17,226 [WARN] ConditionMgr:438 - getConditionDescription Invalid condition id : Cortex-A Device cause : null
2025-07-23 20:59:17,276 [WARN] ConditionMgr:1044 - genDependencies : Invalid condition id : Cortex-A Device cause : null
2025-07-23 20:59:17,276 [WARN] ConditionMgr:1044 - genDependencies : Invalid condition id : Cortex-A Device cause : null
2025-07-23 20:59:17,276 [WARN] ConditionMgr:1044 - genDependencies : Invalid condition id : Cortex-A Device cause : null
2025-07-23 20:59:17,284 [WARN] PackLoader:240 - Cannot read IP mode file for STMicroelectronics.FP-SNS-SMARTAG2.1.2.0
2025-07-23 20:59:17,292 [WARN] PackLoader:240 - Cannot read IP mode file for STMicroelectronics.FP-SNS-FLIGHT1.5.1.0
2025-07-23 20:59:17,309 [INFO] LogOutputStream:77 - [STDOUT_REDIRECT] 1 : Invalid condition id : UX_CORESTACK_Condition cause : null
2025-07-23 20:59:17,309 [INFO] LogOutputStream:77 - [STDOUT_REDIRECT] 1 : Invalid condition id : UX_CORESTACK_Condition cause : null
2025-07-23 20:59:17,311 [INFO] LogOutputStream:77 - [STDOUT_REDIRECT] 1 : Invalid condition id : UX_CORESTACK_Condition cause : null
2025-07-23 20:59:17,313 [INFO] LogOutputStream:77 - [STDOUT_REDIRECT] 1 : Invalid condition id : UX_CORESTACK_Condition cause : null
2025-07-23 20:59:17,315 [INFO] LogOutputStream:77 - [STDOUT_REDIRECT] 1 : Invalid condition id : UX_CORESTACK_Condition cause : null
2025-07-23 20:59:17,327 [WARN] PackLoader:240 - Cannot read IP mode file for STMicroelectronics.X-CUBE-AZRTOS-WL.2.0.0
2025-07-23 20:59:17,346 [WARN] PackLoader:240 - Cannot read IP mode file for STMicroelectronics.FP-SNS-MOTENV1.5.0.0
2025-07-23 20:59:17,361 [WARN] PackLoader:240 - Cannot read IP mode file for WES.I-CUBE-Cesium.1.3.0
2025-07-23 20:59:17,370 [WARN] PackLoader:240 - Cannot read IP mode file for STMicroelectronics.X-CUBE-BLE2.3.3.0
2025-07-23 20:59:17,382 [WARN] PackLoader:240 - Cannot read IP mode file for STMicroelectronics.X-CUBE-NFC9.1.0.0
2025-07-23 20:59:17,405 [WARN] PackLoader:240 - Cannot read IP mode file for wolfSSL.I-CUBE-wolfSSL.5.8.0
2025-07-23 20:59:17,419 [WARN] PackLoader:240 - Cannot read IP mode file for STMicroelectronics.X-CUBE-BLE1.7.1.0
2025-07-23 20:59:17,426 [WARN] PackLoader:240 - Cannot read IP mode file for wolfSSL.I-CUBE-wolfMQTT.1.19.2
2025-07-23 20:59:17,435 [WARN] PackLoader:240 - Cannot read IP mode file for STMicroelectronics.X-CUBE-EEPRMA1.5.2.0
2025-07-23 20:59:17,451 [WARN] PackLoader:240 - Cannot read IP mode file for STMicroelectronics.X-CUBE-AI.10.1.0
2025-07-23 20:59:17,455 [INFO] WebApp:225 - Starting web application
2025-07-23 20:59:17,455 [INFO] WebApp:593 - Web application path used C:\ST\STM32CubeIDE_1.18.1\STM32CubeIDE\plugins\com.st.stm32cube.common.mx_6.14.1.202504091515\db\plugins\mcufinder\reactClient1\index.html
2025-07-23 20:59:17,478 [WARN] PackLoader:240 - Cannot read IP mode file for STMicroelectronics.X-CUBE-AZRTOS-G0.1.1.0
2025-07-23 20:59:17,502 [WARN] PackLoader:240 - Cannot read IP mode file for STMicroelectronics.X-CUBE-SAFEA1.1.2.2
2025-07-23 20:59:17,511 [WARN] PackLoader:240 - Cannot read IP mode file for STMicroelectronics.X-CUBE-NFC4.3.0.0
2025-07-23 20:59:17,530 [WARN] PackLoader:240 - Cannot read IP mode file for EmbeddedOffice.I-CUBE-FS-RTOS.1.0.1
2025-07-23 20:59:17,584 [WARN] PackLoader:240 - Cannot read IP mode file for STMicroelectronics.X-CUBE-WB05N.2.0.0
2025-07-23 20:59:17,595 [WARN] PackLoader:240 - Cannot read IP mode file for wolfSSL.I-CUBE-wolfTPM.3.8.0
2025-07-23 20:59:17,604 [WARN] PackLoader:240 - Cannot read IP mode file for STMicroelectronics.X-CUBE-TCPP.4.2.0
2025-07-23 20:59:17,614 [WARN] PackLoader:240 - Cannot read IP mode file for RealThread.X-CUBE-RT-Thread_Nano.4.1.1
2025-07-23 20:59:17,623 [WARN] PackLoader:240 - Cannot read IP mode file for STMicroelectronics.FP-ATR-SIGFOX1.3.2.0
2025-07-23 20:59:17,630 [WARN] PackLoader:240 - Cannot read IP mode file for STMicroelectronics.X-CUBE-EEPRMA1.5.1.0
2025-07-23 20:59:17,645 [WARN] PackLoader:240 - Cannot read IP mode file for ITTIA_DB.I-CUBE-ITTIADB.8.9.0
2025-07-23 20:59:17,659 [WARN] PackLoader:240 - Cannot read IP mode file for STMicroelectronics.X-CUBE-ST67W61.1.0.0
2025-07-23 20:59:17,711 [WARN] PackLoader:240 - Cannot read IP mode file for SEGGER.I-CUBE-embOS.1.3.1
2025-07-23 20:59:17,811 [WARN] PackLoader:240 - Cannot read IP mode file for STMicroelectronics.X-CUBE-ALGOBUILD.1.4.0
2025-07-23 20:59:17,882 [WARN] PackLoader:240 - Cannot read IP mode file for STMicroelectronics.X-CUBE-MEMS1.11.3.0
2025-07-23 20:59:18,020 [WARN] PackLoader:240 - Cannot read IP mode file for STMicroelectronics.X-CUBE-PM33A1.1.0.0
2025-07-23 20:59:18,040 [WARN] PackLoader:240 - Cannot read IP mode file for STMicroelectronics.X-CUBE-AZRTOS-F4.1.1.0
2025-07-23 20:59:18,047 [WARN] PackLoader:240 - Cannot read IP mode file for Avnet-IotConnect.X-CUBE-IoTC-DA16k-PMOD.1.0.0
2025-07-23 20:59:18,062 [WARN] PackLoader:240 - Cannot read IP mode file for STMicroelectronics.X-CUBE-ISPU.2.1.0
2025-07-23 20:59:18,072 [WARN] PackLoader:240 - Cannot read IP mode file for STMicroelectronics.X-CUBE-NFC12.1.0.0
2025-07-23 20:59:18,090 [WARN] PackLoader:240 - Cannot read IP mode file for STMicroelectronics.X-CUBE-AZRTOS-L5.2.0.0
2025-07-23 20:59:18,101 [WARN] PackLoader:240 - Cannot read IP mode file for STMicroelectronics.X-CUBE-NFC6.3.1.0
2025-07-23 20:59:18,111 [WARN] PackLoader:240 - Cannot read IP mode file for STMicroelectronics.X-CUBE-FREERTOS.1.3.1
2025-07-23 20:59:18,117 [WARN] PackLoader:240 - Cannot read IP mode file for STMicroelectronics.FP-SNS-STAIOTCFT.1.0.0
2025-07-23 20:59:18,125 [WARN] PackLoader:240 - Cannot read IP mode file for STMicroelectronics.X-CUBE-DPower.1.3.0
2025-07-23 20:59:18,142 [WARN] ConditionMgr:438 - getConditionDescription Invalid condition id : LAN8742 Phy interface Condition cause : null
2025-07-23 20:59:18,143 [WARN] PackLoader:240 - Cannot read IP mode file for STMicroelectronics.X-CUBE-AZRTOS-L4.2.0.0
2025-07-23 20:59:18,144 [WARN] ConditionMgr:1044 - genDependencies : Invalid condition id : LAN8742 Phy interface Condition cause : null
2025-07-23 20:59:18,144 [WARN] ConditionMgr:1044 - genDependencies : Invalid condition id : LAN8742 Phy interface Condition cause : null
2025-07-23 20:59:18,145 [WARN] ConditionMgr:1044 - genDependencies : Invalid condition id : LAN8742 Phy interface Condition cause : null
2025-07-23 20:59:18,152 [WARN] PackLoader:240 - Cannot read IP mode file for STMicroelectronics.X-CUBE-SFXS2LP1.4.0.0
2025-07-23 20:59:18,172 [WARN] PackLoader:240 - Cannot read IP mode file for STMicroelectronics.X-CUBE-AZRTOS-H7.3.3.0
2025-07-23 20:59:18,183 [WARN] PackLoader:240 - Cannot read IP mode file for STMicroelectronics.X-CUBE-BLEMGR.4.1.0
2025-07-23 20:59:18,198 [WARN] ConditionMgr:438 - getConditionDescription Invalid condition id : UX DEVICE CLASS RTOS Condition cause : null
2025-07-23 20:59:18,199 [WARN] ConditionMgr:438 - getConditionDescription Invalid condition id : UX DEVICE CLASS RTOS Condition cause : null
2025-07-23 20:59:18,200 [WARN] PackLoader:240 - Cannot read IP mode file for STMicroelectronics.X-CUBE-AZRTOS-WB.2.0.0
2025-07-23 20:59:18,201 [WARN] ConditionMgr:1044 - genDependencies : Invalid condition id : UX DEVICE CLASS RTOS Condition cause : null
2025-07-23 20:59:18,201 [WARN] ConditionMgr:1044 - genDependencies : Invalid condition id : UX DEVICE CLASS RTOS Condition cause : null
2025-07-23 20:59:18,201 [WARN] ConditionMgr:1044 - genDependencies : Invalid condition id : UX DEVICE CLASS RTOS Condition cause : null
2025-07-23 20:59:18,201 [WARN] ConditionMgr:1044 - genDependencies : Invalid condition id : UX DEVICE CLASS RTOS Condition cause : null
2025-07-23 20:59:18,201 [WARN] ConditionMgr:1044 - genDependencies : Invalid condition id : UX DEVICE CLASS RTOS Condition cause : null
2025-07-23 20:59:18,208 [WARN] PackLoader:240 - Cannot read IP mode file for STMicroelectronics.X-CUBE-GNSS1.7.0.1
2025-07-23 20:59:18,215 [WARN] PackLoader:240 - Cannot read IP mode file for STMicroelectronics.X-CUBE-TOUCHGFX.4.25.0
2025-07-23 20:59:18,222 [WARN] PackLoader:240 - Cannot read IP mode file for STMicroelectronics.FP-SNS-STBOX1.2.0.0
2025-07-23 20:59:18,238 [WARN] PackLoader:240 - Cannot read IP mode file for STMicroelectronics.X-CUBE-SUBG2.5.0.0
2025-07-23 20:59:18,263 [WARN] PackLoader:240 - Cannot read IP mode file for STMicroelectronics.X-CUBE-AZRTOS-H7RS.1.1.0
2025-07-23 20:59:18,271 [WARN] PackLoader:240 - Cannot read IP mode file for Cesanta.I-CUBE-Mongoose.7.13.0
2025-07-23 20:59:18,283 [WARN] PackLoader:240 - Cannot read IP mode file for STMicroelectronics.X-CUBE-AZRTOS-G4.2.0.0
2025-07-23 20:59:18,290 [WARN] PackLoader:240 - Cannot read IP mode file for wolfSSL.I-CUBE-wolfSSH.1.4.20
2025-07-23 20:59:18,297 [WARN] PackLoader:240 - Cannot read IP mode file for STMicroelectronics.X-CUBE-NFC7.2.0.0
2025-07-23 20:59:18,309 [WARN] PackLoader:240 - Cannot read IP mode file for STMicroelectronics.X-CUBE-IPS.3.1.0
2025-07-23 20:59:18,320 [WARN] PackLoader:240 - Cannot read IP mode file for STMicroelectronics.X-CUBE-ALS.1.0.2
2025-07-23 20:59:18,327 [WARN] PackLoader:240 - Cannot read IP mode file for portGmbH.I-Cube-SoM-uGOAL.1.1.0
2025-07-23 20:59:18,339 [WARN] PackLoader:240 - Cannot read IP mode file for STMicroelectronics.X-CUBE-TOF1.3.4.3
2025-07-23 20:59:18,373 [INFO] ThirdParty:978 - Integrity check success = true
2025-07-23 20:59:18,374 [INFO] IntegrityCheckThread:100 - exiting critical section [integrity check]
2025-07-23 20:59:18,374 [INFO] IntegrityCheckThread:103 - End integrity checks thread
2025-07-23 22:43:46,170 [ERROR] LogOutputStream:75 - [STDERR_REDIRECT] 
