2025-06-16 01:01:33,948 [INFO] Activator:176 - 


2025-06-16 01:01:33,950 [INFO] Activator:177 - !SESSION log4j initialized
2025-06-16 01:01:36,536 [INFO] LogOutputStream:77 - [STDOUT_REDIRECT] 
2025-06-16 01:01:42,178 [INFO] ApplicationProperties:184 - Using Application install path: C:\ST\STM32CubeIDE_1.18.1\STM32CubeIDE\plugins\com.st.stm32cube.common.mx_6.14.1.202504091515
2025-06-16 01:01:42,192 [INFO] DbMcusXml:78 - Set database path to: C:\ST\STM32CubeIDE_1.18.1\STM32CubeIDE\plugins\com.st.stm32cube.common.mx_6.14.1.202504091515\\db\/mcu/
2025-06-16 01:01:42,192 [INFO] ApiDb:274 - Set plugin database path to: C:\ST\STM32CubeIDE_1.18.1\STM32CubeIDE\plugins\com.st.stm32cube.common.mx_6.14.1.202504091515\\db\/plugins/boardmanager/
2025-06-16 01:01:42,200 [WARN] ApiDb:259 - Overriding images path with different value:  => C:\ST\STM32CubeIDE_1.18.1\STM32CubeIDE\plugins\com.st.stm32cube.common.mx_6.14.1.202504091515\\db\/plugins/mcufinder/images/
2025-06-16 01:01:42,205 [INFO] ApiDb:250 - Set database path to: C:\Users\Rui\.stmcufinder\plugins\mcufinder//mcu/
2025-06-16 01:01:42,205 [INFO] DbMcusAds:125 - Set database path to: C:\Users\Rui\.stmcufinder\plugins\mcufinder//mcu/
2025-06-16 01:01:42,207 [INFO] CrossReferenceDbSqlite:203 - Set database path to: C:\Users\Rui\.stmcufinder\plugins\mcufinder//mcu/cs/
2025-06-16 01:01:42,304 [INFO] RulesReader:64 - Compatibility file has been processed (302 Rules)
2025-06-16 01:01:42,376 [INFO] DbMcusXml:78 - Set database path to: C:\ST\STM32CubeIDE_1.18.1\STM32CubeIDE\plugins\com.st.stm32cube.common.mx_6.14.1.202504091515\\db\/mcu/
2025-06-16 01:01:42,376 [INFO] ApiDb:274 - Set plugin database path to: C:\ST\STM32CubeIDE_1.18.1\STM32CubeIDE\plugins\com.st.stm32cube.common.mx_6.14.1.202504091515\\db\/plugins/boardmanager/
2025-06-16 01:01:42,377 [INFO] ApiDb:261 - Set plugin images path to: C:\ST\STM32CubeIDE_1.18.1\STM32CubeIDE\plugins\com.st.stm32cube.common.mx_6.14.1.202504091515\\db\/plugins/mcufinder/images/
2025-06-16 01:01:42,377 [WARN] DbFile:41 - Overriding database path with different value: C:\Users\Rui\.stmcufinder\plugins\mcufinder/ => C:\Users\Rui\.stmcufinder\plugins\mcufinder
2025-06-16 01:01:42,377 [INFO] ApiDb:250 - Set database path to: C:\Users\Rui\.stmcufinder\plugins\mcufinder//mcu/
2025-06-16 01:01:42,377 [WARN] DbFile:41 - Overriding database path with different value: C:\Users\Rui\.stmcufinder\plugins\mcufinder/ => C:\Users\Rui\.stmcufinder\plugins\mcufinder
2025-06-16 01:01:42,377 [INFO] DbMcusAds:125 - Set database path to: C:\Users\Rui\.stmcufinder\plugins\mcufinder//mcu/
2025-06-16 01:01:42,377 [WARN] DbFile:41 - Overriding database path with different value: C:\Users\Rui\.stmcufinder\plugins\mcufinder/ => C:\Users\Rui\.stmcufinder\plugins\mcufinder
2025-06-16 01:01:42,377 [WARN] DbFile:41 - Overriding database path with different value: C:\Users\Rui\.stmcufinder\plugins\mcufinder/ => C:\Users\Rui\.stmcufinder\plugins\mcufinder
2025-06-16 01:01:42,377 [INFO] CrossReferenceDbSqlite:203 - Set database path to: C:\Users\Rui\.stmcufinder\plugins\mcufinder//mcu/cs/
2025-06-16 01:01:42,444 [INFO] MainPanel:272 - HeapMemory: 268435456
2025-06-16 01:01:42,541 [INFO] DbMcusXml:78 - Set database path to: C:\ST\STM32CubeIDE_1.18.1\STM32CubeIDE\plugins\com.st.stm32cube.common.mx_6.14.1.202504091515\\db\/mcu/
2025-06-16 01:01:42,542 [INFO] ApiDb:274 - Set plugin database path to: C:\ST\STM32CubeIDE_1.18.1\STM32CubeIDE\plugins\com.st.stm32cube.common.mx_6.14.1.202504091515\\db\/plugins/boardmanager/
2025-06-16 01:01:42,542 [INFO] ApiDb:261 - Set plugin images path to: C:\ST\STM32CubeIDE_1.18.1\STM32CubeIDE\plugins\com.st.stm32cube.common.mx_6.14.1.202504091515\\db\/plugins/mcufinder/images/
2025-06-16 01:01:42,542 [WARN] DbFile:41 - Overriding database path with different value: C:\Users\Rui\.stmcufinder\plugins\mcufinder/ => C:\Users\Rui\.stmcufinder\plugins\mcufinder
2025-06-16 01:01:42,542 [INFO] ApiDb:250 - Set database path to: C:\Users\Rui\.stmcufinder\plugins\mcufinder//mcu/
2025-06-16 01:01:42,542 [WARN] DbFile:41 - Overriding database path with different value: C:\Users\Rui\.stmcufinder\plugins\mcufinder/ => C:\Users\Rui\.stmcufinder\plugins\mcufinder
2025-06-16 01:01:42,542 [INFO] DbMcusAds:125 - Set database path to: C:\Users\Rui\.stmcufinder\plugins\mcufinder//mcu/
2025-06-16 01:01:42,542 [WARN] DbFile:41 - Overriding database path with different value: C:\Users\Rui\.stmcufinder\plugins\mcufinder/ => C:\Users\Rui\.stmcufinder\plugins\mcufinder
2025-06-16 01:01:42,542 [WARN] DbFile:41 - Overriding database path with different value: C:\Users\Rui\.stmcufinder\plugins\mcufinder/ => C:\Users\Rui\.stmcufinder\plugins\mcufinder
2025-06-16 01:01:42,542 [INFO] CrossReferenceDbSqlite:203 - Set database path to: C:\Users\Rui\.stmcufinder\plugins\mcufinder//mcu/cs/
2025-06-16 01:01:42,558 [INFO] ApplicationProperties:184 - Using Application install path: C:\ST\STM32CubeIDE_1.18.1\STM32CubeIDE\plugins\com.st.stm32cube.common.mx_6.14.1.202504091515
2025-06-16 01:01:42,559 [INFO] PluginManage:196 - Search for loadable plugins [exclusion list=, ]
2025-06-16 01:01:42,561 [INFO] PluginManage:310 - Check plugin analytics
2025-06-16 01:01:42,730 [INFO] AnalyticsPlugin:253 - Accepted Software Licenses: 
2025-06-16 01:01:42,730 [INFO] AnalyticsPlugin:255 - Accepted CMSIS Pack Licenses: 
2025-06-16 01:01:42,730 [INFO] AnalyticsPlugin:257 - Accepted Firmware Licenses: 
2025-06-16 01:01:42,734 [INFO] PluginManage:359 - Loaded plugin analytics (category:tool,tabindex:-1)
2025-06-16 01:01:42,734 [INFO] PluginManage:310 - Check plugin cadmodel
2025-06-16 01:01:42,739 [INFO] CADModel:105 - Init CAD model plugin
2025-06-16 01:01:42,739 [INFO] PluginManage:359 - Loaded plugin cadmodel (category:power,tabindex:5)
2025-06-16 01:01:42,739 [INFO] PluginManage:310 - Check plugin clock
2025-06-16 01:01:42,750 [INFO] PluginManage:359 - Loaded plugin clock (category:base,tabindex:2)
2025-06-16 01:01:42,750 [INFO] PluginManage:310 - Check plugin ddr
2025-06-16 01:01:42,753 [INFO] PluginManage:359 - Loaded plugin ddr (category:tool,tabindex:6)
2025-06-16 01:01:42,753 [INFO] PluginManage:310 - Check plugin filemanager
2025-06-16 01:01:42,946 [INFO] PluginManage:359 - Loaded plugin filemanager (category:base,tabindex:10)
2025-06-16 01:01:42,946 [INFO] PluginManage:310 - Check plugin ipmanager
2025-06-16 01:01:42,953 [INFO] PluginManage:359 - Loaded plugin ipmanager (category:base,tabindex:5)
2025-06-16 01:01:42,953 [INFO] PluginManage:310 - Check plugin lpbam
2025-06-16 01:01:42,959 [INFO] PluginManage:359 - Loaded plugin lpbam (category:base,tabindex:0)
2025-06-16 01:01:42,959 [INFO] PluginManage:310 - Check plugin memorymap
2025-06-16 01:01:42,969 [INFO] PluginManage:359 - Loaded plugin memorymap (category:base,tabindex:4)
2025-06-16 01:01:42,969 [INFO] PluginManage:310 - Check plugin pinoutandconfiguration
2025-06-16 01:01:42,975 [INFO] PluginManage:359 - Loaded plugin pinoutandconfiguration (category:base,tabindex:1)
2025-06-16 01:01:42,975 [INFO] PluginManage:310 - Check plugin pinoutconfig
2025-06-16 01:01:43,066 [WARN] SupportedApi:132 - Cannot load RTOS API schema: s4s-elt-must-match.1: The content of 'definitions' must match (annotation?, (simpleType | complexType)?, (unique | key | keyref)*)). A problem was found starting at: attribute.
2025-06-16 01:01:43,222 [INFO] PluginManage:359 - Loaded plugin pinoutconfig (category:base,tabindex:0)
2025-06-16 01:01:43,222 [INFO] PluginManage:310 - Check plugin power
2025-06-16 01:01:43,232 [INFO] PluginManage:359 - Loaded plugin power (category:power,tabindex:4)
2025-06-16 01:01:43,232 [INFO] PluginManage:310 - Check plugin projectmanager
2025-06-16 01:01:43,250 [INFO] PluginManage:359 - Loaded plugin projectmanager (category:projectmanager,tabindex:4)
2025-06-16 01:01:43,251 [INFO] PluginManage:310 - Check plugin rif
2025-06-16 01:01:43,265 [INFO] PluginManage:359 - Loaded plugin rif (category:base,tabindex:3)
2025-06-16 01:01:43,265 [INFO] PluginManage:310 - Check plugin thirdparty
2025-06-16 01:01:43,400 [INFO] PluginManage:359 - Loaded plugin thirdparty (category:base,tabindex:-1)
2025-06-16 01:01:43,399 [WARN] IntegrityCheckThread:84 - waiting for thirdparty lock release [integrity check]
2025-06-16 01:01:43,400 [INFO] PluginManage:310 - Check plugin tools
2025-06-16 01:01:43,400 [INFO] IntegrityCheckThread:86 - entering critical section [integrity check]
2025-06-16 01:01:43,400 [INFO] ThirdPartyUpdaterWithRetryManager:70 - Updater plugin not ready yet. [1/15]
2025-06-16 01:01:43,404 [INFO] PluginManage:359 - Loaded plugin tools (category:base,tabindex:7)
2025-06-16 01:01:43,405 [INFO] PluginManage:310 - Check plugin tutovideos
2025-06-16 01:01:43,657 [INFO] PluginManage:359 - Loaded plugin tutovideos (category:base,tabindex:-1)
2025-06-16 01:01:43,657 [INFO] PluginManage:310 - Check plugin updater
2025-06-16 01:01:43,679 [INFO] PluginManage:359 - Loaded plugin updater (category:base,tabindex:12)
2025-06-16 01:01:43,679 [INFO] PluginManage:310 - Check plugin userauth
2025-06-16 01:01:43,683 [INFO] UserAuth:118 - Init User Auth plugin
2025-06-16 01:01:43,685 [INFO] PluginManage:359 - Loaded plugin userauth (category:base,tabindex:14)
2025-06-16 01:01:43,686 [INFO] PluginManage:283 - PluginManage : Loaded plugins [18]
2025-06-16 01:01:43,922 [INFO] PinOutPanel:1589 - setPackage(No Configuration,No Configuration)
2025-06-16 01:01:44,088 [INFO] IPUIPlugin:80 - create IPUIPlugin
2025-06-16 01:01:44,088 [INFO] PluginManager:220 - loadIPPluginJar : add adc
2025-06-16 01:01:44,092 [INFO] IPUIPlugin:80 - create IPUIPlugin
2025-06-16 01:01:44,092 [INFO] PluginManager:220 - loadIPPluginJar : add aes
2025-06-16 01:01:44,096 [INFO] IPUIPlugin:80 - create IPUIPlugin
2025-06-16 01:01:44,096 [INFO] PluginManager:220 - loadIPPluginJar : add can
2025-06-16 01:01:44,098 [INFO] IPUIPlugin:80 - create IPUIPlugin
2025-06-16 01:01:44,098 [INFO] PluginManager:220 - loadIPPluginJar : add comp
2025-06-16 01:01:44,101 [INFO] IPUIPlugin:80 - create IPUIPlugin
2025-06-16 01:01:44,101 [INFO] PluginManager:220 - loadIPPluginJar : add cryp
2025-06-16 01:01:44,108 [INFO] IPUIPlugin:80 - create IPUIPlugin
2025-06-16 01:01:44,108 [INFO] PluginManager:220 - loadIPPluginJar : add ddr_ctrl_phy
2025-06-16 01:01:44,112 [INFO] IPUIPlugin:80 - create IPUIPlugin
2025-06-16 01:01:44,112 [INFO] PluginManager:220 - loadIPPluginJar : add dfsdm
