2025-07-04 22:07:02,499 [INFO] Activator:176 - 


2025-07-04 22:07:02,506 [INFO] Activator:177 - !SESSION log4j initialized
2025-07-04 22:07:06,737 [INFO] LogOutputStream:77 - [STDOUT_REDIRECT] 
2025-07-04 22:07:11,480 [INFO] ApplicationProperties:184 - Using Application install path: C:\ST\STM32CubeIDE_1.18.1\STM32CubeIDE\plugins\com.st.stm32cube.common.mx_6.14.1.202504091515
2025-07-04 22:07:11,494 [INFO] DbMcusXml:78 - Set database path to: C:\ST\STM32CubeIDE_1.18.1\STM32CubeIDE\plugins\com.st.stm32cube.common.mx_6.14.1.202504091515\\db\/mcu/
2025-07-04 22:07:11,494 [INFO] ApiDb:274 - Set plugin database path to: C:\ST\STM32CubeIDE_1.18.1\STM32CubeIDE\plugins\com.st.stm32cube.common.mx_6.14.1.202504091515\\db\/plugins/boardmanager/
2025-07-04 22:07:11,501 [WARN] ApiDb:259 - Overriding images path with different value:  => C:\ST\STM32CubeIDE_1.18.1\STM32CubeIDE\plugins\com.st.stm32cube.common.mx_6.14.1.202504091515\\db\/plugins/mcufinder/images/
2025-07-04 22:07:11,506 [INFO] ApiDb:250 - Set database path to: C:\Users\Rui\.stmcufinder\plugins\mcufinder//mcu/
2025-07-04 22:07:11,507 [INFO] DbMcusAds:125 - Set database path to: C:\Users\Rui\.stmcufinder\plugins\mcufinder//mcu/
2025-07-04 22:07:11,509 [INFO] CrossReferenceDbSqlite:203 - Set database path to: C:\Users\Rui\.stmcufinder\plugins\mcufinder//mcu/cs/
2025-07-04 22:07:11,621 [INFO] RulesReader:64 - Compatibility file has been processed (302 Rules)
2025-07-04 22:07:11,682 [INFO] DbMcusXml:78 - Set database path to: C:\ST\STM32CubeIDE_1.18.1\STM32CubeIDE\plugins\com.st.stm32cube.common.mx_6.14.1.202504091515\\db\/mcu/
2025-07-04 22:07:11,683 [INFO] ApiDb:274 - Set plugin database path to: C:\ST\STM32CubeIDE_1.18.1\STM32CubeIDE\plugins\com.st.stm32cube.common.mx_6.14.1.202504091515\\db\/plugins/boardmanager/
2025-07-04 22:07:11,683 [INFO] ApiDb:261 - Set plugin images path to: C:\ST\STM32CubeIDE_1.18.1\STM32CubeIDE\plugins\com.st.stm32cube.common.mx_6.14.1.202504091515\\db\/plugins/mcufinder/images/
2025-07-04 22:07:11,683 [WARN] DbFile:41 - Overriding database path with different value: C:\Users\Rui\.stmcufinder\plugins\mcufinder/ => C:\Users\Rui\.stmcufinder\plugins\mcufinder
2025-07-04 22:07:11,683 [INFO] ApiDb:250 - Set database path to: C:\Users\Rui\.stmcufinder\plugins\mcufinder//mcu/
2025-07-04 22:07:11,683 [WARN] DbFile:41 - Overriding database path with different value: C:\Users\Rui\.stmcufinder\plugins\mcufinder/ => C:\Users\Rui\.stmcufinder\plugins\mcufinder
2025-07-04 22:07:11,683 [INFO] DbMcusAds:125 - Set database path to: C:\Users\Rui\.stmcufinder\plugins\mcufinder//mcu/
2025-07-04 22:07:11,683 [WARN] DbFile:41 - Overriding database path with different value: C:\Users\Rui\.stmcufinder\plugins\mcufinder/ => C:\Users\Rui\.stmcufinder\plugins\mcufinder
2025-07-04 22:07:11,683 [WARN] DbFile:41 - Overriding database path with different value: C:\Users\Rui\.stmcufinder\plugins\mcufinder/ => C:\Users\Rui\.stmcufinder\plugins\mcufinder
2025-07-04 22:07:11,683 [INFO] CrossReferenceDbSqlite:203 - Set database path to: C:\Users\Rui\.stmcufinder\plugins\mcufinder//mcu/cs/
2025-07-04 22:07:11,744 [INFO] MainPanel:272 - HeapMemory: 268435456
2025-07-04 22:07:11,813 [INFO] DbMcusXml:78 - Set database path to: C:\ST\STM32CubeIDE_1.18.1\STM32CubeIDE\plugins\com.st.stm32cube.common.mx_6.14.1.202504091515\\db\/mcu/
2025-07-04 22:07:11,813 [INFO] ApiDb:274 - Set plugin database path to: C:\ST\STM32CubeIDE_1.18.1\STM32CubeIDE\plugins\com.st.stm32cube.common.mx_6.14.1.202504091515\\db\/plugins/boardmanager/
2025-07-04 22:07:11,813 [INFO] ApiDb:261 - Set plugin images path to: C:\ST\STM32CubeIDE_1.18.1\STM32CubeIDE\plugins\com.st.stm32cube.common.mx_6.14.1.202504091515\\db\/plugins/mcufinder/images/
2025-07-04 22:07:11,813 [WARN] DbFile:41 - Overriding database path with different value: C:\Users\Rui\.stmcufinder\plugins\mcufinder/ => C:\Users\Rui\.stmcufinder\plugins\mcufinder
2025-07-04 22:07:11,813 [INFO] ApiDb:250 - Set database path to: C:\Users\Rui\.stmcufinder\plugins\mcufinder//mcu/
2025-07-04 22:07:11,813 [WARN] DbFile:41 - Overriding database path with different value: C:\Users\Rui\.stmcufinder\plugins\mcufinder/ => C:\Users\Rui\.stmcufinder\plugins\mcufinder
2025-07-04 22:07:11,814 [INFO] DbMcusAds:125 - Set database path to: C:\Users\Rui\.stmcufinder\plugins\mcufinder//mcu/
2025-07-04 22:07:11,814 [WARN] DbFile:41 - Overriding database path with different value: C:\Users\Rui\.stmcufinder\plugins\mcufinder/ => C:\Users\Rui\.stmcufinder\plugins\mcufinder
2025-07-04 22:07:11,814 [WARN] DbFile:41 - Overriding database path with different value: C:\Users\Rui\.stmcufinder\plugins\mcufinder/ => C:\Users\Rui\.stmcufinder\plugins\mcufinder
2025-07-04 22:07:11,814 [INFO] CrossReferenceDbSqlite:203 - Set database path to: C:\Users\Rui\.stmcufinder\plugins\mcufinder//mcu/cs/
2025-07-04 22:07:11,827 [INFO] ApplicationProperties:184 - Using Application install path: C:\ST\STM32CubeIDE_1.18.1\STM32CubeIDE\plugins\com.st.stm32cube.common.mx_6.14.1.202504091515
2025-07-04 22:07:11,828 [INFO] PluginManage:196 - Search for loadable plugins [exclusion list=, ]
2025-07-04 22:07:11,829 [INFO] PluginManage:310 - Check plugin analytics
2025-07-04 22:07:11,996 [INFO] AnalyticsPlugin:253 - Accepted Software Licenses: 
2025-07-04 22:07:11,996 [INFO] AnalyticsPlugin:255 - Accepted CMSIS Pack Licenses: 
2025-07-04 22:07:11,996 [INFO] AnalyticsPlugin:257 - Accepted Firmware Licenses: 
2025-07-04 22:07:11,998 [INFO] PluginManage:359 - Loaded plugin analytics (category:tool,tabindex:-1)
2025-07-04 22:07:11,998 [INFO] PluginManage:310 - Check plugin cadmodel
2025-07-04 22:07:12,004 [INFO] CADModel:105 - Init CAD model plugin
2025-07-04 22:07:12,004 [INFO] PluginManage:359 - Loaded plugin cadmodel (category:power,tabindex:5)
2025-07-04 22:07:12,004 [INFO] PluginManage:310 - Check plugin clock
2025-07-04 22:07:12,015 [INFO] PluginManage:359 - Loaded plugin clock (category:base,tabindex:2)
2025-07-04 22:07:12,015 [INFO] PluginManage:310 - Check plugin ddr
2025-07-04 22:07:12,017 [INFO] PluginManage:359 - Loaded plugin ddr (category:tool,tabindex:6)
2025-07-04 22:07:12,017 [INFO] PluginManage:310 - Check plugin filemanager
2025-07-04 22:07:12,147 [INFO] PluginManage:359 - Loaded plugin filemanager (category:base,tabindex:10)
2025-07-04 22:07:12,147 [INFO] PluginManage:310 - Check plugin ipmanager
2025-07-04 22:07:12,153 [INFO] PluginManage:359 - Loaded plugin ipmanager (category:base,tabindex:5)
2025-07-04 22:07:12,153 [INFO] PluginManage:310 - Check plugin lpbam
2025-07-04 22:07:12,160 [INFO] PluginManage:359 - Loaded plugin lpbam (category:base,tabindex:0)
2025-07-04 22:07:12,160 [INFO] PluginManage:310 - Check plugin memorymap
2025-07-04 22:07:12,169 [INFO] PluginManage:359 - Loaded plugin memorymap (category:base,tabindex:4)
2025-07-04 22:07:12,169 [INFO] PluginManage:310 - Check plugin pinoutandconfiguration
2025-07-04 22:07:12,176 [INFO] PluginManage:359 - Loaded plugin pinoutandconfiguration (category:base,tabindex:1)
2025-07-04 22:07:12,176 [INFO] PluginManage:310 - Check plugin pinoutconfig
2025-07-04 22:07:12,252 [WARN] SupportedApi:132 - Cannot load RTOS API schema: s4s-elt-must-match.1: The content of 'definitions' must match (annotation?, (simpleType | complexType)?, (unique | key | keyref)*)). A problem was found starting at: attribute.
2025-07-04 22:07:12,352 [INFO] PluginManage:359 - Loaded plugin pinoutconfig (category:base,tabindex:0)
2025-07-04 22:07:12,353 [INFO] PluginManage:310 - Check plugin power
2025-07-04 22:07:12,359 [INFO] PluginManage:359 - Loaded plugin power (category:power,tabindex:4)
2025-07-04 22:07:12,359 [INFO] PluginManage:310 - Check plugin projectmanager
2025-07-04 22:07:12,372 [INFO] PluginManage:359 - Loaded plugin projectmanager (category:projectmanager,tabindex:4)
2025-07-04 22:07:12,372 [INFO] PluginManage:310 - Check plugin rif
2025-07-04 22:07:12,377 [INFO] PluginManage:359 - Loaded plugin rif (category:base,tabindex:3)
2025-07-04 22:07:12,377 [INFO] PluginManage:310 - Check plugin thirdparty
2025-07-04 22:07:12,472 [INFO] PluginManage:359 - Loaded plugin thirdparty (category:base,tabindex:-1)
2025-07-04 22:07:12,472 [WARN] IntegrityCheckThread:84 - waiting for thirdparty lock release [integrity check]
2025-07-04 22:07:12,472 [INFO] PluginManage:310 - Check plugin tools
2025-07-04 22:07:12,472 [INFO] IntegrityCheckThread:86 - entering critical section [integrity check]
2025-07-04 22:07:12,473 [INFO] ThirdPartyUpdaterWithRetryManager:70 - Updater plugin not ready yet. [1/15]
2025-07-04 22:07:12,475 [INFO] PluginManage:359 - Loaded plugin tools (category:base,tabindex:7)
2025-07-04 22:07:12,475 [INFO] PluginManage:310 - Check plugin tutovideos
2025-07-04 22:07:12,614 [INFO] PluginManage:359 - Loaded plugin tutovideos (category:base,tabindex:-1)
2025-07-04 22:07:12,614 [INFO] PluginManage:310 - Check plugin updater
2025-07-04 22:07:12,634 [INFO] PluginManage:359 - Loaded plugin updater (category:base,tabindex:12)
2025-07-04 22:07:12,634 [INFO] PluginManage:310 - Check plugin userauth
2025-07-04 22:07:12,637 [INFO] UserAuth:118 - Init User Auth plugin
2025-07-04 22:07:12,638 [INFO] PluginManage:359 - Loaded plugin userauth (category:base,tabindex:14)
2025-07-04 22:07:12,639 [INFO] PluginManage:283 - PluginManage : Loaded plugins [18]
2025-07-04 22:07:12,863 [INFO] PinOutPanel:1589 - setPackage(No Configuration,No Configuration)
2025-07-04 22:07:12,940 [INFO] CADModel:165 - CPN selected for project level
2025-07-04 22:07:12,940 [INFO] CADModel:114 - Register for checkConnection events
2025-07-04 22:07:12,958 [INFO] IPUIPlugin:80 - create IPUIPlugin
2025-07-04 22:07:12,958 [INFO] PluginManager:220 - loadIPPluginJar : add adc
2025-07-04 22:07:12,962 [INFO] IPUIPlugin:80 - create IPUIPlugin
2025-07-04 22:07:12,962 [INFO] PluginManager:220 - loadIPPluginJar : add aes
2025-07-04 22:07:12,965 [INFO] IPUIPlugin:80 - create IPUIPlugin
2025-07-04 22:07:12,965 [INFO] PluginManager:220 - loadIPPluginJar : add can
2025-07-04 22:07:12,967 [INFO] IPUIPlugin:80 - create IPUIPlugin
2025-07-04 22:07:12,967 [INFO] PluginManager:220 - loadIPPluginJar : add comp
2025-07-04 22:07:12,969 [INFO] IPUIPlugin:80 - create IPUIPlugin
2025-07-04 22:07:12,969 [INFO] PluginManager:220 - loadIPPluginJar : add cryp
2025-07-04 22:07:12,972 [INFO] IPUIPlugin:80 - create IPUIPlugin
2025-07-04 22:07:12,972 [INFO] PluginManager:220 - loadIPPluginJar : add ddr_ctrl_phy
2025-07-04 22:07:12,975 [INFO] IPUIPlugin:80 - create IPUIPlugin
2025-07-04 22:07:12,975 [INFO] PluginManager:220 - loadIPPluginJar : add dfsdm
2025-07-04 22:07:12,981 [INFO] IPUIPlugin:80 - create IPUIPlugin
2025-07-04 22:07:12,982 [INFO] PluginManager:220 - loadIPPluginJar : add dma
2025-07-04 22:07:12,984 [INFO] IPUIPlugin:80 - create IPUIPlugin
2025-07-04 22:07:12,984 [INFO] PluginManager:220 - loadIPPluginJar : add dma3
2025-07-04 22:07:12,986 [INFO] IPUIPlugin:80 - create IPUIPlugin
2025-07-04 22:07:12,987 [INFO] PluginManager:220 - loadIPPluginJar : add extmemmanager
2025-07-04 22:07:12,988 [INFO] IPUIPlugin:80 - create IPUIPlugin
2025-07-04 22:07:12,988 [INFO] PluginManager:220 - loadIPPluginJar : add fatfs
2025-07-04 22:07:12,993 [INFO] IPUIPlugin:80 - create IPUIPlugin
2025-07-04 22:07:12,993 [INFO] PluginManager:220 - loadIPPluginJar : add fmc
2025-07-04 22:07:12,998 [INFO] IPUIPlugin:80 - create IPUIPlugin
2025-07-04 22:07:12,998 [INFO] PluginManager:220 - loadIPPluginJar : add freertos
2025-07-04 22:07:13,000 [INFO] IPUIPlugin:80 - create IPUIPlugin
2025-07-04 22:07:13,000 [INFO] PluginManager:220 - loadIPPluginJar : add genericplugin
2025-07-04 22:07:13,001 [INFO] IPUIPlugin:80 - create IPUIPlugin
2025-07-04 22:07:13,002 [INFO] PluginManager:220 - loadIPPluginJar : add gfxmmu
2025-07-04 22:07:13,006 [INFO] IPUIPlugin:80 - create IPUIPlugin
2025-07-04 22:07:13,006 [INFO] PluginManager:220 - loadIPPluginJar : add gic
2025-07-04 22:07:13,012 [INFO] IPUIPlugin:80 - create IPUIPlugin
2025-07-04 22:07:13,012 [INFO] PluginManager:220 - loadIPPluginJar : add gpio
2025-07-04 22:07:13,015 [INFO] IPUIPlugin:80 - create IPUIPlugin
2025-07-04 22:07:13,016 [INFO] PluginManager:220 - loadIPPluginJar : add gtzc
2025-07-04 22:07:13,018 [INFO] IPUIPlugin:80 - create IPUIPlugin
2025-07-04 22:07:13,018 [INFO] PluginManager:220 - loadIPPluginJar : add hash
2025-07-04 22:07:13,020 [INFO] IPUIPlugin:80 - create IPUIPlugin
2025-07-04 22:07:13,020 [INFO] PluginManager:220 - loadIPPluginJar : add i2c
2025-07-04 22:07:13,022 [INFO] IPUIPlugin:80 - create IPUIPlugin
2025-07-04 22:07:13,028 [INFO] PluginManager:220 - loadIPPluginJar : add i2s
2025-07-04 22:07:13,031 [INFO] IPUIPlugin:80 - create IPUIPlugin
2025-07-04 22:07:13,031 [INFO] PluginManager:220 - loadIPPluginJar : add i3c
2025-07-04 22:07:13,033 [INFO] IPUIPlugin:80 - create IPUIPlugin
2025-07-04 22:07:13,033 [INFO] PluginManager:220 - loadIPPluginJar : add ipddr
2025-07-04 22:07:13,039 [INFO] IPUIPlugin:80 - create IPUIPlugin
2025-07-04 22:07:13,039 [INFO] PluginManager:220 - loadIPPluginJar : add linkedlist
2025-07-04 22:07:13,042 [INFO] IPUIPlugin:80 - create IPUIPlugin
2025-07-04 22:07:13,042 [INFO] PluginManager:220 - loadIPPluginJar : add lorawan
2025-07-04 22:07:13,043 [INFO] IPUIPlugin:80 - create IPUIPlugin
2025-07-04 22:07:13,043 [INFO] PluginManager:220 - loadIPPluginJar : add ltdc
2025-07-04 22:07:13,047 [INFO] IPUIPlugin:80 - create IPUIPlugin
2025-07-04 22:07:13,047 [INFO] PluginManager:220 - loadIPPluginJar : add mdma
2025-07-04 22:07:13,050 [INFO] IPUIPlugin:80 - create IPUIPlugin
2025-07-04 22:07:13,050 [INFO] PluginManager:220 - loadIPPluginJar : add nvic
2025-07-04 22:07:13,053 [INFO] IPUIPlugin:80 - create IPUIPlugin
2025-07-04 22:07:13,053 [INFO] PluginManager:220 - loadIPPluginJar : add opamp
2025-07-04 22:07:13,056 [INFO] IPUIPlugin:80 - create IPUIPlugin
2025-07-04 22:07:13,056 [INFO] PluginManager:220 - loadIPPluginJar : add openamp
2025-07-04 22:07:13,058 [INFO] IPUIPlugin:80 - create IPUIPlugin
2025-07-04 22:07:13,058 [INFO] PluginManager:220 - loadIPPluginJar : add pdm2pcm
2025-07-04 22:07:13,062 [INFO] IPUIPlugin:80 - create IPUIPlugin
2025-07-04 22:07:13,064 [INFO] PluginManager:220 - loadIPPluginJar : add plateformsettings
2025-07-04 22:07:13,066 [INFO] IPUIPlugin:80 - create IPUIPlugin
2025-07-04 22:07:13,066 [INFO] PluginManager:220 - loadIPPluginJar : add quadspi
2025-07-04 22:07:13,067 [INFO] IPUIPlugin:80 - create IPUIPlugin
2025-07-04 22:07:13,067 [INFO] PluginManager:220 - loadIPPluginJar : add radio
2025-07-04 22:07:13,070 [INFO] IPUIPlugin:80 - create IPUIPlugin
2025-07-04 22:07:13,070 [INFO] PluginManager:220 - loadIPPluginJar : add resmgrutility
2025-07-04 22:07:13,073 [INFO] IPUIPlugin:80 - create IPUIPlugin
2025-07-04 22:07:13,073 [INFO] PluginManager:220 - loadIPPluginJar : add sai
2025-07-04 22:07:13,075 [INFO] IPUIPlugin:80 - create IPUIPlugin
2025-07-04 22:07:13,075 [INFO] PluginManager:220 - loadIPPluginJar : add spi
2025-07-04 22:07:13,079 [INFO] IPUIPlugin:80 - create IPUIPlugin
2025-07-04 22:07:13,079 [INFO] PluginManager:220 - loadIPPluginJar : add stm32_wpan
2025-07-04 22:07:13,081 [INFO] IPUIPlugin:80 - create IPUIPlugin
2025-07-04 22:07:13,081 [INFO] PluginManager:220 - loadIPPluginJar : add tim
2025-07-04 22:07:13,084 [INFO] IPUIPlugin:80 - create IPUIPlugin
2025-07-04 22:07:13,084 [INFO] PluginManager:220 - loadIPPluginJar : add touchsensing
2025-07-04 22:07:13,086 [INFO] IPUIPlugin:80 - create IPUIPlugin
2025-07-04 22:07:13,086 [INFO] PluginManager:220 - loadIPPluginJar : add tracer_emb
2025-07-04 22:07:13,088 [INFO] IPUIPlugin:80 - create IPUIPlugin
2025-07-04 22:07:13,088 [INFO] PluginManager:220 - loadIPPluginJar : add ts
2025-07-04 22:07:13,089 [INFO] IPUIPlugin:80 - create IPUIPlugin
2025-07-04 22:07:13,089 [INFO] PluginManager:220 - loadIPPluginJar : add tsc
2025-07-04 22:07:13,090 [INFO] IPUIPlugin:80 - create IPUIPlugin
2025-07-04 22:07:13,090 [INFO] PluginManager:220 - loadIPPluginJar : add ucpd
2025-07-04 22:07:13,092 [INFO] IPUIPlugin:80 - create IPUIPlugin
2025-07-04 22:07:13,092 [INFO] PluginManager:220 - loadIPPluginJar : add usart
2025-07-04 22:07:13,095 [INFO] IPUIPlugin:80 - create IPUIPlugin
2025-07-04 22:07:13,095 [INFO] PluginManager:220 - loadIPPluginJar : add usbx
2025-07-04 22:07:13,218 [FATAL] Updater:351 - Updater called before beeing initialized
2025-07-04 22:07:13,235 [INFO] RulesReader:64 - Compatibility file has been processed (302 Rules)
2025-07-04 22:07:13,244 [INFO] RulesReader:64 - Compatibility file has been processed (302 Rules)
2025-07-04 22:07:13,250 [INFO] CADModel:165 - CPN selected for project level
2025-07-04 22:07:13,250 [INFO] CADModel:114 - Register for checkConnection events
2025-07-04 22:07:13,250 [FATAL] Updater:351 - Updater called before beeing initialized
2025-07-04 22:07:13,250 [ERROR] CADModel:125 - Updater not yet initialized, retry later 
2025-07-04 22:07:13,358 [FATAL] Updater:351 - Updater called before beeing initialized
2025-07-04 22:07:13,359 [INFO] CADModel:165 - CPN selected for project level
2025-07-04 22:07:13,359 [INFO] CADModel:114 - Register for checkConnection events
2025-07-04 22:07:13,359 [FATAL] Updater:351 - Updater called before beeing initialized
2025-07-04 22:07:13,359 [ERROR] CADModel:125 - Updater not yet initialized, retry later 
2025-07-04 22:07:13,363 [FATAL] Updater:351 - Updater called before beeing initialized
2025-07-04 22:07:13,455 [FATAL] Updater:351 - Updater called before beeing initialized
2025-07-04 22:07:13,459 [INFO] DbMcusAds:53 - JSON generation date=Wed May 07 11:07:55 CEST 2025 (1746608875484)
2025-07-04 22:07:13,459 [FATAL] Updater:351 - Updater called before beeing initialized
2025-07-04 22:07:13,484 [WARN] DetailPanel:346 - Failed to get advertising image, set to default
2025-07-04 22:07:13,710 [FATAL] Updater:351 - Updater called before beeing initialized
2025-07-04 22:07:13,712 [FATAL] Updater:351 - Updater called before beeing initialized
2025-07-04 22:07:13,712 [FATAL] Updater:351 - Updater called before beeing initialized
2025-07-04 22:07:13,712 [WARN] DetailPanel:346 - Failed to get advertising image, set to default
2025-07-04 22:07:13,713 [FATAL] Updater:351 - Updater called before beeing initialized
2025-07-04 22:07:13,751 [ERROR] Updater:1198 - MainUpdater not yet initialized. External WinMGr cannot be set.
2025-07-04 22:07:13,752 [INFO] Updater:1134 - Updater Version found : 6.14.1
2025-07-04 22:07:13,768 [INFO] ApplicationProperties:184 - Using Application install path: C:\ST\STM32CubeIDE_1.18.1\STM32CubeIDE\plugins\com.st.stm32cube.common.mx_6.14.1.202504091515
2025-07-04 22:07:15,333 [ERROR] LogOutputStream:75 - [STDERR_REDIRECT] Jul 04, 2025 10:07:15 PM java.util.prefs.WindowsPreferences <init>
2025-07-04 22:07:15,334 [ERROR] LogOutputStream:75 - [STDERR_REDIRECT] WARNING: Could not open/create prefs root node Software\JavaSoft\Prefs at root 0xffffffff80000002. Windows RegCreateKeyEx(...) returned error code 5.
2025-07-04 22:07:15,334 [ERROR] LogOutputStream:75 - [STDERR_REDIRECT] 
2025-07-04 22:07:15,473 [INFO] ThirdPartyUpdaterWithRetryManager:70 - Updater plugin not ready yet. [2/15]
2025-07-04 22:07:15,561 [INFO] MainUpdater:2872 - connection check result : 10
2025-07-04 22:07:15,562 [INFO] MainUpdater:289 - Updater Check For Update Now.
2025-07-04 22:07:15,562 [INFO] MicroXplorer:498 - Change Database Version : DB.6.0.141
2025-07-04 22:07:15,566 [INFO] McuFinderGlobals:63 - Set McuFinder mode to 2 (CubeIDE integrated)
2025-07-04 22:07:15,567 [INFO] UserAuth:171 - activating auth plugin
2025-07-04 22:07:15,569 [INFO] UserAuth:484 - Internet connection configuration mode: 1
2025-07-04 22:07:15,590 [INFO] JxBrowserEngine:152 - Initiate JxBrowser Engine with user profile folder
2025-07-04 22:07:15,742 [INFO] CheckServerUpdateThread:120 - End of CheckServer Thread
2025-07-04 22:07:16,194 [INFO] WebApp:169 - Instantiating new browser for Auth
2025-07-04 22:07:16,867 [INFO] WebApp:463 - Apply proxy settings
2025-07-04 22:07:16,868 [INFO] WebApp:548 - Chromium requires no authentication
2025-07-04 22:07:16,875 [INFO] WebApp:491 - Direct internet connection detected
2025-07-04 22:07:16,898 [INFO] WebApp:894 - Register for checkConnection events
2025-07-04 22:07:16,899 [INFO] WebApp:463 - Apply proxy settings
2025-07-04 22:07:16,899 [INFO] WebApp:548 - Chromium requires no authentication
2025-07-04 22:07:16,899 [INFO] WebApp:491 - Direct internet connection detected
2025-07-04 22:07:17,017 [INFO] WebApp:225 - Starting web application
2025-07-04 22:07:17,018 [INFO] WebApp:593 - Web application path used C:\ST\STM32CubeIDE_1.18.1\STM32CubeIDE\plugins\com.st.stm32cube.common.mx_6.14.1.202504091515\db\plugins\mcufinder\reactClient1\index.html
2025-07-04 22:07:17,135 [INFO] WebApp:191 - Connection restablished
2025-07-04 22:07:18,676 [WARN] PackLoader:240 - Cannot read IP mode file for STMicroelectronics.FP-SNS-MOTENVWB1.1.4.0
2025-07-04 22:07:18,683 [WARN] PackLoader:240 - Cannot read IP mode file for STMicroelectronics.FP-ATR-ASTRA1.2.0.2
2025-07-04 22:07:18,694 [WARN] PackLoader:240 - Cannot read IP mode file for STMicroelectronics.X-CUBE-SMBUS.2.1.0
2025-07-04 22:07:18,700 [WARN] PackLoader:240 - Cannot read IP mode file for STMicroelectronics.X-CUBE-ST60.1.0.0
2025-07-04 22:07:18,739 [WARN] PackLoader:240 - Cannot read IP mode file for STMicroelectronics.X-CUBE-AZRTOS-F7.1.1.0
2025-07-04 22:07:18,780 [WARN] PackLoader:240 - Cannot read IP mode file for Infineon.AIROC-Wi-Fi-Bluetooth-STM32.1.7.0
2025-07-04 22:07:18,822 [WARN] PackLoader:240 - Cannot read IP mode file for STMicroelectronics.X-CUBE-AZRTOS-H7.3.4.0
2025-07-04 22:07:18,843 [WARN] PackLoader:240 - Cannot read IP mode file for STMicroelectronics.X-CUBE-DISPLAY.3.0.0
2025-07-04 22:07:18,859 [WARN] PackLoader:240 - Cannot read IP mode file for STMicroelectronics.X-CUBE-NFC10.1.0.0
2025-07-04 22:07:18,872 [WARN] PackLoader:240 - Cannot read IP mode file for STMicroelectronics.X-CUBE-BLEMGR.4.0.0
2025-07-04 22:07:18,881 [WARN] PackLoader:240 - Cannot read IP mode file for emotas.I-CUBE-CANOPEN.1.3.0
2025-07-04 22:07:18,887 [WARN] ConditionMgr:438 - getConditionDescription Invalid condition id : Cortex-A Device cause : null
2025-07-04 22:07:18,902 [WARN] ConditionMgr:1044 - genDependencies : Invalid condition id : Cortex-A Device cause : null
2025-07-04 22:07:18,902 [WARN] ConditionMgr:1044 - genDependencies : Invalid condition id : Cortex-A Device cause : null
2025-07-04 22:07:18,902 [WARN] ConditionMgr:1044 - genDependencies : Invalid condition id : Cortex-A Device cause : null
2025-07-04 22:07:18,907 [WARN] PackLoader:240 - Cannot read IP mode file for STMicroelectronics.FP-SNS-SMARTAG2.1.2.0
2025-07-04 22:07:18,912 [WARN] PackLoader:240 - Cannot read IP mode file for STMicroelectronics.FP-SNS-FLIGHT1.5.1.0
2025-07-04 22:07:18,922 [INFO] LogOutputStream:77 - [STDOUT_REDIRECT] 1 : Invalid condition id : UX_CORESTACK_Condition cause : null
2025-07-04 22:07:18,923 [INFO] LogOutputStream:77 - [STDOUT_REDIRECT] 1 : Invalid condition id : UX_CORESTACK_Condition cause : null
2025-07-04 22:07:18,925 [INFO] LogOutputStream:77 - [STDOUT_REDIRECT] 1 : Invalid condition id : UX_CORESTACK_Condition cause : null
2025-07-04 22:07:18,927 [INFO] LogOutputStream:77 - [STDOUT_REDIRECT] 1 : Invalid condition id : UX_CORESTACK_Condition cause : null
2025-07-04 22:07:18,928 [INFO] LogOutputStream:77 - [STDOUT_REDIRECT] 1 : Invalid condition id : UX_CORESTACK_Condition cause : null
2025-07-04 22:07:18,932 [WARN] PackLoader:240 - Cannot read IP mode file for STMicroelectronics.X-CUBE-AZRTOS-WL.2.0.0
2025-07-04 22:07:18,940 [WARN] PackLoader:240 - Cannot read IP mode file for STMicroelectronics.FP-SNS-MOTENV1.5.0.0
2025-07-04 22:07:18,950 [WARN] PackLoader:240 - Cannot read IP mode file for WES.I-CUBE-Cesium.1.3.0
2025-07-04 22:07:18,959 [WARN] PackLoader:240 - Cannot read IP mode file for STMicroelectronics.X-CUBE-BLE2.3.3.0
2025-07-04 22:07:18,967 [WARN] PackLoader:240 - Cannot read IP mode file for STMicroelectronics.X-CUBE-NFC9.1.0.0
2025-07-04 22:07:18,974 [WARN] PackLoader:240 - Cannot read IP mode file for wolfSSL.I-CUBE-wolfSSL.5.8.0
2025-07-04 22:07:18,980 [WARN] PackLoader:240 - Cannot read IP mode file for STMicroelectronics.X-CUBE-BLE1.7.1.0
2025-07-04 22:07:18,985 [WARN] PackLoader:240 - Cannot read IP mode file for wolfSSL.I-CUBE-wolfMQTT.1.19.2
2025-07-04 22:07:18,992 [WARN] PackLoader:240 - Cannot read IP mode file for STMicroelectronics.X-CUBE-AI.10.1.0
2025-07-04 22:07:19,015 [WARN] PackLoader:240 - Cannot read IP mode file for STMicroelectronics.X-CUBE-AZRTOS-G0.1.1.0
2025-07-04 22:07:19,024 [WARN] PackLoader:240 - Cannot read IP mode file for STMicroelectronics.X-CUBE-SAFEA1.1.2.2
2025-07-04 22:07:19,032 [WARN] PackLoader:240 - Cannot read IP mode file for STMicroelectronics.X-CUBE-NFC4.3.0.0
2025-07-04 22:07:19,040 [WARN] PackLoader:240 - Cannot read IP mode file for EmbeddedOffice.I-CUBE-FS-RTOS.1.0.1
2025-07-04 22:07:19,046 [WARN] PackLoader:240 - Cannot read IP mode file for STMicroelectronics.X-CUBE-WB05N.2.0.0
2025-07-04 22:07:19,129 [WARN] PackLoader:240 - Cannot read IP mode file for wolfSSL.I-CUBE-wolfTPM.3.8.0
2025-07-04 22:07:19,139 [WARN] PackLoader:240 - Cannot read IP mode file for STMicroelectronics.X-CUBE-TCPP.4.2.0
2025-07-04 22:07:19,149 [WARN] PackLoader:240 - Cannot read IP mode file for RealThread.X-CUBE-RT-Thread_Nano.4.1.1
2025-07-04 22:07:19,155 [WARN] PackLoader:240 - Cannot read IP mode file for STMicroelectronics.FP-ATR-SIGFOX1.3.2.0
2025-07-04 22:07:19,165 [WARN] PackLoader:240 - Cannot read IP mode file for STMicroelectronics.X-CUBE-EEPRMA1.5.1.0
2025-07-04 22:07:19,172 [WARN] PackLoader:240 - Cannot read IP mode file for ITTIA_DB.I-CUBE-ITTIADB.8.9.0
2025-07-04 22:07:19,178 [WARN] PackLoader:240 - Cannot read IP mode file for STMicroelectronics.X-CUBE-ST67W61.1.0.0
2025-07-04 22:07:19,218 [WARN] PackLoader:240 - Cannot read IP mode file for SEGGER.I-CUBE-embOS.1.3.1
2025-07-04 22:07:19,319 [WARN] PackLoader:240 - Cannot read IP mode file for STMicroelectronics.X-CUBE-ALGOBUILD.1.4.0
2025-07-04 22:07:19,372 [WARN] PackLoader:240 - Cannot read IP mode file for STMicroelectronics.X-CUBE-MEMS1.11.3.0
2025-07-04 22:07:19,482 [WARN] PackLoader:240 - Cannot read IP mode file for STMicroelectronics.X-CUBE-PM33A1.1.0.0
2025-07-04 22:07:19,497 [WARN] PackLoader:240 - Cannot read IP mode file for STMicroelectronics.X-CUBE-AZRTOS-F4.1.1.0
2025-07-04 22:07:19,507 [WARN] PackLoader:240 - Cannot read IP mode file for Avnet-IotConnect.X-CUBE-IoTC-DA16k-PMOD.1.0.0
2025-07-04 22:07:19,512 [WARN] PackLoader:240 - Cannot read IP mode file for STMicroelectronics.X-CUBE-ISPU.2.1.0
2025-07-04 22:07:19,527 [WARN] PackLoader:240 - Cannot read IP mode file for STMicroelectronics.X-CUBE-AZRTOS-L5.2.0.0
2025-07-04 22:07:19,536 [WARN] PackLoader:240 - Cannot read IP mode file for STMicroelectronics.X-CUBE-NFC6.3.1.0
2025-07-04 22:07:19,544 [WARN] PackLoader:240 - Cannot read IP mode file for STMicroelectronics.X-CUBE-FREERTOS.1.3.1
2025-07-04 22:07:19,549 [WARN] PackLoader:240 - Cannot read IP mode file for STMicroelectronics.FP-SNS-STAIOTCFT.1.0.0
2025-07-04 22:07:19,555 [WARN] PackLoader:240 - Cannot read IP mode file for STMicroelectronics.X-CUBE-DPower.1.3.0
2025-07-04 22:07:19,571 [WARN] ConditionMgr:438 - getConditionDescription Invalid condition id : LAN8742 Phy interface Condition cause : null
2025-07-04 22:07:19,572 [WARN] PackLoader:240 - Cannot read IP mode file for STMicroelectronics.X-CUBE-AZRTOS-L4.2.0.0
2025-07-04 22:07:19,573 [WARN] ConditionMgr:1044 - genDependencies : Invalid condition id : LAN8742 Phy interface Condition cause : null
2025-07-04 22:07:19,573 [WARN] ConditionMgr:1044 - genDependencies : Invalid condition id : LAN8742 Phy interface Condition cause : null
2025-07-04 22:07:19,573 [WARN] ConditionMgr:1044 - genDependencies : Invalid condition id : LAN8742 Phy interface Condition cause : null
2025-07-04 22:07:19,580 [WARN] PackLoader:240 - Cannot read IP mode file for STMicroelectronics.X-CUBE-SFXS2LP1.4.0.0
2025-07-04 22:07:19,595 [WARN] PackLoader:240 - Cannot read IP mode file for STMicroelectronics.X-CUBE-AZRTOS-H7.3.3.0
2025-07-04 22:07:19,609 [WARN] ConditionMgr:438 - getConditionDescription Invalid condition id : UX DEVICE CLASS RTOS Condition cause : null
2025-07-04 22:07:19,609 [WARN] ConditionMgr:438 - getConditionDescription Invalid condition id : UX DEVICE CLASS RTOS Condition cause : null
2025-07-04 22:07:19,612 [WARN] PackLoader:240 - Cannot read IP mode file for STMicroelectronics.X-CUBE-AZRTOS-WB.2.0.0
2025-07-04 22:07:19,612 [WARN] ConditionMgr:1044 - genDependencies : Invalid condition id : UX DEVICE CLASS RTOS Condition cause : null
2025-07-04 22:07:19,613 [WARN] ConditionMgr:1044 - genDependencies : Invalid condition id : UX DEVICE CLASS RTOS Condition cause : null
2025-07-04 22:07:19,613 [WARN] ConditionMgr:1044 - genDependencies : Invalid condition id : UX DEVICE CLASS RTOS Condition cause : null
2025-07-04 22:07:19,613 [WARN] ConditionMgr:1044 - genDependencies : Invalid condition id : UX DEVICE CLASS RTOS Condition cause : null
2025-07-04 22:07:19,613 [WARN] ConditionMgr:1044 - genDependencies : Invalid condition id : UX DEVICE CLASS RTOS Condition cause : null
2025-07-04 22:07:19,620 [WARN] PackLoader:240 - Cannot read IP mode file for STMicroelectronics.X-CUBE-GNSS1.7.0.1
2025-07-04 22:07:19,626 [WARN] PackLoader:240 - Cannot read IP mode file for STMicroelectronics.X-CUBE-TOUCHGFX.4.25.0
2025-07-04 22:07:19,634 [WARN] PackLoader:240 - Cannot read IP mode file for STMicroelectronics.FP-SNS-STBOX1.2.0.0
2025-07-04 22:07:19,645 [WARN] PackLoader:240 - Cannot read IP mode file for STMicroelectronics.X-CUBE-SUBG2.5.0.0
2025-07-04 22:07:19,670 [WARN] PackLoader:240 - Cannot read IP mode file for STMicroelectronics.X-CUBE-AZRTOS-H7RS.1.1.0
2025-07-04 22:07:19,676 [WARN] PackLoader:240 - Cannot read IP mode file for Cesanta.I-CUBE-Mongoose.7.13.0
2025-07-04 22:07:19,687 [WARN] PackLoader:240 - Cannot read IP mode file for STMicroelectronics.X-CUBE-AZRTOS-G4.2.0.0
2025-07-04 22:07:19,693 [WARN] PackLoader:240 - Cannot read IP mode file for wolfSSL.I-CUBE-wolfSSH.1.4.20
2025-07-04 22:07:19,698 [WARN] PackLoader:240 - Cannot read IP mode file for STMicroelectronics.X-CUBE-NFC7.2.0.0
2025-07-04 22:07:19,707 [WARN] PackLoader:240 - Cannot read IP mode file for STMicroelectronics.X-CUBE-IPS.3.1.0
2025-07-04 22:07:19,718 [WARN] PackLoader:240 - Cannot read IP mode file for STMicroelectronics.X-CUBE-ALS.1.0.2
2025-07-04 22:07:19,723 [WARN] PackLoader:240 - Cannot read IP mode file for portGmbH.I-Cube-SoM-uGOAL.1.1.0
2025-07-04 22:07:19,733 [WARN] PackLoader:240 - Cannot read IP mode file for STMicroelectronics.X-CUBE-TOF1.3.4.3
2025-07-04 22:07:19,741 [INFO] ThirdParty:978 - Integrity check success = true
2025-07-04 22:07:19,741 [INFO] IntegrityCheckThread:100 - exiting critical section [integrity check]
2025-07-04 22:07:19,741 [INFO] IntegrityCheckThread:103 - End integrity checks thread
