2025-08-03 16:17:47,019 [INFO] Activator:176 - 


2025-08-03 16:17:47,023 [INFO] Activator:177 - !SESSION log4j initialized
2025-08-03 16:17:51,154 [INFO] LogOutputStream:77 - [STDOUT_REDIRECT] 
2025-08-03 16:18:03,885 [INFO] ApplicationProperties:184 - Using Application install path: C:\ST\STM32CubeIDE_1.18.1\STM32CubeIDE\plugins\com.st.stm32cube.common.mx_6.14.1.202504091515
2025-08-03 16:18:03,904 [INFO] DbMcusXml:78 - Set database path to: C:\ST\STM32CubeIDE_1.18.1\STM32CubeIDE\plugins\com.st.stm32cube.common.mx_6.14.1.202504091515\\db\/mcu/
2025-08-03 16:18:03,904 [INFO] ApiDb:274 - Set plugin database path to: C:\ST\STM32CubeIDE_1.18.1\STM32CubeIDE\plugins\com.st.stm32cube.common.mx_6.14.1.202504091515\\db\/plugins/boardmanager/
2025-08-03 16:18:03,911 [WARN] ApiDb:259 - Overriding images path with different value:  => C:\ST\STM32CubeIDE_1.18.1\STM32CubeIDE\plugins\com.st.stm32cube.common.mx_6.14.1.202504091515\\db\/plugins/mcufinder/images/
2025-08-03 16:18:03,919 [INFO] ApiDb:250 - Set database path to: C:\Users\Rui\.stmcufinder\plugins\mcufinder//mcu/
2025-08-03 16:18:03,920 [INFO] DbMcusAds:125 - Set database path to: C:\Users\Rui\.stmcufinder\plugins\mcufinder//mcu/
2025-08-03 16:18:03,995 [INFO] CrossReferenceDbSqlite:203 - Set database path to: C:\Users\Rui\.stmcufinder\plugins\mcufinder//mcu/cs/
2025-08-03 16:18:04,095 [INFO] RulesReader:64 - Compatibility file has been processed (302 Rules)
2025-08-03 16:18:04,165 [INFO] DbMcusXml:78 - Set database path to: C:\ST\STM32CubeIDE_1.18.1\STM32CubeIDE\plugins\com.st.stm32cube.common.mx_6.14.1.202504091515\\db\/mcu/
2025-08-03 16:18:04,165 [INFO] ApiDb:274 - Set plugin database path to: C:\ST\STM32CubeIDE_1.18.1\STM32CubeIDE\plugins\com.st.stm32cube.common.mx_6.14.1.202504091515\\db\/plugins/boardmanager/
2025-08-03 16:18:04,165 [INFO] ApiDb:261 - Set plugin images path to: C:\ST\STM32CubeIDE_1.18.1\STM32CubeIDE\plugins\com.st.stm32cube.common.mx_6.14.1.202504091515\\db\/plugins/mcufinder/images/
2025-08-03 16:18:04,166 [WARN] DbFile:41 - Overriding database path with different value: C:\Users\Rui\.stmcufinder\plugins\mcufinder/ => C:\Users\Rui\.stmcufinder\plugins\mcufinder
2025-08-03 16:18:04,166 [INFO] ApiDb:250 - Set database path to: C:\Users\Rui\.stmcufinder\plugins\mcufinder//mcu/
2025-08-03 16:18:04,166 [WARN] DbFile:41 - Overriding database path with different value: C:\Users\Rui\.stmcufinder\plugins\mcufinder/ => C:\Users\Rui\.stmcufinder\plugins\mcufinder
2025-08-03 16:18:04,166 [INFO] DbMcusAds:125 - Set database path to: C:\Users\Rui\.stmcufinder\plugins\mcufinder//mcu/
2025-08-03 16:18:04,166 [WARN] DbFile:41 - Overriding database path with different value: C:\Users\Rui\.stmcufinder\plugins\mcufinder/ => C:\Users\Rui\.stmcufinder\plugins\mcufinder
2025-08-03 16:18:04,166 [WARN] DbFile:41 - Overriding database path with different value: C:\Users\Rui\.stmcufinder\plugins\mcufinder/ => C:\Users\Rui\.stmcufinder\plugins\mcufinder
2025-08-03 16:18:04,166 [INFO] CrossReferenceDbSqlite:203 - Set database path to: C:\Users\Rui\.stmcufinder\plugins\mcufinder//mcu/cs/
2025-08-03 16:18:04,237 [INFO] MainPanel:272 - HeapMemory: 268435456
2025-08-03 16:18:04,338 [INFO] DbMcusXml:78 - Set database path to: C:\ST\STM32CubeIDE_1.18.1\STM32CubeIDE\plugins\com.st.stm32cube.common.mx_6.14.1.202504091515\\db\/mcu/
2025-08-03 16:18:04,338 [INFO] ApiDb:274 - Set plugin database path to: C:\ST\STM32CubeIDE_1.18.1\STM32CubeIDE\plugins\com.st.stm32cube.common.mx_6.14.1.202504091515\\db\/plugins/boardmanager/
2025-08-03 16:18:04,338 [INFO] ApiDb:261 - Set plugin images path to: C:\ST\STM32CubeIDE_1.18.1\STM32CubeIDE\plugins\com.st.stm32cube.common.mx_6.14.1.202504091515\\db\/plugins/mcufinder/images/
2025-08-03 16:18:04,338 [WARN] DbFile:41 - Overriding database path with different value: C:\Users\Rui\.stmcufinder\plugins\mcufinder/ => C:\Users\Rui\.stmcufinder\plugins\mcufinder
2025-08-03 16:18:04,338 [INFO] ApiDb:250 - Set database path to: C:\Users\Rui\.stmcufinder\plugins\mcufinder//mcu/
2025-08-03 16:18:04,338 [WARN] DbFile:41 - Overriding database path with different value: C:\Users\Rui\.stmcufinder\plugins\mcufinder/ => C:\Users\Rui\.stmcufinder\plugins\mcufinder
2025-08-03 16:18:04,338 [INFO] DbMcusAds:125 - Set database path to: C:\Users\Rui\.stmcufinder\plugins\mcufinder//mcu/
2025-08-03 16:18:04,338 [WARN] DbFile:41 - Overriding database path with different value: C:\Users\Rui\.stmcufinder\plugins\mcufinder/ => C:\Users\Rui\.stmcufinder\plugins\mcufinder
2025-08-03 16:18:04,338 [WARN] DbFile:41 - Overriding database path with different value: C:\Users\Rui\.stmcufinder\plugins\mcufinder/ => C:\Users\Rui\.stmcufinder\plugins\mcufinder
2025-08-03 16:18:04,339 [INFO] CrossReferenceDbSqlite:203 - Set database path to: C:\Users\Rui\.stmcufinder\plugins\mcufinder//mcu/cs/
2025-08-03 16:18:04,355 [INFO] ApplicationProperties:184 - Using Application install path: C:\ST\STM32CubeIDE_1.18.1\STM32CubeIDE\plugins\com.st.stm32cube.common.mx_6.14.1.202504091515
2025-08-03 16:18:04,356 [INFO] PluginManage:196 - Search for loadable plugins [exclusion list=, ]
2025-08-03 16:18:04,358 [INFO] PluginManage:310 - Check plugin analytics
2025-08-03 16:18:04,506 [INFO] AnalyticsPlugin:253 - Accepted Software Licenses: 
2025-08-03 16:18:04,506 [INFO] AnalyticsPlugin:255 - Accepted CMSIS Pack Licenses: 
2025-08-03 16:18:04,506 [INFO] AnalyticsPlugin:257 - Accepted Firmware Licenses: 
2025-08-03 16:18:04,508 [INFO] PluginManage:359 - Loaded plugin analytics (category:tool,tabindex:-1)
2025-08-03 16:18:04,508 [INFO] PluginManage:310 - Check plugin cadmodel
2025-08-03 16:18:04,513 [INFO] CADModel:105 - Init CAD model plugin
2025-08-03 16:18:04,514 [INFO] PluginManage:359 - Loaded plugin cadmodel (category:power,tabindex:5)
2025-08-03 16:18:04,514 [INFO] PluginManage:310 - Check plugin clock
2025-08-03 16:18:04,523 [INFO] PluginManage:359 - Loaded plugin clock (category:base,tabindex:2)
2025-08-03 16:18:04,523 [INFO] PluginManage:310 - Check plugin ddr
2025-08-03 16:18:04,525 [INFO] PluginManage:359 - Loaded plugin ddr (category:tool,tabindex:6)
2025-08-03 16:18:04,526 [INFO] PluginManage:310 - Check plugin filemanager
2025-08-03 16:18:04,664 [INFO] PluginManage:359 - Loaded plugin filemanager (category:base,tabindex:10)
2025-08-03 16:18:04,664 [INFO] PluginManage:310 - Check plugin ipmanager
2025-08-03 16:18:04,670 [INFO] PluginManage:359 - Loaded plugin ipmanager (category:base,tabindex:5)
2025-08-03 16:18:04,671 [INFO] PluginManage:310 - Check plugin lpbam
2025-08-03 16:18:04,679 [INFO] PluginManage:359 - Loaded plugin lpbam (category:base,tabindex:0)
2025-08-03 16:18:04,679 [INFO] PluginManage:310 - Check plugin memorymap
2025-08-03 16:18:04,692 [INFO] PluginManage:359 - Loaded plugin memorymap (category:base,tabindex:4)
2025-08-03 16:18:04,692 [INFO] PluginManage:310 - Check plugin pinoutandconfiguration
2025-08-03 16:18:04,701 [INFO] PluginManage:359 - Loaded plugin pinoutandconfiguration (category:base,tabindex:1)
2025-08-03 16:18:04,701 [INFO] PluginManage:310 - Check plugin pinoutconfig
2025-08-03 16:18:04,785 [WARN] SupportedApi:132 - Cannot load RTOS API schema: s4s-elt-must-match.1: The content of 'definitions' must match (annotation?, (simpleType | complexType)?, (unique | key | keyref)*)). A problem was found starting at: attribute.
2025-08-03 16:18:04,917 [INFO] PluginManage:359 - Loaded plugin pinoutconfig (category:base,tabindex:0)
2025-08-03 16:18:04,917 [INFO] PluginManage:310 - Check plugin power
2025-08-03 16:18:04,928 [INFO] PluginManage:359 - Loaded plugin power (category:power,tabindex:4)
2025-08-03 16:18:04,928 [INFO] PluginManage:310 - Check plugin projectmanager
2025-08-03 16:18:04,944 [INFO] PluginManage:359 - Loaded plugin projectmanager (category:projectmanager,tabindex:4)
2025-08-03 16:18:04,944 [INFO] PluginManage:310 - Check plugin rif
2025-08-03 16:18:04,952 [INFO] PluginManage:359 - Loaded plugin rif (category:base,tabindex:3)
2025-08-03 16:18:04,953 [INFO] PluginManage:310 - Check plugin thirdparty
2025-08-03 16:18:05,086 [INFO] PluginManage:359 - Loaded plugin thirdparty (category:base,tabindex:-1)
2025-08-03 16:18:05,086 [WARN] IntegrityCheckThread:84 - waiting for thirdparty lock release [integrity check]
2025-08-03 16:18:05,087 [INFO] PluginManage:310 - Check plugin tools
2025-08-03 16:18:05,087 [INFO] IntegrityCheckThread:86 - entering critical section [integrity check]
2025-08-03 16:18:05,087 [INFO] ThirdPartyUpdaterWithRetryManager:70 - Updater plugin not ready yet. [1/15]
2025-08-03 16:18:05,091 [INFO] PluginManage:359 - Loaded plugin tools (category:base,tabindex:7)
2025-08-03 16:18:05,091 [INFO] PluginManage:310 - Check plugin tutovideos
2025-08-03 16:18:05,292 [INFO] PluginManage:359 - Loaded plugin tutovideos (category:base,tabindex:-1)
2025-08-03 16:18:05,293 [INFO] PluginManage:310 - Check plugin updater
2025-08-03 16:18:05,312 [INFO] PluginManage:359 - Loaded plugin updater (category:base,tabindex:12)
2025-08-03 16:18:05,313 [INFO] PluginManage:310 - Check plugin userauth
2025-08-03 16:18:05,316 [INFO] UserAuth:118 - Init User Auth plugin
2025-08-03 16:18:05,317 [INFO] PluginManage:359 - Loaded plugin userauth (category:base,tabindex:14)
2025-08-03 16:18:05,317 [INFO] PluginManage:283 - PluginManage : Loaded plugins [18]
2025-08-03 16:18:05,496 [INFO] PinOutPanel:1589 - setPackage(No Configuration,No Configuration)
2025-08-03 16:18:05,564 [INFO] CADModel:165 - CPN selected for project level
2025-08-03 16:18:05,564 [INFO] CADModel:114 - Register for checkConnection events
2025-08-03 16:18:05,583 [INFO] IPUIPlugin:80 - create IPUIPlugin
2025-08-03 16:18:05,584 [INFO] PluginManager:220 - loadIPPluginJar : add adc
2025-08-03 16:18:05,586 [INFO] IPUIPlugin:80 - create IPUIPlugin
2025-08-03 16:18:05,587 [INFO] PluginManager:220 - loadIPPluginJar : add aes
2025-08-03 16:18:05,589 [INFO] IPUIPlugin:80 - create IPUIPlugin
2025-08-03 16:18:05,589 [INFO] PluginManager:220 - loadIPPluginJar : add can
2025-08-03 16:18:05,592 [INFO] IPUIPlugin:80 - create IPUIPlugin
2025-08-03 16:18:05,592 [INFO] PluginManager:220 - loadIPPluginJar : add comp
2025-08-03 16:18:05,594 [INFO] IPUIPlugin:80 - create IPUIPlugin
2025-08-03 16:18:05,594 [INFO] PluginManager:220 - loadIPPluginJar : add cryp
2025-08-03 16:18:05,596 [INFO] IPUIPlugin:80 - create IPUIPlugin
2025-08-03 16:18:05,597 [INFO] PluginManager:220 - loadIPPluginJar : add ddr_ctrl_phy
2025-08-03 16:18:05,599 [INFO] IPUIPlugin:80 - create IPUIPlugin
2025-08-03 16:18:05,599 [INFO] PluginManager:220 - loadIPPluginJar : add dfsdm
2025-08-03 16:18:05,604 [INFO] IPUIPlugin:80 - create IPUIPlugin
2025-08-03 16:18:05,605 [INFO] PluginManager:220 - loadIPPluginJar : add dma
2025-08-03 16:18:05,607 [INFO] IPUIPlugin:80 - create IPUIPlugin
2025-08-03 16:18:05,607 [INFO] PluginManager:220 - loadIPPluginJar : add dma3
2025-08-03 16:18:05,610 [INFO] IPUIPlugin:80 - create IPUIPlugin
2025-08-03 16:18:05,610 [INFO] PluginManager:220 - loadIPPluginJar : add extmemmanager
2025-08-03 16:18:05,611 [INFO] IPUIPlugin:80 - create IPUIPlugin
2025-08-03 16:18:05,611 [INFO] PluginManager:220 - loadIPPluginJar : add fatfs
2025-08-03 16:18:05,615 [INFO] IPUIPlugin:80 - create IPUIPlugin
2025-08-03 16:18:05,615 [INFO] PluginManager:220 - loadIPPluginJar : add fmc
2025-08-03 16:18:05,621 [INFO] IPUIPlugin:80 - create IPUIPlugin
2025-08-03 16:18:05,621 [INFO] PluginManager:220 - loadIPPluginJar : add freertos
2025-08-03 16:18:05,623 [INFO] IPUIPlugin:80 - create IPUIPlugin
2025-08-03 16:18:05,623 [INFO] PluginManager:220 - loadIPPluginJar : add genericplugin
2025-08-03 16:18:05,625 [INFO] IPUIPlugin:80 - create IPUIPlugin
2025-08-03 16:18:05,625 [INFO] PluginManager:220 - loadIPPluginJar : add gfxmmu
2025-08-03 16:18:05,630 [INFO] IPUIPlugin:80 - create IPUIPlugin
2025-08-03 16:18:05,630 [INFO] PluginManager:220 - loadIPPluginJar : add gic
2025-08-03 16:18:05,634 [INFO] IPUIPlugin:80 - create IPUIPlugin
2025-08-03 16:18:05,634 [INFO] PluginManager:220 - loadIPPluginJar : add gpio
2025-08-03 16:18:05,637 [INFO] IPUIPlugin:80 - create IPUIPlugin
2025-08-03 16:18:05,637 [INFO] PluginManager:220 - loadIPPluginJar : add gtzc
2025-08-03 16:18:05,639 [INFO] IPUIPlugin:80 - create IPUIPlugin
2025-08-03 16:18:05,639 [INFO] PluginManager:220 - loadIPPluginJar : add hash
2025-08-03 16:18:05,642 [INFO] IPUIPlugin:80 - create IPUIPlugin
2025-08-03 16:18:05,642 [INFO] PluginManager:220 - loadIPPluginJar : add i2c
2025-08-03 16:18:05,645 [INFO] IPUIPlugin:80 - create IPUIPlugin
2025-08-03 16:18:05,645 [INFO] PluginManager:220 - loadIPPluginJar : add i2s
2025-08-03 16:18:05,648 [INFO] IPUIPlugin:80 - create IPUIPlugin
2025-08-03 16:18:05,648 [INFO] PluginManager:220 - loadIPPluginJar : add i3c
2025-08-03 16:18:05,651 [INFO] IPUIPlugin:80 - create IPUIPlugin
2025-08-03 16:18:05,652 [INFO] PluginManager:220 - loadIPPluginJar : add ipddr
2025-08-03 16:18:05,660 [INFO] IPUIPlugin:80 - create IPUIPlugin
2025-08-03 16:18:05,660 [INFO] PluginManager:220 - loadIPPluginJar : add linkedlist
2025-08-03 16:18:05,663 [INFO] IPUIPlugin:80 - create IPUIPlugin
2025-08-03 16:18:05,663 [INFO] PluginManager:220 - loadIPPluginJar : add lorawan
2025-08-03 16:18:05,665 [INFO] IPUIPlugin:80 - create IPUIPlugin
2025-08-03 16:18:05,665 [INFO] PluginManager:220 - loadIPPluginJar : add ltdc
2025-08-03 16:18:05,671 [INFO] IPUIPlugin:80 - create IPUIPlugin
2025-08-03 16:18:05,671 [INFO] PluginManager:220 - loadIPPluginJar : add mdma
2025-08-03 16:18:05,675 [INFO] IPUIPlugin:80 - create IPUIPlugin
2025-08-03 16:18:05,675 [INFO] PluginManager:220 - loadIPPluginJar : add nvic
2025-08-03 16:18:05,678 [INFO] IPUIPlugin:80 - create IPUIPlugin
2025-08-03 16:18:05,678 [INFO] PluginManager:220 - loadIPPluginJar : add opamp
2025-08-03 16:18:05,681 [INFO] IPUIPlugin:80 - create IPUIPlugin
2025-08-03 16:18:05,681 [INFO] PluginManager:220 - loadIPPluginJar : add openamp
2025-08-03 16:18:05,684 [INFO] IPUIPlugin:80 - create IPUIPlugin
2025-08-03 16:18:05,684 [INFO] PluginManager:220 - loadIPPluginJar : add pdm2pcm
2025-08-03 16:18:05,690 [INFO] IPUIPlugin:80 - create IPUIPlugin
2025-08-03 16:18:05,693 [INFO] PluginManager:220 - loadIPPluginJar : add plateformsettings
2025-08-03 16:18:05,695 [INFO] IPUIPlugin:80 - create IPUIPlugin
2025-08-03 16:18:05,695 [INFO] PluginManager:220 - loadIPPluginJar : add quadspi
2025-08-03 16:18:05,697 [INFO] IPUIPlugin:80 - create IPUIPlugin
2025-08-03 16:18:05,698 [INFO] PluginManager:220 - loadIPPluginJar : add radio
2025-08-03 16:18:05,703 [INFO] IPUIPlugin:80 - create IPUIPlugin
2025-08-03 16:18:05,703 [INFO] PluginManager:220 - loadIPPluginJar : add resmgrutility
2025-08-03 16:18:05,706 [INFO] IPUIPlugin:80 - create IPUIPlugin
2025-08-03 16:18:05,706 [INFO] PluginManager:220 - loadIPPluginJar : add sai
2025-08-03 16:18:05,709 [INFO] IPUIPlugin:80 - create IPUIPlugin
2025-08-03 16:18:05,709 [INFO] PluginManager:220 - loadIPPluginJar : add spi
2025-08-03 16:18:05,714 [INFO] IPUIPlugin:80 - create IPUIPlugin
2025-08-03 16:18:05,715 [INFO] PluginManager:220 - loadIPPluginJar : add stm32_wpan
2025-08-03 16:18:05,717 [INFO] IPUIPlugin:80 - create IPUIPlugin
2025-08-03 16:18:05,717 [INFO] PluginManager:220 - loadIPPluginJar : add tim
2025-08-03 16:18:05,720 [INFO] IPUIPlugin:80 - create IPUIPlugin
2025-08-03 16:18:05,720 [INFO] PluginManager:220 - loadIPPluginJar : add touchsensing
2025-08-03 16:18:05,723 [INFO] IPUIPlugin:80 - create IPUIPlugin
2025-08-03 16:18:05,723 [INFO] PluginManager:220 - loadIPPluginJar : add tracer_emb
2025-08-03 16:18:05,726 [INFO] IPUIPlugin:80 - create IPUIPlugin
2025-08-03 16:18:05,726 [INFO] PluginManager:220 - loadIPPluginJar : add ts
2025-08-03 16:18:05,726 [INFO] IPUIPlugin:80 - create IPUIPlugin
2025-08-03 16:18:05,727 [INFO] PluginManager:220 - loadIPPluginJar : add tsc
2025-08-03 16:18:05,728 [INFO] IPUIPlugin:80 - create IPUIPlugin
2025-08-03 16:18:05,728 [INFO] PluginManager:220 - loadIPPluginJar : add ucpd
2025-08-03 16:18:05,730 [INFO] IPUIPlugin:80 - create IPUIPlugin
2025-08-03 16:18:05,730 [INFO] PluginManager:220 - loadIPPluginJar : add usart
2025-08-03 16:18:05,733 [INFO] IPUIPlugin:80 - create IPUIPlugin
2025-08-03 16:18:05,733 [INFO] PluginManager:220 - loadIPPluginJar : add usbx
2025-08-03 16:18:05,846 [FATAL] Updater:351 - Updater called before beeing initialized
2025-08-03 16:18:05,873 [INFO] RulesReader:64 - Compatibility file has been processed (302 Rules)
2025-08-03 16:18:05,881 [INFO] RulesReader:64 - Compatibility file has been processed (302 Rules)
2025-08-03 16:18:05,889 [INFO] CADModel:165 - CPN selected for project level
2025-08-03 16:18:05,889 [INFO] CADModel:114 - Register for checkConnection events
2025-08-03 16:18:05,889 [FATAL] Updater:351 - Updater called before beeing initialized
2025-08-03 16:18:05,889 [ERROR] CADModel:125 - Updater not yet initialized, retry later 
2025-08-03 16:18:05,998 [FATAL] Updater:351 - Updater called before beeing initialized
2025-08-03 16:18:06,000 [INFO] CADModel:165 - CPN selected for project level
2025-08-03 16:18:06,000 [INFO] CADModel:114 - Register for checkConnection events
2025-08-03 16:18:06,000 [FATAL] Updater:351 - Updater called before beeing initialized
2025-08-03 16:18:06,000 [ERROR] CADModel:125 - Updater not yet initialized, retry later 
2025-08-03 16:18:06,004 [FATAL] Updater:351 - Updater called before beeing initialized
2025-08-03 16:18:06,082 [FATAL] Updater:351 - Updater called before beeing initialized
2025-08-03 16:18:06,086 [INFO] DbMcusAds:53 - JSON generation date=Tue Jul 08 10:14:23 CEST 2025 (1751962463593)
2025-08-03 16:18:06,087 [FATAL] Updater:351 - Updater called before beeing initialized
2025-08-03 16:18:06,119 [WARN] DetailPanel:346 - Failed to get advertising image, set to default
2025-08-03 16:18:06,305 [FATAL] Updater:351 - Updater called before beeing initialized
2025-08-03 16:18:06,308 [FATAL] Updater:351 - Updater called before beeing initialized
2025-08-03 16:18:06,308 [FATAL] Updater:351 - Updater called before beeing initialized
2025-08-03 16:18:06,308 [WARN] DetailPanel:346 - Failed to get advertising image, set to default
2025-08-03 16:18:06,309 [FATAL] Updater:351 - Updater called before beeing initialized
2025-08-03 16:18:06,345 [ERROR] Updater:1198 - MainUpdater not yet initialized. External WinMGr cannot be set.
2025-08-03 16:18:06,347 [INFO] Updater:1134 - Updater Version found : 6.14.1
2025-08-03 16:18:06,366 [INFO] ApplicationProperties:184 - Using Application install path: C:\ST\STM32CubeIDE_1.18.1\STM32CubeIDE\plugins\com.st.stm32cube.common.mx_6.14.1.202504091515
2025-08-03 16:18:07,958 [ERROR] LogOutputStream:75 - [STDERR_REDIRECT] Aug 03, 2025 4:18:07 PM java.util.prefs.WindowsPreferences <init>
2025-08-03 16:18:07,959 [ERROR] LogOutputStream:75 - [STDERR_REDIRECT] WARNING: Could not open/create prefs root node Software\JavaSoft\Prefs at root 0xffffffff80000002. Windows RegCreateKeyEx(...) returned error code 5.
2025-08-03 16:18:07,959 [ERROR] LogOutputStream:75 - [STDERR_REDIRECT] 
2025-08-03 16:18:08,089 [INFO] ThirdPartyUpdaterWithRetryManager:70 - Updater plugin not ready yet. [2/15]
2025-08-03 16:18:08,185 [INFO] MainUpdater:2872 - connection check result : 10
2025-08-03 16:18:08,185 [INFO] MainUpdater:3566 - Updater definition file requires update
2025-08-03 16:18:08,186 [INFO] MainUpdater:289 - Updater Check For Update Now.
2025-08-03 16:18:08,186 [INFO] MicroXplorer:498 - Change Database Version : DB.6.0.141
2025-08-03 16:18:08,190 [INFO] McuFinderGlobals:63 - Set McuFinder mode to 2 (CubeIDE integrated)
2025-08-03 16:18:08,190 [INFO] UserAuth:171 - activating auth plugin
2025-08-03 16:18:08,192 [INFO] UserAuth:484 - Internet connection configuration mode: 1
2025-08-03 16:18:08,203 [INFO] ServerAccessManage:473 - Download File updaters.zip
2025-08-03 16:18:08,217 [INFO] JxBrowserEngine:152 - Initiate JxBrowser Engine with user profile folder
2025-08-03 16:18:08,262 [INFO] FileExtend:242 - Unzip File : updaters.zip
2025-08-03 16:18:08,263 [INFO] FileExtend:257 - Standard Zip Deflate
2025-08-03 16:18:08,566 [INFO] ServerAccessManage:473 - Download File PacksControlFlags.xml
2025-08-03 16:18:08,616 [INFO] ServerAccessManage:473 - Download File cubemx.pidx
2025-08-03 16:18:08,847 [INFO] ServerAccessManage:473 - Download File STMicroelectronics.FP-SNS-STBOX1.pdsc
2025-08-03 16:18:09,126 [INFO] ServerAccessManage:473 - Download File STMicroelectronics.X-CUBE-AI.pdsc
2025-08-03 16:18:09,218 [INFO] WebApp:169 - Instantiating new browser for Auth
2025-08-03 16:18:09,819 [INFO] WebApp:463 - Apply proxy settings
2025-08-03 16:18:09,819 [INFO] WebApp:548 - Chromium requires no authentication
2025-08-03 16:18:09,827 [INFO] WebApp:491 - Direct internet connection detected
2025-08-03 16:18:09,847 [INFO] WebApp:894 - Register for checkConnection events
2025-08-03 16:18:09,847 [INFO] WebApp:463 - Apply proxy settings
2025-08-03 16:18:09,847 [INFO] WebApp:548 - Chromium requires no authentication
2025-08-03 16:18:09,847 [INFO] WebApp:491 - Direct internet connection detected
2025-08-03 16:18:09,973 [INFO] WebApp:225 - Starting web application
2025-08-03 16:18:09,973 [INFO] WebApp:593 - Web application path used C:\ST\STM32CubeIDE_1.18.1\STM32CubeIDE\plugins\com.st.stm32cube.common.mx_6.14.1.202504091515\db\plugins\mcufinder\reactClient1\index.html
2025-08-03 16:18:10,098 [INFO] WebApp:191 - Connection restablished
2025-08-03 16:18:10,777 [WARN] PopulateThirdPartyThread:106 - Error when creating pack: C:/Users/Rui/.stm32cubemx/thirdparties/pdsc/STMicroelectronics.FP-SNS-STBOX1.pdsc
2025-08-03 16:18:10,809 [WARN] PackLoader:240 - Cannot read IP mode file for STMicroelectronics.X-CUBE-AI.10.2.0
2025-08-03 16:18:10,810 [INFO] PopulateThirdPartyThread:66 - Ending populate Thread
2025-08-03 16:18:10,812 [INFO] ThirdParty:1030 - CMSIS Pack Vendor :STMicroelectronics X-CUBE-AI 10.2.0
2025-08-03 16:18:10,812 [INFO] LoadServerUpdatesThread:375 - End of LoadServerUpdate Thread
2025-08-03 16:18:10,921 [INFO] CheckServerUpdateThread:120 - End of CheckServer Thread
2025-08-03 16:18:11,318 [WARN] PackLoader:240 - Cannot read IP mode file for STMicroelectronics.FP-SNS-MOTENVWB1.1.4.0
2025-08-03 16:18:11,322 [WARN] PackLoader:240 - Cannot read IP mode file for STMicroelectronics.FP-ATR-ASTRA1.2.0.2
2025-08-03 16:18:11,328 [WARN] PackLoader:240 - Cannot read IP mode file for STMicroelectronics.X-CUBE-SMBUS.2.1.0
2025-08-03 16:18:11,332 [WARN] PackLoader:240 - Cannot read IP mode file for STMicroelectronics.X-CUBE-ST60.1.0.0
2025-08-03 16:18:11,349 [WARN] PackLoader:240 - Cannot read IP mode file for STMicroelectronics.X-CUBE-AZRTOS-F7.1.1.0
2025-08-03 16:18:11,369 [WARN] PackLoader:240 - Cannot read IP mode file for Infineon.AIROC-Wi-Fi-Bluetooth-STM32.1.7.0
2025-08-03 16:18:11,398 [WARN] PackLoader:240 - Cannot read IP mode file for STMicroelectronics.X-CUBE-AZRTOS-H7.3.4.0
2025-08-03 16:18:11,406 [WARN] PackLoader:240 - Cannot read IP mode file for STMicroelectronics.X-CUBE-DISPLAY.3.0.0
2025-08-03 16:18:11,417 [WARN] PackLoader:240 - Cannot read IP mode file for STMicroelectronics.X-CUBE-NFC10.1.0.0
2025-08-03 16:18:11,427 [WARN] PackLoader:240 - Cannot read IP mode file for STMicroelectronics.X-CUBE-BLEMGR.4.0.0
2025-08-03 16:18:11,434 [WARN] PackLoader:240 - Cannot read IP mode file for emotas.I-CUBE-CANOPEN.1.3.0
2025-08-03 16:18:11,438 [WARN] ConditionMgr:438 - getConditionDescription Invalid condition id : Cortex-A Device cause : null
2025-08-03 16:18:11,448 [WARN] ConditionMgr:1044 - genDependencies : Invalid condition id : Cortex-A Device cause : null
2025-08-03 16:18:11,448 [WARN] ConditionMgr:1044 - genDependencies : Invalid condition id : Cortex-A Device cause : null
2025-08-03 16:18:11,448 [WARN] ConditionMgr:1044 - genDependencies : Invalid condition id : Cortex-A Device cause : null
2025-08-03 16:18:11,451 [ERROR] Engine:466 - C:\Users\Rui\.stm32cubemx\thirdparties\pdsc\STMicroelectronics.FP-SNS-STBOX1.2.1.0.pdsc: PDSC version is not supported
2025-08-03 16:18:11,454 [WARN] PackLoader:240 - Cannot read IP mode file for STMicroelectronics.FP-SNS-SMARTAG2.1.2.0
2025-08-03 16:18:11,458 [WARN] PackLoader:240 - Cannot read IP mode file for STMicroelectronics.FP-SNS-FLIGHT1.5.1.0
2025-08-03 16:18:11,465 [INFO] LogOutputStream:77 - [STDOUT_REDIRECT] 1 : Invalid condition id : UX_CORESTACK_Condition cause : null
2025-08-03 16:18:11,466 [INFO] LogOutputStream:77 - [STDOUT_REDIRECT] 1 : Invalid condition id : UX_CORESTACK_Condition cause : null
2025-08-03 16:18:11,467 [INFO] LogOutputStream:77 - [STDOUT_REDIRECT] 1 : Invalid condition id : UX_CORESTACK_Condition cause : null
2025-08-03 16:18:11,468 [INFO] LogOutputStream:77 - [STDOUT_REDIRECT] 1 : Invalid condition id : UX_CORESTACK_Condition cause : null
2025-08-03 16:18:11,468 [INFO] LogOutputStream:77 - [STDOUT_REDIRECT] 1 : Invalid condition id : UX_CORESTACK_Condition cause : null
2025-08-03 16:18:11,470 [WARN] PackLoader:240 - Cannot read IP mode file for STMicroelectronics.X-CUBE-AZRTOS-WL.2.0.0
2025-08-03 16:18:11,475 [WARN] PackLoader:240 - Cannot read IP mode file for STMicroelectronics.FP-SNS-MOTENV1.5.0.0
2025-08-03 16:18:11,480 [WARN] PackLoader:240 - Cannot read IP mode file for WES.I-CUBE-Cesium.1.3.0
2025-08-03 16:18:11,484 [WARN] PackLoader:240 - Cannot read IP mode file for STMicroelectronics.X-CUBE-BLE2.3.3.0
2025-08-03 16:18:11,489 [WARN] PackLoader:240 - Cannot read IP mode file for STMicroelectronics.X-CUBE-NFC9.1.0.0
2025-08-03 16:18:11,494 [WARN] PackLoader:240 - Cannot read IP mode file for wolfSSL.I-CUBE-wolfSSL.5.8.0
2025-08-03 16:18:11,498 [WARN] PackLoader:240 - Cannot read IP mode file for STMicroelectronics.X-CUBE-BLE1.7.1.0
2025-08-03 16:18:11,502 [WARN] PackLoader:240 - Cannot read IP mode file for wolfSSL.I-CUBE-wolfMQTT.1.19.2
2025-08-03 16:18:11,506 [WARN] PackLoader:240 - Cannot read IP mode file for STMicroelectronics.X-CUBE-EEPRMA1.5.2.0
2025-08-03 16:18:11,511 [WARN] PackLoader:240 - Cannot read IP mode file for STMicroelectronics.X-CUBE-AI.10.1.0
2025-08-03 16:18:11,520 [WARN] PackLoader:240 - Cannot read IP mode file for STMicroelectronics.X-CUBE-AZRTOS-G0.1.1.0
2025-08-03 16:18:11,525 [WARN] PackLoader:240 - Cannot read IP mode file for STMicroelectronics.X-CUBE-SAFEA1.1.2.2
2025-08-03 16:18:11,530 [WARN] PackLoader:240 - Cannot read IP mode file for STMicroelectronics.X-CUBE-NFC4.3.0.0
2025-08-03 16:18:11,536 [WARN] PackLoader:240 - Cannot read IP mode file for EmbeddedOffice.I-CUBE-FS-RTOS.1.0.1
2025-08-03 16:18:11,540 [WARN] PackLoader:240 - Cannot read IP mode file for STMicroelectronics.X-CUBE-WB05N.2.0.0
2025-08-03 16:18:11,544 [WARN] PackLoader:240 - Cannot read IP mode file for wolfSSL.I-CUBE-wolfTPM.3.8.0
2025-08-03 16:18:11,548 [WARN] PackLoader:240 - Cannot read IP mode file for STMicroelectronics.X-CUBE-TCPP.4.2.0
2025-08-03 16:18:11,552 [WARN] PackLoader:240 - Cannot read IP mode file for RealThread.X-CUBE-RT-Thread_Nano.4.1.1
2025-08-03 16:18:11,556 [WARN] PackLoader:240 - Cannot read IP mode file for STMicroelectronics.FP-ATR-SIGFOX1.3.2.0
2025-08-03 16:18:11,560 [WARN] PackLoader:240 - Cannot read IP mode file for STMicroelectronics.X-CUBE-EEPRMA1.5.1.0
2025-08-03 16:18:11,565 [WARN] PackLoader:240 - Cannot read IP mode file for ITTIA_DB.I-CUBE-ITTIADB.8.9.0
2025-08-03 16:18:11,569 [WARN] PackLoader:240 - Cannot read IP mode file for STMicroelectronics.X-CUBE-ST67W61.1.0.0
2025-08-03 16:18:11,572 [WARN] PackLoader:240 - Cannot read IP mode file for STMicroelectronics.X-CUBE-AI.10.2.0
2025-08-03 16:18:11,590 [WARN] PackLoader:240 - Cannot read IP mode file for SEGGER.I-CUBE-embOS.1.3.1
2025-08-03 16:18:11,616 [WARN] PackLoader:240 - Cannot read IP mode file for STMicroelectronics.X-CUBE-ALGOBUILD.1.4.0
2025-08-03 16:18:11,641 [WARN] PackLoader:240 - Cannot read IP mode file for STMicroelectronics.X-CUBE-MEMS1.11.3.0
2025-08-03 16:18:11,724 [WARN] PackLoader:240 - Cannot read IP mode file for STMicroelectronics.X-CUBE-PM33A1.1.0.0
2025-08-03 16:18:11,738 [WARN] PackLoader:240 - Cannot read IP mode file for STMicroelectronics.X-CUBE-AZRTOS-F4.1.1.0
2025-08-03 16:18:11,743 [WARN] PackLoader:240 - Cannot read IP mode file for Avnet-IotConnect.X-CUBE-IoTC-DA16k-PMOD.1.0.0
2025-08-03 16:18:11,747 [WARN] PackLoader:240 - Cannot read IP mode file for STMicroelectronics.X-CUBE-ISPU.2.1.0
2025-08-03 16:18:11,759 [WARN] PackLoader:240 - Cannot read IP mode file for STMicroelectronics.X-CUBE-NFC12.1.0.0
2025-08-03 16:18:11,773 [WARN] PackLoader:240 - Cannot read IP mode file for STMicroelectronics.X-CUBE-AZRTOS-L5.2.0.0
2025-08-03 16:18:11,780 [WARN] PackLoader:240 - Cannot read IP mode file for STMicroelectronics.X-CUBE-NFC6.3.1.0
2025-08-03 16:18:11,787 [WARN] PackLoader:240 - Cannot read IP mode file for STMicroelectronics.X-CUBE-FREERTOS.1.3.1
2025-08-03 16:18:11,790 [WARN] PackLoader:240 - Cannot read IP mode file for STMicroelectronics.FP-SNS-STAIOTCFT.1.0.0
2025-08-03 16:18:11,794 [WARN] PackLoader:240 - Cannot read IP mode file for STMicroelectronics.X-CUBE-DPower.1.3.0
2025-08-03 16:18:11,804 [WARN] ConditionMgr:438 - getConditionDescription Invalid condition id : LAN8742 Phy interface Condition cause : null
2025-08-03 16:18:11,804 [WARN] PackLoader:240 - Cannot read IP mode file for STMicroelectronics.X-CUBE-AZRTOS-L4.2.0.0
2025-08-03 16:18:11,805 [WARN] ConditionMgr:1044 - genDependencies : Invalid condition id : LAN8742 Phy interface Condition cause : null
2025-08-03 16:18:11,805 [WARN] ConditionMgr:1044 - genDependencies : Invalid condition id : LAN8742 Phy interface Condition cause : null
2025-08-03 16:18:11,805 [WARN] ConditionMgr:1044 - genDependencies : Invalid condition id : LAN8742 Phy interface Condition cause : null
2025-08-03 16:18:11,810 [WARN] PackLoader:240 - Cannot read IP mode file for STMicroelectronics.X-CUBE-SFXS2LP1.4.0.0
2025-08-03 16:18:11,820 [WARN] PackLoader:240 - Cannot read IP mode file for STMicroelectronics.X-CUBE-AZRTOS-H7.3.3.0
2025-08-03 16:18:11,827 [WARN] PackLoader:240 - Cannot read IP mode file for STMicroelectronics.X-CUBE-BLEMGR.4.1.0
2025-08-03 16:18:11,835 [WARN] ConditionMgr:438 - getConditionDescription Invalid condition id : UX DEVICE CLASS RTOS Condition cause : null
2025-08-03 16:18:11,836 [WARN] ConditionMgr:438 - getConditionDescription Invalid condition id : UX DEVICE CLASS RTOS Condition cause : null
2025-08-03 16:18:11,837 [WARN] PackLoader:240 - Cannot read IP mode file for STMicroelectronics.X-CUBE-AZRTOS-WB.2.0.0
2025-08-03 16:18:11,837 [WARN] ConditionMgr:1044 - genDependencies : Invalid condition id : UX DEVICE CLASS RTOS Condition cause : null
2025-08-03 16:18:11,837 [WARN] ConditionMgr:1044 - genDependencies : Invalid condition id : UX DEVICE CLASS RTOS Condition cause : null
2025-08-03 16:18:11,837 [WARN] ConditionMgr:1044 - genDependencies : Invalid condition id : UX DEVICE CLASS RTOS Condition cause : null
2025-08-03 16:18:11,837 [WARN] ConditionMgr:1044 - genDependencies : Invalid condition id : UX DEVICE CLASS RTOS Condition cause : null
2025-08-03 16:18:11,837 [WARN] ConditionMgr:1044 - genDependencies : Invalid condition id : UX DEVICE CLASS RTOS Condition cause : null
2025-08-03 16:18:11,842 [WARN] PackLoader:240 - Cannot read IP mode file for STMicroelectronics.X-CUBE-GNSS1.7.0.1
2025-08-03 16:18:11,845 [WARN] PackLoader:240 - Cannot read IP mode file for STMicroelectronics.X-CUBE-TOUCHGFX.4.25.0
2025-08-03 16:18:11,849 [WARN] PackLoader:240 - Cannot read IP mode file for STMicroelectronics.FP-SNS-STBOX1.2.0.0
2025-08-03 16:18:11,857 [WARN] PackLoader:240 - Cannot read IP mode file for STMicroelectronics.X-CUBE-SUBG2.5.0.0
2025-08-03 16:18:11,868 [WARN] PackLoader:240 - Cannot read IP mode file for STMicroelectronics.X-CUBE-AZRTOS-H7RS.1.1.0
2025-08-03 16:18:11,872 [WARN] PackLoader:240 - Cannot read IP mode file for Cesanta.I-CUBE-Mongoose.7.13.0
2025-08-03 16:18:11,880 [WARN] PackLoader:240 - Cannot read IP mode file for STMicroelectronics.X-CUBE-AZRTOS-G4.2.0.0
2025-08-03 16:18:11,883 [WARN] PackLoader:240 - Cannot read IP mode file for wolfSSL.I-CUBE-wolfSSH.1.4.20
2025-08-03 16:18:11,886 [WARN] PackLoader:240 - Cannot read IP mode file for STMicroelectronics.X-CUBE-NFC7.2.0.0
2025-08-03 16:18:11,894 [WARN] PackLoader:240 - Cannot read IP mode file for STMicroelectronics.X-CUBE-IPS.3.1.0
2025-08-03 16:18:11,899 [WARN] PackLoader:240 - Cannot read IP mode file for STMicroelectronics.X-CUBE-ALS.1.0.2
2025-08-03 16:18:11,903 [WARN] PackLoader:240 - Cannot read IP mode file for portGmbH.I-Cube-SoM-uGOAL.1.1.0
2025-08-03 16:18:11,910 [WARN] PackLoader:240 - Cannot read IP mode file for STMicroelectronics.X-CUBE-TOF1.3.4.3
2025-08-03 16:18:11,915 [INFO] ThirdParty:978 - Integrity check success = true
2025-08-03 16:18:11,915 [INFO] IntegrityCheckThread:100 - exiting critical section [integrity check]
2025-08-03 16:18:11,915 [INFO] IntegrityCheckThread:103 - End integrity checks thread
2025-08-03 17:48:44,353 [INFO] WebApp:194 - Connection lost
2025-08-03 17:48:45,501 [INFO] WebApp:191 - Connection restablished
2025-08-03 17:48:47,815 [INFO] WebApp:194 - Connection lost
2025-08-03 17:48:49,576 [INFO] WebApp:191 - Connection restablished
2025-08-03 17:48:50,231 [INFO] WebApp:194 - Connection lost
2025-08-03 17:48:50,843 [INFO] WebApp:191 - Connection restablished
2025-08-03 17:51:34,664 [INFO] WebApp:194 - Connection lost
2025-08-03 17:51:34,837 [INFO] WebApp:191 - Connection restablished
2025-08-03 17:54:16,194 [ERROR] LogOutputStream:75 - [STDERR_REDIRECT] 
