2025-08-07 18:24:51,333 [INFO] Activator:176 - 


2025-08-07 18:24:51,338 [INFO] Activator:177 - !SESSION log4j initialized
2025-08-07 18:24:55,721 [INFO] LogOutputStream:77 - [STDOUT_REDIRECT] 
2025-08-07 18:25:00,618 [INFO] ApplicationProperties:184 - Using Application install path: C:\ST\STM32CubeIDE_1.18.1\STM32CubeIDE\plugins\com.st.stm32cube.common.mx_6.14.1.202504091515
2025-08-07 18:25:00,634 [INFO] DbMcusXml:78 - Set database path to: C:\ST\STM32CubeIDE_1.18.1\STM32CubeIDE\plugins\com.st.stm32cube.common.mx_6.14.1.202504091515\\db\/mcu/
2025-08-07 18:25:00,634 [INFO] ApiDb:274 - Set plugin database path to: C:\ST\STM32CubeIDE_1.18.1\STM32CubeIDE\plugins\com.st.stm32cube.common.mx_6.14.1.202504091515\\db\/plugins/boardmanager/
2025-08-07 18:25:00,635 [WARN] ApiDb:259 - Overriding images path with different value:  => C:\ST\STM32CubeIDE_1.18.1\STM32CubeIDE\plugins\com.st.stm32cube.common.mx_6.14.1.202504091515\\db\/plugins/mcufinder/images/
2025-08-07 18:25:00,642 [INFO] ApiDb:250 - Set database path to: C:\Users\Rui\.stmcufinder\plugins\mcufinder//mcu/
2025-08-07 18:25:00,643 [INFO] DbMcusAds:125 - Set database path to: C:\Users\Rui\.stmcufinder\plugins\mcufinder//mcu/
2025-08-07 18:25:00,645 [INFO] CrossReferenceDbSqlite:203 - Set database path to: C:\Users\Rui\.stmcufinder\plugins\mcufinder//mcu/cs/
2025-08-07 18:25:00,740 [INFO] RulesReader:64 - Compatibility file has been processed (302 Rules)
2025-08-07 18:25:00,803 [INFO] DbMcusXml:78 - Set database path to: C:\ST\STM32CubeIDE_1.18.1\STM32CubeIDE\plugins\com.st.stm32cube.common.mx_6.14.1.202504091515\\db\/mcu/
2025-08-07 18:25:00,803 [INFO] ApiDb:274 - Set plugin database path to: C:\ST\STM32CubeIDE_1.18.1\STM32CubeIDE\plugins\com.st.stm32cube.common.mx_6.14.1.202504091515\\db\/plugins/boardmanager/
2025-08-07 18:25:00,803 [INFO] ApiDb:261 - Set plugin images path to: C:\ST\STM32CubeIDE_1.18.1\STM32CubeIDE\plugins\com.st.stm32cube.common.mx_6.14.1.202504091515\\db\/plugins/mcufinder/images/
2025-08-07 18:25:00,803 [WARN] DbFile:41 - Overriding database path with different value: C:\Users\Rui\.stmcufinder\plugins\mcufinder/ => C:\Users\Rui\.stmcufinder\plugins\mcufinder
2025-08-07 18:25:00,804 [INFO] ApiDb:250 - Set database path to: C:\Users\Rui\.stmcufinder\plugins\mcufinder//mcu/
2025-08-07 18:25:00,804 [WARN] DbFile:41 - Overriding database path with different value: C:\Users\Rui\.stmcufinder\plugins\mcufinder/ => C:\Users\Rui\.stmcufinder\plugins\mcufinder
2025-08-07 18:25:00,804 [INFO] DbMcusAds:125 - Set database path to: C:\Users\Rui\.stmcufinder\plugins\mcufinder//mcu/
2025-08-07 18:25:00,804 [WARN] DbFile:41 - Overriding database path with different value: C:\Users\Rui\.stmcufinder\plugins\mcufinder/ => C:\Users\Rui\.stmcufinder\plugins\mcufinder
2025-08-07 18:25:00,804 [WARN] DbFile:41 - Overriding database path with different value: C:\Users\Rui\.stmcufinder\plugins\mcufinder/ => C:\Users\Rui\.stmcufinder\plugins\mcufinder
2025-08-07 18:25:00,804 [INFO] CrossReferenceDbSqlite:203 - Set database path to: C:\Users\Rui\.stmcufinder\plugins\mcufinder//mcu/cs/
2025-08-07 18:25:00,872 [INFO] MainPanel:272 - HeapMemory: 268435456
2025-08-07 18:25:00,970 [INFO] DbMcusXml:78 - Set database path to: C:\ST\STM32CubeIDE_1.18.1\STM32CubeIDE\plugins\com.st.stm32cube.common.mx_6.14.1.202504091515\\db\/mcu/
2025-08-07 18:25:00,970 [INFO] ApiDb:274 - Set plugin database path to: C:\ST\STM32CubeIDE_1.18.1\STM32CubeIDE\plugins\com.st.stm32cube.common.mx_6.14.1.202504091515\\db\/plugins/boardmanager/
2025-08-07 18:25:00,970 [INFO] ApiDb:261 - Set plugin images path to: C:\ST\STM32CubeIDE_1.18.1\STM32CubeIDE\plugins\com.st.stm32cube.common.mx_6.14.1.202504091515\\db\/plugins/mcufinder/images/
2025-08-07 18:25:00,970 [WARN] DbFile:41 - Overriding database path with different value: C:\Users\Rui\.stmcufinder\plugins\mcufinder/ => C:\Users\Rui\.stmcufinder\plugins\mcufinder
2025-08-07 18:25:00,970 [INFO] ApiDb:250 - Set database path to: C:\Users\Rui\.stmcufinder\plugins\mcufinder//mcu/
2025-08-07 18:25:00,970 [WARN] DbFile:41 - Overriding database path with different value: C:\Users\Rui\.stmcufinder\plugins\mcufinder/ => C:\Users\Rui\.stmcufinder\plugins\mcufinder
2025-08-07 18:25:00,971 [INFO] DbMcusAds:125 - Set database path to: C:\Users\Rui\.stmcufinder\plugins\mcufinder//mcu/
2025-08-07 18:25:00,971 [WARN] DbFile:41 - Overriding database path with different value: C:\Users\Rui\.stmcufinder\plugins\mcufinder/ => C:\Users\Rui\.stmcufinder\plugins\mcufinder
2025-08-07 18:25:00,971 [WARN] DbFile:41 - Overriding database path with different value: C:\Users\Rui\.stmcufinder\plugins\mcufinder/ => C:\Users\Rui\.stmcufinder\plugins\mcufinder
2025-08-07 18:25:00,971 [INFO] CrossReferenceDbSqlite:203 - Set database path to: C:\Users\Rui\.stmcufinder\plugins\mcufinder//mcu/cs/
2025-08-07 18:25:00,987 [INFO] ApplicationProperties:184 - Using Application install path: C:\ST\STM32CubeIDE_1.18.1\STM32CubeIDE\plugins\com.st.stm32cube.common.mx_6.14.1.202504091515
2025-08-07 18:25:00,988 [INFO] PluginManage:196 - Search for loadable plugins [exclusion list=, ]
2025-08-07 18:25:00,990 [INFO] PluginManage:310 - Check plugin analytics
2025-08-07 18:25:01,148 [INFO] AnalyticsPlugin:253 - Accepted Software Licenses: 
2025-08-07 18:25:01,148 [INFO] AnalyticsPlugin:255 - Accepted CMSIS Pack Licenses: 
2025-08-07 18:25:01,148 [INFO] AnalyticsPlugin:257 - Accepted Firmware Licenses: 
2025-08-07 18:25:01,151 [INFO] PluginManage:359 - Loaded plugin analytics (category:tool,tabindex:-1)
2025-08-07 18:25:01,151 [INFO] PluginManage:310 - Check plugin cadmodel
2025-08-07 18:25:01,157 [INFO] CADModel:105 - Init CAD model plugin
2025-08-07 18:25:01,157 [INFO] PluginManage:359 - Loaded plugin cadmodel (category:power,tabindex:5)
2025-08-07 18:25:01,157 [INFO] PluginManage:310 - Check plugin clock
2025-08-07 18:25:01,165 [INFO] PluginManage:359 - Loaded plugin clock (category:base,tabindex:2)
2025-08-07 18:25:01,167 [INFO] PluginManage:310 - Check plugin ddr
2025-08-07 18:25:01,170 [INFO] PluginManage:359 - Loaded plugin ddr (category:tool,tabindex:6)
2025-08-07 18:25:01,171 [INFO] PluginManage:310 - Check plugin filemanager
2025-08-07 18:25:01,295 [INFO] PluginManage:359 - Loaded plugin filemanager (category:base,tabindex:10)
2025-08-07 18:25:01,295 [INFO] PluginManage:310 - Check plugin ipmanager
2025-08-07 18:25:01,301 [INFO] PluginManage:359 - Loaded plugin ipmanager (category:base,tabindex:5)
2025-08-07 18:25:01,301 [INFO] PluginManage:310 - Check plugin lpbam
2025-08-07 18:25:01,308 [INFO] PluginManage:359 - Loaded plugin lpbam (category:base,tabindex:0)
2025-08-07 18:25:01,309 [INFO] PluginManage:310 - Check plugin memorymap
2025-08-07 18:25:01,322 [INFO] PluginManage:359 - Loaded plugin memorymap (category:base,tabindex:4)
2025-08-07 18:25:01,323 [INFO] PluginManage:310 - Check plugin pinoutandconfiguration
2025-08-07 18:25:01,331 [INFO] PluginManage:359 - Loaded plugin pinoutandconfiguration (category:base,tabindex:1)
2025-08-07 18:25:01,331 [INFO] PluginManage:310 - Check plugin pinoutconfig
2025-08-07 18:25:01,416 [WARN] SupportedApi:132 - Cannot load RTOS API schema: s4s-elt-must-match.1: The content of 'definitions' must match (annotation?, (simpleType | complexType)?, (unique | key | keyref)*)). A problem was found starting at: attribute.
2025-08-07 18:25:01,545 [INFO] PluginManage:359 - Loaded plugin pinoutconfig (category:base,tabindex:0)
2025-08-07 18:25:01,545 [INFO] PluginManage:310 - Check plugin power
2025-08-07 18:25:01,554 [INFO] PluginManage:359 - Loaded plugin power (category:power,tabindex:4)
2025-08-07 18:25:01,554 [INFO] PluginManage:310 - Check plugin projectmanager
2025-08-07 18:25:01,565 [INFO] PluginManage:359 - Loaded plugin projectmanager (category:projectmanager,tabindex:4)
2025-08-07 18:25:01,566 [INFO] PluginManage:310 - Check plugin rif
2025-08-07 18:25:01,574 [INFO] PluginManage:359 - Loaded plugin rif (category:base,tabindex:3)
2025-08-07 18:25:01,574 [INFO] PluginManage:310 - Check plugin thirdparty
2025-08-07 18:25:01,677 [INFO] PluginManage:359 - Loaded plugin thirdparty (category:base,tabindex:-1)
2025-08-07 18:25:01,677 [WARN] IntegrityCheckThread:84 - waiting for thirdparty lock release [integrity check]
2025-08-07 18:25:01,677 [INFO] PluginManage:310 - Check plugin tools
2025-08-07 18:25:01,677 [INFO] IntegrityCheckThread:86 - entering critical section [integrity check]
2025-08-07 18:25:01,677 [INFO] ThirdPartyUpdaterWithRetryManager:70 - Updater plugin not ready yet. [1/15]
2025-08-07 18:25:01,679 [INFO] PluginManage:359 - Loaded plugin tools (category:base,tabindex:7)
2025-08-07 18:25:01,679 [INFO] PluginManage:310 - Check plugin tutovideos
2025-08-07 18:25:01,827 [INFO] PluginManage:359 - Loaded plugin tutovideos (category:base,tabindex:-1)
2025-08-07 18:25:01,828 [INFO] PluginManage:310 - Check plugin updater
2025-08-07 18:25:01,846 [INFO] PluginManage:359 - Loaded plugin updater (category:base,tabindex:12)
2025-08-07 18:25:01,846 [INFO] PluginManage:310 - Check plugin userauth
2025-08-07 18:25:01,851 [INFO] UserAuth:118 - Init User Auth plugin
2025-08-07 18:25:01,852 [INFO] PluginManage:359 - Loaded plugin userauth (category:base,tabindex:14)
2025-08-07 18:25:01,852 [INFO] PluginManage:283 - PluginManage : Loaded plugins [18]
2025-08-07 18:25:02,033 [INFO] PinOutPanel:1589 - setPackage(No Configuration,No Configuration)
2025-08-07 18:25:02,099 [INFO] CADModel:165 - CPN selected for project level
2025-08-07 18:25:02,100 [INFO] CADModel:114 - Register for checkConnection events
2025-08-07 18:25:02,117 [INFO] IPUIPlugin:80 - create IPUIPlugin
2025-08-07 18:25:02,117 [INFO] PluginManager:220 - loadIPPluginJar : add adc
2025-08-07 18:25:02,120 [INFO] IPUIPlugin:80 - create IPUIPlugin
2025-08-07 18:25:02,120 [INFO] PluginManager:220 - loadIPPluginJar : add aes
2025-08-07 18:25:02,122 [INFO] IPUIPlugin:80 - create IPUIPlugin
2025-08-07 18:25:02,122 [INFO] PluginManager:220 - loadIPPluginJar : add can
2025-08-07 18:25:02,124 [INFO] IPUIPlugin:80 - create IPUIPlugin
2025-08-07 18:25:02,124 [INFO] PluginManager:220 - loadIPPluginJar : add comp
2025-08-07 18:25:02,125 [INFO] IPUIPlugin:80 - create IPUIPlugin
2025-08-07 18:25:02,125 [INFO] PluginManager:220 - loadIPPluginJar : add cryp
2025-08-07 18:25:02,128 [INFO] IPUIPlugin:80 - create IPUIPlugin
2025-08-07 18:25:02,129 [INFO] PluginManager:220 - loadIPPluginJar : add ddr_ctrl_phy
2025-08-07 18:25:02,130 [INFO] IPUIPlugin:80 - create IPUIPlugin
2025-08-07 18:25:02,130 [INFO] PluginManager:220 - loadIPPluginJar : add dfsdm
2025-08-07 18:25:02,135 [INFO] IPUIPlugin:80 - create IPUIPlugin
2025-08-07 18:25:02,135 [INFO] PluginManager:220 - loadIPPluginJar : add dma
2025-08-07 18:25:02,138 [INFO] IPUIPlugin:80 - create IPUIPlugin
2025-08-07 18:25:02,138 [INFO] PluginManager:220 - loadIPPluginJar : add dma3
2025-08-07 18:25:02,141 [INFO] IPUIPlugin:80 - create IPUIPlugin
2025-08-07 18:25:02,141 [INFO] PluginManager:220 - loadIPPluginJar : add extmemmanager
2025-08-07 18:25:02,142 [INFO] IPUIPlugin:80 - create IPUIPlugin
2025-08-07 18:25:02,142 [INFO] PluginManager:220 - loadIPPluginJar : add fatfs
2025-08-07 18:25:02,145 [INFO] IPUIPlugin:80 - create IPUIPlugin
2025-08-07 18:25:02,146 [INFO] PluginManager:220 - loadIPPluginJar : add fmc
2025-08-07 18:25:02,151 [INFO] IPUIPlugin:80 - create IPUIPlugin
2025-08-07 18:25:02,151 [INFO] PluginManager:220 - loadIPPluginJar : add freertos
2025-08-07 18:25:02,153 [INFO] IPUIPlugin:80 - create IPUIPlugin
2025-08-07 18:25:02,153 [INFO] PluginManager:220 - loadIPPluginJar : add genericplugin
2025-08-07 18:25:02,155 [INFO] IPUIPlugin:80 - create IPUIPlugin
2025-08-07 18:25:02,155 [INFO] PluginManager:220 - loadIPPluginJar : add gfxmmu
2025-08-07 18:25:02,159 [INFO] IPUIPlugin:80 - create IPUIPlugin
2025-08-07 18:25:02,159 [INFO] PluginManager:220 - loadIPPluginJar : add gic
2025-08-07 18:25:02,162 [INFO] IPUIPlugin:80 - create IPUIPlugin
2025-08-07 18:25:02,162 [INFO] PluginManager:220 - loadIPPluginJar : add gpio
2025-08-07 18:25:02,164 [INFO] IPUIPlugin:80 - create IPUIPlugin
2025-08-07 18:25:02,165 [INFO] PluginManager:220 - loadIPPluginJar : add gtzc
2025-08-07 18:25:02,167 [INFO] IPUIPlugin:80 - create IPUIPlugin
2025-08-07 18:25:02,167 [INFO] PluginManager:220 - loadIPPluginJar : add hash
2025-08-07 18:25:02,171 [INFO] IPUIPlugin:80 - create IPUIPlugin
2025-08-07 18:25:02,171 [INFO] PluginManager:220 - loadIPPluginJar : add i2c
2025-08-07 18:25:02,174 [INFO] IPUIPlugin:80 - create IPUIPlugin
2025-08-07 18:25:02,174 [INFO] PluginManager:220 - loadIPPluginJar : add i2s
2025-08-07 18:25:02,179 [INFO] IPUIPlugin:80 - create IPUIPlugin
2025-08-07 18:25:02,179 [INFO] PluginManager:220 - loadIPPluginJar : add i3c
2025-08-07 18:25:02,183 [INFO] IPUIPlugin:80 - create IPUIPlugin
2025-08-07 18:25:02,183 [INFO] PluginManager:220 - loadIPPluginJar : add ipddr
2025-08-07 18:25:02,189 [INFO] IPUIPlugin:80 - create IPUIPlugin
2025-08-07 18:25:02,189 [INFO] PluginManager:220 - loadIPPluginJar : add linkedlist
2025-08-07 18:25:02,193 [INFO] IPUIPlugin:80 - create IPUIPlugin
2025-08-07 18:25:02,193 [INFO] PluginManager:220 - loadIPPluginJar : add lorawan
2025-08-07 18:25:02,194 [INFO] IPUIPlugin:80 - create IPUIPlugin
2025-08-07 18:25:02,194 [INFO] PluginManager:220 - loadIPPluginJar : add ltdc
2025-08-07 18:25:02,200 [INFO] IPUIPlugin:80 - create IPUIPlugin
2025-08-07 18:25:02,200 [INFO] PluginManager:220 - loadIPPluginJar : add mdma
2025-08-07 18:25:02,203 [INFO] IPUIPlugin:80 - create IPUIPlugin
2025-08-07 18:25:02,204 [INFO] PluginManager:220 - loadIPPluginJar : add nvic
2025-08-07 18:25:02,206 [INFO] IPUIPlugin:80 - create IPUIPlugin
2025-08-07 18:25:02,206 [INFO] PluginManager:220 - loadIPPluginJar : add opamp
2025-08-07 18:25:02,209 [INFO] IPUIPlugin:80 - create IPUIPlugin
2025-08-07 18:25:02,209 [INFO] PluginManager:220 - loadIPPluginJar : add openamp
2025-08-07 18:25:02,211 [INFO] IPUIPlugin:80 - create IPUIPlugin
2025-08-07 18:25:02,212 [INFO] PluginManager:220 - loadIPPluginJar : add pdm2pcm
2025-08-07 18:25:02,218 [INFO] IPUIPlugin:80 - create IPUIPlugin
2025-08-07 18:25:02,220 [INFO] PluginManager:220 - loadIPPluginJar : add plateformsettings
2025-08-07 18:25:02,220 [INFO] IPUIPlugin:80 - create IPUIPlugin
2025-08-07 18:25:02,221 [INFO] PluginManager:220 - loadIPPluginJar : add quadspi
2025-08-07 18:25:02,222 [INFO] IPUIPlugin:80 - create IPUIPlugin
2025-08-07 18:25:02,222 [INFO] PluginManager:220 - loadIPPluginJar : add radio
2025-08-07 18:25:02,225 [INFO] IPUIPlugin:80 - create IPUIPlugin
2025-08-07 18:25:02,225 [INFO] PluginManager:220 - loadIPPluginJar : add resmgrutility
2025-08-07 18:25:02,228 [INFO] IPUIPlugin:80 - create IPUIPlugin
2025-08-07 18:25:02,228 [INFO] PluginManager:220 - loadIPPluginJar : add sai
2025-08-07 18:25:02,230 [INFO] IPUIPlugin:80 - create IPUIPlugin
2025-08-07 18:25:02,230 [INFO] PluginManager:220 - loadIPPluginJar : add spi
2025-08-07 18:25:02,234 [INFO] IPUIPlugin:80 - create IPUIPlugin
2025-08-07 18:25:02,234 [INFO] PluginManager:220 - loadIPPluginJar : add stm32_wpan
2025-08-07 18:25:02,236 [INFO] IPUIPlugin:80 - create IPUIPlugin
2025-08-07 18:25:02,236 [INFO] PluginManager:220 - loadIPPluginJar : add tim
2025-08-07 18:25:02,239 [INFO] IPUIPlugin:80 - create IPUIPlugin
2025-08-07 18:25:02,240 [INFO] PluginManager:220 - loadIPPluginJar : add touchsensing
2025-08-07 18:25:02,241 [INFO] IPUIPlugin:80 - create IPUIPlugin
2025-08-07 18:25:02,242 [INFO] PluginManager:220 - loadIPPluginJar : add tracer_emb
2025-08-07 18:25:02,243 [INFO] IPUIPlugin:80 - create IPUIPlugin
2025-08-07 18:25:02,243 [INFO] PluginManager:220 - loadIPPluginJar : add ts
2025-08-07 18:25:02,245 [INFO] IPUIPlugin:80 - create IPUIPlugin
2025-08-07 18:25:02,245 [INFO] PluginManager:220 - loadIPPluginJar : add tsc
2025-08-07 18:25:02,249 [INFO] IPUIPlugin:80 - create IPUIPlugin
2025-08-07 18:25:02,249 [INFO] PluginManager:220 - loadIPPluginJar : add ucpd
2025-08-07 18:25:02,252 [INFO] IPUIPlugin:80 - create IPUIPlugin
2025-08-07 18:25:02,252 [INFO] PluginManager:220 - loadIPPluginJar : add usart
2025-08-07 18:25:02,255 [INFO] IPUIPlugin:80 - create IPUIPlugin
2025-08-07 18:25:02,255 [INFO] PluginManager:220 - loadIPPluginJar : add usbx
2025-08-07 18:25:02,387 [FATAL] Updater:351 - Updater called before beeing initialized
2025-08-07 18:25:02,420 [INFO] RulesReader:64 - Compatibility file has been processed (302 Rules)
2025-08-07 18:25:02,430 [INFO] RulesReader:64 - Compatibility file has been processed (302 Rules)
2025-08-07 18:25:02,441 [INFO] CADModel:165 - CPN selected for project level
2025-08-07 18:25:02,442 [INFO] CADModel:114 - Register for checkConnection events
2025-08-07 18:25:02,442 [FATAL] Updater:351 - Updater called before beeing initialized
2025-08-07 18:25:02,442 [ERROR] CADModel:125 - Updater not yet initialized, retry later 
2025-08-07 18:25:02,581 [FATAL] Updater:351 - Updater called before beeing initialized
2025-08-07 18:25:02,583 [INFO] CADModel:165 - CPN selected for project level
2025-08-07 18:25:02,583 [INFO] CADModel:114 - Register for checkConnection events
2025-08-07 18:25:02,583 [FATAL] Updater:351 - Updater called before beeing initialized
2025-08-07 18:25:02,583 [ERROR] CADModel:125 - Updater not yet initialized, retry later 
2025-08-07 18:25:02,588 [FATAL] Updater:351 - Updater called before beeing initialized
2025-08-07 18:25:02,688 [FATAL] Updater:351 - Updater called before beeing initialized
2025-08-07 18:25:02,692 [INFO] DbMcusAds:53 - JSON generation date=Tue Jul 08 10:14:23 CEST 2025 (1751962463593)
2025-08-07 18:25:02,692 [FATAL] Updater:351 - Updater called before beeing initialized
2025-08-07 18:25:02,728 [WARN] DetailPanel:346 - Failed to get advertising image, set to default
2025-08-07 18:25:02,924 [FATAL] Updater:351 - Updater called before beeing initialized
2025-08-07 18:25:02,927 [FATAL] Updater:351 - Updater called before beeing initialized
2025-08-07 18:25:02,927 [FATAL] Updater:351 - Updater called before beeing initialized
2025-08-07 18:25:02,927 [WARN] DetailPanel:346 - Failed to get advertising image, set to default
2025-08-07 18:25:02,928 [FATAL] Updater:351 - Updater called before beeing initialized
2025-08-07 18:25:02,970 [ERROR] Updater:1198 - MainUpdater not yet initialized. External WinMGr cannot be set.
2025-08-07 18:25:02,972 [INFO] Updater:1134 - Updater Version found : 6.14.1
2025-08-07 18:25:02,994 [INFO] ApplicationProperties:184 - Using Application install path: C:\ST\STM32CubeIDE_1.18.1\STM32CubeIDE\plugins\com.st.stm32cube.common.mx_6.14.1.202504091515
2025-08-07 18:25:04,600 [ERROR] LogOutputStream:75 - [STDERR_REDIRECT] Aug 07, 2025 6:25:04 PM java.util.prefs.WindowsPreferences <init>
2025-08-07 18:25:04,601 [ERROR] LogOutputStream:75 - [STDERR_REDIRECT] WARNING: Could not open/create prefs root node Software\JavaSoft\Prefs at root 0xffffffff80000002. Windows RegCreateKeyEx(...) returned error code 5.
2025-08-07 18:25:04,601 [ERROR] LogOutputStream:75 - [STDERR_REDIRECT] 
2025-08-07 18:25:04,684 [INFO] ThirdPartyUpdaterWithRetryManager:70 - Updater plugin not ready yet. [2/15]
2025-08-07 18:25:04,918 [INFO] MainUpdater:2872 - connection check result : 10
2025-08-07 18:25:04,919 [INFO] MainUpdater:289 - Updater Check For Update Now.
2025-08-07 18:25:04,919 [INFO] MicroXplorer:498 - Change Database Version : DB.6.0.141
2025-08-07 18:25:04,924 [INFO] McuFinderGlobals:63 - Set McuFinder mode to 2 (CubeIDE integrated)
2025-08-07 18:25:04,924 [INFO] UserAuth:171 - activating auth plugin
2025-08-07 18:25:04,928 [INFO] UserAuth:484 - Internet connection configuration mode: 1
2025-08-07 18:25:04,955 [INFO] JxBrowserEngine:152 - Initiate JxBrowser Engine with user profile folder
2025-08-07 18:25:05,092 [INFO] CheckServerUpdateThread:120 - End of CheckServer Thread
2025-08-07 18:25:05,807 [INFO] WebApp:169 - Instantiating new browser for Auth
2025-08-07 18:25:06,418 [INFO] WebApp:463 - Apply proxy settings
2025-08-07 18:25:06,419 [INFO] WebApp:548 - Chromium requires no authentication
2025-08-07 18:25:06,426 [INFO] WebApp:491 - Direct internet connection detected
2025-08-07 18:25:06,447 [INFO] WebApp:894 - Register for checkConnection events
2025-08-07 18:25:06,447 [INFO] WebApp:463 - Apply proxy settings
2025-08-07 18:25:06,447 [INFO] WebApp:548 - Chromium requires no authentication
2025-08-07 18:25:06,448 [INFO] WebApp:491 - Direct internet connection detected
2025-08-07 18:25:06,620 [INFO] WebApp:191 - Connection restablished
2025-08-07 18:25:06,649 [INFO] WebApp:225 - Starting web application
2025-08-07 18:25:06,650 [INFO] WebApp:593 - Web application path used C:\ST\STM32CubeIDE_1.18.1\STM32CubeIDE\plugins\com.st.stm32cube.common.mx_6.14.1.202504091515\db\plugins\mcufinder\reactClient1\index.html
2025-08-07 18:25:07,914 [WARN] PackLoader:240 - Cannot read IP mode file for STMicroelectronics.FP-SNS-MOTENVWB1.1.4.0
2025-08-07 18:25:07,921 [WARN] PackLoader:240 - Cannot read IP mode file for STMicroelectronics.FP-ATR-ASTRA1.2.0.2
2025-08-07 18:25:07,930 [WARN] PackLoader:240 - Cannot read IP mode file for STMicroelectronics.X-CUBE-SMBUS.2.1.0
2025-08-07 18:25:07,935 [WARN] PackLoader:240 - Cannot read IP mode file for STMicroelectronics.X-CUBE-ST60.1.0.0
2025-08-07 18:25:07,957 [WARN] PackLoader:240 - Cannot read IP mode file for STMicroelectronics.X-CUBE-AZRTOS-F7.1.1.0
2025-08-07 18:25:07,978 [WARN] PackLoader:240 - Cannot read IP mode file for Infineon.AIROC-Wi-Fi-Bluetooth-STM32.1.7.0
2025-08-07 18:25:07,999 [WARN] PackLoader:240 - Cannot read IP mode file for STMicroelectronics.X-CUBE-AZRTOS-H7.3.4.0
2025-08-07 18:25:08,011 [WARN] PackLoader:240 - Cannot read IP mode file for STMicroelectronics.X-CUBE-DISPLAY.3.0.0
2025-08-07 18:25:08,023 [WARN] PackLoader:240 - Cannot read IP mode file for STMicroelectronics.X-CUBE-NFC10.1.0.0
2025-08-07 18:25:08,032 [WARN] PackLoader:240 - Cannot read IP mode file for STMicroelectronics.X-CUBE-BLEMGR.4.0.0
2025-08-07 18:25:08,039 [WARN] PackLoader:240 - Cannot read IP mode file for emotas.I-CUBE-CANOPEN.1.3.0
2025-08-07 18:25:08,044 [WARN] ConditionMgr:438 - getConditionDescription Invalid condition id : Cortex-A Device cause : null
2025-08-07 18:25:08,054 [WARN] ConditionMgr:1044 - genDependencies : Invalid condition id : Cortex-A Device cause : null
2025-08-07 18:25:08,054 [WARN] ConditionMgr:1044 - genDependencies : Invalid condition id : Cortex-A Device cause : null
2025-08-07 18:25:08,054 [WARN] ConditionMgr:1044 - genDependencies : Invalid condition id : Cortex-A Device cause : null
2025-08-07 18:25:08,059 [ERROR] Engine:466 - C:\Users\Rui\.stm32cubemx\thirdparties\pdsc\STMicroelectronics.FP-SNS-STBOX1.2.1.0.pdsc: PDSC version is not supported
2025-08-07 18:25:08,062 [WARN] PackLoader:240 - Cannot read IP mode file for STMicroelectronics.FP-SNS-SMARTAG2.1.2.0
2025-08-07 18:25:08,066 [WARN] PackLoader:240 - Cannot read IP mode file for STMicroelectronics.FP-SNS-FLIGHT1.5.1.0
2025-08-07 18:25:08,079 [INFO] LogOutputStream:77 - [STDOUT_REDIRECT] 1 : Invalid condition id : UX_CORESTACK_Condition cause : null
2025-08-07 18:25:08,079 [INFO] LogOutputStream:77 - [STDOUT_REDIRECT] 1 : Invalid condition id : UX_CORESTACK_Condition cause : null
2025-08-07 18:25:08,080 [INFO] LogOutputStream:77 - [STDOUT_REDIRECT] 1 : Invalid condition id : UX_CORESTACK_Condition cause : null
2025-08-07 18:25:08,080 [INFO] LogOutputStream:77 - [STDOUT_REDIRECT] 1 : Invalid condition id : UX_CORESTACK_Condition cause : null
2025-08-07 18:25:08,081 [INFO] LogOutputStream:77 - [STDOUT_REDIRECT] 1 : Invalid condition id : UX_CORESTACK_Condition cause : null
2025-08-07 18:25:08,083 [WARN] PackLoader:240 - Cannot read IP mode file for STMicroelectronics.X-CUBE-AZRTOS-WL.2.0.0
2025-08-07 18:25:08,088 [WARN] PackLoader:240 - Cannot read IP mode file for STMicroelectronics.FP-SNS-MOTENV1.5.0.0
2025-08-07 18:25:08,094 [WARN] PackLoader:240 - Cannot read IP mode file for WES.I-CUBE-Cesium.1.3.0
2025-08-07 18:25:08,098 [WARN] PackLoader:240 - Cannot read IP mode file for STMicroelectronics.X-CUBE-BLE2.3.3.0
2025-08-07 18:25:08,103 [WARN] PackLoader:240 - Cannot read IP mode file for STMicroelectronics.X-CUBE-NFC9.1.0.0
2025-08-07 18:25:08,107 [WARN] PackLoader:240 - Cannot read IP mode file for wolfSSL.I-CUBE-wolfSSL.5.8.0
2025-08-07 18:25:08,112 [WARN] PackLoader:240 - Cannot read IP mode file for STMicroelectronics.X-CUBE-BLE1.7.1.0
2025-08-07 18:25:08,116 [WARN] PackLoader:240 - Cannot read IP mode file for wolfSSL.I-CUBE-wolfMQTT.1.19.2
2025-08-07 18:25:08,122 [WARN] PackLoader:240 - Cannot read IP mode file for STMicroelectronics.X-CUBE-EEPRMA1.5.2.0
2025-08-07 18:25:08,127 [WARN] PackLoader:240 - Cannot read IP mode file for STMicroelectronics.X-CUBE-AI.10.1.0
2025-08-07 18:25:08,145 [WARN] PackLoader:240 - Cannot read IP mode file for STMicroelectronics.X-CUBE-AZRTOS-G0.1.1.0
2025-08-07 18:25:08,152 [WARN] PackLoader:240 - Cannot read IP mode file for STMicroelectronics.X-CUBE-SAFEA1.1.2.2
2025-08-07 18:25:08,157 [WARN] PackLoader:240 - Cannot read IP mode file for STMicroelectronics.X-CUBE-NFC4.3.0.0
2025-08-07 18:25:08,163 [WARN] PackLoader:240 - Cannot read IP mode file for EmbeddedOffice.I-CUBE-FS-RTOS.1.0.1
2025-08-07 18:25:08,169 [WARN] PackLoader:240 - Cannot read IP mode file for STMicroelectronics.X-CUBE-WB05N.2.0.0
2025-08-07 18:25:08,173 [WARN] PackLoader:240 - Cannot read IP mode file for wolfSSL.I-CUBE-wolfTPM.3.8.0
2025-08-07 18:25:08,183 [WARN] PackLoader:240 - Cannot read IP mode file for STMicroelectronics.X-CUBE-TCPP.4.2.0
2025-08-07 18:25:08,188 [WARN] PackLoader:240 - Cannot read IP mode file for RealThread.X-CUBE-RT-Thread_Nano.4.1.1
2025-08-07 18:25:08,192 [WARN] PackLoader:240 - Cannot read IP mode file for STMicroelectronics.FP-ATR-SIGFOX1.3.2.0
2025-08-07 18:25:08,197 [WARN] PackLoader:240 - Cannot read IP mode file for STMicroelectronics.X-CUBE-EEPRMA1.5.1.0
2025-08-07 18:25:08,202 [WARN] PackLoader:240 - Cannot read IP mode file for ITTIA_DB.I-CUBE-ITTIADB.8.9.0
2025-08-07 18:25:08,207 [WARN] PackLoader:240 - Cannot read IP mode file for STMicroelectronics.X-CUBE-ST67W61.1.0.0
2025-08-07 18:25:08,211 [WARN] PackLoader:240 - Cannot read IP mode file for STMicroelectronics.X-CUBE-AI.10.2.0
2025-08-07 18:25:08,226 [WARN] PackLoader:240 - Cannot read IP mode file for SEGGER.I-CUBE-embOS.1.3.1
2025-08-07 18:25:08,251 [WARN] PackLoader:240 - Cannot read IP mode file for STMicroelectronics.X-CUBE-ALGOBUILD.1.4.0
2025-08-07 18:25:08,283 [WARN] PackLoader:240 - Cannot read IP mode file for STMicroelectronics.X-CUBE-MEMS1.11.3.0
2025-08-07 18:25:08,408 [WARN] PackLoader:240 - Cannot read IP mode file for STMicroelectronics.X-CUBE-PM33A1.1.0.0
2025-08-07 18:25:08,418 [WARN] PackLoader:240 - Cannot read IP mode file for STMicroelectronics.X-CUBE-AZRTOS-F4.1.1.0
2025-08-07 18:25:08,422 [WARN] PackLoader:240 - Cannot read IP mode file for Avnet-IotConnect.X-CUBE-IoTC-DA16k-PMOD.1.0.0
2025-08-07 18:25:08,425 [WARN] PackLoader:240 - Cannot read IP mode file for STMicroelectronics.X-CUBE-ISPU.2.1.0
2025-08-07 18:25:08,430 [WARN] PackLoader:240 - Cannot read IP mode file for STMicroelectronics.X-CUBE-NFC12.1.0.0
2025-08-07 18:25:08,443 [WARN] PackLoader:240 - Cannot read IP mode file for STMicroelectronics.X-CUBE-AZRTOS-L5.2.0.0
2025-08-07 18:25:08,450 [WARN] PackLoader:240 - Cannot read IP mode file for STMicroelectronics.X-CUBE-NFC6.3.1.0
2025-08-07 18:25:08,456 [WARN] PackLoader:240 - Cannot read IP mode file for STMicroelectronics.X-CUBE-FREERTOS.1.3.1
2025-08-07 18:25:08,461 [WARN] PackLoader:240 - Cannot read IP mode file for STMicroelectronics.FP-SNS-STAIOTCFT.1.0.0
2025-08-07 18:25:08,466 [WARN] PackLoader:240 - Cannot read IP mode file for STMicroelectronics.X-CUBE-DPower.1.3.0
2025-08-07 18:25:08,477 [WARN] ConditionMgr:438 - getConditionDescription Invalid condition id : LAN8742 Phy interface Condition cause : null
2025-08-07 18:25:08,478 [WARN] PackLoader:240 - Cannot read IP mode file for STMicroelectronics.X-CUBE-AZRTOS-L4.2.0.0
2025-08-07 18:25:08,478 [WARN] ConditionMgr:1044 - genDependencies : Invalid condition id : LAN8742 Phy interface Condition cause : null
2025-08-07 18:25:08,479 [WARN] ConditionMgr:1044 - genDependencies : Invalid condition id : LAN8742 Phy interface Condition cause : null
2025-08-07 18:25:08,479 [WARN] ConditionMgr:1044 - genDependencies : Invalid condition id : LAN8742 Phy interface Condition cause : null
2025-08-07 18:25:08,484 [WARN] PackLoader:240 - Cannot read IP mode file for STMicroelectronics.X-CUBE-SFXS2LP1.4.0.0
2025-08-07 18:25:08,506 [WARN] PackLoader:240 - Cannot read IP mode file for STMicroelectronics.X-CUBE-AZRTOS-H7.3.3.0
2025-08-07 18:25:08,519 [WARN] PackLoader:240 - Cannot read IP mode file for STMicroelectronics.X-CUBE-BLEMGR.4.1.0
2025-08-07 18:25:08,534 [WARN] ConditionMgr:438 - getConditionDescription Invalid condition id : UX DEVICE CLASS RTOS Condition cause : null
2025-08-07 18:25:08,535 [WARN] ConditionMgr:438 - getConditionDescription Invalid condition id : UX DEVICE CLASS RTOS Condition cause : null
2025-08-07 18:25:08,538 [WARN] PackLoader:240 - Cannot read IP mode file for STMicroelectronics.X-CUBE-AZRTOS-WB.2.0.0
2025-08-07 18:25:08,538 [WARN] ConditionMgr:1044 - genDependencies : Invalid condition id : UX DEVICE CLASS RTOS Condition cause : null
2025-08-07 18:25:08,539 [WARN] ConditionMgr:1044 - genDependencies : Invalid condition id : UX DEVICE CLASS RTOS Condition cause : null
2025-08-07 18:25:08,539 [WARN] ConditionMgr:1044 - genDependencies : Invalid condition id : UX DEVICE CLASS RTOS Condition cause : null
2025-08-07 18:25:08,539 [WARN] ConditionMgr:1044 - genDependencies : Invalid condition id : UX DEVICE CLASS RTOS Condition cause : null
2025-08-07 18:25:08,539 [WARN] ConditionMgr:1044 - genDependencies : Invalid condition id : UX DEVICE CLASS RTOS Condition cause : null
2025-08-07 18:25:08,565 [WARN] PackLoader:240 - Cannot read IP mode file for STMicroelectronics.X-CUBE-GNSS1.7.0.1
2025-08-07 18:25:08,575 [WARN] PackLoader:240 - Cannot read IP mode file for STMicroelectronics.X-CUBE-TOUCHGFX.4.25.0
2025-08-07 18:25:08,596 [WARN] PackLoader:240 - Cannot read IP mode file for STMicroelectronics.FP-SNS-STBOX1.2.0.0
2025-08-07 18:25:08,607 [WARN] PackLoader:240 - Cannot read IP mode file for STMicroelectronics.X-CUBE-SUBG2.5.0.0
2025-08-07 18:25:08,623 [WARN] PackLoader:240 - Cannot read IP mode file for STMicroelectronics.X-CUBE-AZRTOS-H7RS.1.1.0
2025-08-07 18:25:08,628 [WARN] PackLoader:240 - Cannot read IP mode file for Cesanta.I-CUBE-Mongoose.7.13.0
2025-08-07 18:25:08,637 [WARN] PackLoader:240 - Cannot read IP mode file for STMicroelectronics.X-CUBE-AZRTOS-G4.2.0.0
2025-08-07 18:25:08,643 [WARN] PackLoader:240 - Cannot read IP mode file for wolfSSL.I-CUBE-wolfSSH.1.4.20
2025-08-07 18:25:08,647 [WARN] PackLoader:240 - Cannot read IP mode file for STMicroelectronics.X-CUBE-NFC7.2.0.0
2025-08-07 18:25:08,657 [WARN] PackLoader:240 - Cannot read IP mode file for STMicroelectronics.X-CUBE-IPS.3.1.0
2025-08-07 18:25:08,665 [WARN] PackLoader:240 - Cannot read IP mode file for STMicroelectronics.X-CUBE-ALS.1.0.2
2025-08-07 18:25:08,671 [WARN] PackLoader:240 - Cannot read IP mode file for portGmbH.I-Cube-SoM-uGOAL.1.1.0
2025-08-07 18:25:08,680 [WARN] PackLoader:240 - Cannot read IP mode file for STMicroelectronics.X-CUBE-TOF1.3.4.3
2025-08-07 18:25:08,686 [INFO] ThirdParty:978 - Integrity check success = true
2025-08-07 18:25:08,687 [INFO] IntegrityCheckThread:100 - exiting critical section [integrity check]
2025-08-07 18:25:08,687 [INFO] IntegrityCheckThread:103 - End integrity checks thread
2025-08-07 18:29:39,498 [ERROR] LogOutputStream:75 - [STDERR_REDIRECT] 
2025-08-07 18:29:39,499 [ERROR] LogOutputStream:75 - [STDERR_REDIRECT] 
