2025-06-16 01:01:50,253 [INFO] Activator:176 - 


2025-06-16 01:01:50,255 [INFO] Activator:177 - !SESSION log4j initialized
2025-06-16 01:01:52,507 [INFO] LogOutputStream:77 - [STDOUT_REDIRECT] 
2025-06-16 01:01:57,336 [INFO] ApplicationProperties:184 - Using Application install path: C:\ST\STM32CubeIDE_1.18.1\STM32CubeIDE\plugins\com.st.stm32cube.common.mx_6.14.1.202504091515
2025-06-16 01:01:57,350 [INFO] DbMcusXml:78 - Set database path to: C:\ST\STM32CubeIDE_1.18.1\STM32CubeIDE\plugins\com.st.stm32cube.common.mx_6.14.1.202504091515\\db\/mcu/
2025-06-16 01:01:57,350 [INFO] ApiDb:274 - Set plugin database path to: C:\ST\STM32CubeIDE_1.18.1\STM32CubeIDE\plugins\com.st.stm32cube.common.mx_6.14.1.202504091515\\db\/plugins/boardmanager/
2025-06-16 01:01:57,356 [WARN] ApiDb:259 - Overriding images path with different value:  => C:\ST\STM32CubeIDE_1.18.1\STM32CubeIDE\plugins\com.st.stm32cube.common.mx_6.14.1.202504091515\\db\/plugins/mcufinder/images/
2025-06-16 01:01:57,360 [INFO] ApiDb:250 - Set database path to: C:\Users\Rui\.stmcufinder\plugins\mcufinder//mcu/
2025-06-16 01:01:57,361 [INFO] DbMcusAds:125 - Set database path to: C:\Users\Rui\.stmcufinder\plugins\mcufinder//mcu/
2025-06-16 01:01:57,362 [INFO] CrossReferenceDbSqlite:203 - Set database path to: C:\Users\Rui\.stmcufinder\plugins\mcufinder//mcu/cs/
2025-06-16 01:01:57,459 [INFO] RulesReader:64 - Compatibility file has been processed (302 Rules)
2025-06-16 01:01:57,530 [INFO] DbMcusXml:78 - Set database path to: C:\ST\STM32CubeIDE_1.18.1\STM32CubeIDE\plugins\com.st.stm32cube.common.mx_6.14.1.202504091515\\db\/mcu/
2025-06-16 01:01:57,530 [INFO] ApiDb:274 - Set plugin database path to: C:\ST\STM32CubeIDE_1.18.1\STM32CubeIDE\plugins\com.st.stm32cube.common.mx_6.14.1.202504091515\\db\/plugins/boardmanager/
2025-06-16 01:01:57,530 [INFO] ApiDb:261 - Set plugin images path to: C:\ST\STM32CubeIDE_1.18.1\STM32CubeIDE\plugins\com.st.stm32cube.common.mx_6.14.1.202504091515\\db\/plugins/mcufinder/images/
2025-06-16 01:01:57,530 [WARN] DbFile:41 - Overriding database path with different value: C:\Users\Rui\.stmcufinder\plugins\mcufinder/ => C:\Users\Rui\.stmcufinder\plugins\mcufinder
2025-06-16 01:01:57,531 [INFO] ApiDb:250 - Set database path to: C:\Users\Rui\.stmcufinder\plugins\mcufinder//mcu/
2025-06-16 01:01:57,531 [WARN] DbFile:41 - Overriding database path with different value: C:\Users\Rui\.stmcufinder\plugins\mcufinder/ => C:\Users\Rui\.stmcufinder\plugins\mcufinder
2025-06-16 01:01:57,531 [INFO] DbMcusAds:125 - Set database path to: C:\Users\Rui\.stmcufinder\plugins\mcufinder//mcu/
2025-06-16 01:01:57,531 [WARN] DbFile:41 - Overriding database path with different value: C:\Users\Rui\.stmcufinder\plugins\mcufinder/ => C:\Users\Rui\.stmcufinder\plugins\mcufinder
2025-06-16 01:01:57,531 [WARN] DbFile:41 - Overriding database path with different value: C:\Users\Rui\.stmcufinder\plugins\mcufinder/ => C:\Users\Rui\.stmcufinder\plugins\mcufinder
2025-06-16 01:01:57,531 [INFO] CrossReferenceDbSqlite:203 - Set database path to: C:\Users\Rui\.stmcufinder\plugins\mcufinder//mcu/cs/
2025-06-16 01:01:57,591 [INFO] MainPanel:272 - HeapMemory: 268435456
2025-06-16 01:01:57,663 [INFO] DbMcusXml:78 - Set database path to: C:\ST\STM32CubeIDE_1.18.1\STM32CubeIDE\plugins\com.st.stm32cube.common.mx_6.14.1.202504091515\\db\/mcu/
2025-06-16 01:01:57,663 [INFO] ApiDb:274 - Set plugin database path to: C:\ST\STM32CubeIDE_1.18.1\STM32CubeIDE\plugins\com.st.stm32cube.common.mx_6.14.1.202504091515\\db\/plugins/boardmanager/
2025-06-16 01:01:57,663 [INFO] ApiDb:261 - Set plugin images path to: C:\ST\STM32CubeIDE_1.18.1\STM32CubeIDE\plugins\com.st.stm32cube.common.mx_6.14.1.202504091515\\db\/plugins/mcufinder/images/
2025-06-16 01:01:57,663 [WARN] DbFile:41 - Overriding database path with different value: C:\Users\Rui\.stmcufinder\plugins\mcufinder/ => C:\Users\Rui\.stmcufinder\plugins\mcufinder
2025-06-16 01:01:57,663 [INFO] ApiDb:250 - Set database path to: C:\Users\Rui\.stmcufinder\plugins\mcufinder//mcu/
2025-06-16 01:01:57,664 [WARN] DbFile:41 - Overriding database path with different value: C:\Users\Rui\.stmcufinder\plugins\mcufinder/ => C:\Users\Rui\.stmcufinder\plugins\mcufinder
2025-06-16 01:01:57,664 [INFO] DbMcusAds:125 - Set database path to: C:\Users\Rui\.stmcufinder\plugins\mcufinder//mcu/
2025-06-16 01:01:57,664 [WARN] DbFile:41 - Overriding database path with different value: C:\Users\Rui\.stmcufinder\plugins\mcufinder/ => C:\Users\Rui\.stmcufinder\plugins\mcufinder
2025-06-16 01:01:57,664 [WARN] DbFile:41 - Overriding database path with different value: C:\Users\Rui\.stmcufinder\plugins\mcufinder/ => C:\Users\Rui\.stmcufinder\plugins\mcufinder
2025-06-16 01:01:57,664 [INFO] CrossReferenceDbSqlite:203 - Set database path to: C:\Users\Rui\.stmcufinder\plugins\mcufinder//mcu/cs/
2025-06-16 01:01:57,679 [INFO] ApplicationProperties:184 - Using Application install path: C:\ST\STM32CubeIDE_1.18.1\STM32CubeIDE\plugins\com.st.stm32cube.common.mx_6.14.1.202504091515
2025-06-16 01:01:57,681 [INFO] PluginManage:196 - Search for loadable plugins [exclusion list=, ]
2025-06-16 01:01:57,682 [INFO] PluginManage:310 - Check plugin analytics
2025-06-16 01:01:57,867 [INFO] AnalyticsPlugin:253 - Accepted Software Licenses: 
2025-06-16 01:01:57,868 [INFO] AnalyticsPlugin:255 - Accepted CMSIS Pack Licenses: 
2025-06-16 01:01:57,868 [INFO] AnalyticsPlugin:257 - Accepted Firmware Licenses: 
2025-06-16 01:01:57,872 [INFO] PluginManage:359 - Loaded plugin analytics (category:tool,tabindex:-1)
2025-06-16 01:01:57,872 [INFO] PluginManage:310 - Check plugin cadmodel
2025-06-16 01:01:57,876 [INFO] CADModel:105 - Init CAD model plugin
2025-06-16 01:01:57,876 [INFO] PluginManage:359 - Loaded plugin cadmodel (category:power,tabindex:5)
2025-06-16 01:01:57,877 [INFO] PluginManage:310 - Check plugin clock
2025-06-16 01:01:57,889 [INFO] PluginManage:359 - Loaded plugin clock (category:base,tabindex:2)
2025-06-16 01:01:57,889 [INFO] PluginManage:310 - Check plugin ddr
2025-06-16 01:01:57,891 [INFO] PluginManage:359 - Loaded plugin ddr (category:tool,tabindex:6)
2025-06-16 01:01:57,891 [INFO] PluginManage:310 - Check plugin filemanager
2025-06-16 01:01:58,079 [INFO] PluginManage:359 - Loaded plugin filemanager (category:base,tabindex:10)
2025-06-16 01:01:58,079 [INFO] PluginManage:310 - Check plugin ipmanager
2025-06-16 01:01:58,087 [INFO] PluginManage:359 - Loaded plugin ipmanager (category:base,tabindex:5)
2025-06-16 01:01:58,089 [INFO] PluginManage:310 - Check plugin lpbam
2025-06-16 01:01:58,096 [INFO] PluginManage:359 - Loaded plugin lpbam (category:base,tabindex:0)
2025-06-16 01:01:58,096 [INFO] PluginManage:310 - Check plugin memorymap
2025-06-16 01:01:58,106 [INFO] PluginManage:359 - Loaded plugin memorymap (category:base,tabindex:4)
2025-06-16 01:01:58,106 [INFO] PluginManage:310 - Check plugin pinoutandconfiguration
2025-06-16 01:01:58,112 [INFO] PluginManage:359 - Loaded plugin pinoutandconfiguration (category:base,tabindex:1)
2025-06-16 01:01:58,112 [INFO] PluginManage:310 - Check plugin pinoutconfig
2025-06-16 01:01:58,181 [WARN] SupportedApi:132 - Cannot load RTOS API schema: s4s-elt-must-match.1: The content of 'definitions' must match (annotation?, (simpleType | complexType)?, (unique | key | keyref)*)). A problem was found starting at: attribute.
2025-06-16 01:01:58,288 [INFO] PluginManage:359 - Loaded plugin pinoutconfig (category:base,tabindex:0)
2025-06-16 01:01:58,288 [INFO] PluginManage:310 - Check plugin power
2025-06-16 01:01:58,295 [INFO] PluginManage:359 - Loaded plugin power (category:power,tabindex:4)
2025-06-16 01:01:58,295 [INFO] PluginManage:310 - Check plugin projectmanager
2025-06-16 01:01:58,309 [INFO] PluginManage:359 - Loaded plugin projectmanager (category:projectmanager,tabindex:4)
2025-06-16 01:01:58,309 [INFO] PluginManage:310 - Check plugin rif
2025-06-16 01:01:58,314 [INFO] PluginManage:359 - Loaded plugin rif (category:base,tabindex:3)
2025-06-16 01:01:58,314 [INFO] PluginManage:310 - Check plugin thirdparty
2025-06-16 01:01:58,408 [INFO] PluginManage:359 - Loaded plugin thirdparty (category:base,tabindex:-1)
2025-06-16 01:01:58,408 [WARN] IntegrityCheckThread:84 - waiting for thirdparty lock release [integrity check]
2025-06-16 01:01:58,408 [INFO] PluginManage:310 - Check plugin tools
2025-06-16 01:01:58,408 [INFO] IntegrityCheckThread:86 - entering critical section [integrity check]
2025-06-16 01:01:58,408 [INFO] ThirdPartyUpdaterWithRetryManager:70 - Updater plugin not ready yet. [1/15]
2025-06-16 01:01:58,411 [INFO] PluginManage:359 - Loaded plugin tools (category:base,tabindex:7)
2025-06-16 01:01:58,412 [INFO] PluginManage:310 - Check plugin tutovideos
2025-06-16 01:01:58,548 [INFO] PluginManage:359 - Loaded plugin tutovideos (category:base,tabindex:-1)
2025-06-16 01:01:58,548 [INFO] PluginManage:310 - Check plugin updater
2025-06-16 01:01:58,565 [INFO] PluginManage:359 - Loaded plugin updater (category:base,tabindex:12)
2025-06-16 01:01:58,566 [INFO] PluginManage:310 - Check plugin userauth
2025-06-16 01:01:58,569 [INFO] UserAuth:118 - Init User Auth plugin
2025-06-16 01:01:58,571 [INFO] PluginManage:359 - Loaded plugin userauth (category:base,tabindex:14)
2025-06-16 01:01:58,572 [INFO] PluginManage:283 - PluginManage : Loaded plugins [18]
2025-06-16 01:01:58,739 [INFO] PinOutPanel:1589 - setPackage(No Configuration,No Configuration)
2025-06-16 01:01:58,806 [INFO] CADModel:165 - CPN selected for project level
2025-06-16 01:01:58,806 [INFO] CADModel:114 - Register for checkConnection events
2025-06-16 01:01:58,820 [INFO] IPUIPlugin:80 - create IPUIPlugin
2025-06-16 01:01:58,821 [INFO] PluginManager:220 - loadIPPluginJar : add adc
2025-06-16 01:01:58,823 [INFO] IPUIPlugin:80 - create IPUIPlugin
2025-06-16 01:01:58,823 [INFO] PluginManager:220 - loadIPPluginJar : add aes
2025-06-16 01:01:58,825 [INFO] IPUIPlugin:80 - create IPUIPlugin
2025-06-16 01:01:58,825 [INFO] PluginManager:220 - loadIPPluginJar : add can
2025-06-16 01:01:58,826 [INFO] IPUIPlugin:80 - create IPUIPlugin
2025-06-16 01:01:58,826 [INFO] PluginManager:220 - loadIPPluginJar : add comp
2025-06-16 01:01:58,828 [INFO] IPUIPlugin:80 - create IPUIPlugin
2025-06-16 01:01:58,828 [INFO] PluginManager:220 - loadIPPluginJar : add cryp
2025-06-16 01:01:58,830 [INFO] IPUIPlugin:80 - create IPUIPlugin
2025-06-16 01:01:58,830 [INFO] PluginManager:220 - loadIPPluginJar : add ddr_ctrl_phy
2025-06-16 01:01:58,832 [INFO] IPUIPlugin:80 - create IPUIPlugin
2025-06-16 01:01:58,832 [INFO] PluginManager:220 - loadIPPluginJar : add dfsdm
2025-06-16 01:01:58,837 [INFO] IPUIPlugin:80 - create IPUIPlugin
2025-06-16 01:01:58,838 [INFO] PluginManager:220 - loadIPPluginJar : add dma
2025-06-16 01:01:58,840 [INFO] IPUIPlugin:80 - create IPUIPlugin
2025-06-16 01:01:58,840 [INFO] PluginManager:220 - loadIPPluginJar : add dma3
2025-06-16 01:01:58,842 [INFO] IPUIPlugin:80 - create IPUIPlugin
2025-06-16 01:01:58,842 [INFO] PluginManager:220 - loadIPPluginJar : add extmemmanager
2025-06-16 01:01:58,843 [INFO] IPUIPlugin:80 - create IPUIPlugin
2025-06-16 01:01:58,843 [INFO] PluginManager:220 - loadIPPluginJar : add fatfs
2025-06-16 01:01:58,847 [INFO] IPUIPlugin:80 - create IPUIPlugin
2025-06-16 01:01:58,847 [INFO] PluginManager:220 - loadIPPluginJar : add fmc
2025-06-16 01:01:58,851 [INFO] IPUIPlugin:80 - create IPUIPlugin
2025-06-16 01:01:58,851 [INFO] PluginManager:220 - loadIPPluginJar : add freertos
2025-06-16 01:01:58,853 [INFO] IPUIPlugin:80 - create IPUIPlugin
2025-06-16 01:01:58,853 [INFO] PluginManager:220 - loadIPPluginJar : add genericplugin
2025-06-16 01:01:58,856 [INFO] IPUIPlugin:80 - create IPUIPlugin
2025-06-16 01:01:58,856 [INFO] PluginManager:220 - loadIPPluginJar : add gfxmmu
2025-06-16 01:01:58,860 [INFO] IPUIPlugin:80 - create IPUIPlugin
2025-06-16 01:01:58,860 [INFO] PluginManager:220 - loadIPPluginJar : add gic
2025-06-16 01:01:58,862 [INFO] IPUIPlugin:80 - create IPUIPlugin
2025-06-16 01:01:58,863 [INFO] PluginManager:220 - loadIPPluginJar : add gpio
2025-06-16 01:01:58,864 [INFO] IPUIPlugin:80 - create IPUIPlugin
2025-06-16 01:01:58,864 [INFO] PluginManager:220 - loadIPPluginJar : add gtzc
2025-06-16 01:01:58,866 [INFO] IPUIPlugin:80 - create IPUIPlugin
2025-06-16 01:01:58,866 [INFO] PluginManager:220 - loadIPPluginJar : add hash
2025-06-16 01:01:58,868 [INFO] IPUIPlugin:80 - create IPUIPlugin
2025-06-16 01:01:58,869 [INFO] PluginManager:220 - loadIPPluginJar : add i2c
2025-06-16 01:01:58,872 [INFO] IPUIPlugin:80 - create IPUIPlugin
2025-06-16 01:01:58,872 [INFO] PluginManager:220 - loadIPPluginJar : add i2s
2025-06-16 01:01:58,874 [INFO] IPUIPlugin:80 - create IPUIPlugin
2025-06-16 01:01:58,874 [INFO] PluginManager:220 - loadIPPluginJar : add i3c
2025-06-16 01:01:58,876 [INFO] IPUIPlugin:80 - create IPUIPlugin
2025-06-16 01:01:58,876 [INFO] PluginManager:220 - loadIPPluginJar : add ipddr
2025-06-16 01:01:58,882 [INFO] IPUIPlugin:80 - create IPUIPlugin
2025-06-16 01:01:58,882 [INFO] PluginManager:220 - loadIPPluginJar : add linkedlist
2025-06-16 01:01:58,884 [INFO] IPUIPlugin:80 - create IPUIPlugin
2025-06-16 01:01:58,884 [INFO] PluginManager:220 - loadIPPluginJar : add lorawan
2025-06-16 01:01:58,886 [INFO] IPUIPlugin:80 - create IPUIPlugin
2025-06-16 01:01:58,886 [INFO] PluginManager:220 - loadIPPluginJar : add ltdc
2025-06-16 01:01:58,892 [INFO] IPUIPlugin:80 - create IPUIPlugin
2025-06-16 01:01:58,892 [INFO] PluginManager:220 - loadIPPluginJar : add mdma
2025-06-16 01:01:58,894 [INFO] IPUIPlugin:80 - create IPUIPlugin
2025-06-16 01:01:58,894 [INFO] PluginManager:220 - loadIPPluginJar : add nvic
2025-06-16 01:01:58,896 [INFO] IPUIPlugin:80 - create IPUIPlugin
2025-06-16 01:01:58,896 [INFO] PluginManager:220 - loadIPPluginJar : add opamp
2025-06-16 01:01:58,898 [INFO] IPUIPlugin:80 - create IPUIPlugin
2025-06-16 01:01:58,904 [INFO] PluginManager:220 - loadIPPluginJar : add openamp
2025-06-16 01:01:58,907 [INFO] IPUIPlugin:80 - create IPUIPlugin
2025-06-16 01:01:58,908 [INFO] PluginManager:220 - loadIPPluginJar : add pdm2pcm
2025-06-16 01:01:58,912 [INFO] IPUIPlugin:80 - create IPUIPlugin
2025-06-16 01:01:58,914 [INFO] PluginManager:220 - loadIPPluginJar : add plateformsettings
2025-06-16 01:01:58,915 [INFO] IPUIPlugin:80 - create IPUIPlugin
2025-06-16 01:01:58,915 [INFO] PluginManager:220 - loadIPPluginJar : add quadspi
2025-06-16 01:01:58,916 [INFO] IPUIPlugin:80 - create IPUIPlugin
2025-06-16 01:01:58,916 [INFO] PluginManager:220 - loadIPPluginJar : add radio
2025-06-16 01:01:58,919 [INFO] IPUIPlugin:80 - create IPUIPlugin
2025-06-16 01:01:58,920 [INFO] PluginManager:220 - loadIPPluginJar : add resmgrutility
2025-06-16 01:01:58,923 [INFO] IPUIPlugin:80 - create IPUIPlugin
2025-06-16 01:01:58,924 [INFO] PluginManager:220 - loadIPPluginJar : add sai
2025-06-16 01:01:58,925 [INFO] IPUIPlugin:80 - create IPUIPlugin
2025-06-16 01:01:58,925 [INFO] PluginManager:220 - loadIPPluginJar : add spi
2025-06-16 01:01:58,930 [INFO] IPUIPlugin:80 - create IPUIPlugin
2025-06-16 01:01:58,930 [INFO] PluginManager:220 - loadIPPluginJar : add stm32_wpan
2025-06-16 01:01:58,932 [INFO] IPUIPlugin:80 - create IPUIPlugin
2025-06-16 01:01:58,932 [INFO] PluginManager:220 - loadIPPluginJar : add tim
2025-06-16 01:01:58,934 [INFO] IPUIPlugin:80 - create IPUIPlugin
2025-06-16 01:01:58,935 [INFO] PluginManager:220 - loadIPPluginJar : add touchsensing
2025-06-16 01:01:58,937 [INFO] IPUIPlugin:80 - create IPUIPlugin
2025-06-16 01:01:58,938 [INFO] PluginManager:220 - loadIPPluginJar : add tracer_emb
2025-06-16 01:01:58,941 [INFO] IPUIPlugin:80 - create IPUIPlugin
2025-06-16 01:01:58,941 [INFO] PluginManager:220 - loadIPPluginJar : add ts
2025-06-16 01:01:58,944 [INFO] IPUIPlugin:80 - create IPUIPlugin
2025-06-16 01:01:58,944 [INFO] PluginManager:220 - loadIPPluginJar : add tsc
2025-06-16 01:01:58,947 [INFO] IPUIPlugin:80 - create IPUIPlugin
2025-06-16 01:01:58,948 [INFO] PluginManager:220 - loadIPPluginJar : add ucpd
2025-06-16 01:01:58,951 [INFO] IPUIPlugin:80 - create IPUIPlugin
2025-06-16 01:01:58,951 [INFO] PluginManager:220 - loadIPPluginJar : add usart
2025-06-16 01:01:58,957 [INFO] IPUIPlugin:80 - create IPUIPlugin
2025-06-16 01:01:58,957 [INFO] PluginManager:220 - loadIPPluginJar : add usbx
2025-06-16 01:01:59,084 [FATAL] Updater:351 - Updater called before beeing initialized
2025-06-16 01:01:59,105 [INFO] RulesReader:64 - Compatibility file has been processed (302 Rules)
2025-06-16 01:01:59,113 [INFO] RulesReader:64 - Compatibility file has been processed (302 Rules)
2025-06-16 01:01:59,121 [INFO] CADModel:165 - CPN selected for project level
2025-06-16 01:01:59,121 [INFO] CADModel:114 - Register for checkConnection events
2025-06-16 01:01:59,121 [FATAL] Updater:351 - Updater called before beeing initialized
2025-06-16 01:01:59,121 [ERROR] CADModel:125 - Updater not yet initialized, retry later 
2025-06-16 01:01:59,249 [FATAL] Updater:351 - Updater called before beeing initialized
2025-06-16 01:01:59,251 [INFO] CADModel:165 - CPN selected for project level
2025-06-16 01:01:59,251 [INFO] CADModel:114 - Register for checkConnection events
2025-06-16 01:01:59,251 [FATAL] Updater:351 - Updater called before beeing initialized
2025-06-16 01:01:59,251 [ERROR] CADModel:125 - Updater not yet initialized, retry later 
2025-06-16 01:01:59,256 [FATAL] Updater:351 - Updater called before beeing initialized
2025-06-16 01:01:59,367 [FATAL] Updater:351 - Updater called before beeing initialized
2025-06-16 01:01:59,373 [INFO] DbMcusAds:53 - JSON generation date=Thu Sep 30 08:55:09 CEST 2021 (1632984909247)
2025-06-16 01:01:59,373 [FATAL] Updater:351 - Updater called before beeing initialized
2025-06-16 01:01:59,406 [WARN] DetailPanel:346 - Failed to get advertising image, set to default
2025-06-16 01:01:59,642 [FATAL] Updater:351 - Updater called before beeing initialized
2025-06-16 01:01:59,644 [FATAL] Updater:351 - Updater called before beeing initialized
2025-06-16 01:01:59,644 [FATAL] Updater:351 - Updater called before beeing initialized
2025-06-16 01:01:59,644 [WARN] DetailPanel:346 - Failed to get advertising image, set to default
2025-06-16 01:01:59,645 [FATAL] Updater:351 - Updater called before beeing initialized
2025-06-16 01:01:59,682 [ERROR] Updater:1198 - MainUpdater not yet initialized. External WinMGr cannot be set.
2025-06-16 01:01:59,683 [INFO] Updater:1134 - Updater Version found : 6.14.1
2025-06-16 01:01:59,699 [INFO] ApplicationProperties:184 - Using Application install path: C:\ST\STM32CubeIDE_1.18.1\STM32CubeIDE\plugins\com.st.stm32cube.common.mx_6.14.1.202504091515
2025-06-16 01:02:01,267 [ERROR] LogOutputStream:75 - [STDERR_REDIRECT] Jun 16, 2025 1:02:01 AM java.util.prefs.WindowsPreferences <init>
2025-06-16 01:02:01,268 [ERROR] LogOutputStream:75 - [STDERR_REDIRECT] WARNING: Could not open/create prefs root node Software\JavaSoft\Prefs at root 0xffffffff80000002. Windows RegCreateKeyEx(...) returned error code 5.
2025-06-16 01:02:01,268 [ERROR] LogOutputStream:75 - [STDERR_REDIRECT] 
2025-06-16 01:02:01,410 [INFO] ThirdPartyUpdaterWithRetryManager:70 - Updater plugin not ready yet. [2/15]
2025-06-16 01:02:01,490 [INFO] MainUpdater:2872 - connection check result : 10
2025-06-16 01:02:01,491 [INFO] MainUpdater:289 - Updater Check For Update Now.
2025-06-16 01:02:01,491 [INFO] MicroXplorer:498 - Change Database Version : DB.6.0.141
2025-06-16 01:02:01,495 [INFO] McuFinderGlobals:63 - Set McuFinder mode to 2 (CubeIDE integrated)
2025-06-16 01:02:01,495 [INFO] UserAuth:171 - activating auth plugin
2025-06-16 01:02:01,497 [INFO] UserAuth:484 - Internet connection configuration mode: 1
2025-06-16 01:02:01,517 [INFO] JxBrowserEngine:152 - Initiate JxBrowser Engine with user profile folder
2025-06-16 01:02:01,659 [INFO] CheckServerUpdateThread:120 - End of CheckServer Thread
2025-06-16 01:02:02,366 [INFO] WebApp:169 - Instantiating new browser for Auth
2025-06-16 01:02:03,015 [INFO] WebApp:463 - Apply proxy settings
2025-06-16 01:02:03,015 [INFO] WebApp:548 - Chromium requires no authentication
2025-06-16 01:02:03,123 [INFO] WebApp:491 - Direct internet connection detected
2025-06-16 01:02:03,154 [INFO] WebApp:894 - Register for checkConnection events
2025-06-16 01:02:03,154 [INFO] WebApp:463 - Apply proxy settings
2025-06-16 01:02:03,154 [INFO] WebApp:548 - Chromium requires no authentication
2025-06-16 01:02:03,155 [INFO] WebApp:491 - Direct internet connection detected
2025-06-16 01:02:03,302 [INFO] WebApp:225 - Starting web application
2025-06-16 01:02:03,303 [INFO] WebApp:593 - Web application path used C:\ST\STM32CubeIDE_1.18.1\STM32CubeIDE\plugins\com.st.stm32cube.common.mx_6.14.1.202504091515\db\plugins\mcufinder\reactClient1\index.html
2025-06-16 01:02:03,330 [INFO] WebApp:191 - Connection restablished
2025-06-16 01:02:04,588 [WARN] PackLoader:240 - Cannot read IP mode file for STMicroelectronics.FP-SNS-MOTENVWB1.1.4.0
2025-06-16 01:02:04,599 [WARN] PackLoader:240 - Cannot read IP mode file for STMicroelectronics.FP-ATR-ASTRA1.2.0.2
2025-06-16 01:02:04,610 [WARN] PackLoader:240 - Cannot read IP mode file for STMicroelectronics.X-CUBE-SMBUS.2.1.0
2025-06-16 01:02:04,615 [WARN] PackLoader:240 - Cannot read IP mode file for STMicroelectronics.X-CUBE-ST60.1.0.0
2025-06-16 01:02:04,643 [WARN] PackLoader:240 - Cannot read IP mode file for STMicroelectronics.X-CUBE-AZRTOS-F7.1.1.0
2025-06-16 01:02:04,672 [WARN] PackLoader:240 - Cannot read IP mode file for Infineon.AIROC-Wi-Fi-Bluetooth-STM32.1.7.0
2025-06-16 01:02:04,684 [WARN] PackLoader:240 - Cannot read IP mode file for STMicroelectronics.X-CUBE-DISPLAY.3.0.0
2025-06-16 01:02:04,696 [WARN] PackLoader:240 - Cannot read IP mode file for STMicroelectronics.X-CUBE-NFC10.1.0.0
2025-06-16 01:02:04,707 [WARN] PackLoader:240 - Cannot read IP mode file for STMicroelectronics.X-CUBE-BLEMGR.4.0.0
2025-06-16 01:02:04,715 [WARN] PackLoader:240 - Cannot read IP mode file for emotas.I-CUBE-CANOPEN.1.3.0
2025-06-16 01:02:04,719 [WARN] ConditionMgr:438 - getConditionDescription Invalid condition id : Cortex-A Device cause : null
2025-06-16 01:02:04,730 [WARN] ConditionMgr:1044 - genDependencies : Invalid condition id : Cortex-A Device cause : null
2025-06-16 01:02:04,730 [WARN] ConditionMgr:1044 - genDependencies : Invalid condition id : Cortex-A Device cause : null
2025-06-16 01:02:04,730 [WARN] ConditionMgr:1044 - genDependencies : Invalid condition id : Cortex-A Device cause : null
2025-06-16 01:02:04,735 [WARN] PackLoader:240 - Cannot read IP mode file for STMicroelectronics.FP-SNS-SMARTAG2.1.2.0
2025-06-16 01:02:04,740 [WARN] PackLoader:240 - Cannot read IP mode file for STMicroelectronics.FP-SNS-FLIGHT1.5.1.0
2025-06-16 01:02:04,747 [INFO] LogOutputStream:77 - [STDOUT_REDIRECT] 1 : Invalid condition id : UX_CORESTACK_Condition cause : null
2025-06-16 01:02:04,748 [INFO] LogOutputStream:77 - [STDOUT_REDIRECT] 1 : Invalid condition id : UX_CORESTACK_Condition cause : null
2025-06-16 01:02:04,750 [INFO] LogOutputStream:77 - [STDOUT_REDIRECT] 1 : Invalid condition id : UX_CORESTACK_Condition cause : null
2025-06-16 01:02:04,751 [INFO] LogOutputStream:77 - [STDOUT_REDIRECT] 1 : Invalid condition id : UX_CORESTACK_Condition cause : null
2025-06-16 01:02:04,752 [INFO] LogOutputStream:77 - [STDOUT_REDIRECT] 1 : Invalid condition id : UX_CORESTACK_Condition cause : null
2025-06-16 01:02:04,754 [WARN] PackLoader:240 - Cannot read IP mode file for STMicroelectronics.X-CUBE-AZRTOS-WL.2.0.0
2025-06-16 01:02:04,759 [WARN] PackLoader:240 - Cannot read IP mode file for STMicroelectronics.FP-SNS-MOTENV1.5.0.0
2025-06-16 01:02:04,768 [WARN] PackLoader:240 - Cannot read IP mode file for WES.I-CUBE-Cesium.1.3.0
2025-06-16 01:02:04,773 [WARN] PackLoader:240 - Cannot read IP mode file for STMicroelectronics.X-CUBE-BLE2.3.3.0
2025-06-16 01:02:04,778 [WARN] PackLoader:240 - Cannot read IP mode file for STMicroelectronics.X-CUBE-NFC9.1.0.0
2025-06-16 01:02:04,783 [WARN] PackLoader:240 - Cannot read IP mode file for wolfSSL.I-CUBE-wolfSSL.5.8.0
2025-06-16 01:02:04,787 [WARN] PackLoader:240 - Cannot read IP mode file for STMicroelectronics.X-CUBE-BLE1.7.1.0
2025-06-16 01:02:04,790 [WARN] PackLoader:240 - Cannot read IP mode file for wolfSSL.I-CUBE-wolfMQTT.1.19.2
2025-06-16 01:02:04,794 [WARN] PackLoader:240 - Cannot read IP mode file for STMicroelectronics.X-CUBE-AI.10.1.0
2025-06-16 01:02:04,814 [WARN] PackLoader:240 - Cannot read IP mode file for STMicroelectronics.X-CUBE-AZRTOS-G0.1.1.0
2025-06-16 01:02:04,822 [WARN] PackLoader:240 - Cannot read IP mode file for STMicroelectronics.X-CUBE-SAFEA1.1.2.2
2025-06-16 01:02:04,826 [WARN] PackLoader:240 - Cannot read IP mode file for STMicroelectronics.X-CUBE-NFC4.3.0.0
2025-06-16 01:02:04,833 [WARN] PackLoader:240 - Cannot read IP mode file for EmbeddedOffice.I-CUBE-FS-RTOS.1.0.1
2025-06-16 01:02:04,838 [WARN] PackLoader:240 - Cannot read IP mode file for STMicroelectronics.X-CUBE-WB05N.2.0.0
2025-06-16 01:02:04,843 [WARN] PackLoader:240 - Cannot read IP mode file for wolfSSL.I-CUBE-wolfTPM.3.8.0
2025-06-16 01:02:04,847 [WARN] PackLoader:240 - Cannot read IP mode file for STMicroelectronics.X-CUBE-TCPP.4.2.0
2025-06-16 01:02:04,854 [WARN] PackLoader:240 - Cannot read IP mode file for RealThread.X-CUBE-RT-Thread_Nano.4.1.1
2025-06-16 01:02:04,858 [WARN] PackLoader:240 - Cannot read IP mode file for STMicroelectronics.FP-ATR-SIGFOX1.3.2.0
2025-06-16 01:02:04,863 [WARN] PackLoader:240 - Cannot read IP mode file for STMicroelectronics.X-CUBE-EEPRMA1.5.1.0
2025-06-16 01:02:04,869 [WARN] PackLoader:240 - Cannot read IP mode file for ITTIA_DB.I-CUBE-ITTIADB.8.9.0
2025-06-16 01:02:04,873 [WARN] PackLoader:240 - Cannot read IP mode file for STMicroelectronics.X-CUBE-ST67W61.1.0.0
2025-06-16 01:02:04,891 [WARN] PackLoader:240 - Cannot read IP mode file for SEGGER.I-CUBE-embOS.1.3.1
2025-06-16 01:02:04,924 [WARN] PackLoader:240 - Cannot read IP mode file for STMicroelectronics.X-CUBE-ALGOBUILD.1.4.0
2025-06-16 01:02:04,959 [WARN] PackLoader:240 - Cannot read IP mode file for STMicroelectronics.X-CUBE-MEMS1.11.3.0
2025-06-16 01:02:05,195 [WARN] PackLoader:240 - Cannot read IP mode file for STMicroelectronics.X-CUBE-AZRTOS-F4.1.1.0
2025-06-16 01:02:05,262 [WARN] PackLoader:240 - Cannot read IP mode file for Avnet-IotConnect.X-CUBE-IoTC-DA16k-PMOD.1.0.0
2025-06-16 01:02:05,266 [WARN] PackLoader:240 - Cannot read IP mode file for STMicroelectronics.X-CUBE-ISPU.2.1.0
2025-06-16 01:02:05,281 [WARN] PackLoader:240 - Cannot read IP mode file for STMicroelectronics.X-CUBE-AZRTOS-L5.2.0.0
2025-06-16 01:02:05,293 [WARN] PackLoader:240 - Cannot read IP mode file for STMicroelectronics.X-CUBE-NFC6.3.1.0
2025-06-16 01:02:05,299 [WARN] PackLoader:240 - Cannot read IP mode file for STMicroelectronics.X-CUBE-FREERTOS.1.3.1
2025-06-16 01:02:05,306 [WARN] PackLoader:240 - Cannot read IP mode file for STMicroelectronics.X-CUBE-DPower.1.3.0
2025-06-16 01:02:05,322 [WARN] ConditionMgr:438 - getConditionDescription Invalid condition id : LAN8742 Phy interface Condition cause : null
2025-06-16 01:02:05,322 [WARN] PackLoader:240 - Cannot read IP mode file for STMicroelectronics.X-CUBE-AZRTOS-L4.2.0.0
2025-06-16 01:02:05,324 [WARN] ConditionMgr:1044 - genDependencies : Invalid condition id : LAN8742 Phy interface Condition cause : null
2025-06-16 01:02:05,324 [WARN] ConditionMgr:1044 - genDependencies : Invalid condition id : LAN8742 Phy interface Condition cause : null
2025-06-16 01:02:05,325 [WARN] ConditionMgr:1044 - genDependencies : Invalid condition id : LAN8742 Phy interface Condition cause : null
2025-06-16 01:02:05,397 [WARN] PackLoader:240 - Cannot read IP mode file for STMicroelectronics.X-CUBE-SFXS2LP1.4.0.0
2025-06-16 01:02:05,414 [WARN] PackLoader:240 - Cannot read IP mode file for STMicroelectronics.X-CUBE-AZRTOS-H7.3.3.0
2025-06-16 01:02:05,424 [WARN] ConditionMgr:438 - getConditionDescription Invalid condition id : UX DEVICE CLASS RTOS Condition cause : null
2025-06-16 01:02:05,425 [WARN] ConditionMgr:438 - getConditionDescription Invalid condition id : UX DEVICE CLASS RTOS Condition cause : null
2025-06-16 01:02:05,426 [WARN] PackLoader:240 - Cannot read IP mode file for STMicroelectronics.X-CUBE-AZRTOS-WB.2.0.0
2025-06-16 01:02:05,426 [WARN] ConditionMgr:1044 - genDependencies : Invalid condition id : UX DEVICE CLASS RTOS Condition cause : null
2025-06-16 01:02:05,426 [WARN] ConditionMgr:1044 - genDependencies : Invalid condition id : UX DEVICE CLASS RTOS Condition cause : null
2025-06-16 01:02:05,427 [WARN] ConditionMgr:1044 - genDependencies : Invalid condition id : UX DEVICE CLASS RTOS Condition cause : null
2025-06-16 01:02:05,427 [WARN] ConditionMgr:1044 - genDependencies : Invalid condition id : UX DEVICE CLASS RTOS Condition cause : null
2025-06-16 01:02:05,427 [WARN] ConditionMgr:1044 - genDependencies : Invalid condition id : UX DEVICE CLASS RTOS Condition cause : null
2025-06-16 01:02:05,431 [WARN] PackLoader:240 - Cannot read IP mode file for STMicroelectronics.X-CUBE-GNSS1.7.0.1
2025-06-16 01:02:05,437 [WARN] PackLoader:240 - Cannot read IP mode file for STMicroelectronics.X-CUBE-TOUCHGFX.4.25.0
2025-06-16 01:02:05,448 [WARN] PackLoader:240 - Cannot read IP mode file for STMicroelectronics.FP-SNS-STBOX1.2.0.0
2025-06-16 01:02:05,456 [WARN] PackLoader:240 - Cannot read IP mode file for STMicroelectronics.X-CUBE-SUBG2.5.0.0
2025-06-16 01:02:05,471 [WARN] PackLoader:240 - Cannot read IP mode file for STMicroelectronics.X-CUBE-AZRTOS-H7RS.1.1.0
2025-06-16 01:02:05,477 [WARN] PackLoader:240 - Cannot read IP mode file for Cesanta.I-CUBE-Mongoose.7.13.0
2025-06-16 01:02:05,486 [WARN] PackLoader:240 - Cannot read IP mode file for STMicroelectronics.X-CUBE-AZRTOS-G4.2.0.0
2025-06-16 01:02:05,491 [WARN] PackLoader:240 - Cannot read IP mode file for wolfSSL.I-CUBE-wolfSSH.1.4.20
2025-06-16 01:02:05,495 [WARN] PackLoader:240 - Cannot read IP mode file for STMicroelectronics.X-CUBE-NFC7.2.0.0
2025-06-16 01:02:05,504 [WARN] PackLoader:240 - Cannot read IP mode file for STMicroelectronics.X-CUBE-IPS.3.1.0
2025-06-16 01:02:05,510 [WARN] PackLoader:240 - Cannot read IP mode file for STMicroelectronics.X-CUBE-ALS.1.0.2
2025-06-16 01:02:05,515 [WARN] PackLoader:240 - Cannot read IP mode file for portGmbH.I-Cube-SoM-uGOAL.1.1.0
2025-06-16 01:02:05,524 [WARN] PackLoader:240 - Cannot read IP mode file for STMicroelectronics.X-CUBE-TOF1.3.4.3
2025-06-16 01:02:05,529 [INFO] ThirdParty:978 - Integrity check success = true
2025-06-16 01:02:05,529 [INFO] IntegrityCheckThread:100 - exiting critical section [integrity check]
2025-06-16 01:02:05,529 [INFO] IntegrityCheckThread:103 - End integrity checks thread
2025-06-16 01:23:24,532 [ERROR] LogOutputStream:75 - [STDERR_REDIRECT] 
