Info: Nothing to build for type_casting
Info: Nothing to build for type_casting
19:03:13 **** Rebuild of configuration Debug for project 003Type_casting ****
Info: Internal Builder is used for build
gcc -O0 -g3 -Wall -c -fmessage-length=0 -o type_cast.o "..\\type_cast.c" 
..\type_cast.c: In function 'main':
..\type_cast.c:13:24: warning: unsigned conversion from 'int' to 'unsigned char' changes value from '65415' to '135' [-Woverflow]
   13 |  unsigned char data =  (0x87+0xFF00);
      |                        ^
gcc -o 003Type_casting.exe type_cast.o 
19:03:33 **** Incremental Build of configuration Debug for project 003Type_casting ****
Info: Internal Builder is used for build
gcc -O0 -g3 -Wall -c -fmessage-length=0 -o type_cast.o "..\\type_cast.c" 
gcc -o 003Type_casting.exe type_cast.o 
19:04:04 **** Incremental Build of configuration Debug for project 003Type_casting ****
Info: Internal Builder is used for build
gcc -O0 -g3 -Wall -c -fmessage-length=0 -o type_cast.o "..\\type_cast.c" 
..\type_cast.c: In function 'main':
..\type_cast.c:18:2: warning: implicit declaration of function 'print'; did you mean 'printf'? [-Wimplicit-function-declaration]
   18 |  print("%d", a);
      |  ^~~~~
      |  printf
gcc -o 003Type_casting.exe type_cast.o 
C:\CTOOLS\mingw32\bin/ld.exe: type_cast.o: in function `main':
D:\Users\Rui\Documents\Embedded-C\My_workspace\host\003Type_casting\Debug/../type_cast.c:18: undefined reference to `print'
collect2.exe: error: ld returned 1 exit status
19:04:13 **** Incremental Build of configuration Debug for project 003Type_casting ****
Info: Internal Builder is used for build
gcc -O0 -g3 -Wall -c -fmessage-length=0 -o type_cast.o "..\\type_cast.c" 
gcc -o 003Type_casting.exe type_cast.o 
19:05:00 **** Incremental Build of configuration Debug for project 003Type_casting ****
Info: Internal Builder is used for build
gcc -O0 -g3 -Wall -c -fmessage-length=0 -o type_cast.o "..\\type_cast.c" 
..\type_cast.c: In function 'main':
..\type_cast.c:16:6: warning: unused variable 'a' [-Wunused-variable]
   16 |  int a = 0xFF00;
      |      ^
..\type_cast.c:14:15: warning: unused variable 'data2' [-Wunused-variable]
   14 |  unsigned int data2 = 0x87+0xFF00;
      |               ^~~~~
gcc -o 003Type_casting.exe type_cast.o 
19:05:17 **** Incremental Build of configuration Debug for project 003Type_casting ****
Info: Internal Builder is used for build
gcc -O0 -g3 -Wall -c -fmessage-length=0 -o type_cast.o "..\\type_cast.c" 
gcc -o 003Type_casting.exe type_cast.o 
19:05:32 **** Incremental Build of configuration Debug for project 003Type_casting ****
Info: Internal Builder is used for build
gcc -O0 -g3 -Wall -c -fmessage-length=0 -o type_cast.o "..\\type_cast.c" 
gcc -o 003Type_casting.exe type_cast.o 
19:08:45 **** Incremental Build of configuration Debug for project 003Type_casting ****
Info: Internal Builder is used for build
gcc -O0 -g3 -Wall -c -fmessage-length=0 -o type_cast.o "..\\type_cast.c" 
..\type_cast.c: In function 'main':
..\type_cast.c:18:11: warning: format '%u' expects argument of type 'unsigned int', but argument 2 has type 'long unsigned int' [-Wformat=]
   18 |  printf("%u\n", data2);
      |          ~^     ~~~~~
      |           |     |
      |           |     long unsigned int
      |           unsigned int
      |          %lu
..\type_cast.c:18:11: warning: format '%u' expects argument of type 'unsigned int', but argument 2 has type 'long unsigned int' [-Wformat=]
   18 |  printf("%u\n", data2);
      |          ~^     ~~~~~
      |           |     |
      |           |     long unsigned int
      |           unsigned int
      |          %lu
gcc -o 003Type_casting.exe type_cast.o 
19:09:07 **** Incremental Build of configuration Debug for project 003Type_casting ****
Info: Internal Builder is used for build
gcc -O0 -g3 -Wall -c -fmessage-length=0 -o type_cast.o "..\\type_cast.c" 
gcc -o 003Type_casting.exe type_cast.o 
